Running OUTPUT/hm-ref-BQT-RA-Decisi0-qp32-50fr.txt
Running OUTPUT/hm-tree-v3-BQT-RA-Decisi1-qp27-50fr.txt
Running OUTPUT/hm-ref-BQT-RA-Decisi0-qp22-50fr.txt
Running OUTPUT/hm-ref-BQT-RA-Decisi0-qp27-50fr.txt
Running OUTPUT/hm-tree-v3-BQT-RA-Decisi1-qp32-50fr.txt
Running OUTPUT/hm-tree-v3-BQT-RA-Decisi1-qp37-50fr.txt
Running OUTPUT/hm-ref-BQT-RA-Decisi0-qp37-50fr.txt
Running OUTPUT/hm-tree-v3-BQT-RA-Decisi1-qp22-50fr.txt
BQTerrace	50	hm-tree-v3	--DecisionTree=1	0.00203	-0.00310	-0.00348	0.00240	0.38	0.62
Traceback (most recent call last):
  File "compare_encoders.py", line 89, in <module>
    results = Parallel(n_jobs = N_CORES)( delayed (runEncoder)(cmd,encoder1,encoder2) for cmd in cmds )
  File "/usr/local/lib/python2.7/dist-packages/joblib/parallel.py", line 660, in __call__
    self.retrieve()
  File "/usr/local/lib/python2.7/dist-packages/joblib/parallel.py", line 543, in retrieve
    raise exception_type(report)
joblib.my_exceptions.JoblibKeyError: JoblibKeyError
___________________________________________________________________________
Multiprocessing exception:
    ...........................................................................
/home/grellert/hm-dec-tree/bin/compare_encoders.py in <module>()
     84 			for qp in qps:
     85 				base_opt = '-c ../cfg/%s.cfg -c ~/hm-cfgs/%s.cfg -q %d -f %d' % (gop_struct, seq, qp, num_frames)
     86 				cmd2 = './%s %s %s' % (encoder2, base_opt, extra_opt)
     87 				cmds.append(cmd2)
     88 
---> 89 			results = Parallel(n_jobs = N_CORES)( delayed (runEncoder)(cmd,encoder1,encoder2) for cmd in cmds )
     90 			refBDResults = [[] for _ in qps]
     91 			refTimes = [[] for _ in qps]
     92 			testBDResults = [[] for _ in qps]
     93 			avg_tr = 0.0

...........................................................................
/usr/local/lib/python2.7/dist-packages/joblib/parallel.py in __call__(self=Parallel(n_jobs=4), iterable=<generator object <genexpr>>)
    655             if pre_dispatch == "all" or n_jobs == 1:
    656                 # The iterable was consumed all at once by the above for loop.
    657                 # No need to wait for async callbacks to trigger to
    658                 # consumption.
    659                 self._iterating = False
--> 660             self.retrieve()
        self.retrieve = <bound method Parallel.retrieve of Parallel(n_jobs=4)>
    661             # Make sure that we get a last message telling us we are done
    662             elapsed_time = time.time() - self._start_time
    663             self._print('Done %3i out of %3i | elapsed: %s finished',
    664                         (len(self._output),

    ---------------------------------------------------------------------------
    Sub-process traceback:
    ---------------------------------------------------------------------------
    KeyError                                           Fri Feb 10 00:01:50 2017
PID: 22006                                    Python 2.7.6: /usr/bin/python
...........................................................................
/home/grellert/hm-dec-tree/bin/compare_encoders.py in runEncoder(cmd='./hm-ref -c ../cfg/encoder_randomaccess_main.cfg...mLocomotiveTrain.cfg -q 22 -f 50 --DecisionTree=0', encoder1='hm-ref', encoder2='hm-tree-v3')
     21 		encoder = encoder2
     22 	
     23 	#print 'Running: ', cmd
     24 
     25 	cfg = 'RA' if 'randomaccess' in cmd else 'LB'
---> 26 	seq = seqMap[cmd.split('~/hm-cfgs/')[1].split()[0][:-4]]
        seq = undefined
        seqMap = {'BQMall': 'BQM', 'BQSquare': 'BQS', 'BQTerrace': 'BQT', 'BasketballDrill': 'BDril', 'BasketballDrive': 'BDrv', 'BasketballPass': 'BPas', 'Cactus': 'CAC', 'ChinaSpeed': 'Chin', 'Kimono': 'KIM', 'ParkScene': 'PkS', ...}
        cmd.split.split = undefined
     27 	qpstr = cmd.split(' -q ')[1].split()[0]
     28 	fr = cmd.split(' -f ')[1].split()[0]
     29 	extra_opt = cmd.split(' -f')[1].split()[1:]
     30 	#print extra_opt

KeyError: 'SteamLocomotiveTrain'
___________________________________________________________________________
Traceback (most recent call last):
  File "compare_encoders.py", line 89, in <module>
    results = Parallel(n_jobs = N_CORES)( delayed (runEncoder)(cmd,encoder1,encoder2) for cmd in cmds )
  File "/usr/local/lib/python2.7/dist-packages/joblib/parallel.py", line 660, in __call__
    self.retrieve()
  File "/usr/local/lib/python2.7/dist-packages/joblib/parallel.py", line 543, in retrieve
    raise exception_type(report)
joblib.my_exceptions.JoblibKeyError: JoblibKeyError
___________________________________________________________________________
Multiprocessing exception:
    ...........................................................................
/home/grellert/hm-dec-tree/bin/compare_encoders.py in <module>()
     84 			for qp in qps:
     85 				base_opt = '-c ../cfg/%s.cfg -c ~/hm-cfgs/%s.cfg -q %d -f %d' % (gop_struct, seq, qp, num_frames)
     86 				cmd2 = './%s %s %s' % (encoder2, base_opt, extra_opt)
     87 				cmds.append(cmd2)
     88 
---> 89 			results = Parallel(n_jobs = N_CORES)( delayed (runEncoder)(cmd,encoder1,encoder2) for cmd in cmds )
     90 			refBDResults = [[] for _ in qps]
     91 			refTimes = [[] for _ in qps]
     92 			testBDResults = [[] for _ in qps]
     93 			avg_tr = 0.0

...........................................................................
/usr/local/lib/python2.7/dist-packages/joblib/parallel.py in __call__(self=Parallel(n_jobs=4), iterable=<generator object <genexpr>>)
    655             if pre_dispatch == "all" or n_jobs == 1:
    656                 # The iterable was consumed all at once by the above for loop.
    657                 # No need to wait for async callbacks to trigger to
    658                 # consumption.
    659                 self._iterating = False
--> 660             self.retrieve()
        self.retrieve = <bound method Parallel.retrieve of Parallel(n_jobs=4)>
    661             # Make sure that we get a last message telling us we are done
    662             elapsed_time = time.time() - self._start_time
    663             self._print('Done %3i out of %3i | elapsed: %s finished',
    664                         (len(self._output),

    ---------------------------------------------------------------------------
    Sub-process traceback:
    ---------------------------------------------------------------------------
    KeyError                                           Fri Feb 10 00:04:16 2017
PID: 22088                                    Python 2.7.6: /usr/bin/python
...........................................................................
/home/grellert/hm-dec-tree/bin/compare_encoders.py in runEncoder(cmd='./hm-ref -c ../cfg/encoder_randomaccess_main.cfg...mLocomotiveTrain.cfg -q 22 -f 50 --DecisionTree=0', encoder1='hm-ref', encoder2='hm-tree-v3')
     21 		encoder = encoder2
     22 	
     23 	#print 'Running: ', cmd
     24 
     25 	cfg = 'RA' if 'randomaccess' in cmd else 'LB'
---> 26 	seq = seqMap[cmd.split('~/hm-cfgs/')[1].split()[0][:-4]]
        seq = undefined
        seqMap = {'BQMall': 'BQM', 'BQSquare': 'BQS', 'BQTerrace': 'BQT', 'BasketballDrill': 'BDril', 'BasketballDrive': 'BDrv', 'BasketballPass': 'BPas', 'Cactus': 'CAC', 'ChinaSpeed': 'Chin', 'Kimono': 'KIM', 'ParkScene': 'PkS', ...}
        cmd.split.split = undefined
     27 	qpstr = cmd.split(' -q ')[1].split()[0]
     28 	fr = cmd.split(' -f ')[1].split()[0]
     29 	extra_opt = cmd.split(' -f')[1].split()[1:]
     30 	#print extra_opt

KeyError: 'SteamLocomotiveTrain'
___________________________________________________________________________
Running OUTPUT/hm-ref-StLo-RA-Decisi0-qp22-50fr.txt
SteamLocomotiveTrain_10bit	50	hm-tree-v3	--DecisionTree=1	-0.00010	-0.00374	-0.00169	0.00004	0.55	0.45
PeopleOnStreet	50	hm-tree-v3	--DecisionTree=1	0.00149	-0.00141	0.00083	0.00213	0.82	0.18
Traceback (most recent call last):
  File "compare_encoders.py", line 89, in <module>
    results = Parallel(n_jobs = N_CORES)( delayed (runEncoder)(cmd,encoder1,encoder2) for cmd in cmds )
  File "/usr/local/lib/python2.7/dist-packages/joblib/parallel.py", line 660, in __call__
    self.retrieve()
  File "/usr/local/lib/python2.7/dist-packages/joblib/parallel.py", line 543, in retrieve
    raise exception_type(report)
joblib.my_exceptions.JoblibAttributeError: JoblibAttributeError
___________________________________________________________________________
Multiprocessing exception:
    ...........................................................................
/home/grellert/hm-dec-tree/bin/compare_encoders.py in <module>()
     84 			for qp in qps:
     85 				base_opt = '-c ../cfg/%s.cfg -c ~/hm-cfgs/%s.cfg -q %d -f %d' % (gop_struct, seq, qp, num_frames)
     86 				cmd2 = './%s %s %s' % (encoder2, base_opt, extra_opt)
     87 				cmds.append(cmd2)
     88 
---> 89 			results = Parallel(n_jobs = N_CORES)( delayed (runEncoder)(cmd,encoder1,encoder2) for cmd in cmds )
     90 			refBDResults = [[] for _ in qps]
     91 			refTimes = [[] for _ in qps]
     92 			testBDResults = [[] for _ in qps]
     93 			avg_tr = 0.0

...........................................................................
/usr/local/lib/python2.7/dist-packages/joblib/parallel.py in __call__(self=Parallel(n_jobs=4), iterable=<generator object <genexpr>>)
    655             if pre_dispatch == "all" or n_jobs == 1:
    656                 # The iterable was consumed all at once by the above for loop.
    657                 # No need to wait for async callbacks to trigger to
    658                 # consumption.
    659                 self._iterating = False
--> 660             self.retrieve()
        self.retrieve = <bound method Parallel.retrieve of Parallel(n_jobs=4)>
    661             # Make sure that we get a last message telling us we are done
    662             elapsed_time = time.time() - self._start_time
    663             self._print('Done %3i out of %3i | elapsed: %s finished',
    664                         (len(self._output),

    ---------------------------------------------------------------------------
    Sub-process traceback:
    ---------------------------------------------------------------------------
    AttributeError                                     Fri Feb 10 06:06:04 2017
PID: 22763                                    Python 2.7.6: /usr/bin/python
...........................................................................
/home/grellert/hm-dec-tree/bin/compare_encoders.py in runEncoder(cmd='./hm-ref -c ../cfg/encoder_randomaccess_main.cfg...fgs/SlideEditing.cfg -q 22 -f 50 --DecisionTree=0', encoder1='hm-ref', encoder2='hm-tree-v3')
     45 		print 'Running',outf_path
     46 		output = open(outf_path,'r').read()
     47 	# ./hm-fast-fme-v1 -c ../cfg/encoder_randomaccess_main.cfg -c ~/hm-cfgs/BasketballDrill.cfg -q 37 -f 30
     48 
     49 
---> 50 	bitrate = re.search(re_bitrate, output).group(1)
        bitrate = undefined
        re_bitrate = r'50\s*a\s*(\d+.\d+)\s*'
        output.group = undefined
     51 	time = re.search(re_time,output).group(1)
     52 	[y,u,v,yuv] = re.search(re_psnr,output).groups()
     53 	#print encoder,qp,time,bitrate, y,u,v,yuv
     54 	return [encoder,qp,time,bitrate, y,u,v,yuv]

AttributeError: 'NoneType' object has no attribute 'group'
___________________________________________________________________________
