
C5.0 [Release 2.07 GPL Edition]  	Wed Feb 15 14:38:24 2017
-------------------------------

    Options:
	Application `train_d1'

Read 1290 cases (28 attributes) from train_d1.data

Decision tree:

COST_2Nx2N <= 10466:
:...TU_DEPTH = 2: 1 (30/3)
:   TU_DEPTH = 1:
:   :...BITS > 142: 1 (32/2)
:   :   BITS <= 142:
:   :   :...MVD_MOD_FRAC in {0.559017,0.707107,0.75,0.790569,
:   :       :                0.901388}: 0 (0)
:   :       MVD_MOD_FRAC in {0.353553,1.06066}: 0 (5)
:   :       MVD_MOD_FRAC = 0.5: 1 (1)
:   :       MVD_MOD_FRAC = 0.25:
:   :       :...SSE <= 11171: 0 (6/1)
:   :       :   SSE > 11171: 1 (2)
:   :       MVD_MOD_FRAC = 0:
:   :       :...CTX_SPLIT in {2,3,5,6}: 1 (18/4)
:   :           CTX_SPLIT = 4: 0 (4)
:   :           CTX_SPLIT = 0:
:   :           :...SAD <= 2047: 1 (2)
:   :           :   SAD > 2047: 0 (4)
:   :           CTX_SPLIT = 1:
:   :           :...BITS <= 76: 0 (4)
:   :               BITS > 76: 1 (6/1)
:   TU_DEPTH = 0:
:   :...AVG_NEIGH_DEPTH <= 1.99456: 0 (510/19)
:       AVG_NEIGH_DEPTH > 1.99456:
:       :...COST_MSM <= 7877.31: 0 (82/10)
:           COST_MSM > 7877.31:
:           :...MVD_MOD_FRAC in {0.353553,0.559017,0.75,0.790569,0.901388,
:               :                1.06066}: 1 (0)
:               MVD_MOD_FRAC in {0.25,0.707107}: 1 (3)
:               MVD_MOD_FRAC = 0.5: 0 (1)
:               MVD_MOD_FRAC = 0:
:               :...MVP_IDX = 0: 0 (4)
:                   MVP_IDX = 1: 1 (1)
:                   MVP_IDX = -1:
:                   :...INTER_DIR = 0: 1 (2)
:                       INTER_DIR in {1,2}: 0 (4)
:                       INTER_DIR = 3:
:                       :...RATIO_2Nx2N-MSM <= 0.90087: 0 (2)
:                           RATIO_2Nx2N-MSM > 0.90087: 1 (11/2)
COST_2Nx2N > 10466:
:...BITS > 89: 1 (442/12)
    BITS <= 89:
    :...DISTORTION > 14119: 1 (32/2)
        DISTORTION <= 14119:
        :...TU_DEPTH in {1,2}: 1 (20/3)
            TU_DEPTH = 0:
            :...COLOC_SPLIT = 0: 1 (2)
                COLOC_SPLIT = 1:
                :...SSE <= 14924: 1 (10/1)
                :   SSE > 14924: 0 (2)
                COLOC_SPLIT = 2:
                :...MVD_MOD_FRAC in {0.75,0.901388}: 0 (0)
                    MVD_MOD_FRAC in {0.353553,0.559017,0.790569}: 1 (6)
                    MVD_MOD_FRAC in {0.5,0.707107,1.06066}: 0 (3)
                    MVD_MOD_FRAC = 0.25:
                    :...DISTORTION <= 10155: 0 (2)
                    :   DISTORTION > 10155: 1 (2)
                    MVD_MOD_FRAC = 0:
                    :...dQP in {1,2}: 0 (0)
                        dQP = 4: 0 (29/8)
                        dQP = 3:
                        :...SAD <= 2205: 0 (2)
                            SAD > 2205: 1 (4)


Evaluation on training data (1290 cases):

	    Decision Tree   
	  ----------------  
	  Size      Errors  

	    35   68( 5.3%)   <<


	   (a)   (b)    <-classified as
	  ----  ----
	   626    30    (a): class 0
	    38   596    (b): class 1


	Attribute usage:

	    100%  COST_2Nx2N
	     63%  TU_DEPTH
	     50%  BITS
	     48%  AVG_NEIGH_DEPTH
	     10%  MVD_MOD_FRAC
	      9%  DISTORTION
	      9%  COST_MSM
	      5%  COLOC_SPLIT
	      3%  CTX_SPLIT
	      3%  dQP
	      2%  MVP_IDX
	      2%  SSE
	      1%  INTER_DIR
	      1%  RATIO_2Nx2N-MSM


Time: 0.0 secs
