
C5.0 [Release 2.07 GPL Edition]  	Wed Feb 15 23:54:57 2017
-------------------------------

    Options:
	Application `train_d0_qp22'

Read 455 cases (28 attributes) from train_d0_qp22.data

Decision tree:

BITS > 75: 1 (407/1)
BITS <= 75:
:...BITS <= 4: 0 (10/2)
    BITS > 4: 1 (38/10)


Evaluation on training data (455 cases):

	       Decision Tree       
	  -----------------------  
	  Size      Errors   Cost  

	     3   13( 2.9%)   0.03   <<


	   (a)   (b)    <-classified as
	  ----  ----
	     8    11    (a): class 0
	     2   434    (b): class 1


	Attribute usage:

	    100%  BITS


Time: 0.0 secs
