
C5.0 [Release 2.07 GPL Edition]  	Wed Feb 15 17:09:36 2017
-------------------------------

    Options:
	Boosted classifiers
	Application `train_d2'

Read 218 cases (28 attributes) from train_d2.data

-----  Trial 0:  -----

Decision tree:

TU_DEPTH = 2: 1 (1)
TU_DEPTH = 1:
:...RATIO_BEST_2Nx2N <= 0.956785: 1 (8/1)
:   RATIO_BEST_2Nx2N > 0.956785: 0 (3)
TU_DEPTH = 0:
:...PU_SIZE in {0,2,5,6}: 0 (192/6)
    PU_SIZE in {4,7}: 1 (4/1)
    PU_SIZE = 1:
    :...NON-Z-COEFF > 2: 1 (4)
        NON-Z-COEFF <= 2:
        :...BITS <= 21: 1 (2)
            BITS > 21: 0 (4)

-----  Trial 1:  -----

Decision tree:

DISTORTION <= 15154: 0 (127.3/2.3)
DISTORTION > 15154:
:...RATIO_2Nx2N-MSM > 1.20694: 0 (16/0.8)
    RATIO_2Nx2N-MSM <= 1.20694:
    :...RATIO_2Nx2N-MSM <= 1.03138: 0 (22.5/5.3)
        RATIO_2Nx2N-MSM > 1.03138: 1 (52.2/3.8)

-----  Trial 2:  -----

Decision tree:

RATIO_2Nx2N-MSM > 1.26326: 0 (86.5)
RATIO_2Nx2N-MSM <= 1.26326:
:...SAD <= 1032: 0 (8.7)
    SAD > 1032:
    :...PU_SIZE = 1: 1 (26.8/2.3)
        PU_SIZE = 2: 0 (16.6/6.2)
        PU_SIZE = 4: 1 (4.4)
        PU_SIZE = 5: 1 (3.8)
        PU_SIZE = 6: 0 (6.8)
        PU_SIZE = 7: 1 (13.7/5.6)
        PU_SIZE = 0:
        :...MV_MOD_INT <= 0: 0 (10.5)
            MV_MOD_INT > 0:
            :...RATIO_BEST-MSM <= 0.907015: 0 (2.3)
                RATIO_BEST-MSM > 0.907015: 1 (37.9/6.1)

-----  Trial 3:  -----

Decision tree:

RATIO_2Nx2N-MSM > 1.26326: 0 (67.1)
RATIO_2Nx2N-MSM <= 1.26326:
:...BEST_COST <= 30085.1:
    :...NON-Z-COEFF <= 5: 0 (80/17.9)
    :   NON-Z-COEFF > 5: 1 (4.8/0.5)
    BEST_COST > 30085.1:
    :...SSE <= 39851: 1 (40.1/1.8)
        SSE > 39851:
        :...RATIO_2Nx2N-MSM <= 0.741319: 1 (5.9)
            RATIO_2Nx2N-MSM > 0.741319: 0 (20.1/3.4)

-----  Trial 4:  -----

Decision tree:

RATIO_2Nx2N-MSM > 1.26326: 0 (52.4)
RATIO_2Nx2N-MSM <= 1.26326:
:...RATIO_BEST_2Nx2N > 0.969052: 0 (15.9)
    RATIO_BEST_2Nx2N <= 0.969052:
    :...MVD_MOD_FRAC = 0.707107: 1 (0)
        MVD_MOD_FRAC = 0.25: 0 (5.3/2.6)
        MVD_MOD_FRAC = 0.353553: 1 (3.7)
        MVD_MOD_FRAC = 0.5: 0 (3.7)
        MVD_MOD_FRAC = 0.559017: 0 (0.4)
        MVD_MOD_FRAC = 0.75: 1 (6.2)
        MVD_MOD_FRAC = 0.790569: 1 (2.3)
        MVD_MOD_FRAC = 0.901388: 1 (2.3)
        MVD_MOD_FRAC = 1.06066: 1 (3.3)
        MVD_MOD_FRAC = 0:
        :...NON-Z-COEFF > 11: 1 (8.5)
            NON-Z-COEFF <= 11:
            :...AVG_NEIGH_DEPTH > 1.62074: 0 (9.8)
                AVG_NEIGH_DEPTH <= 1.62074:
                :...MV_MOD_INT > 1.41421: 1 (18.4/1.1)
                    MV_MOD_INT <= 1.41421:
                    :...DISTORTION <= 7567: 1 (12.4)
                        DISTORTION > 7567:
                        :...SSE <= 14368: 0 (27.9)
                            SSE > 14368:
                            :...SAD > 2136: 0 (13.1)
                                SAD <= 2136:
                                :...SAD <= 1243: 0 (5.6)
                                    SAD > 1243: 1 (26.6)

-----  Trial 5:  -----

Decision tree:

SAD <= 1032: 0 (70.5)
SAD > 1032:
:...RATIO_BEST_2Nx2N > 0.969052: 0 (11.5)
    RATIO_BEST_2Nx2N <= 0.969052:
    :...SAD <= 1065: 1 (15.4/0.3)
        SAD > 1065:
        :...SSE <= 14680: 0 (31.4/4.7)
            SSE > 14680:
            :...AVG_NEIGH_DEPTH <= 1.44158: 0 (20.8/4.5)
                AVG_NEIGH_DEPTH > 1.44158: 1 (68.4/6.6)

-----  Trial 6:  -----

Decision tree:

SAD <= 1032: 0 (54.3)
SAD > 1032:
:...RATIO_2Nx2N-MSM > 1.26326: 0 (26.5)
    RATIO_2Nx2N-MSM <= 1.26326:
    :...RATIO_BEST_2Nx2N > 0.969052: 0 (8.8)
        RATIO_BEST_2Nx2N <= 0.969052:
        :...PU_SIZE = 1: 1 (48.2/5.8)
            PU_SIZE = 2: 0 (21/6.2)
            PU_SIZE = 4: 1 (1.5)
            PU_SIZE = 5: 1 (4.6)
            PU_SIZE = 6: 0 (7.3)
            PU_SIZE = 7: 1 (10/4.2)
            PU_SIZE = 0:
            :...SAD <= 1540: 0 (25/8.9)
                SAD > 1540: 1 (10.7)

-----  Trial 7:  -----

Decision tree:

SAD <= 1032: 0 (42.5)
SAD > 1032:
:...BITS > 84: 1 (16.5)
    BITS <= 84:
    :...RATIO_2Nx2N-MSM > 1.26326: 0 (20.7)
        RATIO_2Nx2N-MSM <= 1.26326:
        :...BEST_COST > 52408.7: 0 (12.7)
            BEST_COST <= 52408.7:
            :...COST_2Nx2N > 38312: 1 (30.3/1.2)
                COST_2Nx2N <= 38312:
                :...SAD <= 1065: 1 (15.3)
                    SAD > 1065:
                    :...RATIO_BEST_2Nx2N <= 0.825889: 0 (31.5)
                        RATIO_BEST_2Nx2N > 0.825889:
                        :...NON-Z-COEFF <= 1: 0 (14.1)
                            NON-Z-COEFF > 1:
                            :...BITS <= 3: 0 (6.4)
                                BITS > 3:
                                :...RATIO_BEST_2Nx2N <= 0.956785: 1 (26)
                                    RATIO_BEST_2Nx2N > 0.956785: 0 (2)

-----  Trial 8:  -----

Decision tree:

BITS > 35: 1 (27.7/4.3)
BITS <= 35:
:...RATIO_BEST_2Nx2N <= 0.553364: 0 (67.6)
    RATIO_BEST_2Nx2N > 0.553364:
    :...RATIO_BEST_2Nx2N <= 0.557443: 1 (7.1)
        RATIO_BEST_2Nx2N > 0.557443:
        :...MVP_IDX = 0: 0 (8.2/1.3)
            MVP_IDX = 1: 1 (4.6/0.1)
            MVP_IDX = -1:
            :...RATIO_BEST_2Nx2N <= 0.88121:
                :...DISTORTION <= 36235: 0 (67.5/6.1)
                :   DISTORTION > 36235: 1 (5.5/0.1)
                RATIO_BEST_2Nx2N > 0.88121:
                :...RATIO_BEST-MSM <= 1.01475: 1 (22.9/5.3)
                    RATIO_BEST-MSM > 1.01475: 0 (7)

-----  Trial 9:  -----

Decision tree:

RATIO_BEST-MSM <= 0.528811: 0 (50.4)
RATIO_BEST-MSM > 0.528811:
:...BITS > 84: 1 (9.6)
    BITS <= 84:
    :...RATIO_BEST-MSM <= 0.673619: 1 (13.2/1)
        RATIO_BEST-MSM > 0.673619:
        :...MVD_MOD_FRAC in {0.707107,0.901388,1.06066}: 0 (0)
            MVD_MOD_FRAC = 0.25: 0 (2.3)
            MVD_MOD_FRAC = 0.353553: 1 (4.3)
            MVD_MOD_FRAC = 0.5: 0 (5.2)
            MVD_MOD_FRAC = 0.559017: 0 (4.9)
            MVD_MOD_FRAC = 0.75: 0 (7.6/3.4)
            MVD_MOD_FRAC = 0.790569: 1 (0.6)
            MVD_MOD_FRAC = 0:
            :...RATIO_2Nx2N-MSM > 1.26326: 0 (26.3)
                RATIO_2Nx2N-MSM <= 1.26326:
                :...RATIO_BEST_2Nx2N <= 0.771212: 1 (10.5)
                    RATIO_BEST_2Nx2N > 0.771212:
                    :...DISTORTION <= 14304: 0 (28.9)
                        DISTORTION > 14304:
                        :...DISTORTION <= 20000: 1 (15.6/0.8)
                            DISTORTION > 20000:
                            :...RATIO_2Nx2N-MSM <= 1.10105: 0 (26.5/0.6)
                                RATIO_2Nx2N-MSM > 1.10105: 1 (12.2/3.9)


Evaluation on training data (218 cases):

Trial	    Decision Tree   
-----	  ----------------  
	  Size      Errors  

   0	     8    8( 3.7%)
   1	     4   16( 7.3%)
   2	    11   12( 5.5%)
   3	     6   13( 6.0%)
   4	    18    5( 2.3%)
   5	     6   16( 7.3%)
   6	    11    8( 3.7%)
   7	    11    2( 0.9%)
   8	     9   15( 6.9%)
   9	    15    8( 3.7%)
boost	          0( 0.0%)   <<


	   (a)   (b)    <-classified as
	  ----  ----
	   195          (a): class 0
	          23    (b): class 1


	Attribute usage:

	    100%  PU_SIZE
	    100%  BITS
	    100%  DISTORTION
	    100%  SAD
	    100%  RATIO_2Nx2N-MSM
	    100%  RATIO_BEST_2Nx2N
	    100%  RATIO_BEST-MSM
	    100%  TU_DEPTH
	     99%  MVD_MOD_FRAC
	     51%  MVP_IDX
	     35%  SSE
	     33%  AVG_NEIGH_DEPTH
	     32%  BEST_COST
	     29%  NON-Z-COEFF
	     21%  COST_2Nx2N
	     20%  MV_MOD_INT


Time: 0.0 secs
