
C5.0 [Release 2.07 GPL Edition]  	Wed Feb 15 17:09:36 2017
-------------------------------

    Options:
	Boosted classifiers
	Application `train_d0'

Read 54 cases (28 attributes) from train_d0.data

-----  Trial 0:  -----

Decision tree:

DISTORTION <= 95538: 0 (25)
DISTORTION > 95538:
:...AVG_NEIGH_DEPTH > 0.885557: 1 (23/1)
    AVG_NEIGH_DEPTH <= 0.885557:
    :...RATIO_BEST-MSM <= 0.90222: 0 (4)
        RATIO_BEST-MSM > 0.90222: 1 (2)

-----  Trial 1:  -----

Decision tree:

SAD <= 14928: 0 (37.4/2.3)
SAD > 14928: 1 (16.6/0.8)

-----  Trial 2:  -----

Decision tree:

DISTORTION <= 110141:
:...AVG_NEIGH_DEPTH <= 1.61744: 0 (25.7)
:   AVG_NEIGH_DEPTH > 1.61744: 1 (3.8)
DISTORTION > 110141:
:...SSE <= 491635: 1 (20.2/1.2)
    SSE > 491635: 0 (4.3/0.6)

-----  Trial 3:  -----

Decision tree:

MVD_MOD_INT > 0: 1 (6.1)
MVD_MOD_INT <= 0:
:...MVP_IDX = 0: 0 (8.1)
    MVP_IDX = 1: 1 (0.4)
    MVP_IDX = -1:
    :...AVG_NEIGH_DEPTH <= 0.964912: 0 (27.1/3.7)
        AVG_NEIGH_DEPTH > 0.964912: 1 (12.3/0.4)

-----  Trial 4:  -----

Decision tree:

PU_SIZE in {4,5,6}: 0 (0)
PU_SIZE = 0: 0 (15.3/7.2)
PU_SIZE = 1: 1 (15.9)
PU_SIZE = 2: 0 (14.8/2.7)
PU_SIZE = 7: 0 (8/0.7)

-----  Trial 5:  -----

Decision tree:

SAD > 14928: 1 (24.4/1.8)
SAD <= 14928:
:...NON-Z-COEFF <= 1: 1 (9.2/1.9)
    NON-Z-COEFF > 1: 0 (20.4/1.8)

-----  Trial 6:  -----

Decision tree:

BEST_COST <= 98360.6: 0 (16)
BEST_COST > 98360.6:
:...RATIO_BEST-MSM > 0.891353: 1 (19)
    RATIO_BEST-MSM <= 0.891353:
    :...COST_2Nx2N <= 376488: 0 (13.3/1.5)
        COST_2Nx2N > 376488: 1 (5.7)

-----  Trial 7:  -----

Decision tree:

DISTORTION <= 110141: 0 (16.8/1.6)
DISTORTION > 110141:
:...RATIO_2Nx2N-MSM <= 0.487624: 0 (3.5)
    RATIO_2Nx2N-MSM > 0.487624: 1 (33.6/2.3)

-----  Trial 8:  -----

Decision tree:

AVG_NEIGH_DEPTH <= 0.885557: 0 (21.8/3.8)
AVG_NEIGH_DEPTH > 0.885557:
:...MVD_MOD_FRAC in {0.707107,0.75,0.790569,1.06066}: 1 (0)
    MVD_MOD_FRAC = 0.25: 0 (2.3)
    MVD_MOD_FRAC = 0.353553: 1 (0.4)
    MVD_MOD_FRAC = 0.5: 1 (1.4)
    MVD_MOD_FRAC = 0.559017: 1 (0.4)
    MVD_MOD_FRAC = 0.901388: 1 (0.2)
    MVD_MOD_FRAC = 0:
    :...DISTORTION <= 95538: 0 (2.2)
        DISTORTION > 95538: 1 (25.4)

-----  Trial 9:  -----

Decision tree:

DISTORTION <= 95538: 0 (7.2)
DISTORTION > 95538:
:...FME = 1: 1 (0.9)
    FME = 2: 0 (10.3/2.3)
    FME = 0:
    :...RATIO_2Nx2N-MSM <= 0.487624: 0 (2.1)
        RATIO_2Nx2N-MSM > 0.487624: 1 (33.6)


Evaluation on training data (54 cases):

Trial	    Decision Tree   
-----	  ----------------  
	  Size      Errors  

   0	     4    1( 1.9%)
   1	     2    4( 7.4%)
   2	     4    3( 5.6%)
   3	     5    4( 7.4%)
   4	     4   17(31.5%)
   5	     3    9(16.7%)
   6	     4    3( 5.6%)
   7	     3    2( 3.7%)
   8	     8    2( 3.7%)
   9	     5    7(13.0%)
boost	          0( 0.0%)   <<


	   (a)   (b)    <-classified as
	  ----  ----
	    30          (a): class 0
	          24    (b): class 1


	Attribute usage:

	    100%  PU_SIZE
	    100%  DISTORTION
	    100%  BEST_COST
	    100%  SAD
	    100%  MVD_MOD_INT
	    100%  AVG_NEIGH_DEPTH
	     93%  MVP_IDX
	     59%  NON-Z-COEFF
	     54%  RATIO_BEST-MSM
	     54%  FME
	     50%  RATIO_2Nx2N-MSM
	     48%  SSE
	     48%  MVD_MOD_FRAC
	     28%  COST_2Nx2N


Time: 0.0 secs
