
C5.0 [Release 2.07 GPL Edition]  	Wed Feb 15 23:56:43 2017
-------------------------------

    Options:
	Application `train_d1_qp32'

Read 1388 cases (28 attributes) from train_d1_qp32.data

Decision tree:

BITS > 44:
:...DISTORTION <= 20857:
:   :...RATIO_BEST_2Nx2N <= 0.600436: 0 (6)
:   :   RATIO_BEST_2Nx2N > 0.600436:
:   :   :...BEST_COST <= 9396.07: 0 (5)
:   :       BEST_COST > 9396.07: 1 (72/22)
:   DISTORTION > 20857:
:   :...BITS > 125: 1 (348/2)
:       BITS <= 125:
:       :...COST_2Nx2N > 77989.8: 1 (169/19)
:           COST_2Nx2N <= 77989.8:
:           :...PU_SIZE in {0,5,6,7}: 0 (16/3)
:               PU_SIZE in {1,2,4}: 1 (16/5)
BITS <= 44:
:...DISTORTION <= 109281:
    :...TU_DEPTH = 0: 0 (677/97)
    :   TU_DEPTH = 2: 1 (3/1)
    :   TU_DEPTH = 1:
    :   :...BEST_COST <= 33855: 0 (3)
    :       BEST_COST > 33855: 1 (12/1)
    DISTORTION > 109281:
    :...dQP in {1,2}: 1 (0)
        dQP = 3: 0 (2)
        dQP = 4:
        :...AVG_NEIGH_DEPTH > 2.21574: 0 (6/1)
            AVG_NEIGH_DEPTH <= 2.21574:
            :...SSE > 136145: 1 (27)
                SSE <= 136145:
                :...PREDMV_MOD_INT <= 8.06226: 1 (23/5)
                    PREDMV_MOD_INT > 8.06226: 0 (3)


Evaluation on training data (1388 cases):

	       Decision Tree       
	  -----------------------  
	  Size      Errors   Cost  

	    16  156(11.2%)   0.11   <<


	   (a)   (b)    <-classified as
	  ----  ----
	   617    55    (a): class 0
	   101   615    (b): class 1


	Attribute usage:

	    100%  BITS
	    100%  DISTORTION
	     50%  TU_DEPTH
	     14%  COST_2Nx2N
	      7%  BEST_COST
	      6%  RATIO_BEST_2Nx2N
	      4%  dQP
	      4%  AVG_NEIGH_DEPTH
	      4%  SSE
	      2%  PU_SIZE
	      2%  PREDMV_MOD_INT


Time: 0.0 secs
