
C5.0 [Release 2.07 GPL Edition]  	Wed Feb 15 23:54:57 2017
-------------------------------

    Options:
	Application `train_d1_qp22'

Read 1744 cases (28 attributes) from train_d1_qp22.data

Decision tree:

BITS > 148: 1 (987/52)
BITS <= 148:
:...TU_DEPTH = 2: 1 (39/7)
    TU_DEPTH = 1:
    :...COLOC_SPLIT = 0: 0 (4)
    :   COLOC_SPLIT = 1:
    :   :...PU_SIZE in {5,7}: 0 (0)
    :   :   PU_SIZE in {0,2,4}: 0 (10/3)
    :   :   PU_SIZE in {1,6}: 1 (4)
    :   COLOC_SPLIT = 2:
    :   :...FME = 0:
    :       :...NON-Z-COEFF <= 8: 1 (8/1)
    :       :   NON-Z-COEFF > 8: 0 (4)
    :       FME = 1:
    :       :...AVG_NEIGH_DEPTH <= 2.00673: 0 (6)
    :       :   AVG_NEIGH_DEPTH > 2.00673: 1 (9/2)
    :       FME = 2:
    :       :...RATIO_BEST_2Nx2N <= 1.00255: 1 (61/7)
    :           RATIO_BEST_2Nx2N > 1.00255: 0 (2)
    TU_DEPTH = 0:
    :...COST_MSM <= 15841.9: 0 (409/56)
        COST_MSM > 15841.9:
        :...INTER_DIR = 0: 0 (1)
            INTER_DIR = 1: 1 (10/3)
            INTER_DIR = 2:
            :...RATIO_2Nx2N-MSM <= 0.87358: 0 (5/1)
            :   RATIO_2Nx2N-MSM > 0.87358: 1 (7)
            INTER_DIR = 3:
            :...COST_MSM > 34701.4:
                :...COLOC_SPLIT = 0: 1 (0)
                :   COLOC_SPLIT = 1: 0 (4/1)
                :   COLOC_SPLIT = 2: 1 (16/1)
                COST_MSM <= 34701.4:
                :...CTX_SPLIT in {0,3,5}: 0 (51/21)
                    CTX_SPLIT = 2:
                    :...BEST_COST <= 13902.4: 1 (3)
                    :   BEST_COST > 13902.4: 0 (31/3)
                    CTX_SPLIT = 4:
                    :...AVG_NEIGH_DEPTH <= 1.76131: 1 (5/1)
                    :   AVG_NEIGH_DEPTH > 1.76131: 0 (29/6)
                    CTX_SPLIT = 6:
                    :...REF_IDX = -1: 1 (0)
                    :   REF_IDX = 0: 1 (14/2)
                    :   REF_IDX = 1: 0 (2)
                    CTX_SPLIT = 1:
                    :...MV_MOD_INT <= 3: 0 (14)
                        MV_MOD_INT > 3:
                        :...NON-Z-COEFF <= 3: 0 (6/1)
                            NON-Z-COEFF > 3: 1 (3)


Evaluation on training data (1744 cases):

	       Decision Tree       
	  -----------------------  
	  Size      Errors   Cost  

	    28  168( 9.6%)   0.10   <<


	   (a)   (b)    <-classified as
	  ----  ----
	   486    76    (a): class 0
	    92  1090    (b): class 1


	Attribute usage:

	    100%  BITS
	     43%  TU_DEPTH
	     35%  COST_MSM
	     12%  INTER_DIR
	      9%  CTX_SPLIT
	      7%  COLOC_SPLIT
	      5%  FME
	      4%  RATIO_BEST_2Nx2N
	      3%  AVG_NEIGH_DEPTH
	      2%  BEST_COST
	      1%  MV_MOD_INT
	      1%  NON-Z-COEFF


Time: 0.0 secs
