
C5.0 [Release 2.07 GPL Edition]  	Wed Feb 15 23:56:43 2017
-------------------------------

    Options:
	Application `train_d2_qp32'

Read 2864 cases (28 attributes) from train_d2_qp32.data

Decision tree:

BITS <= 39:
:...BEST_COST <= 31607.6: 0 (1357/56)
:   BEST_COST > 31607.6:
:   :...TU_DEPTH = 1: 1 (17/3)
:       TU_DEPTH = 2: 0 (3/1)
:       TU_DEPTH = 0:
:       :...COST_2Nx2N <= 50763.9: 0 (156/27)
:           COST_2Nx2N > 50763.9:
:           :...MV_MOD_FRAC in {0.353553,0.559017}: 0 (33/9)
:               MV_MOD_FRAC = 0.25:
:               :...dQP in {1,2}: 1 (0)
:               :   dQP = 3: 0 (2)
:               :   dQP = 4: 1 (35/10)
:               MV_MOD_FRAC = 0.5:
:               :...SAD <= 2474: 0 (9)
:               :   SAD > 2474: 1 (14/4)
:               MV_MOD_FRAC = 0.707107:
:               :...RATIO_2Nx2N-MSM <= 1.11798: 0 (10/1)
:               :   RATIO_2Nx2N-MSM > 1.11798: 1 (3)
:               MV_MOD_FRAC = 0.75:
:               :...NON-Z-COEFF <= 1: 1 (3/1)
:               :   NON-Z-COEFF > 1: 0 (16/3)
:               MV_MOD_FRAC = 0.790569:
:               :...MV_MOD_INT <= 7.28011: 0 (14)
:               :   MV_MOD_INT > 7.28011: 1 (9/4)
:               MV_MOD_FRAC = 0.901388:
:               :...MVD_MOD_FRAC in {0.707107,1.06066}: 1 (0)
:               :   MVD_MOD_FRAC in {0,0.25,0.353553,0.5,0.75,
:               :   :                0.901388}: 1 (25/9)
:               :   MVD_MOD_FRAC in {0.559017,0.790569}: 0 (5)
:               MV_MOD_FRAC = 1.06066:
:               :...CTX_SPLIT in {2,5,6}: 0 (0)
:               :   CTX_SPLIT in {0,1,4}: 0 (4/1)
:               :   CTX_SPLIT = 3: 1 (2)
:               MV_MOD_FRAC = 0:
:               :...PRED_MODE = 0: 0 (6/1)
:                   PRED_MODE = 2: 1 (3)
:                   PRED_MODE = 3:
:                   :...DISTORTION <= 74955: 0 (2)
:                   :   DISTORTION > 74955: 1 (2)
:                   PRED_MODE = 1:
:                   :...PU_SIZE in {0,5}: 0 (7/1)
:                       PU_SIZE = 1:
:                       :...RATIO_2Nx2N-MSM <= 0.897214: 0 (4)
:                       :   RATIO_2Nx2N-MSM > 0.897214: 1 (9/1)
:                       PU_SIZE = 2:
:                       :...dQP in {1,2}: 0 (0)
:                       :   dQP = 3: 1 (3)
:                       :   dQP = 4: 0 (21/4)
:                       PU_SIZE = 4:
:                       :...RATIO_BEST_2Nx2N <= 0.680476: 0 (2)
:                       :   RATIO_BEST_2Nx2N > 0.680476: 1 (4)
:                       PU_SIZE = 6:
:                       :...SSE <= 55307: 0 (8)
:                       :   SSE > 55307: 1 (3)
:                       PU_SIZE = 7:
:                       :...NON-Z-COEFF > 1: 0 (7)
:                           NON-Z-COEFF <= 1:
:                           :...DISTORTION <= 33062: 0 (3)
:                               DISTORTION > 33062: 1 (4)
BITS > 39:
:...BEST_COST <= 12633.4:
    :...BITS <= 89: 0 (194/46)
    :   BITS > 89:
    :   :...RATIO_2Nx2N-MSM <= 0.852775: 0 (4)
    :       RATIO_2Nx2N-MSM > 0.852775:
    :       :...AVG_NEIGH_DEPTH <= 2.29864: 1 (11/1)
    :           AVG_NEIGH_DEPTH > 2.29864:
    :           :...AVG_NEIGH_DEPTH <= 2.37735: 0 (2)
    :               AVG_NEIGH_DEPTH > 2.37735: 1 (3)
    BEST_COST > 12633.4:
    :...RATIO_2Nx2N-MSM <= 0.722929:
        :...MV_MOD_INT <= 99.0051: 0 (59/20)
        :   MV_MOD_INT > 99.0051: 1 (8/1)
        RATIO_2Nx2N-MSM > 0.722929:
        :...NON-Z-COEFF > 69: 0 (11/2)
            NON-Z-COEFF <= 69:
            :...BITS > 125: 1 (434/58)
                BITS <= 125:
                :...DISTORTION > 54171: 1 (48/2)
                    DISTORTION <= 54171:
                    :...TU_DEPTH = 1: 1 (138/42)
                        TU_DEPTH = 2:
                        :...RATIO_BEST-MSM <= 0.996075: 1 (39/6)
                        :   RATIO_BEST-MSM > 0.996075: 0 (10/2)
                        TU_DEPTH = 0:
                        :...MV_MOD_FRAC in {0.25,0.353553,0.75}: 1 (16/4)
                            MV_MOD_FRAC in {0.5,0.790569,0.901388,
                            :               1.06066}: 0 (22/8)
                            MV_MOD_FRAC = 0.559017:
                            :...CTX_SPLIT in {0,3,6}: 0 (0)
                            :   CTX_SPLIT in {1,5}: 1 (3)
                            :   CTX_SPLIT in {2,4}: 0 (4)
                            MV_MOD_FRAC = 0.707107:
                            :...DISTORTION <= 19379: 0 (2)
                            :   DISTORTION > 19379: 1 (2)
                            MV_MOD_FRAC = 0:
                            :...CTX_SPLIT = 6: 0 (0)
                                CTX_SPLIT in {0,1}: 0 (19/7)
                                CTX_SPLIT in {4,5}: 1 (8/1)
                                CTX_SPLIT = 2:
                                :...SSE <= 143902: 1 (7/1)
                                :   SSE > 143902: 0 (3)
                                CTX_SPLIT = 3:
                                :...NON-Z-COEFF <= 7: 0 (8/1)
                                    NON-Z-COEFF > 7: 1 (4)


Evaluation on training data (2864 cases):

	       Decision Tree       
	  -----------------------  
	  Size      Errors   Cost  

	    60  338(11.8%)   0.12   <<


	   (a)   (b)    <-classified as
	  ----  ----
	  1817   148    (a): class 0
	   190   709    (b): class 1


	Attribute usage:

	    100%  BITS
	    100%  BEST_COST
	     31%  RATIO_2Nx2N-MSM
	     28%  NON-Z-COEFF
	     26%  TU_DEPTH
	     15%  COST_2Nx2N
	     13%  MV_MOD_FRAC
	     12%  DISTORTION
	      3%  MV_MOD_INT
	      3%  PRED_MODE
	      3%  PU_SIZE
	      2%  CTX_SPLIT
	      2%  dQP
	      2%  RATIO_BEST-MSM
	      1%  MVD_MOD_FRAC


Time: 0.0 secs
