
C5.0 [Release 2.07 GPL Edition]  	Wed Feb 15 22:43:47 2017
-------------------------------

    Options:
	Boosted classifiers
	Application `train_d0_qp27'

Read 90 cases (28 attributes) from train_d0_qp27.data

-----  Trial 0:  -----

Decision tree:

COST_MSM > 97657.5: 1 (43)
COST_MSM <= 97657.5:
:...TU_DEPTH = 2: 0 (0)
    TU_DEPTH = 0: 0 (45/2)
    TU_DEPTH = 1: 1 (2)

-----  Trial 1:  -----

Decision tree:

BITS <= 10: 0 (27.2)
BITS > 10: 1 (62.8/5.3)

-----  Trial 2:  -----

Decision tree:

SAD <= 8369: 0 (31.7)
SAD > 8369:
:...BITS <= 11: 0 (12.4/1.7)
    BITS > 11:
    :...RATIO_2Nx2N-MSM <= 1.03028: 1 (41.1)
        RATIO_2Nx2N-MSM > 1.03028: 0 (4.7/1.2)

-----  Trial 3:  -----

Decision tree:

SAD <= 8369: 0 (24.1)
SAD > 8369:
:...RATIO_BEST_2Nx2N <= 0.769829: 0 (11.7/3.1)
    RATIO_BEST_2Nx2N > 0.769829: 1 (54.3/2.2)

-----  Trial 4:  -----

Decision tree:

BITS <= 10: 0 (20.9)
BITS > 10:
:...SSE <= 29816: 0 (8.3)
    SSE > 29816: 1 (60.8/6.3)

-----  Trial 5:  -----

Decision tree:

COST_MSM > 97657.5: 1 (30.8)
COST_MSM <= 97657.5:
:...AVG_NEIGH_DEPTH > 1.8637: 1 (4)
    AVG_NEIGH_DEPTH <= 1.8637:
    :...BITS <= 16: 0 (44.9)
        BITS > 16: 1 (10.3/3.2)

-----  Trial 6:  -----

Decision tree:

COST_MSM > 97657.5: 1 (23.4)
COST_MSM <= 97657.5:
:...TU_DEPTH = 2: 0 (0)
    TU_DEPTH = 1: 1 (2.3)
    TU_DEPTH = 0:
    :...AVG_NEIGH_DEPTH <= 1.8637: 0 (61.2/3)
        AVG_NEIGH_DEPTH > 1.8637: 1 (3)

-----  Trial 7:  -----

Decision tree:

SSE <= 29816: 0 (24.6)
SSE > 29816:
:...BITS <= 15: 0 (28/8.4)
    BITS > 15: 1 (37.4)

-----  Trial 8:  -----

Decision tree:

MV_MOD_FRAC = 1.06066: 1 (0)
MV_MOD_FRAC = 0.25: 0 (19/0.2)
MV_MOD_FRAC = 0.353553: 1 (0.1)
MV_MOD_FRAC = 0.5: 0 (3.9/0.1)
MV_MOD_FRAC = 0.559017: 1 (0.5)
MV_MOD_FRAC = 0.707107: 1 (0.2)
MV_MOD_FRAC = 0.75: 0 (0.2/0.1)
MV_MOD_FRAC = 0.790569: 1 (1.2)
MV_MOD_FRAC = 0.901388: 1 (0.2)
MV_MOD_FRAC = 0:
:...RATIO_BEST-MSM > 1.00009: 0 (5.8)
    RATIO_BEST-MSM <= 1.00009:
    :...RATIO_2Nx2N-MSM <= 1.01512: 1 (51/0.7)
        RATIO_2Nx2N-MSM > 1.01512: 0 (7.8/2.7)

-----  Trial 9:  -----

Decision tree:

SSE <= 29816: 0 (17)
SSE > 29816:
:...RATIO_BEST_2Nx2N <= 0.769829: 0 (14.8/6)
    RATIO_BEST_2Nx2N > 0.769829:
    :...PRED_MODE = 0: 0 (2.7)
        PRED_MODE = 1: 1 (32)
        PRED_MODE = 2: 1 (23.3)
        PRED_MODE = 3: 1 (0.2)


Evaluation on training data (90 cases):

Trial	       Decision Tree       
-----	  -----------------------  
	  Size      Errors   Cost  

   0	     3    2( 2.2%)   0.02
   1	     2    7( 7.8%)   0.08
   2	     4    5( 5.6%)   0.06
   3	     3   12(13.3%)   0.13
   4	     3    3( 3.3%)   0.03
   5	     4    2( 2.2%)   0.02
   6	     4    1( 1.1%)   0.01
   7	     3    7( 7.8%)   0.08
   8	    11    9(10.0%)   0.10
   9	     6    7( 7.8%)   0.08
boost	          0( 0.0%)   0.00   <<


	   (a)   (b)    <-classified as
	  ----  ----
	    43          (a): class 0
	          47    (b): class 1


	Attribute usage:

	    100%  BITS
	    100%  SAD
	    100%  SSE
	    100%  COST_MSM
	    100%  MV_MOD_FRAC
	     73%  RATIO_BEST-MSM
	     68%  RATIO_2Nx2N-MSM
	     62%  RATIO_BEST_2Nx2N
	     52%  TU_DEPTH
	     52%  AVG_NEIGH_DEPTH
	     50%  PRED_MODE


Time: 0.0 secs
