
C5.0 [Release 2.07 GPL Edition]  	Wed Feb 15 22:43:49 2017
-------------------------------

    Options:
	Boosted classifiers
	Application `train_d1_qp22'

Read 228 cases (28 attributes) from train_d1_qp22.data

-----  Trial 0:  -----

Decision tree:

BEST_COST > 7800.39: 1 (129/13)
BEST_COST <= 7800.39:
:...dQP = 2: 0 (0)
    dQP = 4: 0 (44)
    dQP = 1:
    :...PU_SIZE in {1,4,6}: 0 (0)
    :   PU_SIZE in {2,5,7}: 1 (6)
    :   PU_SIZE = 0:
    :   :...RATIO_BEST-MSM <= 1.00279: 0 (28/2)
    :       RATIO_BEST-MSM > 1.00279: 1 (5)
    dQP = 3:
    :...COST_2Nx2N <= 5229.48: 0 (10)
        COST_2Nx2N > 5229.48:
        :...RATIO_BEST-MSM <= 1.00258: 0 (2)
            RATIO_BEST-MSM > 1.00258: 1 (4)

-----  Trial 1:  -----

Decision tree:

BITS <= 31:
:...AVG_NEIGH_DEPTH <= 2.2618: 0 (116.2/20)
:   AVG_NEIGH_DEPTH > 2.2618: 1 (6.6/1.5)
BITS > 31:
:...MVP_IDX = 0: 1 (25.3)
    MVP_IDX = 1: 1 (23)
    MVP_IDX = -1:
    :...NON-Z-COEFF > 7: 1 (14.3)
        NON-Z-COEFF <= 7:
        :...BITS > 233: 1 (10.7)
            BITS <= 233:
            :...MV_MOD_INT <= 1: 0 (27.2/6.1)
                MV_MOD_INT > 1: 1 (4.6)

-----  Trial 2:  -----

Decision tree:

BITS > 221: 1 (36.1)
BITS <= 221:
:...COST_MSM > 24434.5: 1 (17.7)
    COST_MSM <= 24434.5:
    :...BITS <= 2: 0 (27.9/2)
        BITS > 2:
        :...MVD_MOD_FRAC in {0.707107,0.901388}: 1 (0)
            MVD_MOD_FRAC = 0.25: 0 (12.8/3.6)
            MVD_MOD_FRAC = 0.353553: 1 (1.2)
            MVD_MOD_FRAC = 0.5: 0 (4/0.6)
            MVD_MOD_FRAC = 0.559017: 0 (1.2/0.6)
            MVD_MOD_FRAC = 0.75: 1 (2)
            MVD_MOD_FRAC = 0.790569: 1 (0.6)
            MVD_MOD_FRAC = 1.06066: 1 (0.6)
            MVD_MOD_FRAC = 0:
            :...PU_SIZE = 1: 1 (2)
                PU_SIZE = 2: 1 (16.2/4)
                PU_SIZE = 4: 0 (6.7)
                PU_SIZE = 5: 1 (6.5/0.6)
                PU_SIZE = 6: 0 (24.4/8.5)
                PU_SIZE = 7: 1 (13.7/4)
                PU_SIZE = 0:
                :...DISTORTION > 11007: 1 (6.5)
                    DISTORTION <= 11007:
                    :...RATIO_BEST-MSM <= 1: 0 (11)
                        RATIO_BEST-MSM > 1:
                        :...DISTORTION <= 4067: 0 (11.9/2.6)
                            DISTORTION > 4067: 1 (25.2/5.4)

-----  Trial 3:  -----

Decision tree:

BITS > 28: 1 (99.4/17.2)
BITS <= 28:
:...COST_MSM > 14759.3: 1 (18.7/2.7)
    COST_MSM <= 14759.3:
    :...MVP_IDX = 0: 0 (7.7)
        MVP_IDX = 1: 1 (2/0.5)
        MVP_IDX = -1:
        :...MV_MOD_INT > 1.41421: 0 (12.5)
            MV_MOD_INT <= 1.41421:
            :...COST_MSM > 10399.4: 1 (9.6)
                COST_MSM <= 10399.4:
                :...MV_MOD_FRAC in {0.353553,0.5,0.559017,0.707107,0.901388,
                    :               1.06066}: 0 (0)
                    MV_MOD_FRAC = 0.25: 1 (8.9/2.4)
                    MV_MOD_FRAC = 0.75: 0 (1.4)
                    MV_MOD_FRAC = 0.790569: 0 (2.7)
                    MV_MOD_FRAC = 0:
                    :...DISTORTION > 8947: 1 (3.3)
                        DISTORTION <= 8947:
                        :...BITS > 14: 1 (6.7/2)
                            BITS <= 14:
                            :...AVG_NEIGH_DEPTH <= 2.2618: 0 (50.4/3.1)
                                AVG_NEIGH_DEPTH > 2.2618: 1 (4.7/1.6)

-----  Trial 4:  -----

Decision tree:

BITS > 221: 1 (22.5)
BITS <= 221:
:...COST_MSM > 24434.5: 1 (11)
    COST_MSM <= 24434.5:
    :...MVD_MOD_FRAC in {0.707107,0.901388}: 0 (0)
        MVD_MOD_FRAC = 0.25: 1 (15/5.7)
        MVD_MOD_FRAC = 0.353553: 1 (0.7)
        MVD_MOD_FRAC = 0.5: 0 (6.4/1.6)
        MVD_MOD_FRAC = 0.559017: 1 (1.9/0.4)
        MVD_MOD_FRAC = 0.75: 1 (1.2)
        MVD_MOD_FRAC = 0.790569: 1 (0.4)
        MVD_MOD_FRAC = 1.06066: 1 (0.4)
        MVD_MOD_FRAC = 0:
        :...RATIO_BEST-MSM <= 1.00279:
            :...NON-Z-COEFF <= 36: 0 (126.6/32.3)
            :   NON-Z-COEFF > 36: 1 (5.3)
            RATIO_BEST-MSM > 1.00279:
            :...MV_MOD_INT > 0: 1 (5.1)
                MV_MOD_INT <= 0:
                :...TU_DEPTH = 2: 1 (0)
                    TU_DEPTH = 0: 0 (27/11.8)
                    TU_DEPTH = 1: 1 (4.4)

-----  Trial 5:  -----

Decision tree:

BITS > 221: 1 (18.5)
BITS <= 221:
:...RATIO_BEST_2Nx2N > 0.995762: 0 (17.7/0.3)
    RATIO_BEST_2Nx2N <= 0.995762:
    :...BEST_COST <= 4543.69:
        :...RATIO_BEST_2Nx2N <= 0.992097: 0 (32.3/2.2)
        :   RATIO_BEST_2Nx2N > 0.992097: 1 (6.2)
        BEST_COST > 4543.69:
        :...MVP_IDX = 0: 1 (26.1/11.1)
            MVP_IDX = 1: 1 (7.9)
            MVP_IDX = -1:
            :...BITS > 159: 0 (9.4/1.3)
                BITS <= 159:
                :...RATIO_2Nx2N-MSM <= 0.877966: 1 (22.3/0.6)
                    RATIO_2Nx2N-MSM > 0.877966:
                    :...SAD > 2945: 1 (14.4)
                        SAD <= 2945:
                        :...MV_MOD_INT > 1.41421: 0 (12.1)
                            MV_MOD_INT <= 1.41421:
                            :...TU_DEPTH = 1: 1 (10.3/4)
                                TU_DEPTH = 2: 0 (6.2)
                                TU_DEPTH = 0:
                                :...BITS > 14: 1 (6.4)
                                    BITS <= 14:
                                    :...PRED_MODE in {2,3}: 1 (0)
                                        PRED_MODE = 1: 0 (4.7)
                                        PRED_MODE = 0:
                                        :...RATIO_BEST-MSM <= 1.00473: 1 (27.1/6.4)
                                            RATIO_BEST-MSM > 1.00473: 0 (6.3/1)

-----  Trial 6:  -----

Decision tree:

COST_MSM > 14715.4:
:...FME = 0: 1 (21.9/3.2)
:   FME = 1: 0 (11.7/2.9)
:   FME = 2: 1 (31/3.2)
COST_MSM <= 14715.4:
:...RATIO_BEST-MSM <= 1.00279: 0 (127.6/31.2)
    RATIO_BEST-MSM > 1.00279:
    :...AVG_NEIGH_DEPTH <= 1.18182: 0 (2.5)
        AVG_NEIGH_DEPTH > 1.18182:
        :...RATIO_BEST-MSM <= 1.00549: 1 (23.6/1.2)
            RATIO_BEST-MSM > 1.00549: 0 (9.8/3.7)

-----  Trial 7:  -----

Decision tree:

MV_MOD_INT > 2: 1 (15.9)
MV_MOD_INT <= 2:
:...BITS > 103:
    :...RATIO_2Nx2N-MSM <= 0.67233: 0 (2.6)
    :   RATIO_2Nx2N-MSM > 0.67233: 1 (35.7/2.6)
    BITS <= 103:
    :...SAD > 2945: 1 (12.5)
        SAD <= 2945:
        :...RATIO_2Nx2N-MSM > 1.08526: 0 (15.1)
            RATIO_2Nx2N-MSM <= 1.08526:
            :...MVD_MOD_FRAC in {0.353553,0.707107,0.790569,0.901388,
                :                1.06066}: 0 (0)
                MVD_MOD_FRAC = 0.25: 0 (11.2/4.5)
                MVD_MOD_FRAC = 0.5: 0 (4.6)
                MVD_MOD_FRAC = 0.559017: 0 (2.3)
                MVD_MOD_FRAC = 0.75: 1 (0.6)
                MVD_MOD_FRAC = 0:
                :...COST_MSM > 10956.3: 1 (34.6/10.7)
                    COST_MSM <= 10956.3:
                    :...PU_SIZE in {1,4}: 0 (0)
                        PU_SIZE = 2: 1 (1.6)
                        PU_SIZE = 5: 1 (5.7/0.8)
                        PU_SIZE = 6: 0 (5.6)
                        PU_SIZE = 7: 1 (7.6/2.8)
                        PU_SIZE = 0:
                        :...RATIO_BEST-MSM <= 1.00279: 0 (47.3/5.3)
                            RATIO_BEST-MSM > 1.00279: 1 (25/7.3)

-----  Trial 8:  -----

Decision tree:

BITS > 31:
:...MVP_IDX = 0: 1 (19.4)
:   MVP_IDX = 1: 1 (11.5)
:   MVP_IDX = -1:
:   :...NON-Z-COEFF > 7: 1 (11.4)
:       NON-Z-COEFF <= 7:
:       :...REF_IDX = -1: 1 (0.8)
:           REF_IDX = 1: 0 (3.8/0.6)
:           REF_IDX = 0:
:           :...NON-Z-COEFF <= 6: 1 (32.8/12.8)
:               NON-Z-COEFF > 6: 0 (5.4)
BITS <= 31:
:...MVD_MOD_INT > 0: 0 (10.3)
    MVD_MOD_INT <= 0:
    :...BITS <= 2: 0 (31.4/1.7)
        BITS > 2:
        :...MVD_MOD_FRAC in {0.353553,0.5,0.559017,0.707107,0.790569,0.901388,
            :                1.06066}: 0 (0)
            MVD_MOD_FRAC = 0.25: 0 (3.6)
            MVD_MOD_FRAC = 0.75: 1 (0.5)
            MVD_MOD_FRAC = 0:
            :...MV_MOD_INT > 1.41421: 0 (15/2.1)
                MV_MOD_INT <= 1.41421:
                :...COST_MSM > 10399.4: 1 (18.3)
                    COST_MSM <= 10399.4:
                    :...NON-Z-COEFF <= 1: 1 (22.8/6.4)
                        NON-Z-COEFF > 1:
                        :...BITS <= 18: 0 (36.4/2.3)
                            BITS > 18: 1 (4.8/1.6)

-----  Trial 9:  -----

Decision tree:

BEST_COST <= 7800.39:
:...dQP = 2: 0 (0)
:   dQP = 3: 0 (21.4/7.9)
:   dQP = 4: 0 (38)
:   dQP = 1:
:   :...PU_SIZE in {1,4,6}: 0 (0)
:       PU_SIZE = 2: 1 (1)
:       PU_SIZE = 5: 1 (2.8)
:       PU_SIZE = 7: 1 (3)
:       PU_SIZE = 0:
:       :...NON-Z-COEFF > 8: 1 (5)
:           NON-Z-COEFF <= 8:
:           :...RATIO_BEST-MSM <= 1.00279: 0 (42.2/3.6)
:               RATIO_BEST-MSM > 1.00279: 1 (3.7)
BEST_COST > 7800.39:
:...MV_MOD_INT > 2: 1 (9.9)
    MV_MOD_INT <= 2:
    :...RATIO_2Nx2N-MSM > 1.0861: 0 (9.2/0.7)
        RATIO_2Nx2N-MSM <= 1.0861:
        :...COLOC_SPLIT = 0: 1 (0)
            COLOC_SPLIT = 1: 1 (11.4)
            COLOC_SPLIT = 2:
            :...AVG_NEIGH_DEPTH <= 1.49352: 1 (11.1)
                AVG_NEIGH_DEPTH > 1.49352:
                :...NON-Z-COEFF > 4: 1 (30.6/6)
                    NON-Z-COEFF <= 4:
                    :...RATIO_2Nx2N-MSM <= 1.02209: 0 (30.4/6.2)
                        RATIO_2Nx2N-MSM > 1.02209: 1 (8.2)


Evaluation on training data (228 cases):

Trial	       Decision Tree       
-----	  -----------------------  
	  Size      Errors   Cost  

   0	     8   15( 6.6%)   0.07
   1	     8   36(15.8%)   0.16
   2	    20   30(13.2%)   0.13
   3	    13   19( 8.3%)   0.08
   4	    14   38(16.7%)   0.17
   5	    16   26(11.4%)   0.11
   6	     7   42(18.4%)   0.18
   7	    16   28(12.3%)   0.12
   8	    16   17( 7.5%)   0.07
   9	    15   30(13.2%)   0.13
boost	          1( 0.4%)   0.00   <<


	   (a)   (b)    <-classified as
	  ----  ----
	    95          (a): class 0
	     1   132    (b): class 1


	Attribute usage:

	    100%  BITS
	    100%  BEST_COST
	    100%  COST_MSM
	    100%  MV_MOD_INT
	    100%  MVP_IDX
	     87%  RATIO_2Nx2N-MSM
	     75%  AVG_NEIGH_DEPTH
	     74%  RATIO_BEST_2Nx2N
	     74%  NON-Z-COEFF
	     68%  MVD_MOD_FRAC
	     65%  RATIO_BEST-MSM
	     63%  SAD
	     53%  PU_SIZE
	     50%  MVD_MOD_INT
	     43%  dQP
	     43%  FME
	     42%  COLOC_SPLIT
	     42%  DISTORTION
	     36%  MV_MOD_FRAC
	     28%  TU_DEPTH
	     16%  REF_IDX
	     15%  PRED_MODE
	      7%  COST_2Nx2N


Time: 0.0 secs
