
C5.0 [Release 2.07 GPL Edition]  	Wed Feb 15 22:43:49 2017
-------------------------------

    Options:
	Boosted classifiers
	Application `train_d2_qp22'

Read 532 cases (28 attributes) from train_d2_qp22.data

-----  Trial 0:  -----

Decision tree:

BITS > 124: 1 (124/13)
BITS <= 124:
:...BITS <= 9:
    :...DISTORTION <= 2949: 0 (196/14)
    :   DISTORTION > 2949: 1 (17/7)
    BITS > 9:
    :...PU_SIZE = 4:
        :...PREDMV_MOD_INT <= 1.41421: 0 (8)
        :   PREDMV_MOD_INT > 1.41421: 1 (3)
        PU_SIZE = 5:
        :...BITS <= 19: 1 (2)
        :   BITS > 19: 0 (9/1)
        PU_SIZE = 2:
        :...MVD_MOD_FRAC in {0.5,0.707107,0.901388,1.06066}: 1 (0)
        :   MVD_MOD_FRAC in {0,0.790569}: 1 (27/9)
        :   MVD_MOD_FRAC in {0.353553,0.559017,0.75}: 0 (4)
        :   MVD_MOD_FRAC = 0.25:
        :   :...BITS <= 71: 0 (2)
        :       BITS > 71: 1 (2)
        PU_SIZE = 7:
        :...MVP_IDX = 0: 1 (7/2)
        :   MVP_IDX = 1: 0 (5/1)
        :   MVP_IDX = -1:
        :   :...BITS <= 16: 1 (3/1)
        :       BITS > 16: 0 (7)
        PU_SIZE = 0:
        :...TU_DEPTH = 0:
        :   :...RATIO_BEST_2Nx2N <= 1.0202: 0 (38/3)
        :   :   RATIO_BEST_2Nx2N > 1.0202: 1 (2)
        :   TU_DEPTH = 1:
        :   :...PREDMV_MOD_FRAC in {0.353553,0.75,0.790569,
        :   :   :                   1.06066}: 1 (0)
        :   :   PREDMV_MOD_FRAC in {0,0.25,0.901388}: 1 (8/1)
        :   :   PREDMV_MOD_FRAC in {0.5,0.559017,0.707107}: 0 (3)
        :   TU_DEPTH = 2:
        :   :...NON-Z-COEFF > 17: 0 (2)
        :       NON-Z-COEFF <= 17:
        :       :...NON-Z-COEFF <= 1: 0 (3/1)
        :           NON-Z-COEFF > 1: 1 (2)
        PU_SIZE = 1:
        :...dQP = 2: 1 (0)
        :   dQP = 1: 0 (1)
        :   dQP = 3: 1 (12)
        :   dQP = 4:
        :   :...MVD_MOD_INT <= 0: 1 (12)
        :       MVD_MOD_INT > 0:
        :       :...RATIO_2Nx2N-MSM <= 0.846699: 1 (2)
        :           RATIO_2Nx2N-MSM > 0.846699: 0 (3)
        PU_SIZE = 6:
        :...DISTORTION <= 1670: 1 (8)
            DISTORTION > 1670:
            :...RATIO_BEST-MSM <= 0.869156: 0 (10)
                RATIO_BEST-MSM > 0.869156:
                :...COLOC_SPLIT = 0: 1 (0)
                    COLOC_SPLIT = 1: 1 (5)
                    COLOC_SPLIT = 2:
                    :...DISTORTION <= 4029: 1 (2)
                        DISTORTION > 4029: 0 (3)

-----  Trial 1:  -----

Decision tree:

BITS > 193:
:...BEST_COST <= 10899.2: 1 (62.2)
:   BEST_COST > 10899.2: 0 (14.5/5.4)
BITS <= 193:
:...COST_MSM <= 1073.9: 0 (56.7/3.8)
    COST_MSM > 1073.9:
    :...PU_SIZE = 4: 0 (11.6/2.3)
        PU_SIZE = 5: 0 (18.4/6.1)
        PU_SIZE = 1:
        :...BITS <= 165: 1 (25.7/3.1)
        :   BITS > 165: 0 (3)
        PU_SIZE = 6:
        :...dQP = 2: 0 (0)
        :   dQP = 1: 1 (1.6)
        :   dQP = 3: 1 (5.4/0.8)
        :   dQP = 4: 0 (17.8/5.4)
        PU_SIZE = 2:
        :...COST_2Nx2N <= 3632.95: 1 (4.7)
        :   COST_2Nx2N > 3632.95:
        :   :...TU_DEPTH = 0: 0 (38/7)
        :       TU_DEPTH = 1: 1 (7.7/3.8)
        :       TU_DEPTH = 2: 1 (2.3)
        PU_SIZE = 7:
        :...NON-Z-COEFF > 5: 1 (4.6)
        :   NON-Z-COEFF <= 5:
        :   :...AVG_NEIGH_DEPTH <= 1.74781: 0 (15.2/0.8)
        :       AVG_NEIGH_DEPTH > 1.74781: 1 (8.6/3.1)
        PU_SIZE = 0:
        :...AVG_NEIGH_DEPTH > 2.34637:
            :...FME = 1: 1 (0)
            :   FME = 0: 1 (18.3/2.3)
            :   FME = 2: 0 (4.7/0.8)
            AVG_NEIGH_DEPTH <= 2.34637:
            :...INTER_DIR = 0: 0 (9.1/2.3)
                INTER_DIR = 1: 0 (12.2/3.8)
                INTER_DIR = 2: 1 (5.3/0.8)
                INTER_DIR = 3:
                :...TU_DEPTH = 1: 0 (14.6/6.2)
                    TU_DEPTH = 2: 1 (6.9/2.3)
                    TU_DEPTH = 0:
                    :...MV_MOD_FRAC = 0: 0 (61/9.8)
                        MV_MOD_FRAC = 0.353553: 0 (5.3)
                        MV_MOD_FRAC = 0.5: 0 (12.3/0.8)
                        MV_MOD_FRAC = 0.559017: 0 (7.8/0.8)
                        MV_MOD_FRAC = 0.707107: 1 (3.8)
                        MV_MOD_FRAC = 0.75: 0 (10.8/0.8)
                        MV_MOD_FRAC = 0.901388: 0 (10/0.8)
                        MV_MOD_FRAC = 1.06066: 1 (3.8/0.8)
                        MV_MOD_FRAC = 0.25:
                        :...AVG_NEIGH_DEPTH <= 1.57216: 1 (13.7/3.1)
                        :   AVG_NEIGH_DEPTH > 1.57216: 0 (12.3/0.8)
                        MV_MOD_FRAC = 0.790569:
                        :...MVD_MOD_INT <= 0: 0 (19.2/4.6)
                            MVD_MOD_INT > 0: 1 (3)

-----  Trial 2:  -----

Decision tree:

BITS > 193:
:...BEST_COST <= 10899.2: 1 (49.5)
:   BEST_COST > 10899.2:
:   :...BEST_COST <= 13814.2: 0 (9.1/1.9)
:       BEST_COST > 13814.2: 1 (11.3)
BITS <= 193:
:...RATIO_2Nx2N-MSM > 1.23057:
    :...SSE <= 1863: 0 (51.3)
    :   SSE > 1863:
    :   :...SSE <= 1994: 1 (8.4)
    :       SSE > 1994: 0 (14.1/3.1)
    RATIO_2Nx2N-MSM <= 1.23057:
    :...MVD_MOD_FRAC = 1.06066: 0 (0)
        MVD_MOD_FRAC = 0.353553: 0 (12.9/1.9)
        MVD_MOD_FRAC = 0.5: 0 (7.4/1.2)
        MVD_MOD_FRAC = 0.559017: 0 (6.8/3.1)
        MVD_MOD_FRAC = 0.707107: 0 (2.4)
        MVD_MOD_FRAC = 0.75: 0 (6.8/3)
        MVD_MOD_FRAC = 0.790569: 0 (4.3/0.6)
        MVD_MOD_FRAC = 0.901388: 0 (1.9)
        MVD_MOD_FRAC = 0.25:
        :...NON-Z-COEFF > 10: 0 (7.5)
        :   NON-Z-COEFF <= 10:
        :   :...SSE <= 2463: 0 (11.7/1.2)
        :       SSE > 2463: 1 (18.4/3.7)
        MVD_MOD_FRAC = 0:
        :...TU_DEPTH = 2:
            :...NON-Z-COEFF <= 6: 0 (15.9/6.1)
            :   NON-Z-COEFF > 6: 1 (6)
            TU_DEPTH = 1:
            :...MVP_IDX = 0: 1 (2.5)
            :   MVP_IDX = 1: 0 (2.4)
            :   MVP_IDX = -1:
            :   :...BITS > 77: 1 (21.9)
            :       BITS <= 77:
            :       :...SAD <= 502: 0 (6.5)
            :           SAD > 502: 1 (16.9/6.2)
            TU_DEPTH = 0:
            :...PU_SIZE = 1: 1 (12.9/4.3)
                PU_SIZE = 4: 1 (6.9/3.1)
                PU_SIZE = 5: 1 (6.9/1.2)
                PU_SIZE = 6: 1 (14.3/5)
                PU_SIZE = 7: 0 (7.4/1.2)
                PU_SIZE = 2:
                :...BITS <= 20: 1 (16.8/2.4)
                :   BITS > 20: 0 (18.8/4.4)
                PU_SIZE = 0:
                :...INTER_DIR = 0: 1 (6.1/3)
                    INTER_DIR = 2: 0 (6.8/3)
                    INTER_DIR = 1:
                    :...RATIO_2Nx2N-MSM <= 1.07505: 1 (22.9/5.6)
                    :   RATIO_2Nx2N-MSM > 1.07505: 0 (5.6)
                    INTER_DIR = 3:
                    :...DISTORTION <= 1186: 0 (29.1)
                        DISTORTION > 1186:
                        :...COST_2Nx2N <= 1363.99: 1 (11.2/0.6)
                            COST_2Nx2N > 1363.99:
                            :...COLOC_SPLIT = 0: 0 (19.3/1.9)
                                COLOC_SPLIT = 1:
                                :...MV_MOD_INT <= 1.41421: 1 (18.5/8.6)
                                :   MV_MOD_INT > 1.41421: 0 (5.5)
                                COLOC_SPLIT = 2:
                                :...dQP in {1,2}: 1 (0)
                                    dQP = 3: 1 (4.1)
                                    dQP = 4: 0 (23.2/9.3)

-----  Trial 3:  -----

Decision tree:

BITS > 193: 1 (57.2/5.7)
BITS <= 193:
:...BITS <= 2:
    :...AVG_NEIGH_DEPTH > 1.58929: 0 (32.8)
    :   AVG_NEIGH_DEPTH <= 1.58929:
    :   :...dQP = 2: 0 (0)
    :       dQP = 1: 1 (12/3.5)
    :       dQP = 3: 0 (4.9)
    :       dQP = 4: 0 (27.3/6.4)
    BITS > 2:
    :...TU_DEPTH = 1:
        :...PU_SIZE = 1: 1 (9.6)
        :   PU_SIZE = 2: 0 (7.3/2.5)
        :   PU_SIZE = 4: 0 (5.2)
        :   PU_SIZE = 5: 0 (3.7/1.5)
        :   PU_SIZE = 6: 1 (9.9/3.8)
        :   PU_SIZE = 7: 0 (12/5)
        :   PU_SIZE = 0:
        :   :...MVP_IDX = 1: 1 (0)
        :       MVP_IDX = -1: 1 (22.7/4.1)
        :       MVP_IDX = 0: 0 (4.3)
        TU_DEPTH = 2:
        :...RATIO_BEST_2Nx2N <= 0.738561: 1 (7.1)
        :   RATIO_BEST_2Nx2N > 0.738561:
        :   :...BEST_COST > 10062.4: 0 (8.7)
        :       BEST_COST <= 10062.4:
        :       :...AVG_NEIGH_DEPTH <= 1.77144: 1 (11.5)
        :           AVG_NEIGH_DEPTH > 1.77144: 0 (13.6/4.8)
        TU_DEPTH = 0:
        :...MVD_MOD_FRAC in {0.707107,1.06066}: 0 (0)
            MVD_MOD_FRAC = 0.353553: 0 (6.6/1.7)
            MVD_MOD_FRAC = 0.5: 0 (4.9)
            MVD_MOD_FRAC = 0.559017: 1 (6.5/2)
            MVD_MOD_FRAC = 0.75: 1 (8.1/3)
            MVD_MOD_FRAC = 0.790569: 0 (1)
            MVD_MOD_FRAC = 0.901388: 0 (1.5)
            MVD_MOD_FRAC = 0.25:
            :...FME = 0: 0 (1.7)
            :   FME = 1: 1 (4.1/0.5)
            :   FME = 2: 0 (13.7/3.9)
            MVD_MOD_FRAC = 0:
            :...AVG_NEIGH_DEPTH <= 1.52333: 0 (27/3)
                AVG_NEIGH_DEPTH > 1.52333:
                :...CTX_SPLIT = 6: 1 (2.9/1)
                    CTX_SPLIT = 1:
                    :...dQP = 2: 0 (0)
                    :   dQP = 1: 1 (2.9/0.5)
                    :   dQP = 3: 1 (7.2/2.6)
                    :   dQP = 4: 0 (29.7/3.2)
                    CTX_SPLIT = 4:
                    :...NON-Z-COEFF <= 7: 1 (21.8/4.1)
                    :   NON-Z-COEFF > 7: 0 (3.6)
                    CTX_SPLIT = 0:
                    :...REF_IDX = -1: 0 (1.5)
                    :   REF_IDX = 1: 0 (2.5)
                    :   REF_IDX = 0:
                    :   :...RATIO_2Nx2N-MSM <= 1.12833: 1 (12.8/3)
                    :       RATIO_2Nx2N-MSM > 1.12833: 0 (5.9)
                    CTX_SPLIT = 2:
                    :...SSE > 3377: 1 (11.2)
                    :   SSE <= 3377:
                    :   :...REF_IDX = -1: 1 (3.9)
                    :       REF_IDX = 0: 0 (21.8/4.9)
                    :       REF_IDX = 1: 0 (1.5)
                    CTX_SPLIT = 3:
                    :...RATIO_BEST-MSM <= 0.481323: 1 (4.4)
                    :   RATIO_BEST-MSM > 0.481323:
                    :   :...SSE > 3900: 0 (9.9)
                    :       SSE <= 3900:
                    :       :...COST_MSM <= 1994.69: 0 (16.9/2.4)
                    :           COST_MSM > 1994.69: 1 (11.8/2.6)
                    CTX_SPLIT = 5:
                    :...RATIO_BEST_2Nx2N <= 0.753539: 0 (5.3)
                        RATIO_BEST_2Nx2N > 0.753539:
                        :...MV_MOD_INT > 7.07107: 0 (2.9)
                            MV_MOD_INT <= 7.07107:
                            :...COST_MSM > 5847.35: 0 (3.8)
                                COST_MSM <= 5847.35:
                                :...AVG_NEIGH_DEPTH <= 2.38083: 1 (19.3)
                                    AVG_NEIGH_DEPTH > 2.38083: 0 (3.4/0.5)

-----  Trial 4:  -----

Decision tree:

BITS > 65:
:...COST_MSM > 14144:
:   :...COST_MSM > 17643.1: 1 (12.3/3)
:   :   COST_MSM <= 17643.1:
:   :   :...BEST_COST <= 11078: 1 (2.1/0.4)
:   :       BEST_COST > 11078: 0 (19.3/0.4)
:   COST_MSM <= 14144:
:   :...BITS > 193: 1 (33.6)
:       BITS <= 193:
:       :...PU_SIZE = 1: 1 (7.7)
:           PU_SIZE = 2: 1 (12/1.5)
:           PU_SIZE = 4: 0 (4.1)
:           PU_SIZE = 5: 1 (8.4/1.9)
:           PU_SIZE = 6: 1 (5)
:           PU_SIZE = 7:
:           :...RATIO_BEST_2Nx2N <= 0.833539: 0 (5.5/1.3)
:           :   RATIO_BEST_2Nx2N > 0.833539: 1 (14)
:           PU_SIZE = 0:
:           :...MVP_IDX = 0: 0 (4.6)
:               MVP_IDX = 1: 1 (3.4/0.4)
:               MVP_IDX = -1:
:               :...TU_DEPTH = 0: 0 (11.1/3.3)
:                   TU_DEPTH = 1: 1 (11.2)
:                   TU_DEPTH = 2: 0 (6.9/3)
BITS <= 65:
:...COST_2Nx2N <= 4101.16:
    :...RATIO_2Nx2N-MSM > 1.28171: 0 (32.1)
    :   RATIO_2Nx2N-MSM <= 1.28171:
    :   :...PU_SIZE = 1: 1 (11.9/3.5)
    :       PU_SIZE = 2: 0 (14.8/5.9)
    :       PU_SIZE = 4: 0 (11.2/2.7)
    :       PU_SIZE = 5: 0 (2.9/1.2)
    :       PU_SIZE = 6: 0 (13.1/6.5)
    :       PU_SIZE = 7: 0 (7.7/1.3)
    :       PU_SIZE = 0:
    :       :...MV_MOD_INT > 1.41421: 0 (16.6)
    :           MV_MOD_INT <= 1.41421:
    :           :...CTX_SPLIT = 6: 0 (0)
    :               CTX_SPLIT = 3: 0 (18.4/5.6)
    :               CTX_SPLIT = 4: 1 (8.9/3.6)
    :               CTX_SPLIT = 5: 1 (7.8/2.7)
    :               CTX_SPLIT = 1:
    :               :...COST_MSM <= 1731.89: 1 (11.3/4.4)
    :               :   COST_MSM > 1731.89: 0 (16.4)
    :               CTX_SPLIT = 2:
    :               :...AVG_NEIGH_DEPTH <= 2.1149: 0 (14.6/4.5)
    :               :   AVG_NEIGH_DEPTH > 2.1149: 1 (8.6)
    :               CTX_SPLIT = 0:
    :               :...BEST_COST <= 1189.61: 0 (23.8)
    :                   BEST_COST > 1189.61:
    :                   :...COST_2Nx2N <= 1385.99: 1 (8.3/0.4)
    :                       COST_2Nx2N > 1385.99: 0 (15.4/1.2)
    COST_2Nx2N > 4101.16:
    :...TU_DEPTH = 1: 0 (18.1/5.6)
        TU_DEPTH = 2: 1 (5.6/0.4)
        TU_DEPTH = 0:
        :...FME = 0: 0 (15.9/1.6)
            FME = 1: 1 (17.1/7.4)
            FME = 2:
            :...MV_MOD_INT > 1: 1 (30.9/2.3)
                MV_MOD_INT <= 1:
                :...PREDMV_MOD_INT > 1: 0 (4.4)
                    PREDMV_MOD_INT <= 1:
                    :...NON-Z-COEFF <= 1: 0 (3.6)
                        NON-Z-COEFF > 1:
                        :...NON-Z-COEFF <= 3: 1 (10.8/0.4)
                            NON-Z-COEFF > 3:
                            :...MV_MOD_INT <= 0: 0 (4.8)
                                MV_MOD_INT > 0: 1 (15.7/6.8)

-----  Trial 5:  -----

Decision tree:

RATIO_BEST-MSM > 1.00922:
:...BEST_COST <= 3196.82: 0 (67.7/5.4)
:   BEST_COST > 3196.82: 1 (6.2)
RATIO_BEST-MSM <= 1.00922:
:...INTER_DIR = 0: 1 (25.6/4.4)
    INTER_DIR = 2: 1 (11.7/4.1)
    INTER_DIR = 1:
    :...NON-Z-COEFF > 22: 0 (2.5)
    :   NON-Z-COEFF <= 22:
    :   :...RATIO_2Nx2N-MSM <= 0.846699: 0 (9.3/1.9)
    :       RATIO_2Nx2N-MSM > 0.846699: 1 (33.9/4.7)
    INTER_DIR = 3:
    :...COST_MSM <= 1160.61: 0 (22.1)
        COST_MSM > 1160.61:
        :...RATIO_BEST_2Nx2N > 0.997403:
            :...RATIO_2Nx2N-MSM <= 0.98638: 0 (34.8/4.2)
            :   RATIO_2Nx2N-MSM > 0.98638: 1 (5/0.3)
            RATIO_BEST_2Nx2N <= 0.997403:
            :...DISTORTION > 4978:
                :...RATIO_BEST_2Nx2N <= 0.668094: 1 (4.6)
                :   RATIO_BEST_2Nx2N > 0.668094:
                :   :...NON-Z-COEFF <= 5: 0 (50.2/8.5)
                :       NON-Z-COEFF > 5:
                :       :...SSE <= 6994: 1 (12.5/2.5)
                :           SSE > 6994: 0 (6.8)
                DISTORTION <= 4978:
                :...BITS > 113:
                    :...REF_IDX = -1: 1 (0)
                    :   REF_IDX = 0: 1 (26.3)
                    :   REF_IDX = 1: 0 (4.3/1.6)
                    BITS <= 113:
                    :...COLOC_SPLIT = 2:
                        :...MVD_MOD_FRAC in {0.707107,1.06066}: 1 (0)
                        :   MVD_MOD_FRAC = 0.25: 0 (8.8/2.7)
                        :   MVD_MOD_FRAC = 0.353553: 1 (6.2/2.9)
                        :   MVD_MOD_FRAC = 0.5: 1 (5.1)
                        :   MVD_MOD_FRAC = 0.559017: 1 (3.9)
                        :   MVD_MOD_FRAC = 0.75: 0 (2.2)
                        :   MVD_MOD_FRAC = 0.790569: 1 (1)
                        :   MVD_MOD_FRAC = 0.901388: 1 (2/0.9)
                        :   MVD_MOD_FRAC = 0:
                        :   :...COST_MSM <= 6946.85: 1 (51.1/9.9)
                        :       COST_MSM > 6946.85: 0 (5.5)
                        COLOC_SPLIT = 0:
                        :...MVP_IDX = 1: 1 (0)
                        :   MVP_IDX = 0: 1 (2.3)
                        :   MVP_IDX = -1:
                        :   :...BITS > 52: 0 (4.4)
                        :       BITS <= 52:
                        :       :...dQP = 2: 1 (0)
                        :           dQP = 1: 1 (15.6/3.7)
                        :           dQP = 3: 0 (2)
                        :           dQP = 4: 0 (6.5/2.2)
                        COLOC_SPLIT = 1:
                        :...BITS <= 4: 0 (11)
                            BITS > 4:
                            :...MVD_MOD_FRAC in {0.353553,0.707107,0.790569,
                                :                0.901388,
                                :                1.06066}: 1 (0)
                                MVD_MOD_FRAC = 0.25: 1 (5.9/0.3)
                                MVD_MOD_FRAC = 0.5: 0 (1.6)
                                MVD_MOD_FRAC = 0.559017: 0 (1.4)
                                MVD_MOD_FRAC = 0.75: 1 (1)
                                MVD_MOD_FRAC = 0:
                                :...RATIO_BEST-MSM <= 0.678634: 1 (12/0.9)
                                    RATIO_BEST-MSM > 0.678634:
                                    :...SAD > 828: 1 (5.5)
                                        SAD <= 828:
                                        :...BITS <= 20:
                                            :...SAD <= 752: 1 (24.7/6)
                                            :   SAD > 752: 0 (2.2)
                                            BITS > 20:
                                            :...BITS <= 77: 0 (24.2/0.9)
                                                BITS > 77: 1 (2.3)

-----  Trial 6:  -----

Decision tree:

TU_DEPTH = 1: 1 (84/27.7)
TU_DEPTH = 2:
:...AVG_NEIGH_DEPTH <= 1.07948: 0 (6)
:   AVG_NEIGH_DEPTH > 1.07948:
:   :...BITS > 194: 1 (34)
:       BITS <= 194:
:       :...RATIO_BEST_2Nx2N <= 0.738561: 1 (5.9)
:           RATIO_BEST_2Nx2N > 0.738561:
:           :...COST_MSM > 12524.6: 0 (4.9)
:               COST_MSM <= 12524.6:
:               :...RATIO_BEST-MSM <= 0.542556: 0 (2.5)
:                   RATIO_BEST-MSM > 0.542556: 1 (20.2/6.4)
TU_DEPTH = 0:
:...MVD_MOD_FRAC in {0.707107,1.06066}: 0 (0)
    MVD_MOD_FRAC = 0.353553: 0 (14.4/1.8)
    MVD_MOD_FRAC = 0.5: 0 (5.9/0.2)
    MVD_MOD_FRAC = 0.559017: 0 (6.6/2.3)
    MVD_MOD_FRAC = 0.75: 0 (7.4/2.5)
    MVD_MOD_FRAC = 0.790569: 0 (2.6)
    MVD_MOD_FRAC = 0.901388: 0 (2.3)
    MVD_MOD_FRAC = 0.25:
    :...NON-Z-COEFF > 10: 0 (2.7)
    :   NON-Z-COEFF <= 10:
    :   :...COLOC_SPLIT = 0: 0 (2)
    :       COLOC_SPLIT = 1: 1 (12.3/2.1)
    :       COLOC_SPLIT = 2: 0 (7/3.4)
    MVD_MOD_FRAC = 0:
    :...PU_SIZE = 1: 1 (13.7/4.5)
        PU_SIZE = 4: 0 (9.3/1.5)
        PU_SIZE = 5: 0 (8.2/3.4)
        PU_SIZE = 7: 0 (11.4/3.8)
        PU_SIZE = 2:
        :...FME = 0: 0 (13.1/3.2)
        :   FME = 1: 1 (8.9/3.1)
        :   FME = 2: 1 (17/1.9)
        PU_SIZE = 6:
        :...DISTORTION <= 1624: 1 (10.6)
        :   DISTORTION > 1624: 0 (15.9/2.5)
        PU_SIZE = 0:
        :...PRED_MODE = 1: 0 (5.9/1.6)
            PRED_MODE = 2: 0 (9.9)
            PRED_MODE = 3: 1 (12.4/5.9)
            PRED_MODE = 0:
            :...SAD <= 390: 0 (51.2/3.5)
                SAD > 390:
                :...REF_IDX = -1: 1 (1.7)
                    REF_IDX = 1: 0 (7)
                    REF_IDX = 0:
                    :...MV_MOD_FRAC = 0.707107: 0 (0)
                        MV_MOD_FRAC = 0.25: 1 (17.7/6.3)
                        MV_MOD_FRAC = 0.353553: 0 (2.2)
                        MV_MOD_FRAC = 0.5: 0 (5.8/0.7)
                        MV_MOD_FRAC = 0.559017: 0 (6.4/1.4)
                        MV_MOD_FRAC = 0.75: 0 (7.8/0.7)
                        MV_MOD_FRAC = 0.901388: 0 (7.6/1.4)
                        MV_MOD_FRAC = 1.06066: 1 (3.3/0.7)
                        MV_MOD_FRAC = 0:
                        :...BEST_COST <= 1141.84: 1 (6.8)
                        :   BEST_COST > 1141.84: 0 (37.3/8.8)
                        MV_MOD_FRAC = 0.790569:
                        :...SAD <= 762: 0 (15.3/4.5)
                            SAD > 762: 1 (5)

-----  Trial 7:  -----

Decision tree:

BITS > 193: 1 (49.2/8.9)
BITS <= 193:
:...PU_SIZE = 4: 0 (18.6/5.9)
    PU_SIZE = 1:
    :...RATIO_BEST-MSM > 0.949012: 0 (6.8/0.4)
    :   RATIO_BEST-MSM <= 0.949012:
    :   :...RATIO_BEST_2Nx2N <= 0.985533: 1 (26/1.4)
    :       RATIO_BEST_2Nx2N > 0.985533: 0 (2.7)
    PU_SIZE = 5:
    :...BITS <= 19: 1 (4.6)
    :   BITS > 19:
    :   :...COLOC_SPLIT = 0: 0 (3.1)
    :       COLOC_SPLIT = 1: 1 (6.8/2.4)
    :       COLOC_SPLIT = 2: 0 (13.6)
    PU_SIZE = 7:
    :...SSE > 5509: 0 (9.4)
    :   SSE <= 5509:
    :   :...DISTORTION <= 2645: 0 (14.5/4.4)
    :       DISTORTION > 2645: 1 (15.1)
    PU_SIZE = 6:
    :...COST_MSM <= 2672.9: 1 (10.8)
    :   COST_MSM > 2672.9:
    :   :...RATIO_BEST-MSM > 0.981715: 1 (3.9)
    :       RATIO_BEST-MSM <= 0.981715:
    :       :...PREDMV_MOD_INT > 3.16228: 1 (2.4)
    :           PREDMV_MOD_INT <= 3.16228:
    :           :...DISTORTION <= 1566: 1 (2.2)
    :               DISTORTION > 1566: 0 (24.9/0.6)
    PU_SIZE = 2:
    :...COST_2Nx2N <= 3632.95: 1 (9.7)
    :   COST_2Nx2N > 3632.95:
    :   :...COST_MSM <= 4290.62: 0 (11.9)
    :       COST_MSM > 4290.62:
    :       :...REF_IDX = -1: 1 (0)
    :           REF_IDX = 1: 0 (2.6)
    :           REF_IDX = 0:
    :           :...AVG_NEIGH_DEPTH > 1.80607: 1 (13.5)
    :               AVG_NEIGH_DEPTH <= 1.80607:
    :               :...DISTORTION <= 7082: 0 (16/2.6)
    :                   DISTORTION > 7082: 1 (3.4)
    PU_SIZE = 0:
    :...MVD_MOD_FRAC in {0.901388,1.06066}: 0 (0)
        MVD_MOD_FRAC = 0.25: 0 (20.4/6.7)
        MVD_MOD_FRAC = 0.353553: 0 (2.6)
        MVD_MOD_FRAC = 0.5: 0 (1.2)
        MVD_MOD_FRAC = 0.559017: 0 (1.7)
        MVD_MOD_FRAC = 0.707107: 0 (1.9)
        MVD_MOD_FRAC = 0.75: 1 (4.4/1.7)
        MVD_MOD_FRAC = 0.790569: 0 (2.1)
        MVD_MOD_FRAC = 0:
        :...MV_MOD_INT > 1.41421:
            :...RATIO_2Nx2N-MSM <= 1.04019: 1 (3)
            :   RATIO_2Nx2N-MSM > 1.04019: 0 (26.9/1.2)
            MV_MOD_INT <= 1.41421:
            :...TU_DEPTH = 1: 1 (14.5/5.7)
                TU_DEPTH = 2: 1 (9.3/3.8)
                TU_DEPTH = 0:
                :...PRED_MODE = 1: 0 (7/3.5)
                    PRED_MODE = 2: 0 (4.8)
                    PRED_MODE = 3: 0 (12.3/4.5)
                    PRED_MODE = 0:
                    :...NON-Z-COEFF > 8: 0 (8.7)
                        NON-Z-COEFF <= 8:
                        :...SSE <= 933:
                            :...COST_2Nx2N <= 862.422: 1 (4/1.5)
                            :   COST_2Nx2N > 862.422: 0 (26)
                            SSE > 933:
                            :...MV_MOD_FRAC = 0.707107: 0 (0)
                                MV_MOD_FRAC = 0.353553: 0 (1.8)
                                MV_MOD_FRAC = 0.5: 0 (5.4/1.7)
                                MV_MOD_FRAC = 0.559017: 0 (5.2/2.4)
                                MV_MOD_FRAC = 0.75: 0 (7.2/1.7)
                                MV_MOD_FRAC = 0.790569: 1 (13.1/3.6)
                                MV_MOD_FRAC = 0.901388: 0 (0.2)
                                MV_MOD_FRAC = 1.06066: 1 (2.1)
                                MV_MOD_FRAC = 0.25:
                                :...SSE > 2110: 1 (5.7)
                                :   SSE <= 2110:
                                :   :...RATIO_BEST-MSM <= 1.01445: 0 (20.8/2.7)
                                :       RATIO_BEST-MSM > 1.01445: 1 (2.8)
                                MV_MOD_FRAC = 0:
                                :...RATIO_BEST_2Nx2N <= 0.893499: 0 (8.6)
                                    RATIO_BEST_2Nx2N > 0.893499:
                                    :...SSE > 1696: 0 (2.5)
                                        SSE <= 1696:
                                        :...BITS <= 1: 0 (3.9)
                                            BITS > 1: 1 (30.2/7.8)

-----  Trial 8:  -----

Decision tree:

BITS <= 6:
:...BEST_COST > 3196.82:
:   :...RATIO_BEST-MSM <= 1.00778: 0 (17.7/7.5)
:   :   RATIO_BEST-MSM > 1.00778: 1 (13.7)
:   BEST_COST <= 3196.82:
:   :...COLOC_SPLIT = 0: 0 (80.4/14.5)
:       COLOC_SPLIT = 1: 0 (39.6/4.6)
:       COLOC_SPLIT = 2:
:       :...dQP in {1,2}: 0 (0)
:           dQP = 3: 1 (2)
:           dQP = 4:
:           :...AVG_NEIGH_DEPTH <= 1.48118: 1 (4.3)
:               AVG_NEIGH_DEPTH > 1.48118: 0 (18.6/5.2)
BITS > 6:
:...CTX_SPLIT = 6: 0 (13.6/4.5)
    CTX_SPLIT = 0:
    :...RATIO_BEST-MSM <= 0.971782: 1 (8.8/1.3)
    :   RATIO_BEST-MSM > 0.971782: 0 (17.5/2.5)
    CTX_SPLIT = 3:
    :...PU_SIZE = 0: 0 (20.7/2.4)
    :   PU_SIZE = 1: 1 (7.3/2.1)
    :   PU_SIZE = 2: 1 (8.1/1.9)
    :   PU_SIZE = 4: 1 (0.3)
    :   PU_SIZE = 5: 0 (4.6/0.2)
    :   PU_SIZE = 6: 1 (10.2/4.5)
    :   PU_SIZE = 7: 1 (6.8/3.2)
    CTX_SPLIT = 1:
    :...dQP = 2: 0 (0)
    :   dQP = 1: 1 (2.7)
    :   dQP = 3:
    :   :...BITS <= 48: 1 (14.5/1.3)
    :   :   BITS > 48: 0 (5.9/0.3)
    :   dQP = 4:
    :   :...RATIO_BEST-MSM <= 0.978466: 0 (26.9/4.7)
    :       RATIO_BEST-MSM > 0.978466: 1 (3.6)
    CTX_SPLIT = 5:
    :...COST_MSM > 12524.6: 0 (7.2/0.5)
    :   COST_MSM <= 12524.6:
    :   :...RATIO_BEST_2Nx2N <= 0.721941: 0 (7/2.1)
    :       RATIO_BEST_2Nx2N > 0.721941: 1 (55.2/7.4)
    CTX_SPLIT = 2:
    :...RATIO_BEST_2Nx2N <= 0.741763: 1 (14.3/0.5)
    :   RATIO_BEST_2Nx2N > 0.741763:
    :   :...REF_IDX = -1: 0 (3.2/0.2)
    :       REF_IDX = 1: 0 (2.5)
    :       REF_IDX = 0:
    :       :...BITS > 136: 1 (5.4)
    :           BITS <= 136:
    :           :...BITS <= 16: 1 (10.3/1.5)
    :               BITS > 16: 0 (34.5/7.4)
    CTX_SPLIT = 4:
    :...COST_2Nx2N > 11959.4: 0 (7.5/0.5)
        COST_2Nx2N <= 11959.4:
        :...NON-Z-COEFF > 5: 1 (18.6/0.5)
            NON-Z-COEFF <= 5:
            :...BITS <= 19: 1 (8)
                BITS > 19:
                :...dQP = 2: 0 (0)
                    dQP = 1: 1 (5/1.5)
                    dQP = 3: 1 (9.5/1.4)
                    dQP = 4: 0 (15.8/1.5)

-----  Trial 9:  -----

Decision tree:

TU_DEPTH = 1:
:...BITS > 379: 0 (8/0.8)
:   BITS <= 379:
:   :...PU_SIZE = 1: 1 (12.5)
:       PU_SIZE = 2: 1 (11.5/2.7)
:       PU_SIZE = 4: 0 (7.1/2.2)
:       PU_SIZE = 5: 0 (4.5/1)
:       PU_SIZE = 6: 1 (11/4.8)
:       PU_SIZE = 7: 1 (11.9/4.6)
:       PU_SIZE = 0:
:       :...MVP_IDX = 1: 0 (0)
:           MVP_IDX = 0: 0 (4.6)
:           MVP_IDX = -1:
:           :...AVG_NEIGH_DEPTH <= 1.52333: 0 (7.1)
:               AVG_NEIGH_DEPTH > 1.52333: 1 (16.7/1.3)
TU_DEPTH = 2:
:...AVG_NEIGH_DEPTH <= 1.07948: 0 (4.9)
:   AVG_NEIGH_DEPTH > 1.07948:
:   :...BITS > 194: 1 (28.9)
:       BITS <= 194:
:       :...RATIO_BEST_2Nx2N <= 0.738561: 1 (4.5)
:           RATIO_BEST_2Nx2N > 0.738561:
:           :...BITS <= 52: 1 (5.8)
:               BITS > 52:
:               :...SAD <= 519: 1 (2.9)
:                   SAD > 519: 0 (21.6/5.5)
TU_DEPTH = 0:
:...MVD_MOD_FRAC in {0.707107,1.06066}: 0 (0)
    MVD_MOD_FRAC = 0.353553: 0 (11.1/1.7)
    MVD_MOD_FRAC = 0.5: 0 (6.4/0.8)
    MVD_MOD_FRAC = 0.559017: 1 (4.8/2.2)
    MVD_MOD_FRAC = 0.75: 0 (9.7/2.8)
    MVD_MOD_FRAC = 0.790569: 0 (2.7)
    MVD_MOD_FRAC = 0.901388: 0 (1.2)
    MVD_MOD_FRAC = 0.25:
    :...BEST_COST <= 2182.49: 0 (6.5)
    :   BEST_COST > 2182.49:
    :   :...MV_MOD_INT <= 0: 0 (2.6)
    :       MV_MOD_INT > 0: 1 (19.4/4.2)
    MVD_MOD_FRAC = 0:
    :...PRED_MODE = 3: 1 (12.9/4.9)
        PRED_MODE = 2:
        :...COST_2Nx2N <= 1306.88: 1 (4.9/0.3)
        :   COST_2Nx2N > 1306.88:
        :   :...SAD <= 1084: 0 (24.8/1.2)
        :       SAD > 1084: 1 (3.9/0.1)
        PRED_MODE = 1:
        :...AVG_NEIGH_DEPTH <= 1.49352: 0 (11.3/0.5)
        :   AVG_NEIGH_DEPTH > 1.49352:
        :   :...FME = 1: 1 (12.6/5.5)
        :       FME = 0:
        :       :...BEST_COST <= 3069.9: 1 (26.2/8.8)
        :       :   BEST_COST > 3069.9: 0 (7.5)
        :       FME = 2:
        :       :...BITS <= 20: 1 (26.5/0.1)
        :           BITS > 20: 0 (6.5/1.5)
        PRED_MODE = 0:
        :...COST_2Nx2N > 3460.48:
            :...AVG_NEIGH_DEPTH <= 1.49352: 0 (3.9)
            :   AVG_NEIGH_DEPTH > 1.49352:
            :   :...COST_2Nx2N <= 6201.27: 1 (33.5/6.3)
            :       COST_2Nx2N > 6201.27: 0 (2.4)
            COST_2Nx2N <= 3460.48:
            :...MV_MOD_INT > 1.41421: 0 (8.7)
                MV_MOD_INT <= 1.41421:
                :...INTER_DIR = 0: 0 (0)
                    INTER_DIR = 2: 1 (3.7/1.4)
                    INTER_DIR = 1:
                    :...RATIO_2Nx2N-MSM > 1.07505: 0 (6.4)
                    :   RATIO_2Nx2N-MSM <= 1.07505:
                    :   :...RATIO_2Nx2N-MSM <= 1.06124: 0 (8.2/2.7)
                    :       RATIO_2Nx2N-MSM > 1.06124: 1 (11.9)
                    INTER_DIR = 3:
                    :...DISTORTION <= 1186: 0 (23.7)
                        DISTORTION > 1186:
                        :...COST_MSM <= 1212.9: 1 (7.9)
                            COST_MSM > 1212.9:
                            :...COLOC_SPLIT = 0: 0 (20/3.2)
                                COLOC_SPLIT = 2: 1 (14.7/6.2)
                                COLOC_SPLIT = 1:
                                :...SSE <= 1008: 1 (3.7/0.1)
                                    SSE > 1008: 0 (18.1)


Evaluation on training data (532 cases):

Trial	       Decision Tree       
-----	  -----------------------  
	  Size      Errors   Cost  

   0	    32   53(10.0%)   0.10
   1	    36   83(15.6%)   0.16
   2	    41   87(16.4%)   0.16
   3	    50   78(14.7%)   0.15
   4	    44   74(13.9%)   0.14
   5	    41   74(13.9%)   0.14
   6	    43   84(15.8%)   0.16
   7	    54   59(11.1%)   0.11
   8	    37   76(14.3%)   0.14
   9	    49   78(14.7%)   0.15
boost	          1( 0.2%)   0.00   <<


	   (a)   (b)    <-classified as
	  ----  ----
	   307          (a): class 0
	     1   224    (b): class 1


	Attribute usage:

	    100%  BITS
	    100%  COST_MSM
	    100%  RATIO_BEST-MSM
	    100%  TU_DEPTH
	     98%  INTER_DIR
	     90%  CTX_SPLIT
	     89%  PU_SIZE
	     89%  RATIO_2Nx2N-MSM
	     86%  AVG_NEIGH_DEPTH
	     84%  MVD_MOD_FRAC
	     79%  DISTORTION
	     78%  COST_2Nx2N
	     72%  RATIO_BEST_2Nx2N
	     71%  BEST_COST
	     68%  NON-Z-COEFF
	     65%  COLOC_SPLIT
	     59%  MV_MOD_INT
	     59%  PRED_MODE
	     56%  SSE
	     55%  SAD
	     47%  REF_IDX
	     44%  dQP
	     33%  MV_MOD_FRAC
	     25%  FME
	     21%  MVP_IDX
	     10%  PREDMV_MOD_INT
	      7%  MVD_MOD_INT
	      2%  PREDMV_MOD_FRAC


Time: 0.1 secs
