
C5.0 [Release 2.07 GPL Edition]  	Wed Feb 15 23:58:49 2017
-------------------------------

    Options:
	Application `train_d1_qp37'

Read 1232 cases (28 attributes) from train_d1_qp37.data

Decision tree:

BITS > 37:
:...RATIO_BEST-MSM <= 0.603402:
:   :...COST_MSM > 496087: 1 (12/1)
:   :   COST_MSM <= 496087:
:   :   :...PREDMV_MOD_INT <= 68.7968: 0 (28/6)
:   :       PREDMV_MOD_INT > 68.7968:
:   :       :...RATIO_BEST-MSM <= 0.445085: 0 (2)
:   :           RATIO_BEST-MSM > 0.445085: 1 (9)
:   RATIO_BEST-MSM > 0.603402:
:   :...COST_MSM > 71293.7: 1 (347/26)
:       COST_MSM <= 71293.7:
:       :...BITS > 93: 1 (14/1)
:           BITS <= 93:
:           :...MV_MOD_FRAC in {0,0.25,0.5,0.559017,0.790569,
:               :               1.06066}: 0 (21/4)
:               MV_MOD_FRAC in {0.353553,0.707107,0.75,0.901388}: 1 (10/1)
BITS <= 37:
:...DISTORTION <= 198750:
    :...SSE <= 49598: 0 (338/7)
    :   SSE > 49598:
    :   :...PU_SIZE in {0,2,4,6}: 0 (290/46)
    :       PU_SIZE = 5:
    :       :...COST_MSM <= 185346: 1 (2)
    :       :   COST_MSM > 185346: 0 (2)
    :       PU_SIZE = 1:
    :       :...dQP in {1,2}: 1 (0)
    :       :   dQP = 3:
    :       :   :...BITS <= 19: 0 (4)
    :       :   :   BITS > 19: 1 (4)
    :       :   dQP = 4:
    :       :   :...MV_MOD_INT <= 5.09902: 1 (6)
    :       :       MV_MOD_INT > 5.09902:
    :       :       :...DISTORTION <= 142125: 1 (3)
    :       :           DISTORTION > 142125: 0 (4)
    :       PU_SIZE = 7:
    :       :...RATIO_BEST_2Nx2N > 0.924708: 0 (6)
    :           RATIO_BEST_2Nx2N <= 0.924708:
    :           :...FME = 0: 1 (6)
    :               FME = 1: 0 (5/1)
    :               FME = 2:
    :               :...DISTORTION <= 117179: 0 (2)
    :                   DISTORTION > 117179: 1 (3)
    DISTORTION > 198750:
    :...MVP_IDX = 1: 0 (7/1)
        MVP_IDX = 0:
        :...MVD_MOD_INT <= 1.41421: 1 (9)
        :   MVD_MOD_INT > 1.41421: 0 (2)
        MVP_IDX = -1:
        :...RATIO_BEST_2Nx2N <= 0.90485:
            :...FME in {0,1}: 1 (27/2)
            :   FME = 2:
            :   :...SSE > 192508: 1 (19/3)
            :       SSE <= 192508:
            :       :...AVG_NEIGH_DEPTH <= 1.04368: 1 (2)
            :           AVG_NEIGH_DEPTH > 1.04368: 0 (9/1)
            RATIO_BEST_2Nx2N > 0.90485:
            :...PU_SIZE = 5: 0 (0)
                PU_SIZE = 1: 1 (2)
                PU_SIZE in {2,4,6,7}: 0 (11/1)
                PU_SIZE = 0:
                :...RATIO_BEST_2Nx2N <= 0.936504: 0 (9)
                    RATIO_BEST_2Nx2N > 0.936504:
                    :...FME = 0: 0 (2)
                        FME in {1,2}: 1 (15/4)


Evaluation on training data (1232 cases):

	       Decision Tree       
	  -----------------------  
	  Size      Errors   Cost  

	    34  105( 8.5%)   0.09   <<


	   (a)   (b)    <-classified as
	  ----  ----
	   675    38    (a): class 0
	    67   452    (b): class 1


	Attribute usage:

	    100%  BITS
	     64%  DISTORTION
	     57%  SSE
	     36%  COST_MSM
	     36%  RATIO_BEST-MSM
	     31%  PU_SIZE
	     10%  RATIO_BEST_2Nx2N
	      9%  MVP_IDX
	      7%  FME
	      3%  PREDMV_MOD_INT
	      3%  MV_MOD_FRAC
	      2%  dQP
	      1%  MV_MOD_INT


Time: 0.0 secs
