
C5.0 [Release 2.07 GPL Edition]  	Wed Feb 15 23:55:29 2017
-------------------------------

    Options:
	Application `train_d0_qp27'

Read 455 cases (28 attributes) from train_d0_qp27.data

Decision tree:

BITS > 39: 1 (366/2)
BITS <= 39:
:...PU_SIZE in {4,7}: 0 (0)
    PU_SIZE in {1,2,5,6}: 1 (48/15)
    PU_SIZE = 0:
    :...dQP in {1,2}: 0 (0)
        dQP = 3: 1 (3/1)
        dQP = 4: 0 (38/2)


Evaluation on training data (455 cases):

	       Decision Tree       
	  -----------------------  
	  Size      Errors   Cost  

	     4   20( 4.4%)   0.04   <<


	   (a)   (b)    <-classified as
	  ----  ----
	    36    18    (a): class 0
	     2   399    (b): class 1


	Attribute usage:

	    100%  BITS
	     20%  PU_SIZE
	      9%  dQP


Time: 0.0 secs
