
C5.0 [Release 2.07 GPL Edition]  	Wed Feb 15 17:09:36 2017
-------------------------------

    Options:
	Boosted classifiers
	Application `train_d1'

Read 153 cases (28 attributes) from train_d1.data

-----  Trial 0:  -----

Decision tree:

PRED_MODE = 3: 0 (0)
PRED_MODE = 0: 0 (104/7)
PRED_MODE = 2: 1 (12)
PRED_MODE = 1:
:...COLOC_SPLIT in {0,1}: 0 (12/3)
    COLOC_SPLIT = 2:
    :...REF_IDX in {-1,1}: 0 (3)
        REF_IDX = 0:
        :...MV_MOD_INT <= 2.23607: 1 (14/2)
            MV_MOD_INT > 2.23607: 0 (8/1)

-----  Trial 1:  -----

Decision tree:

BEST_COST <= 27590.9: 0 (46.4)
BEST_COST > 27590.9:
:...TU_DEPTH = 1: 1 (5.4)
    TU_DEPTH = 2: 1 (2.3)
    TU_DEPTH = 0:
    :...COLOC_SPLIT = 0: 0 (13.1)
        COLOC_SPLIT = 1:
        :...RATIO_2Nx2N-MSM <= 1.18991: 1 (19.2/4.6)
        :   RATIO_2Nx2N-MSM > 1.18991: 0 (10.8)
        COLOC_SPLIT = 2:
        :...SAD <= 5887: 1 (46.5/13.1)
            SAD > 5887: 0 (9.2/0.8)

-----  Trial 2:  -----

Decision tree:

TU_DEPTH = 1: 1 (4.2)
TU_DEPTH = 2: 1 (1.8)
TU_DEPTH = 0:
:...MVD_MOD_FRAC in {0.559017,0.707107,0.790569,0.901388,
    :                1.06066}: 0 (0)
    MVD_MOD_FRAC = 0.25: 1 (2.7)
    MVD_MOD_FRAC = 0.353553: 0 (2)
    MVD_MOD_FRAC = 0.5: 1 (0.6)
    MVD_MOD_FRAC = 0.75: 0 (2)
    MVD_MOD_FRAC = 0:
    :...COLOC_SPLIT = 0: 0 (40.6)
        COLOC_SPLIT = 1: 0 (33.3/8.7)
        COLOC_SPLIT = 2:
        :...REF_IDX = -1: 0 (4)
            REF_IDX = 1: 0 (2)
            REF_IDX = 0:
            :...dQP in {1,2}: 0 (0)
                dQP = 3: 1 (10.4/2.6)
                dQP = 4:
                :...RATIO_2Nx2N-MSM > 2.29238: 1 (2.7)
                    RATIO_2Nx2N-MSM <= 2.29238:
                    :...BEST_COST <= 52126.8: 0 (19.6/0.6)
                        BEST_COST > 52126.8:
                        :...BITS <= 20: 1 (21.6/5.2)
                            BITS > 20: 0 (5.4)

-----  Trial 3:  -----

Decision tree:

BEST_COST <= 27590.9: 0 (31.3)
BEST_COST > 27590.9:
:...TU_DEPTH = 1: 1 (3.3)
    TU_DEPTH = 2: 1 (1.4)
    TU_DEPTH = 0:
    :...MVD_MOD_FRAC in {0.559017,0.707107,0.790569,0.901388,
        :                1.06066}: 0 (0)
        MVD_MOD_FRAC = 0.25: 1 (2.1)
        MVD_MOD_FRAC = 0.353553: 0 (1.5)
        MVD_MOD_FRAC = 0.5: 1 (0.5)
        MVD_MOD_FRAC = 0.75: 0 (1.5)
        MVD_MOD_FRAC = 0:
        :...SSE <= 20594: 1 (7.5)
            SSE > 20594:
            :...NON-Z-COEFF <= 1: 1 (23.9/7.9)
                NON-Z-COEFF > 1:
                :...RATIO_BEST_2Nx2N <= 0.858539: 0 (44.9/3)
                    RATIO_BEST_2Nx2N > 0.858539:
                    :...SAD <= 5576: 1 (25/8.1)
                        SAD > 5576: 0 (10/0.5)

-----  Trial 4:  -----

Decision tree:

PRED_MODE = 3: 0 (0)
PRED_MODE = 2: 1 (6.7)
PRED_MODE = 0:
:...RATIO_2Nx2N-MSM <= 1.046: 1 (5.9)
:   RATIO_2Nx2N-MSM > 1.046: 0 (79.6/8.3)
PRED_MODE = 1:
:...MV_MOD_INT > 4: 0 (8.7)
    MV_MOD_INT <= 4:
    :...RATIO_2Nx2N-MSM <= 0.792446: 0 (13.3/0.7)
        RATIO_2Nx2N-MSM > 0.792446:
        :...RATIO_2Nx2N-MSM <= 1.26706: 1 (34.2/6.9)
            RATIO_2Nx2N-MSM > 1.26706: 0 (4.6)

-----  Trial 5:  -----

Decision tree:

MVD_MOD_FRAC in {0.707107,0.790569,0.901388}: 0 (0)
MVD_MOD_FRAC = 0.25: 1 (1.6)
MVD_MOD_FRAC = 0.353553: 0 (1.2/0.3)
MVD_MOD_FRAC = 0.5: 1 (2.7)
MVD_MOD_FRAC = 0.559017: 1 (0.6)
MVD_MOD_FRAC = 0.75: 0 (0.9)
MVD_MOD_FRAC = 1.06066: 1 (0.3)
MVD_MOD_FRAC = 0:
:...COLOC_SPLIT = 0: 0 (28.4)
    COLOC_SPLIT = 1:
    :...MVP_IDX = 1: 0 (0)
    :   MVP_IDX = 0: 1 (2)
    :   MVP_IDX = -1:
    :   :...MV_MOD_INT <= 3: 0 (25.1/3.3)
    :       MV_MOD_INT > 3: 1 (7.6/0.9)
    COLOC_SPLIT = 2:
    :...SSE <= 26383: 1 (12.8/1.5)
        SSE > 26383:
        :...BEST_COST <= 52126.8: 0 (20.6)
            BEST_COST > 52126.8:
            :...AVG_NEIGH_DEPTH > 1.57779: 1 (14.5)
                AVG_NEIGH_DEPTH <= 1.57779:
                :...COST_2Nx2N > 227223: 1 (2.7)
                    COST_2Nx2N <= 227223:
                    :...BEST_COST <= 68394.3: 1 (3.8)
                        BEST_COST > 68394.3: 0 (28.1/6.8)

-----  Trial 6:  -----

Decision tree:

TU_DEPTH = 1: 1 (9.7)
TU_DEPTH = 2: 1 (3.4)
TU_DEPTH = 0:
:...REF_IDX = -1: 0 (6.6)
    REF_IDX = 1: 0 (0.7)
    REF_IDX = 0:
    :...MVP_IDX = 0: 1 (4.7)
        MVP_IDX = 1: 1 (3.6/1.5)
        MVP_IDX = -1:
        :...COLOC_SPLIT = 0: 0 (21.1)
            COLOC_SPLIT = 1:
            :...RATIO_BEST_2Nx2N <= 0.936862: 0 (25.4/5.1)
            :   RATIO_BEST_2Nx2N > 0.936862: 1 (6)
            COLOC_SPLIT = 2:
            :...MV_MOD_INT > 3: 0 (11.9/1.2)
                MV_MOD_INT <= 3:
                :...AVG_NEIGH_DEPTH <= 0.92451: 0 (5.3)
                    AVG_NEIGH_DEPTH > 0.92451:
                    :...BITS <= 3: 0 (17.1/3.1)
                        BITS > 3: 1 (37.6/5.7)

-----  Trial 7:  -----

Decision tree:

TU_DEPTH = 1: 1 (7.6)
TU_DEPTH = 2: 1 (2.6)
TU_DEPTH = 0:
:...MV_MOD_INT > 7: 1 (7.2)
    MV_MOD_INT <= 7:
    :...BEST_COST <= 27590.9: 0 (17.3)
        BEST_COST > 27590.9:
        :...REF_IDX = -1: 0 (4.3)
            REF_IDX = 1: 0 (0.6)
            REF_IDX = 0:
            :...MVP_IDX = 0: 1 (3.6)
                MVP_IDX = 1: 0 (9.1/1.6)
                MVP_IDX = -1:
                :...COLOC_SPLIT = 0: 0 (6.9)
                    COLOC_SPLIT = 1:
                    :...NON-Z-COEFF <= 2: 1 (21.7/6)
                    :   NON-Z-COEFF > 2: 0 (8.8)
                    COLOC_SPLIT = 2:
                    :...MV_MOD_INT > 3: 0 (7.1)
                        MV_MOD_INT <= 3:
                        :...dQP in {1,2}: 1 (0)
                            dQP = 3: 1 (5.9)
                            dQP = 4:
                            :...SAD <= 3891: 1 (9.7)
                                SAD > 3891:
                                :...BEST_COST <= 52126.8: 0 (12.3)
                                    BEST_COST > 52126.8:
                                    :...SAD <= 5576: 1 (13.9)
                                        SAD > 5576: 0 (14.3/1.5)

-----  Trial 8:  -----

Decision tree:

TU_DEPTH = 1: 1 (5.8)
TU_DEPTH = 2: 1 (2)
TU_DEPTH = 0:
:...MVD_MOD_FRAC in {0.559017,0.707107,0.790569,0.901388,1.06066}: 0 (0)
    MVD_MOD_FRAC = 0.25: 1 (0.6)
    MVD_MOD_FRAC = 0.353553: 0 (2.9)
    MVD_MOD_FRAC = 0.5: 1 (4.2)
    MVD_MOD_FRAC = 0.75: 0 (2.9)
    MVD_MOD_FRAC = 0:
    :...RATIO_2Nx2N-MSM > 1.18991: 0 (47.5/2.4)
        RATIO_2Nx2N-MSM <= 1.18991:
        :...REF_IDX = -1: 0 (3.8)
            REF_IDX = 1: 0 (0.4)
            REF_IDX = 0:
            :...RATIO_BEST_2Nx2N <= 0.615367: 1 (8.3)
                RATIO_BEST_2Nx2N > 0.615367:
                :...RATIO_BEST-MSM > 1.00824: 1 (14.2/0.7)
                    RATIO_BEST-MSM <= 1.00824:
                    :...MVP_IDX = 1: 0 (0)
                        MVP_IDX = 0: 1 (2.2)
                        MVP_IDX = -1:
                        :...BEST_COST > 105978: 0 (7.5)
                            BEST_COST <= 105978:
                            :...COST_MSM > 105631: 1 (7.5)
                                COST_MSM <= 105631:
                                :...NON-Z-COEFF <= 1: 1 (9.7/2.6)
                                    NON-Z-COEFF > 1:
                                    :...RATIO_BEST_2Nx2N <= 0.951268: 0 (29.2/1.9)
                                        RATIO_BEST_2Nx2N > 0.951268: 1 (4.3/0.7)

-----  Trial 9:  -----

Decision tree:

COLOC_SPLIT = 0: 0 (21.1)
COLOC_SPLIT = 1:
:...MV_MOD_INT <= 3: 0 (41/3.9)
:   MV_MOD_INT > 3: 1 (9.5/1.6)
COLOC_SPLIT = 2:
:...REF_IDX = -1: 0 (2.5)
    REF_IDX = 1: 0 (0.4/0.1)
    REF_IDX = 0:
    :...MVD_MOD_FRAC in {0.707107,0.790569,0.901388,1.06066}: 1 (0)
        MVD_MOD_FRAC = 0.25: 1 (0.1)
        MVD_MOD_FRAC = 0.353553: 0 (2.2)
        MVD_MOD_FRAC = 0.5: 1 (3.2)
        MVD_MOD_FRAC = 0.559017: 1 (0.2)
        MVD_MOD_FRAC = 0.75: 0 (2.2)
        MVD_MOD_FRAC = 0:
        :...dQP in {1,2}: 1 (0)
            dQP = 3: 1 (16.8/1.7)
            dQP = 4:
            :...COST_2Nx2N <= 54330.8: 0 (5.2)
                COST_2Nx2N > 54330.8:
                :...MV_MOD_INT > 3: 0 (3.1)
                    MV_MOD_INT <= 3:
                    :...SAD <= 5576: 1 (32.3/4.7)
                        SAD > 5576: 0 (13.2/3.1)


Evaluation on training data (153 cases):

Trial	    Decision Tree   
-----	  ----------------  
	  Size      Errors  

   0	     6   13( 8.5%)
   1	     8   24(15.7%)
   2	    15   11( 7.2%)
   3	    12   18(11.8%)
   4	     7   13( 8.5%)
   5	    16   12( 7.8%)
   6	    13   10( 6.5%)
   7	    17   13( 8.5%)
   8	    17   16(10.5%)
   9	    15   13( 8.5%)
boost	          0( 0.0%)   <<


	   (a)   (b)    <-classified as
	  ----  ----
	   118          (a): class 0
	          35    (b): class 1


	Attribute usage:

	    100%  PRED_MODE
	    100%  BEST_COST
	    100%  TU_DEPTH
	    100%  MVD_MOD_FRAC
	    100%  COLOC_SPLIT
	     99%  REF_IDX
	     94%  MV_MOD_INT
	     93%  RATIO_2Nx2N-MSM
	     89%  MVP_IDX
	     58%  RATIO_BEST_2Nx2N
	     57%  SSE
	     55%  NON-Z-COEFF
	     35%  RATIO_BEST-MSM
	     33%  SAD
	     28%  dQP
	     25%  COST_MSM
	     25%  AVG_NEIGH_DEPTH
	     24%  COST_2Nx2N
	     20%  BITS


Time: 0.0 secs
