
C5.0 [Release 2.07 GPL Edition]  	Wed Feb 15 22:43:44 2017
-------------------------------

    Options:
	Boosted classifiers
	Application `train_d1_qp37'

Read 128 cases (28 attributes) from train_d1_qp37.data

-----  Trial 0:  -----

Decision tree:

BITS > 35: 1 (29)
BITS <= 35:
:...COST_2Nx2N <= 140224: 0 (68/3)
    COST_2Nx2N > 140224:
    :...COLOC_SPLIT = 1: 0 (10/2)
        COLOC_SPLIT = 2: 1 (14/4)
        COLOC_SPLIT = 0:
        :...SAD <= 6149: 1 (2)
            SAD > 6149: 0 (5)

-----  Trial 1:  -----

Decision tree:

BITS > 30: 1 (27.9/0.8)
BITS <= 30:
:...MVD_MOD_FRAC in {0.25,0.353553,0.5,0.707107,0.790569,0.901388,
    :                1.06066}: 0 (0)
    MVD_MOD_FRAC = 0.559017: 0 (0.8)
    MVD_MOD_FRAC = 0.75: 1 (4.8/0.8)
    MVD_MOD_FRAC = 0:
    :...PU_SIZE = 7: 0 (0)
        PU_SIZE = 1: 0 (3.8/0.8)
        PU_SIZE = 2: 0 (3.1/1.5)
        PU_SIZE = 4: 1 (0.8)
        PU_SIZE = 5: 1 (4.1)
        PU_SIZE = 6: 0 (5.6/0.8)
        PU_SIZE = 0:
        :...COST_2Nx2N > 238157: 1 (5.6)
            COST_2Nx2N <= 238157:
            :...RATIO_BEST-MSM <= 1.03204: 0 (66/3.1)
                RATIO_BEST-MSM > 1.03204: 1 (5.6/1.5)

-----  Trial 2:  -----

Decision tree:

BITS <= 1: 0 (28.6)
BITS > 1:
:...TU_DEPTH = 1: 1 (12)
    TU_DEPTH = 2: 1 (6.5)
    TU_DEPTH = 0:
    :...NON-Z-COEFF <= 1: 0 (21.2/3.1)
        NON-Z-COEFF > 1:
        :...dQP = 2: 1 (0)
            dQP = 1: 1 (5.5/1.8)
            dQP = 3: 0 (12.6/4.8)
            dQP = 4:
            :...SSE <= 138562: 1 (34.2/5.9)
                SSE > 138562: 0 (7.4/1.2)

-----  Trial 3:  -----

Decision tree:

TU_DEPTH = 1: 1 (9.4)
TU_DEPTH = 2: 1 (5.1)
TU_DEPTH = 0:
:...COST_MSM <= 101586: 0 (45.8/5.4)
    COST_MSM > 101586:
    :...SSE <= 63939: 1 (11.5)
        SSE > 63939:
        :...COLOC_SPLIT = 0: 0 (7.6)
            COLOC_SPLIT = 1: 0 (15.5/2.5)
            COLOC_SPLIT = 2:
            :...NON-Z-COEFF <= 1: 0 (4.9)
                NON-Z-COEFF > 1: 1 (28.1/4.9)

-----  Trial 4:  -----

Decision tree:

TU_DEPTH = 1: 1 (7.3)
TU_DEPTH = 2: 1 (4)
TU_DEPTH = 0:
:...MVD_MOD_FRAC in {0.353553,0.707107,0.901388,1.06066}: 0 (0)
    MVD_MOD_FRAC = 0.25: 1 (1.4)
    MVD_MOD_FRAC = 0.5: 0 (1.9)
    MVD_MOD_FRAC = 0.559017: 0 (1.4)
    MVD_MOD_FRAC = 0.75: 1 (8.6/1.9)
    MVD_MOD_FRAC = 0.790569: 1 (6.1)
    MVD_MOD_FRAC = 0:
    :...BITS <= 1: 0 (17.5)
        BITS > 1:
        :...RATIO_BEST-MSM > 1.02895: 1 (6.7)
            RATIO_BEST-MSM <= 1.02895:
            :...COST_MSM <= 101586: 0 (14)
                COST_MSM > 101586:
                :...BITS > 11: 1 (17.3/1.8)
                    BITS <= 11:
                    :...SAD <= 6149: 1 (11.2/0.4)
                        SAD > 6149:
                        :...DISTORTION <= 269964: 0 (27.9/1.9)
                            DISTORTION > 269964: 1 (2.8)

-----  Trial 5:  -----

Decision tree:

BITS > 35: 1 (12.9)
BITS <= 35:
:...PREDMV_MOD_INT > 3.60555: 0 (15.1)
    PREDMV_MOD_INT <= 3.60555:
    :...MVD_MOD_FRAC in {0.25,0.353553,0.559017,0.707107,0.790569,0.901388,
        :                1.06066}: 0 (0)
        MVD_MOD_FRAC = 0.5: 0 (1.4)
        MVD_MOD_FRAC = 0.75: 1 (5.1)
        MVD_MOD_FRAC = 0:
        :...BITS <= 1: 0 (13.3)
            BITS > 1:
            :...FME = 1: 0 (13.6/3.9)
                FME = 0:
                :...RATIO_BEST-MSM <= 0.607965: 0 (8)
                :   RATIO_BEST-MSM > 0.607965: 1 (27.7/6.1)
                FME = 2:
                :...BITS <= 20: 0 (28.1/6)
                    BITS > 20: 1 (2.8)

-----  Trial 6:  -----

Decision tree:

COLOC_SPLIT = 0:
:...COST_MSM <= 119106: 0 (25.2)
:   COST_MSM > 119106: 1 (6.6/1.7)
COLOC_SPLIT = 1:
:...dQP = 2: 0 (0)
:   dQP = 1: 1 (15/2.9)
:   dQP = 3: 0 (21.8)
:   dQP = 4: 0 (21.9/9.2)
COLOC_SPLIT = 2:
:...DISTORTION <= 195226: 1 (22.2/2)
    DISTORTION > 195226: 0 (15.2/6)

-----  Trial 7:  -----

Decision tree:

TU_DEPTH = 1: 1 (3.5)
TU_DEPTH = 2: 1 (3.1)
TU_DEPTH = 0:
:...NON-Z-COEFF <= 1: 0 (33.9/3.1)
    NON-Z-COEFF > 1:
    :...MVD_MOD_FRAC in {0.353553,0.707107,0.901388,1.06066}: 1 (0)
        MVD_MOD_FRAC = 0.25: 1 (1.9)
        MVD_MOD_FRAC = 0.5: 0 (0.9)
        MVD_MOD_FRAC = 0.559017: 0 (1.9)
        MVD_MOD_FRAC = 0.75: 1 (3.2)
        MVD_MOD_FRAC = 0.790569: 1 (2.9)
        MVD_MOD_FRAC = 0:
        :...dQP = 2: 0 (0)
            dQP = 1: 0 (4)
            dQP = 3: 0 (18.7/3.5)
            dQP = 4:
            :...BITS > 11: 1 (8.3)
                BITS <= 11:
                :...RATIO_BEST-MSM <= 0.887663: 0 (3.2)
                    RATIO_BEST-MSM > 0.887663:
                    :...SSE > 195904: 1 (7)
                        SSE <= 195904:
                        :...PRED_MODE in {2,3}: 0 (0)
                            PRED_MODE = 1: 1 (3.5)
                            PRED_MODE = 0:
                            :...SAD <= 6149: 1 (19.7/5.7)
                                SAD > 6149: 0 (12.2)

-----  Trial 8:  -----

Decision tree:

TU_DEPTH = 1: 1 (2.7)
TU_DEPTH = 2: 1 (2.4)
TU_DEPTH = 0:
:...COLOC_SPLIT = 0: 0 (32.9/2.4)
    COLOC_SPLIT = 1: 0 (51.7/14)
    COLOC_SPLIT = 2:
    :...COST_2Nx2N <= 129331: 0 (4.1)
        COST_2Nx2N > 129331: 1 (34.2/7.5)

-----  Trial 9:  -----

Decision tree:

BITS <= 1: 0 (20.2)
BITS > 1:
:...BITS > 35: 1 (8.8)
    BITS <= 35:
    :...MV_MOD_INT > 3.60555: 0 (7.5)
        MV_MOD_INT <= 3.60555:
        :...MVD_MOD_FRAC in {0.25,0.353553,0.559017,0.707107,0.790569,0.901388,
            :                1.06066}: 1 (0)
            MVD_MOD_FRAC = 0.5: 0 (0.6)
            MVD_MOD_FRAC = 0.75: 1 (4.3)
            MVD_MOD_FRAC = 0:
            :...SSE <= 46261: 0 (8.4)
                SSE > 46261:
                :...SSE <= 48948: 1 (9.6)
                    SSE > 48948:
                    :...COST_2Nx2N <= 151638: 0 (15/0.6)
                        COST_2Nx2N > 151638:
                        :...NON-Z-COEFF <= 1: 0 (8.6)
                            NON-Z-COEFF > 1:
                            :...SSE <= 268153: 1 (40.8/9.2)
                                SSE > 268153: 0 (4.3)


Evaluation on training data (128 cases):

Trial	       Decision Tree       
-----	  -----------------------  
	  Size      Errors   Cost  

   0	     6    9( 7.0%)   0.07
   1	    11   12( 9.4%)   0.09
   2	     8   20(15.6%)   0.16
   3	     8    6( 4.7%)   0.05
   4	    14    8( 6.2%)   0.06
   5	    10   18(14.1%)   0.14
   6	     7   19(14.8%)   0.15
   7	    16   16(12.5%)   0.12
   8	     6   11( 8.6%)   0.09
   9	    11    7( 5.5%)   0.05
boost	          0( 0.0%)   0.00   <<


	   (a)   (b)    <-classified as
	  ----  ----
	    82          (a): class 0
	          46    (b): class 1


	Attribute usage:

	    100%  BITS
	    100%  TU_DEPTH
	    100%  COLOC_SPLIT
	     83%  COST_MSM
	     80%  MVD_MOD_FRAC
	     79%  COST_2Nx2N
	     79%  NON-Z-COEFF
	     77%  PREDMV_MOD_INT
	     75%  dQP
	     74%  RATIO_BEST-MSM
	     73%  PU_SIZE
	     56%  SSE
	     46%  MV_MOD_INT
	     40%  FME
	     34%  SAD
	     25%  DISTORTION
	     23%  PRED_MODE


Time: 0.0 secs
