
C5.0 [Release 2.07 GPL Edition]  	Wed Feb 15 23:55:29 2017
-------------------------------

    Options:
	Application `train_d1_qp27'

Read 1604 cases (28 attributes) from train_d1_qp27.data

Decision tree:

BITS > 78:
:...DISTORTION > 6601: 1 (772/28)
:   DISTORTION <= 6601:
:   :...MV_MOD_FRAC in {0.75,0.901388}: 0 (0)
:       MV_MOD_FRAC in {0,0.353553,0.5,1.06066}: 0 (20/5)
:       MV_MOD_FRAC in {0.25,0.559017,0.707107,0.790569}: 1 (8)
BITS <= 78:
:...TU_DEPTH = 2: 1 (21/3)
    TU_DEPTH = 1:
    :...PREDMV_MOD_FRAC in {0.353553,0.5,0.707107,0.75,0.901388,
    :   :                   1.06066}: 1 (18/2)
    :   PREDMV_MOD_FRAC = 0.559017: 0 (3)
    :   PREDMV_MOD_FRAC = 0:
    :   :...BITS <= 52: 0 (9)
    :   :   BITS > 52: 1 (10/1)
    :   PREDMV_MOD_FRAC = 0.25:
    :   :...MVP_IDX = -1: 1 (3)
    :   :   MVP_IDX in {0,1}: 0 (4/1)
    :   PREDMV_MOD_FRAC = 0.790569:
    :   :...CTX_SPLIT in {0,1,6}: 1 (0)
    :       CTX_SPLIT in {2,3,5}: 1 (5)
    :       CTX_SPLIT = 4: 0 (4/1)
    TU_DEPTH = 0:
    :...COST_MSM <= 55071.3: 0 (607/77)
        COST_MSM > 55071.3:
        :...COST_2Nx2N > 82182.4: 1 (12)
            COST_2Nx2N <= 82182.4:
            :...REF_IDX = -1:
                :...COLOC_SPLIT = 0: 0 (0)
                :   COLOC_SPLIT = 1: 1 (3/1)
                :   COLOC_SPLIT = 2: 0 (19/1)
                REF_IDX = 1:
                :...SAD <= 5353: 1 (2)
                :   SAD > 5353: 0 (2)
                REF_IDX = 0:
                :...PU_SIZE = 0: 0 (19/4)
                    PU_SIZE in {4,5}: 1 (7)
                    PU_SIZE = 1:
                    :...DISTORTION <= 34131: 0 (7/2)
                    :   DISTORTION > 34131: 1 (8)
                    PU_SIZE = 6:
                    :...BITS <= 23: 1 (2)
                    :   BITS > 23: 0 (6)
                    PU_SIZE = 7:
                    :...MV_MOD_FRAC in {0,0.353553}: 0 (0)
                    :   MV_MOD_FRAC in {0.25,0.5,0.559017,0.790569,0.901388,
                    :   :               1.06066}: 0 (7/1)
                    :   MV_MOD_FRAC in {0.707107,0.75}: 1 (4)
                    PU_SIZE = 2:
                    :...COST_MSM > 89093.5: 0 (4)
                        COST_MSM <= 89093.5:
                        :...RATIO_BEST-MSM <= 0.817913: 1 (15/2)
                            RATIO_BEST-MSM > 0.817913: 0 (3)


Evaluation on training data (1604 cases):

	       Decision Tree       
	  -----------------------  
	  Size      Errors   Cost  

	    29  129( 8.0%)   0.08   <<


	   (a)   (b)    <-classified as
	  ----  ----
	   622    37    (a): class 0
	    92   853    (b): class 1


	Attribute usage:

	    100%  BITS
	     51%  DISTORTION
	     50%  TU_DEPTH
	     45%  COST_MSM
	      7%  COST_2Nx2N
	      7%  REF_IDX
	      5%  PU_SIZE
	      3%  PREDMV_MOD_FRAC
	      2%  MV_MOD_FRAC
	      1%  COLOC_SPLIT
	      1%  RATIO_BEST-MSM


Time: 0.0 secs
