
C5.0 [Release 2.07 GPL Edition]  	Wed Feb 15 14:38:24 2017
-------------------------------

    Options:
	Application `train_d2'

Read 2536 cases (28 attributes) from train_d2.data

Decision tree:

BITS <= 52:
:...TU_DEPTH = 2:
:   :...BITS <= 47: 0 (7)
:   :   BITS > 47: 1 (2)
:   TU_DEPTH = 0:
:   :...PU_SIZE = 4: 0 (53/10)
:   :   PU_SIZE = 2:
:   :   :...DISTORTION <= 5878: 0 (101/30)
:   :   :   DISTORTION > 5878: 1 (10/1)
:   :   PU_SIZE = 6:
:   :   :...COST_2Nx2N <= 8577.47: 0 (57/15)
:   :   :   COST_2Nx2N > 8577.47: 1 (5)
:   :   PU_SIZE = 7:
:   :   :...SAD <= 926: 0 (35/5)
:   :   :   SAD > 926: 1 (4)
:   :   PU_SIZE = 0:
:   :   :...DISTORTION <= 3286: 0 (839/22)
:   :   :   DISTORTION > 3286:
:   :   :   :...dQP in {1,2}: 0 (0)
:   :   :       dQP = 4: 0 (89/19)
:   :   :       dQP = 3:
:   :   :       :...SAD <= 649: 1 (4)
:   :   :           SAD > 649: 0 (4)
:   :   PU_SIZE = 1:
:   :   :...dQP = 2: 0 (0)
:   :   :   dQP in {1,3}: 0 (40/9)
:   :   :   dQP = 4:
:   :   :   :...AVG_NEIGH_DEPTH <= 2.20116:
:   :   :       :...NON-Z-COEFF <= 3: 1 (30/10)
:   :   :       :   NON-Z-COEFF > 3: 0 (23/10)
:   :   :       AVG_NEIGH_DEPTH > 2.20116:
:   :   :       :...DISTORTION <= 4868: 0 (19)
:   :   :           DISTORTION > 4868: 1 (5)
:   :   PU_SIZE = 5:
:   :   :...DISTORTION > 2364: 0 (13)
:   :       DISTORTION <= 2364:
:   :       :...CTX_SPLIT in {3,4,6}: 1 (0)
:   :           CTX_SPLIT = 1: 1 (6/1)
:   :           CTX_SPLIT in {2,5}: 0 (2)
:   :           CTX_SPLIT = 0:
:   :           :...RATIO_BEST-MSM <= 0.927952: 1 (3)
:   :               RATIO_BEST-MSM > 0.927952: 0 (4)
:   TU_DEPTH = 1:
:   :...MVD_MOD_FRAC in {0.5,0.707107,0.790569,0.901388,1.06066}: 1 (0)
:       MVD_MOD_FRAC in {0.25,0.353553,0.559017,0.75}: 0 (5)
:       MVD_MOD_FRAC = 0:
:       :...CTX_SPLIT = 0: 0 (12/4)
:           CTX_SPLIT in {5,6}: 1 (3)
:           CTX_SPLIT = 2:
:           :...REF_IDX = -1: 0 (7)
:           :   REF_IDX in {0,1}: 1 (15/4)
:           CTX_SPLIT = 4:
:           :...NON-Z-COEFF <= 5: 1 (4)
:           :   NON-Z-COEFF > 5: 0 (2)
:           CTX_SPLIT = 1:
:           :...PRED_MODE in {0,1}: 1 (0)
:           :   PRED_MODE = 3: 0 (3)
:           :   PRED_MODE = 2:
:           :   :...FME = 0: 1 (12/1)
:           :       FME in {1,2}: 0 (11/4)
:           CTX_SPLIT = 3:
:           :...MVP_IDX = 0: 1 (0)
:               MVP_IDX = 1: 0 (2)
:               MVP_IDX = -1:
:               :...BEST_COST <= 3212.95: 0 (2)
:                   BEST_COST > 3212.95: 1 (8)
BITS > 52:
:...BITS > 217: 1 (339/30)
    BITS <= 217:
    :...TU_DEPTH = 1: 1 (345/96)
        TU_DEPTH = 2:
        :...MVD_MOD_FRAC in {0.25,0.559017,0.790569}: 0 (25/9)
        :   MVD_MOD_FRAC in {0.5,0.707107,0.901388,1.06066}: 1 (12)
        :   MVD_MOD_FRAC = 0.353553:
        :   :...RATIO_BEST_2Nx2N <= 0.927052: 1 (3)
        :   :   RATIO_BEST_2Nx2N > 0.927052: 0 (2)
        :   MVD_MOD_FRAC = 0.75:
        :   :...dQP in {1,2}: 0 (0)
        :   :   dQP = 3: 1 (2)
        :   :   dQP = 4: 0 (5)
        :   MVD_MOD_FRAC = 0:
        :   :...BEST_COST > 8549.16: 1 (17)
        :       BEST_COST <= 8549.16:
        :       :...DISTORTION > 4101: 0 (7)
        :           DISTORTION <= 4101:
        :           :...RATIO_2Nx2N-MSM > 0.856843: 1 (39/9)
        :               RATIO_2Nx2N-MSM <= 0.856843:
        :               :...AVG_NEIGH_DEPTH <= 2.19056: 0 (6)
        :                   AVG_NEIGH_DEPTH > 2.19056: 1 (3)
        TU_DEPTH = 0:
        :...PRED_MODE = 0: 0 (0)
            PRED_MODE = 1:
            :...RATIO_2Nx2N-MSM <= 0.576406: 0 (2)
            :   RATIO_2Nx2N-MSM > 0.576406: 1 (4)
            PRED_MODE = 3:
            :...CTX_SPLIT in {4,5}: 1 (43/14)
            :   CTX_SPLIT = 6: 0 (2/1)
            :   CTX_SPLIT = 0:
            :   :...BEST_COST <= 4751.37: 0 (3)
            :   :   BEST_COST > 4751.37: 1 (2)
            :   CTX_SPLIT = 1:
            :   :...AVG_NEIGH_DEPTH <= 1.90063: 0 (2)
            :   :   AVG_NEIGH_DEPTH > 1.90063: 1 (5)
            :   CTX_SPLIT = 2:
            :   :...SSE <= 518781: 0 (12/2)
            :   :   SSE > 518781: 1 (2)
            :   CTX_SPLIT = 3:
            :   :...RATIO_BEST-MSM <= 0.585258: 0 (5)
            :       RATIO_BEST-MSM > 0.585258:
            :       :...BITS <= 72: 0 (2)
            :           BITS > 72: 1 (11)
            PRED_MODE = 2:
            :...MVD_MOD_FRAC in {0.353553,0.559017,0.707107}: 0 (14/2)
                MVD_MOD_FRAC = 1.06066: 1 (5/1)
                MVD_MOD_FRAC = 0.25:
                :...RATIO_BEST-MSM <= 0.82022: 0 (8)
                :   RATIO_BEST-MSM > 0.82022: 1 (7/1)
                MVD_MOD_FRAC = 0.5:
                :...INTER_DIR in {0,2}: 0 (0)
                :   INTER_DIR = 1: 1 (2)
                :   INTER_DIR = 3: 0 (9/1)
                MVD_MOD_FRAC = 0.75:
                :...MVD_MOD_INT <= 0: 0 (3)
                :   MVD_MOD_INT > 0: 1 (3)
                MVD_MOD_FRAC = 0.790569:
                :...SSE <= 4070: 0 (6)
                :   SSE > 4070: 1 (2)
                MVD_MOD_FRAC = 0.901388:
                :...SSE <= 3943: 0 (7)
                :   SSE > 3943: 1 (3)
                MVD_MOD_FRAC = 0:
                :...BEST_COST <= 2333.17: 0 (29/2)
                    BEST_COST > 2333.17:
                    :...MV_MOD_FRAC in {0.25,0.559017,0.707107,
                        :               0.790569}: 0 (36/10)
                        MV_MOD_FRAC in {0.353553,0.5,0.75,0.901388,
                        :               1.06066}: 1 (17/5)
                        MV_MOD_FRAC = 0:
                        :...NON-Z-COEFF > 9: 1 (6)
                            NON-Z-COEFF <= 9:
                            :...REF_IDX in {-1,1}: 0 (26/7)
                                REF_IDX = 0: 1 (12/3)


Evaluation on training data (2536 cases):

	    Decision Tree   
	  ----------------  
	  Size      Errors  

	    80  338(13.3%)   <<


	   (a)   (b)    <-classified as
	  ----  ----
	  1379   176    (a): class 0
	   162   819    (b): class 1


	Attribute usage:

	    100%  BITS
	     87%  TU_DEPTH
	     53%  PU_SIZE
	     46%  DISTORTION
	     16%  MVD_MOD_FRAC
	     12%  PRED_MODE
	      9%  dQP
	      8%  BEST_COST
	      7%  CTX_SPLIT
	      4%  NON-Z-COEFF
	      4%  MV_MOD_FRAC
	      4%  AVG_NEIGH_DEPTH
	      2%  COST_2Nx2N
	      2%  REF_IDX
	      2%  RATIO_2Nx2N-MSM
	      2%  SAD
	      2%  RATIO_BEST-MSM
	      1%  SSE


Time: 0.0 secs
