
C5.0 [Release 2.07 GPL Edition]  	Thu Feb 16 11:19:46 2017
-------------------------------

    Options:
	Boosted classifiers
	Application `./ONLINE/BOOST/BasketballDrill_d1_qp37'

Read 632 cases (28 attributes) from ./ONLINE/BOOST/BasketballDrill_d1_qp37.data

-----  Trial 0:  -----

Decision tree:

BITS > 61: 1 (117/14)
BITS <= 61:
:...COST_MSM <= 91954.6: 0 (292/9)
    COST_MSM > 91954.6:
    :...COST_2Nx2N > 338712:
        :...BEST_COST <= 388661: 1 (17/2)
        :   BEST_COST > 388661: 0 (3)
        COST_2Nx2N <= 338712:
        :...CTX_SPLIT = 6: 0 (0)
            CTX_SPLIT = 0: 0 (46/3)
            CTX_SPLIT = 5: 1 (3/1)
            CTX_SPLIT = 1:
            :...RATIO_2Nx2N-MSM <= 1.56825: 0 (67/12)
            :   RATIO_2Nx2N-MSM > 1.56825: 1 (2)
            CTX_SPLIT = 2:
            :...COLOC_SPLIT = 2: 0 (34/8)
            :   COLOC_SPLIT = 0:
            :   :...BITS <= 15: 0 (2)
            :   :   BITS > 15: 1 (2)
            :   COLOC_SPLIT = 1:
            :   :...BITS <= 21: 1 (8/1)
            :       BITS > 21: 0 (3)
            CTX_SPLIT = 3:
            :...FME in {0,2}: 0 (17/3)
            :   FME = 1:
            :   :...DISTORTION <= 102033: 0 (2)
            :       DISTORTION > 102033: 1 (4)
            CTX_SPLIT = 4:
            :...FME = 0: 1 (2)
                FME = 1: 0 (4)
                FME = 2:
                :...AVG_NEIGH_DEPTH <= 1.03487: 1 (2)
                    AVG_NEIGH_DEPTH > 1.03487: 0 (5)

-----  Trial 1:  -----

Decision tree:

COST_MSM <= 42128.3: 0 (117.1/3.5)
COST_MSM > 42128.3:
:...TU_DEPTH = 2: 1 (20.5/3.5)
    TU_DEPTH = 1:
    :...RATIO_BEST-MSM <= 0.488141: 0 (4.3)
    :   RATIO_BEST-MSM > 0.488141:
    :   :...AVG_NEIGH_DEPTH <= 2.08685: 1 (37.1/1.5)
    :       AVG_NEIGH_DEPTH > 2.08685: 0 (5/1.5)
    TU_DEPTH = 0:
    :...BITS <= 4:
        :...RATIO_BEST-MSM > 1.05086: 1 (7.7/0.8)
        :   RATIO_BEST-MSM <= 1.05086:
        :   :...COST_2Nx2N <= 252665: 0 (121.4/11.2)
        :       COST_2Nx2N > 252665: 1 (13.9/4.6)
        BITS > 4:
        :...MVD_MOD_INT > 2.23607: 0 (32.1/5.4)
            MVD_MOD_INT <= 2.23607:
            :...COST_MSM <= 82980.6:
                :...MV_MOD_INT > 30.8058: 1 (7)
                :   MV_MOD_INT <= 30.8058:
                :   :...COLOC_SPLIT = 0: 0 (29/7)
                :       COLOC_SPLIT = 1: 0 (29.4/3.5)
                :       COLOC_SPLIT = 2: 1 (4.3/0.8)
                COST_MSM > 82980.6:
                :...PU_SIZE = 1: 1 (46.8/10)
                    PU_SIZE = 2: 1 (34.8/13.1)
                    PU_SIZE = 4: 0 (16.2/5.8)
                    PU_SIZE = 5: 1 (13.9/7)
                    PU_SIZE = 6: 0 (20.5/8.5)
                    PU_SIZE = 7: 0 (9.3/3.1)
                    PU_SIZE = 0:
                    :...NON-Z-COEFF <= 6: 0 (43.3/18.2)
                        NON-Z-COEFF > 6: 1 (18.5/1.5)

-----  Trial 2:  -----

Decision tree:

BITS > 92: 1 (79.4/14)
BITS <= 92:
:...TU_DEPTH = 1: 1 (17.2/4.2)
    TU_DEPTH = 2: 0 (5.7/1.2)
    TU_DEPTH = 0:
    :...BITS <= 4:
        :...SSE <= 35805: 0 (78.7)
        :   SSE > 35805:
        :   :...RATIO_BEST-MSM <= 1.0521: 0 (99/22.7)
        :       RATIO_BEST-MSM > 1.0521: 1 (5.6)
        BITS > 4:
        :...COLOC_SPLIT = 0: 0 (101.6/26.8)
            COLOC_SPLIT = 2:
            :...MVD_MOD_INT > 0: 0 (24.6/5.7)
            :   MVD_MOD_INT <= 0:
            :   :...MVP_IDX = 0: 1 (0.6)
            :       MVP_IDX = 1: 1 (6.8/1.2)
            :       MVP_IDX = -1:
            :       :...BITS <= 14: 0 (12.6/1.2)
            :           BITS > 14:
            :           :...COST_MSM <= 259658: 1 (26.6/4.3)
            :               COST_MSM > 259658: 0 (16.1/4.9)
            COLOC_SPLIT = 1:
            :...BITS > 42: 0 (27.4/3)
                BITS <= 42:
                :...MVP_IDX = 0: 0 (20.2/9.9)
                    MVP_IDX = 1: 0 (15.8/2.4)
                    MVP_IDX = -1:
                    :...MV_MOD_INT <= 0: 0 (27.9/8.4)
                        MV_MOD_INT > 0:
                        :...RATIO_BEST-MSM <= 0.519714: 0 (3.6)
                            RATIO_BEST-MSM > 0.519714:
                            :...REF_IDX = -1: 1 (0)
                                REF_IDX = 1: 1 (9/0.6)
                                REF_IDX = 0:
                                :...AVG_NEIGH_DEPTH <= 0.612903: 0 (2.4)
                                    AVG_NEIGH_DEPTH > 0.612903:
                                    :...RATIO_BEST_2Nx2N <= 0.682328: 0 (5.4/1.8)
                                        RATIO_BEST_2Nx2N > 0.682328: 1 (45.6/7.4)

-----  Trial 3:  -----

Decision tree:

SSE <= 23902: 0 (43.6)
SSE > 23902:
:...COST_MSM <= 44864.6: 0 (53.7/5.9)
    COST_MSM > 44864.6:
    :...BITS > 179: 1 (33.3/4.1)
        BITS <= 179:
        :...MV_MOD_FRAC = 0.353553: 0 (28.8/9.7)
            MV_MOD_FRAC = 0.5: 1 (44.8/21.7)
            MV_MOD_FRAC = 0.559017: 1 (38.8/15.3)
            MV_MOD_FRAC = 0.707107: 1 (24.3/11.4)
            MV_MOD_FRAC = 0.75: 1 (20.7/9.3)
            MV_MOD_FRAC = 0.790569: 1 (29.7/11.3)
            MV_MOD_FRAC = 0.901388: 0 (25.9/10.1)
            MV_MOD_FRAC = 1.06066: 0 (16.1/1.9)
            MV_MOD_FRAC = 0.25:
            :...BITS <= 4: 0 (19.7)
            :   BITS > 4:
            :   :...NON-Z-COEFF > 9: 0 (5.7)
            :       NON-Z-COEFF <= 9:
            :       :...RATIO_BEST-MSM <= 1.00037: 1 (58.8/16.2)
            :           RATIO_BEST-MSM > 1.00037: 0 (6.8/0.5)
            MV_MOD_FRAC = 0:
            :...RATIO_BEST-MSM <= 0.593985: 0 (11)
                RATIO_BEST-MSM > 0.593985:
                :...RATIO_BEST-MSM <= 0.63368: 1 (15.9)
                    RATIO_BEST-MSM > 0.63368:
                    :...COST_2Nx2N > 216116:
                        :...AVG_NEIGH_DEPTH <= 0.602564: 0 (4.8)
                        :   AVG_NEIGH_DEPTH > 0.602564: 1 (38.7/8.1)
                        COST_2Nx2N <= 216116:
                        :...SSE > 2317568: 1 (6)
                            SSE <= 2317568:
                            :...REF_IDX = 0: 0 (31.9/5.2)
                                REF_IDX = 1: 0 (8.3/4.1)
                                REF_IDX = -1:
                                :...RATIO_BEST-MSM <= 0.938377: 0 (43.4/10.4)
                                    RATIO_BEST-MSM > 0.938377: 1 (21.2/4)

-----  Trial 4:  -----

Decision tree:

SSE <= 23902: 0 (36)
SSE > 23902:
:...BITS > 48:
    :...RATIO_BEST-MSM <= 0.519714: 0 (8.6)
    :   RATIO_BEST-MSM > 0.519714:
    :   :...SSE <= 44022: 1 (31.6/0.4)
    :       SSE > 44022:
    :       :...RATIO_2Nx2N-MSM <= 0.885856: 0 (20.1/5.1)
    :           RATIO_2Nx2N-MSM > 0.885856:
    :           :...COST_2Nx2N > 128505: 1 (32.4)
    :               COST_2Nx2N <= 128505:
    :               :...COST_2Nx2N <= 115170: 1 (34.7/8.6)
    :                   COST_2Nx2N > 115170: 0 (12.6/0.8)
    BITS <= 48:
    :...SAD > 10409: 1 (31.4/5.9)
        SAD <= 10409:
        :...NON-Z-COEFF > 4: 0 (41.2/3.5)
            NON-Z-COEFF <= 4:
            :...AVG_NEIGH_DEPTH <= 0.588068: 0 (36.3)
                AVG_NEIGH_DEPTH > 0.588068:
                :...MVD_MOD_FRAC = 0.901388: 0 (0)
                    MVD_MOD_FRAC = 0.25: 0 (17/6.2)
                    MVD_MOD_FRAC = 0.353553: 0 (3.5)
                    MVD_MOD_FRAC = 0.5: 1 (10/3.7)
                    MVD_MOD_FRAC = 0.559017: 1 (5.9/2.5)
                    MVD_MOD_FRAC = 0.707107: 0 (1.1)
                    MVD_MOD_FRAC = 0.75: 1 (7.8/3.5)
                    MVD_MOD_FRAC = 0.790569: 0 (2)
                    MVD_MOD_FRAC = 1.06066: 0 (1.1)
                    MVD_MOD_FRAC = 0:
                    :...RATIO_BEST-MSM <= 0.63368: 1 (27.2/7.6)
                        RATIO_BEST-MSM > 0.63368:
                        :...INTER_DIR = 0: 0 (2.1)
                            INTER_DIR = 1: 0 (28.7)
                            INTER_DIR = 2:
                            :...RATIO_BEST_2Nx2N <= 0.733913: 0 (8.2)
                            :   RATIO_BEST_2Nx2N > 0.733913: 1 (37.6/17.8)
                            INTER_DIR = 3:
                            :...DISTORTION <= 64251:
                                :...DISTORTION <= 23629: 1 (4.2)
                                :   DISTORTION > 23629:
                                :   :...RATIO_BEST-MSM <= 1.07368: 0 (58.7/3.7)
                                :       RATIO_BEST-MSM > 1.07368: 1 (3.2/0.4)
                                DISTORTION > 64251:
                                :...BITS > 14: 1 (29.6/7.8)
                                    BITS <= 14:
                                    :...REF_IDX = -1: 0 (0)
                                        REF_IDX = 1: 0 (7)
                                        REF_IDX = 0:
                                        :...RATIO_BEST-MSM <= 0.981794: 0 (11.7)
                                            RATIO_BEST-MSM > 0.981794:
                                            :...PRED_MODE = 3: 0 (0)
                                                PRED_MODE = 1: 1 (3.1)
                                                PRED_MODE = 2: 0 (2.1)
                                                PRED_MODE = 0: [S1]

SubTree [S1]

RATIO_BEST-MSM > 1.03102: 1 (6.7)
RATIO_BEST-MSM <= 1.03102:
:...AVG_NEIGH_DEPTH > 1.19927: 0 (11)
    AVG_NEIGH_DEPTH <= 1.19927:
    :...COST_MSM <= 103886: 0 (10.9)
        COST_MSM > 103886: 1 (46.8/17.5)

-----  Trial 5:  -----

Decision tree:

BITS > 48:
:...RATIO_BEST-MSM <= 0.519714: 0 (6.8)
:   RATIO_BEST-MSM > 0.519714: 1 (126.3/35.7)
BITS <= 48:
:...SSE <= 35805:
    :...BITS <= 31: 0 (79.2)
    :   BITS > 31: 1 (10.1/3)
    SSE > 35805:
    :...PRED_MODE = 2: 0 (79.2/17.9)
        PRED_MODE = 3: 0 (3.1)
        PRED_MODE = 1:
        :...SSE <= 267722: 0 (167.2/59.7)
        :   SSE > 267722: 1 (9.4)
        PRED_MODE = 0:
        :...MV_MOD_INT > 13.9284: 1 (12.7/3.5)
            MV_MOD_INT <= 13.9284:
            :...SSE <= 36392: 1 (6.7/0.7)
                SSE > 36392: 0 (131.4/28.8)

-----  Trial 6:  -----

Decision tree:

SSE <= 23902: 0 (25.9)
SSE > 23902:
:...TU_DEPTH = 1: 1 (39.6/16)
    TU_DEPTH = 2: 1 (16.6/3.4)
    TU_DEPTH = 0:
    :...BITS <= 4:
        :...BITS > 3: 0 (22.6)
        :   BITS <= 3:
        :   :...COST_2Nx2N > 252665: 1 (18.9/5)
        :       COST_2Nx2N <= 252665:
        :       :...SAD <= 8727: 0 (98.9/15.4)
        :           SAD > 8727: 1 (5.4/0.5)
        BITS > 4:
        :...MVD_MOD_FRAC = 0.25: 1 (25.7/8.1)
            MVD_MOD_FRAC = 0.353553: 0 (7.4/0.8)
            MVD_MOD_FRAC = 0.5: 0 (14.1/6.1)
            MVD_MOD_FRAC = 0.559017: 0 (16/3.7)
            MVD_MOD_FRAC = 0.707107: 0 (0.7)
            MVD_MOD_FRAC = 0.75: 0 (19.9/6.3)
            MVD_MOD_FRAC = 0.790569: 1 (6.5/2.7)
            MVD_MOD_FRAC = 0.901388: 0 (11.4/3.5)
            MVD_MOD_FRAC = 1.06066: 0 (3.7/1.7)
            MVD_MOD_FRAC = 0:
            :...MV_MOD_FRAC = 0.353553: 0 (8.2)
                MV_MOD_FRAC = 0.5: 1 (22.8/9.2)
                MV_MOD_FRAC = 0.559017: 1 (10.8/2.3)
                MV_MOD_FRAC = 0.707107: 1 (8.3/3.9)
                MV_MOD_FRAC = 0.75: 0 (8.2/3.4)
                MV_MOD_FRAC = 0.790569: 1 (19.5/8.6)
                MV_MOD_FRAC = 0.901388: 1 (5.1/2.3)
                MV_MOD_FRAC = 1.06066: 0 (11.6/3.3)
                MV_MOD_FRAC = 0.25:
                :...COST_MSM <= 91668.7: 0 (11.2)
                :   COST_MSM > 91668.7: 1 (51.8/17)
                MV_MOD_FRAC = 0:
                :...NON-Z-COEFF > 8: 1 (13.7/0.3)
                    NON-Z-COEFF <= 8:
                    :...RATIO_BEST-MSM <= 0.593985: 0 (11.3)
                        RATIO_BEST-MSM > 0.593985:
                        :...RATIO_BEST-MSM <= 0.63368: 1 (11.6)
                            RATIO_BEST-MSM > 0.63368:
                            :...REF_IDX = 0: 0 (24/8.4)
                                REF_IDX = 1: 0 (3.8)
                                REF_IDX = -1:
                                :...RATIO_BEST-MSM <= 0.997307: 0 (66.6/20.7)
                                    RATIO_BEST-MSM > 0.997307: 1 (10)

-----  Trial 7:  -----

Decision tree:

COST_MSM <= 42128.3: 0 (51.6/2.3)
COST_MSM > 42128.3:
:...BITS > 153: 1 (38.5/7)
    BITS <= 153:
    :...PU_SIZE = 4: 0 (33.2/10)
        PU_SIZE = 5: 0 (21.6/5.4)
        PU_SIZE = 7: 0 (22.2/11)
        PU_SIZE = 6:
        :...RATIO_BEST_2Nx2N <= 0.795439: 1 (22.9/5.2)
        :   RATIO_BEST_2Nx2N > 0.795439: 0 (18.3/1.3)
        PU_SIZE = 1:
        :...MVD_MOD_INT > 1: 0 (14.2/0.2)
        :   MVD_MOD_INT <= 1:
        :   :...TU_DEPTH = 1: 0 (9/1.7)
        :       TU_DEPTH = 2: 1 (0.2)
        :       TU_DEPTH = 0:
        :       :...COST_MSM <= 82545.1: 0 (4.8)
        :           COST_MSM > 82545.1: 1 (49.6/15.1)
        PU_SIZE = 2:
        :...BITS <= 13: 0 (9.9)
        :   BITS > 13:
        :   :...COST_2Nx2N > 320752: 1 (16.7)
        :       COST_2Nx2N <= 320752:
        :       :...COST_2Nx2N > 252804: 0 (13.2)
        :           COST_2Nx2N <= 252804:
        :           :...AVG_NEIGH_DEPTH <= 1.38287: 1 (36.7/4.8)
        :               AVG_NEIGH_DEPTH > 1.38287: 0 (5.3/0.9)
        PU_SIZE = 0:
        :...MVD_MOD_FRAC = 0.25: 1 (11/3.4)
            MVD_MOD_FRAC = 0.353553: 0 (2)
            MVD_MOD_FRAC = 0.5: 0 (2.2)
            MVD_MOD_FRAC = 0.559017: 0 (8.7)
            MVD_MOD_FRAC = 0.707107: 0 (0.6)
            MVD_MOD_FRAC = 0.75: 0 (5.2/1.6)
            MVD_MOD_FRAC = 0.790569: 1 (0.7)
            MVD_MOD_FRAC = 0.901388: 1 (2.5)
            MVD_MOD_FRAC = 1.06066: 0 (1.1)
            MVD_MOD_FRAC = 0:
            :...MVP_IDX = 0: 0 (0.2)
                MVP_IDX = 1: 1 (2.7/0.7)
                MVP_IDX = -1:
                :...NON-Z-COEFF <= 1:
                    :...BITS <= 1: 0 (30.5/5.7)
                    :   BITS > 1:
                    :   :...COST_2Nx2N <= 251250: 0 (94.4/20.5)
                    :       COST_2Nx2N > 251250: 1 (12.1/2.1)
                    NON-Z-COEFF > 1:
                    :...TU_DEPTH = 1: 1 (2.6)
                        TU_DEPTH = 2: 1 (0.2)
                        TU_DEPTH = 0:
                        :...BITS > 120: 1 (5.7)
                            BITS <= 120:
                            :...BEST_COST > 162972: 1 (25.9/8.3)
                                BEST_COST <= 162972:
                                :...RATIO_BEST_2Nx2N <= 0.716068: 1 (16/6.4)
                                    RATIO_BEST_2Nx2N > 0.716068: 0 (38.7/3)

-----  Trial 8:  -----

Decision tree:

BITS > 61:
:...BITS <= 71: 1 (24.5)
:   BITS > 71:
:   :...AVG_NEIGH_DEPTH <= 0.569744: 1 (10.9)
:       AVG_NEIGH_DEPTH > 0.569744:
:       :...COST_MSM > 126818: 1 (32.8/4.7)
:           COST_MSM <= 126818:
:           :...SSE <= 44022: 1 (11.6/0.8)
:               SSE > 44022:
:               :...RATIO_2Nx2N-MSM <= 1.1199: 0 (36.3/5.5)
:                   RATIO_2Nx2N-MSM > 1.1199: 1 (11.2/1.7)
BITS <= 61:
:...SSE <= 35805: 0 (73.8/7.5)
    SSE > 35805:
    :...CTX_SPLIT = 6: 0 (0)
        CTX_SPLIT = 0: 0 (64.8/7.8)
        CTX_SPLIT = 4: 0 (31/14.9)
        CTX_SPLIT = 5: 1 (10.6/1.7)
        CTX_SPLIT = 3:
        :...AVG_NEIGH_DEPTH <= 1.23953: 1 (32.3/7.6)
        :   AVG_NEIGH_DEPTH > 1.23953: 0 (26.2/3.8)
        CTX_SPLIT = 1:
        :...TU_DEPTH = 2: 0 (0)
        :   TU_DEPTH = 1: 1 (4.6)
        :   TU_DEPTH = 0:
        :   :...RATIO_BEST_2Nx2N > 0.881883: 0 (58.2/7.4)
        :       RATIO_BEST_2Nx2N <= 0.881883:
        :       :...MVD_MOD_FRAC in {0.353553,0.707107,0.75,0.790569,0.901388,
        :           :                1.06066}: 1 (0)
        :           MVD_MOD_FRAC = 0.25: 1 (4.8)
        :           MVD_MOD_FRAC = 0.5: 0 (0.5)
        :           MVD_MOD_FRAC = 0.559017: 1 (3.7)
        :           MVD_MOD_FRAC = 0:
        :           :...NON-Z-COEFF <= 2: 0 (42.6/16.4)
        :               NON-Z-COEFF > 2: 1 (19/2.8)
        CTX_SPLIT = 2:
        :...RATIO_2Nx2N-MSM > 1.22631: 0 (27.7)
            RATIO_2Nx2N-MSM <= 1.22631:
            :...MVD_MOD_INT > 1: 0 (8.9)
                MVD_MOD_INT <= 1:
                :...RATIO_2Nx2N-MSM > 1.09817: 1 (31.8/5.3)
                    RATIO_2Nx2N-MSM <= 1.09817:
                    :...COLOC_SPLIT = 0: 0 (4.4)
                        COLOC_SPLIT = 1: 1 (16.8/4.9)
                        COLOC_SPLIT = 2: 0 (41/9.2)

-----  Trial 9:  -----

Decision tree:

COST_MSM <= 42128.3: 0 (34.1)
COST_MSM > 42128.3:
:...BITS > 61:
    :...RATIO_BEST-MSM <= 0.519714: 0 (7.6)
    :   RATIO_BEST-MSM > 0.519714:
    :   :...BITS > 179: 1 (26.4)
    :       BITS <= 179:
    :       :...SSE <= 44022: 1 (20.8)
    :           SSE > 44022:
    :           :...COST_2Nx2N > 279073: 1 (10.9)
    :               COST_2Nx2N <= 279073:
    :               :...MVD_MOD_FRAC in {0.25,0.353553,0.707107,0.790569,
    :                   :                0.901388}: 1 (0)
    :                   MVD_MOD_FRAC = 0.5: 1 (0.4)
    :                   MVD_MOD_FRAC = 0.559017: 0 (2.7)
    :                   MVD_MOD_FRAC = 0.75: 0 (4)
    :                   MVD_MOD_FRAC = 1.06066: 1 (1.6)
    :                   MVD_MOD_FRAC = 0:
    :                   :...FME = 1: 1 (3.3)
    :                       FME = 2: 1 (4.3)
    :                       FME = 0:
    :                       :...BEST_COST > 139640: 1 (5)
    :                           BEST_COST <= 139640:
    :                           :...NON-Z-COEFF <= 9: 0 (33.9/13)
    :                               NON-Z-COEFF > 9: 1 (7.2)
    BITS <= 61:
    :...COST_2Nx2N > 338712: 1 (39.5/9.4)
        COST_2Nx2N <= 338712:
        :...AVG_NEIGH_DEPTH <= 0.602564: 0 (37.3/2.3)
            AVG_NEIGH_DEPTH > 0.602564:
            :...MVD_MOD_FRAC = 0.901388: 0 (0)
                MVD_MOD_FRAC = 0.25: 0 (20.9/7.1)
                MVD_MOD_FRAC = 0.353553: 0 (6.1)
                MVD_MOD_FRAC = 0.5: 0 (8.3)
                MVD_MOD_FRAC = 0.559017: 1 (5.9/2.9)
                MVD_MOD_FRAC = 0.707107: 0 (0.4)
                MVD_MOD_FRAC = 0.75: 1 (11.9/4.7)
                MVD_MOD_FRAC = 0.790569: 0 (2.4)
                MVD_MOD_FRAC = 1.06066: 0 (1.1)
                MVD_MOD_FRAC = 0:
                :...AVG_NEIGH_DEPTH > 1.63352: 0 (17.2)
                    AVG_NEIGH_DEPTH <= 1.63352:
                    :...BITS <= 4:
                        :...RATIO_BEST-MSM > 1.05783: 1 (7.9)
                        :   RATIO_BEST-MSM <= 1.05783:
                        :   :...BEST_COST <= 161933: 0 (47.5)
                        :       BEST_COST > 161933:
                        :       :...SAD <= 7605: 1 (5.9)
                        :           SAD > 7605: 0 (36.3/8.5)
                        BITS > 4:
                        :...AVG_NEIGH_DEPTH <= 0.707692: 1 (27.6/3.9)
                            AVG_NEIGH_DEPTH > 0.707692:
                            :...BEST_COST > 182134: 1 (29/5.5)
                                BEST_COST <= 182134:
                                :...CTX_SPLIT = 6: 0 (0)
                                    CTX_SPLIT = 0: 0 (14.6)
                                    CTX_SPLIT = 3: 0 (15.1/4.5)
                                    CTX_SPLIT = 4: 1 (12.5/6)
                                    CTX_SPLIT = 5: 0 (3.5)
                                    CTX_SPLIT = 2:
                                    :...SSE <= 36681: 1 (7.7)
                                    :   SSE > 36681:
                                    :   :...SAD > 10548: 1 (2.6)
                                    :       SAD <= 10548:
                                    :       :...AVG_NEIGH_DEPTH <= 1.57081: 0 (37.1/2.6)
                                    :           AVG_NEIGH_DEPTH > 1.57081: 1 (7.6/1.9)
                                    CTX_SPLIT = 1:
                                    :...MVP_IDX = 0: 1 (0)
                                        MVP_IDX = 1: 0 (2.2)
                                        MVP_IDX = -1:
                                        :...NON-Z-COEFF > 12: 0 (3.4)
                                            NON-Z-COEFF <= 12:
                                            :...RATIO_BEST-MSM <= 0.588916: 0 (4.6)
                                                RATIO_BEST-MSM > 0.588916:
                                                :...COST_MSM > 160697: 0 (4.6)
                                                    COST_MSM <= 160697:
                                                    :...SSE <= 35125: 0 (2.2)
                                                        SSE > 35125: 1 (41/5.7)


Evaluation on training data (632 cases):

Trial	       Decision Tree       
-----	  -----------------------  
	  Size      Errors   Cost  

   0	    20   53( 8.4%)   0.08
   1	    21  101(16.0%)   0.16
   2	    22   76(12.0%)   0.12
   3	    24  152(24.1%)   0.24
   4	    35   82(13.0%)   0.13
   5	    11   81(12.8%)   0.13
   6	    33  103(16.3%)   0.16
   7	    37   93(14.7%)   0.15
   8	    25   68(10.8%)   0.11
   9	    45   61( 9.7%)   0.10
boost	         11( 1.7%)   0.02   <<


	   (a)   (b)    <-classified as
	  ----  ----
	   456     2    (a): class 0
	     9   165    (b): class 1


	Attribute usage:

	    100%  BITS
	    100%  SSE
	    100%  COST_MSM
	    100%  TU_DEPTH
	     83%  AVG_NEIGH_DEPTH
	     81%  MVD_MOD_FRAC
	     79%  COST_2Nx2N
	     77%  RATIO_BEST-MSM
	     77%  NON-Z-COEFF
	     75%  MV_MOD_FRAC
	     71%  PU_SIZE
	     66%  SAD
	     56%  MVP_IDX
	     54%  CTX_SPLIT
	     50%  PRED_MODE
	     48%  COLOC_SPLIT
	     44%  MVD_MOD_INT
	     43%  BEST_COST
	     40%  INTER_DIR
	     39%  RATIO_2Nx2N-MSM
	     37%  MV_MOD_INT
	     37%  REF_IDX
	     30%  RATIO_BEST_2Nx2N
	     29%  DISTORTION
	     11%  FME


Time: 0.1 secs
