
C5.0 [Release 2.07 GPL Edition]  	Thu Feb 16 08:53:01 2017
-------------------------------

    Options:
	Boosted classifiers
	Application `./ONLINE/BOOST/BasketballPass_d1_qp32'

Read 164 cases (28 attributes) from ./ONLINE/BOOST/BasketballPass_d1_qp32.data

-----  Trial 0:  -----

Decision tree:

BITS <= 12:
:...BEST_COST <= 68428.5: 0 (89/2)
:   BEST_COST > 68428.5:
:   :...CTX_SPLIT in {0,5,6}: 1 (0)
:       CTX_SPLIT in {1,3}: 0 (4)
:       CTX_SPLIT in {2,4}: 1 (8/1)
BITS > 12:
:...dQP = 2: 1 (0)
    dQP in {1,4}: 1 (40/1)
    dQP = 3:
    :...PRED_MODE in {0,3}: 1 (0)
        PRED_MODE = 2: 1 (12/1)
        PRED_MODE = 1:
        :...DISTORTION <= 49010: 0 (8/1)
            DISTORTION > 49010: 1 (3)

-----  Trial 1:  -----

Decision tree:

RATIO_BEST-MSM > 0.969858:
:...RATIO_BEST_2Nx2N <= 0.627882: 1 (10.4/3)
:   RATIO_BEST_2Nx2N > 0.627882: 0 (80/4.6)
RATIO_BEST-MSM <= 0.969858:
:...COLOC_SPLIT = 0: 0 (1.5/0.8)
    COLOC_SPLIT = 1: 1 (39.7/1.5)
    COLOC_SPLIT = 2:
    :...PREDMV_MOD_INT > 6: 0 (8.9)
        PREDMV_MOD_INT <= 6:
        :...BEST_COST <= 56190.9: 0 (7.6/1.5)
            BEST_COST > 56190.9: 1 (15.9/0.8)

-----  Trial 2:  -----

Decision tree:

BITS > 78: 1 (21.7)
BITS <= 78:
:...MVD_MOD_FRAC in {0.353553,0.707107,0.790569,1.06066}: 0 (0)
    MVD_MOD_FRAC = 0.25: 1 (1.8)
    MVD_MOD_FRAC = 0.5: 1 (0.6)
    MVD_MOD_FRAC = 0.559017: 0 (6.2/0.6)
    MVD_MOD_FRAC = 0.75: 0 (0.6)
    MVD_MOD_FRAC = 0.901388: 0 (0.6)
    MVD_MOD_FRAC = 0:
    :...TU_DEPTH = 2: 0 (0)
        TU_DEPTH = 1: 1 (4.7)
        TU_DEPTH = 0:
        :...PU_SIZE = 1: 1 (0.6)
            PU_SIZE = 2: 1 (13.9/6.5)
            PU_SIZE = 4: 1 (1.2)
            PU_SIZE = 5: 1 (3.5)
            PU_SIZE = 6: 0 (13.5/5.3)
            PU_SIZE = 7: 1 (5.6)
            PU_SIZE = 0:
            :...COST_2Nx2N <= 77270: 0 (61.3)
                COST_2Nx2N > 77270:
                :...NON-Z-COEFF <= 1: 0 (6.8)
                    NON-Z-COEFF > 1: 1 (21.5/1.2)

-----  Trial 3:  -----

Decision tree:

TU_DEPTH = 1: 1 (17/4.4)
TU_DEPTH = 2: 1 (7.2)
TU_DEPTH = 0:
:...MVD_MOD_FRAC in {0.353553,0.707107,0.790569,1.06066}: 0 (0)
    MVD_MOD_FRAC = 0.25: 1 (1.4)
    MVD_MOD_FRAC = 0.5: 1 (0.5)
    MVD_MOD_FRAC = 0.559017: 1 (2.9)
    MVD_MOD_FRAC = 0.75: 0 (0.5)
    MVD_MOD_FRAC = 0.901388: 0 (0.5)
    MVD_MOD_FRAC = 0:
    :...PU_SIZE = 1: 1 (0.5)
        PU_SIZE = 4: 1 (0.9)
        PU_SIZE = 5: 1 (2.7)
        PU_SIZE = 6: 1 (23.1/6.4)
        PU_SIZE = 7: 1 (4.4)
        PU_SIZE = 2:
        :...DISTORTION <= 17421: 1 (4.8)
        :   DISTORTION > 17421: 0 (23.3/0.9)
        PU_SIZE = 0:
        :...COST_2Nx2N <= 77270: 0 (47.8/0.5)
            COST_2Nx2N > 77270:
            :...COLOC_SPLIT = 0: 1 (0)
                COLOC_SPLIT = 1: 0 (5.7)
                COLOC_SPLIT = 2: 1 (21/5.3)

-----  Trial 4:  -----

Decision tree:

COST_2Nx2N > 130841: 1 (10.9)
COST_2Nx2N <= 130841:
:...BITS > 78: 1 (13.5)
    BITS <= 78:
    :...INTER_DIR = 0: 0 (0)
        INTER_DIR = 1: 1 (9.3/2.2)
        INTER_DIR = 2: 0 (6.9)
        INTER_DIR = 3:
        :...PU_SIZE = 1: 1 (1.1/0.4)
            PU_SIZE = 4: 1 (1.1)
            PU_SIZE = 5: 1 (2.5)
            PU_SIZE = 6: 0 (20.6/2.2)
            PU_SIZE = 7: 1 (3.8)
            PU_SIZE = 2:
            :...FME = 0: 1 (3.3)
            :   FME = 1: 1 (10.8/4.5)
            :   FME = 2: 0 (15.4)
            PU_SIZE = 0:
            :...COST_2Nx2N <= 70887: 0 (34.4)
                COST_2Nx2N > 70887:
                :...AVG_NEIGH_DEPTH > 1.57882: 1 (6.9)
                    AVG_NEIGH_DEPTH <= 1.57882:
                    :...SSE <= 60804: 1 (9.3/4)
                        SSE > 60804: 0 (14.3)

-----  Trial 5:  -----

Decision tree:

COST_2Nx2N > 130841: 1 (8.5)
COST_2Nx2N <= 130841:
:...BITS > 9:
    :...RATIO_BEST-MSM <= 0.70139: 0 (25.4/2.2)
    :   RATIO_BEST-MSM > 0.70139: 1 (47.5/12.9)
    BITS <= 9:
    :...COST_2Nx2N <= 77270: 0 (53.1)
        COST_2Nx2N > 77270:
        :...COST_2Nx2N <= 89171.6: 1 (5.4)
            COST_2Nx2N > 89171.6: 0 (24.2/2.7)

-----  Trial 6:  -----

Decision tree:

BITS > 78: 1 (16.8)
BITS <= 78:
:...COST_2Nx2N > 115617: 1 (13.2/1.8)
    COST_2Nx2N <= 115617:
    :...PU_SIZE = 1: 0 (3.7/0.4)
        PU_SIZE = 4: 1 (2.3)
        PU_SIZE = 5: 1 (3.3)
        PU_SIZE = 7: 1 (2.3)
        PU_SIZE = 2:
        :...DISTORTION <= 17421: 1 (2.3)
        :   DISTORTION > 17421: 0 (32.6/3.1)
        PU_SIZE = 6:
        :...SAD <= 3768: 1 (7.2)
        :   SAD > 3768: 0 (17.4)
        PU_SIZE = 0:
        :...COST_2Nx2N <= 77270: 0 (40.5/1.1)
            COST_2Nx2N > 77270:
            :...NON-Z-COEFF <= 1: 0 (9.4)
                NON-Z-COEFF > 1: 1 (13.2/2.7)

-----  Trial 7:  -----

Decision tree:

BITS <= 12:
:...CTX_SPLIT = 6: 0 (0)
:   CTX_SPLIT = 0: 0 (9.3)
:   CTX_SPLIT = 1: 0 (23.7)
:   CTX_SPLIT = 3: 0 (19.1)
:   CTX_SPLIT = 4: 0 (7.9/3.4)
:   CTX_SPLIT = 5: 0 (0.2)
:   CTX_SPLIT = 2:
:   :...DISTORTION <= 62652: 0 (16.3/1.6)
:       DISTORTION > 62652: 1 (7.8)
BITS > 12:
:...RATIO_BEST-MSM <= 0.356257: 0 (6.1)
    RATIO_BEST-MSM > 0.356257:
    :...RATIO_BEST_2Nx2N > 0.978368: 0 (10.8/0.8)
        RATIO_BEST_2Nx2N <= 0.978368:
        :...PREDMV_MOD_INT <= 6: 1 (53.4)
            PREDMV_MOD_INT > 6: 0 (9.4/3.2)

-----  Trial 8:  -----

Decision tree:

BITS <= 13:
:...BEST_COST <= 131210: 0 (72.5/15.5)
:   BEST_COST > 131210: 1 (5.5)
BITS > 13:
:...RATIO_BEST-MSM <= 0.356257: 0 (4.7)
    RATIO_BEST-MSM > 0.356257:
    :...RATIO_BEST_2Nx2N <= 0.991752: 1 (72.5/3.2)
        RATIO_BEST_2Nx2N > 0.991752: 0 (8.9/2)

-----  Trial 9:  -----

Decision tree:

BITS > 78: 1 (33.2)
BITS <= 78:
:...MV_MOD_INT > 3.16228: 0 (15.7/0.1)
    MV_MOD_INT <= 3.16228:
    :...SSE <= 21829: 0 (10.2)
        SSE > 21829:
        :...MVD_MOD_FRAC in {0.353553,0.707107,0.75,0.790569,
            :                1.06066}: 1 (0)
            MVD_MOD_FRAC = 0.25: 1 (3.1)
            MVD_MOD_FRAC = 0.5: 1 (0.1)
            MVD_MOD_FRAC = 0.559017: 1 (3.5)
            MVD_MOD_FRAC = 0.901388: 0 (0.9)
            MVD_MOD_FRAC = 0:
            :...CTX_SPLIT = 6: 1 (0)
                CTX_SPLIT = 0: 0 (3)
                CTX_SPLIT = 1: 0 (10.7/0.9)
                CTX_SPLIT = 3: 0 (16.1/5.5)
                CTX_SPLIT = 4: 1 (19.4/2.2)
                CTX_SPLIT = 5: 0 (2.6/0.6)
                CTX_SPLIT = 2:
                :...MVP_IDX = 1: 1 (0)
                    MVP_IDX = -1: 1 (43.2/6.1)
                    MVP_IDX = 0: 0 (2.2)


Evaluation on training data (164 cases):

Trial	       Decision Tree       
-----	  -----------------------  
	  Size      Errors   Cost  

   0	     7    6( 3.7%)   0.04
   1	     7   16( 9.8%)   0.10
   2	    16   15( 9.1%)   0.09
   3	    17   13( 7.9%)   0.08
   4	    16    9( 5.5%)   0.05
   5	     6   18(11.0%)   0.11
   6	    13    8( 4.9%)   0.05
   7	    11   20(12.2%)   0.12
   8	     5   11( 6.7%)   0.07
   9	    14   21(12.8%)   0.13
boost	          0( 0.0%)   0.00   <<


	   (a)   (b)    <-classified as
	  ----  ----
	   101          (a): class 0
	          63    (b): class 1


	Attribute usage:

	    100%  BITS
	    100%  COST_2Nx2N
	    100%  RATIO_BEST-MSM
	    100%  TU_DEPTH
	     92%  RATIO_BEST_2Nx2N
	     80%  MVD_MOD_FRAC
	     80%  PU_SIZE
	     80%  MV_MOD_INT
	     77%  BEST_COST
	     77%  INTER_DIR
	     76%  SSE
	     73%  CTX_SPLIT
	     50%  COLOC_SPLIT
	     40%  PREDMV_MOD_INT
	     38%  dQP
	     23%  DISTORTION
	     15%  MVP_IDX
	     14%  PRED_MODE
	      9%  AVG_NEIGH_DEPTH
	      7%  NON-Z-COEFF
	      6%  FME
	      5%  SAD


Time: 0.0 secs
