
C5.0 [Release 2.07 GPL Edition]  	Thu Feb 16 11:19:52 2017
-------------------------------

    Options:
	Boosted classifiers
	Application `./ONLINE/BOOST/BasketballDrill_d2_qp32'

Read 1264 cases (28 attributes) from ./ONLINE/BOOST/BasketballDrill_d2_qp32.data

-----  Trial 0:  -----

Decision tree:

BITS > 62:
:...DISTORTION <= 6211: 0 (25/8)
:   DISTORTION > 6211:
:   :...dQP = 2: 1 (0)
:       dQP = 4: 1 (4/1)
:       dQP = 1:
:       :...COST_2Nx2N > 22434.4: 1 (84/1)
:       :   COST_2Nx2N <= 22434.4:
:       :   :...SSE <= 951435: 1 (86/14)
:       :       SSE > 951435: 0 (3)
:       dQP = 3:
:       :...NON-Z-COEFF > 14: 0 (4)
:           NON-Z-COEFF <= 14:
:           :...MV_MOD_INT <= 5.83095: 1 (13/1)
:               MV_MOD_INT > 5.83095:
:               :...TU_DEPTH in {0,2}: 0 (4)
:                   TU_DEPTH = 1: 1 (3)
BITS <= 62:
:...TU_DEPTH = 2:
    :...DISTORTION <= 6700: 1 (2)
    :   DISTORTION > 6700: 0 (3)
    TU_DEPTH = 1:
    :...DISTORTION > 16412: 1 (10)
    :   DISTORTION <= 16412:
    :   :...PREDMV_MOD_FRAC in {0.25,0.75,0.790569,0.901388,
    :       :                   1.06066}: 0 (0)
    :       PREDMV_MOD_FRAC in {0.353553,0.559017,0.707107}: 1 (6)
    :       PREDMV_MOD_FRAC = 0.5: 0 (2)
    :       PREDMV_MOD_FRAC = 0:
    :       :...RATIO_2Nx2N-MSM <= 0.916464: 0 (9)
    :           RATIO_2Nx2N-MSM > 0.916464:
    :           :...CTX_SPLIT in {3,6}: 0 (0)
    :               CTX_SPLIT = 1: 0 (4/1)
    :               CTX_SPLIT in {2,4,5}: 1 (7/1)
    :               CTX_SPLIT = 0:
    :               :...RATIO_2Nx2N-MSM > 1.27679: 1 (2)
    :                   RATIO_2Nx2N-MSM <= 1.27679:
    :                   :...BITS <= 32: 1 (2)
    :                       BITS > 32: 0 (7)
    TU_DEPTH = 0:
    :...SAD <= 1461: 0 (713/38)
        SAD > 1461:
        :...PU_SIZE = 4: 0 (3/1)
            PU_SIZE = 2:
            :...MVP_IDX in {-1,0}: 0 (24/6)
            :   MVP_IDX = 1: 1 (2)
            PU_SIZE = 5:
            :...BITS <= 19: 1 (4)
            :   BITS > 19: 0 (3/1)
            PU_SIZE = 6:
            :...AVG_NEIGH_DEPTH <= 1.0601: 1 (3)
            :   AVG_NEIGH_DEPTH > 1.0601: 0 (9)
            PU_SIZE = 7:
            :...PRED_MODE in {0,3}: 0 (0)
            :   PRED_MODE = 1: 0 (6/1)
            :   PRED_MODE = 2: 1 (2)
            PU_SIZE = 1:
            :...MVD_MOD_FRAC in {0.707107,0.790569,1.06066}: 1 (0)
            :   MVD_MOD_FRAC in {0.25,0.353553,0.559017,0.75}: 0 (8/1)
            :   MVD_MOD_FRAC in {0.5,0.901388}: 1 (4)
            :   MVD_MOD_FRAC = 0:
            :   :...MV_MOD_FRAC in {0.5,0.707107,0.75}: 1 (0)
            :       MV_MOD_FRAC in {0.25,0.790569,1.06066}: 0 (5/1)
            :       MV_MOD_FRAC in {0.353553,0.559017,0.901388}: 1 (8)
            :       MV_MOD_FRAC = 0:
            :       :...SSE <= 54979: 1 (6)
            :           SSE > 54979: 0 (4)
            PU_SIZE = 0:
            :...BITS <= 38:
                :...RATIO_BEST-MSM <= 1.00629: 0 (131/16)
                :   RATIO_BEST-MSM > 1.00629:
                :   :...RATIO_BEST_2Nx2N <= 0.715558: 0 (9/1)
                :       RATIO_BEST_2Nx2N > 0.715558:
                :       :...SAD <= 1578: 0 (4)
                :           SAD > 1578: 1 (14/2)
                BITS > 38:
                :...BITS <= 42: 1 (6)
                    BITS > 42:
                    :...NON-Z-COEFF > 6: 0 (3)
                        NON-Z-COEFF <= 6:
                        :...RATIO_BEST-MSM <= 0.682409: 0 (5)
                            RATIO_BEST-MSM > 0.682409:
                            :...AVG_NEIGH_DEPTH <= 1.97727: 1 (5)
                                AVG_NEIGH_DEPTH > 1.97727: 0 (3/1)

-----  Trial 1:  -----

Decision tree:

BITS <= 10:
:...SSE > 16848:
:   :...AVG_NEIGH_DEPTH <= 1.11888: 1 (23.6/4.6)
:   :   AVG_NEIGH_DEPTH > 1.11888:
:   :   :...RATIO_BEST-MSM <= 1.03296: 0 (45.3/11.4)
:   :       RATIO_BEST-MSM > 1.03296: 1 (3.8)
:   SSE <= 16848:
:   :...BITS <= 4: 0 (314.3/3.8)
:       BITS > 4:
:       :...DISTORTION <= 8216: 0 (60.9)
:           DISTORTION > 8216:
:           :...SSE <= 7733: 1 (19.8/4.6)
:               SSE > 7733: 0 (30.1/0.8)
BITS > 10:
:...BEST_COST <= 5732.83: 0 (48.5)
    BEST_COST > 5732.83:
    :...RATIO_2Nx2N-MSM <= 0.682409: 0 (41.5/1.5)
        RATIO_2Nx2N-MSM > 0.682409:
        :...BITS > 207: 1 (27)
            BITS <= 207:
            :...COST_MSM <= 9633.65:
                :...RATIO_BEST_2Nx2N <= 0.713667: 1 (9.2/1.5)
                :   RATIO_BEST_2Nx2N > 0.713667: 0 (59.1/16)
                COST_MSM > 9633.65:
                :...MV_MOD_FRAC = 0.353553: 1 (23.1/7.7)
                    MV_MOD_FRAC = 0.5: 1 (27.4/8.4)
                    MV_MOD_FRAC = 0.559017: 1 (39/10.8)
                    MV_MOD_FRAC = 0.707107: 1 (17.6/5.4)
                    MV_MOD_FRAC = 0.75: 1 (16.8/7.6)
                    MV_MOD_FRAC = 0.790569: 0 (24.5/12.2)
                    MV_MOD_FRAC = 0.901388: 1 (38.2/12.3)
                    MV_MOD_FRAC = 1.06066: 0 (7.7/1.5)
                    MV_MOD_FRAC = 0.25:
                    :...TU_DEPTH = 1: 1 (13/0.8)
                    :   TU_DEPTH = 2: 0 (4.6)
                    :   TU_DEPTH = 0:
                    :   :...COST_2Nx2N <= 23479.9: 0 (17.6/3.8)
                    :       COST_2Nx2N > 23479.9: 1 (23.6/5.4)
                    MV_MOD_FRAC = 0:
                    :...RATIO_BEST-MSM <= 0.59147: 0 (17.7/3.1)
                        RATIO_BEST-MSM > 0.59147:
                        :...CTX_SPLIT = 6: 1 (0)
                            CTX_SPLIT = 4: 1 (49.8/5.4)
                            CTX_SPLIT = 5: 1 (6.2)
                            CTX_SPLIT = 3:
                            :...RATIO_2Nx2N-MSM <= 1.13161: 1 (34.4/5.4)
                            :   RATIO_2Nx2N-MSM > 1.13161: 0 (13/2.3)
                            CTX_SPLIT = 0:
                            :...TU_DEPTH = 1: 0 (8.4/3.9)
                            :   TU_DEPTH = 2: 0 (5.3/0.8)
                            :   TU_DEPTH = 0:
                            :   :...RATIO_BEST-MSM <= 1.00157: 1 (46.5/10)
                            :       RATIO_BEST-MSM > 1.00157: 0 (3.8)
                            CTX_SPLIT = 1:
                            :...RATIO_2Nx2N-MSM <= 0.922629: 0 (19.1/4.6)
                            :   RATIO_2Nx2N-MSM > 0.922629:
                            :   :...COST_2Nx2N <= 113300: 1 (61/6.2)
                            :       COST_2Nx2N > 113300: 0 (3.8)
                            CTX_SPLIT = 2:
                            :...COST_MSM > 37737.6: 1 (15.2/1.5)
                                COST_MSM <= 37737.6:
                                :...BITS <= 46: 0 (13.8)
                                    BITS > 46:
                                    :...COST_2Nx2N <= 16744.2: 0 (12.3/3.1)
                                        COST_2Nx2N > 16744.2: 1 (17.7/0.8)

-----  Trial 2:  -----

Decision tree:

SAD <= 780: 0 (116.4)
SAD > 780:
:...BITS <= 10:
    :...DISTORTION <= 28963:
    :   :...SSE <= 3990: 1 (6.4/1.2)
    :   :   SSE > 3990: 0 (279/26.5)
    :   DISTORTION > 28963:
    :   :...INTER_DIR = 0: 1 (0)
    :       INTER_DIR = 1: 0 (2.4)
    :       INTER_DIR = 2: 0 (0.6)
    :       INTER_DIR = 3:
    :       :...NON-Z-COEFF <= 3: 1 (30.8/6.1)
    :           NON-Z-COEFF > 3: 0 (6.4/2.2)
    BITS > 10:
    :...BEST_COST <= 5732.83: 0 (32.2)
        BEST_COST > 5732.83:
        :...BITS > 96:
            :...DISTORTION > 33088: 0 (8.5/1.2)
            :   DISTORTION <= 33088:
            :   :...RATIO_BEST-MSM <= 0.59147: 0 (6.6)
            :       RATIO_BEST-MSM > 0.59147:
            :       :...BITS > 162: 1 (42.9)
            :           BITS <= 162:
            :           :...NON-Z-COEFF > 3: 1 (22.3/0.6)
            :               NON-Z-COEFF <= 3:
            :               :...TU_DEPTH = 0: 0 (18.6/6.1)
            :                   TU_DEPTH = 1: 1 (24.2/3)
            :                   TU_DEPTH = 2: 1 (13.9/6)
            BITS <= 96:
            :...MVD_MOD_INT > 2.82843:
                :...SAD <= 2148: 0 (30.7/0.6)
                :   SAD > 2148: 1 (3.6)
                MVD_MOD_INT <= 2.82843:
                :...TU_DEPTH = 2: 1 (23.2/11.2)
                    TU_DEPTH = 1:
                    :...RATIO_2Nx2N-MSM <= 0.928253: 0 (21.5/4.9)
                    :   RATIO_2Nx2N-MSM > 0.928253: 1 (61.7/11.4)
                    TU_DEPTH = 0:
                    :...MV_MOD_FRAC = 0.353553: 0 (32/7.2)
                        MV_MOD_FRAC = 0.5: 0 (26.1/12.6)
                        MV_MOD_FRAC = 0.707107: 0 (20.2/6.6)
                        MV_MOD_FRAC = 0.75: 0 (17.4/6.6)
                        MV_MOD_FRAC = 0.790569: 1 (26.4/7.3)
                        MV_MOD_FRAC = 1.06066: 0 (3)
                        MV_MOD_FRAC = 0.559017:
                        :...PRED_MODE in {0,3}: 0 (0)
                        :   PRED_MODE = 1: 1 (28.2/11.5)
                        :   PRED_MODE = 2: 0 (11.7)
                        MV_MOD_FRAC = 0.901388:
                        :...SAD <= 1027: 1 (6)
                        :   SAD > 1027: 0 (37.1/9)
                        MV_MOD_FRAC = 0.25:
                        :...AVG_NEIGH_DEPTH <= 0.675481: 1 (5.2)
                        :   AVG_NEIGH_DEPTH > 0.675481:
                        :   :...SSE <= 11725: 0 (14.9)
                        :       SSE > 11725:
                        :       :...NON-Z-COEFF > 4: 0 (4.9)
                        :           NON-Z-COEFF <= 4:
                        :           :...SSE <= 14402: 1 (11.8)
                        :               SSE > 14402: 0 (19.5/7.2)
                        MV_MOD_FRAC = 0:
                        :...MVD_MOD_FRAC in {0.25,0.353553,0.5,0.559017,
                            :                0.707107,0.790569,
                            :                1.06066}: 1 (0)
                            MVD_MOD_FRAC = 0.75: 0 (1.2)
                            MVD_MOD_FRAC = 0.901388: 0 (2.2)
                            MVD_MOD_FRAC = 0:
                            :...PU_SIZE = 1: 1 (18.9/8.3)
                                PU_SIZE = 2: 0 (22.5/9)
                                PU_SIZE = 4: 0 (6.4/3)
                                PU_SIZE = 5: 1 (8.1/2.2)
                                PU_SIZE = 6: 0 (5.8/1.8)
                                PU_SIZE = 7: 1 (6.6/0.6)
                                PU_SIZE = 0:
                                :...REF_IDX = 0: 1 (29/7.6)
                                    REF_IDX = 1: 1 (18.2/1.8)
                                    REF_IDX = -1:
                                    :...PRED_MODE = 0: 0 (0)
                                        PRED_MODE = 1: 0 (25.5/12)
                                        PRED_MODE = 2: 0 (5.6)
                                        PRED_MODE = 3:
                                        :...SAD <= 1431: 0 (19)
                                            SAD > 1431:
                                            :...SAD <= 1709: 1 (16.6/1.2)
                                                SAD > 1709:
                                                :...COLOC_SPLIT = 1: 0 (10.4/4)
                                                    COLOC_SPLIT = 2: 1 (3.6)
                                                    COLOC_SPLIT = 0:
                                                    :...dQP in {2,
                                                        :       4}: 0 (0)
                                                        dQP = 3: 0 (5.6)
                                                        dQP = 1: [S1]

SubTree [S1]

RATIO_BEST-MSM <= 0.699651: 0 (8.9)
RATIO_BEST-MSM > 0.699651:
:...AVG_NEIGH_DEPTH <= 1.53846: 1 (8.5/0.6)
    AVG_NEIGH_DEPTH > 1.53846: 0 (25.2/9.6)

-----  Trial 3:  -----

Decision tree:

SAD <= 800: 0 (108/1.7)
SAD > 800:
:...BITS <= 3:
    :...MV_MOD_INT > 25.632: 1 (12/4.4)
    :   MV_MOD_INT <= 25.632:
    :   :...COST_2Nx2N <= 7616.61: 1 (6.1/1.9)
    :       COST_2Nx2N > 7616.61: 0 (138.7/9.4)
    BITS > 3:
    :...RATIO_2Nx2N-MSM <= 0.658201: 0 (37.1/1.7)
        RATIO_2Nx2N-MSM > 0.658201:
        :...BITS > 93:
            :...RATIO_BEST_2Nx2N > 0.924488: 1 (27.5)
            :   RATIO_BEST_2Nx2N <= 0.924488:
            :   :...MVD_MOD_FRAC in {0.559017,0.75}: 1 (0)
            :       MVD_MOD_FRAC = 0.25: 1 (0.5)
            :       MVD_MOD_FRAC = 0.353553: 0 (6.1)
            :       MVD_MOD_FRAC = 0.5: 1 (2.2)
            :       MVD_MOD_FRAC = 0.707107: 1 (1.5)
            :       MVD_MOD_FRAC = 0.790569: 1 (1)
            :       MVD_MOD_FRAC = 0.901388: 1 (1)
            :       MVD_MOD_FRAC = 1.06066: 1 (0.5)
            :       MVD_MOD_FRAC = 0:
            :       :...SSE <= 35472: 0 (24.1/7.2)
            :           SSE > 35472:
            :           :...BEST_COST > 82506.6: 0 (4.1)
            :               BEST_COST <= 82506.6:
            :               :...SAD <= 15608: 1 (59.8/2.4)
            :                   SAD > 15608: 0 (10.7/4.8)
            BITS <= 93:
            :...COST_2Nx2N <= 9859.07:
                :...BITS <= 11: 0 (24.6)
                :   BITS > 11:
                :   :...MVP_IDX = 0: 0 (4.9)
                :       MVP_IDX = 1: 0 (4)
                :       MVP_IDX = -1:
                :       :...MV_MOD_FRAC in {0.707107,0.75,0.790569,0.901388,
                :           :               1.06066}: 0 (0)
                :           MV_MOD_FRAC = 0.25: 0 (10/4.2)
                :           MV_MOD_FRAC = 0.353553: 1 (4.4/1)
                :           MV_MOD_FRAC = 0.5: 1 (2.2/0.5)
                :           MV_MOD_FRAC = 0.559017: 0 (4.7)
                :           MV_MOD_FRAC = 0:
                :           :...AVG_NEIGH_DEPTH > 2.05858: 0 (14.6/1.9)
                :               AVG_NEIGH_DEPTH <= 2.05858:
                :               :...BITS > 60: 1 (4.1)
                :                   BITS <= 60:
                :                   :...AVG_NEIGH_DEPTH <= 1.97551: 0 (42.5/8.8)
                :                       AVG_NEIGH_DEPTH > 1.97551: 1 (5.1/0.5)
                COST_2Nx2N > 9859.07:
                :...MVD_MOD_FRAC = 0.707107: 0 (0)
                    MVD_MOD_FRAC = 0.353553: 0 (11.8/4.3)
                    MVD_MOD_FRAC = 0.5: 0 (25/9.7)
                    MVD_MOD_FRAC = 0.559017: 0 (10.4/2.4)
                    MVD_MOD_FRAC = 0.75: 0 (19.2/8.6)
                    MVD_MOD_FRAC = 0.790569: 1 (11.1/5.2)
                    MVD_MOD_FRAC = 0.901388: 1 (11.1/5.2)
                    MVD_MOD_FRAC = 1.06066: 0 (3.5)
                    MVD_MOD_FRAC = 0.25:
                    :...AVG_NEIGH_DEPTH <= 1.33791: 0 (12.7)
                    :   AVG_NEIGH_DEPTH > 1.33791: 1 (24.9/9.7)
                    MVD_MOD_FRAC = 0:
                    :...AVG_NEIGH_DEPTH <= 0.933238:
                        :...MVP_IDX = 0: 1 (2.9)
                        :   MVP_IDX = 1: 0 (0.5)
                        :   MVP_IDX = -1:
                        :   :...SAD <= 10116: 0 (32/1.9)
                        :       SAD > 10116: 1 (4.3/1.5)
                        AVG_NEIGH_DEPTH > 0.933238:
                        :...NON-Z-COEFF > 4:
                            :...TU_DEPTH = 1: 1 (6.4/0.5)
                            :   TU_DEPTH = 2: 0 (4/0.5)
                            :   TU_DEPTH = 0:
                            :   :...REF_IDX = 0: 0 (22.9/1.9)
                            :       REF_IDX = 1: 0 (2.7)
                            :       REF_IDX = -1:
                            :       :...SAD <= 3618: 1 (23.1/6.4)
                            :           SAD > 3618: 0 (11.9)
                            NON-Z-COEFF <= 4:
                            :...FME = 1:
                                :...SAD <= 1804: 1 (29.8/1.5)
                                :   SAD > 1804: 0 (9.1/0.5)
                                FME = 2:
                                :...COST_MSM <= 20047.7:
                                :   :...TU_DEPTH = 1: 1 (2.4)
                                :   :   TU_DEPTH = 2: 0 (2.4/0.5)
                                :   :   TU_DEPTH = 0:
                                :   :   :...MV_MOD_INT > 56.6039: 1 (2.4)
                                :   :       MV_MOD_INT <= 56.6039:
                                :   :       :...SSE <= 14107: 0 (36.3)
                                :   :           SSE > 14107: 1 (8.5/3.7)
                                :   COST_MSM > 20047.7:
                                :   :...MVP_IDX = 0: 1 (4.3)
                                :       MVP_IDX = 1: 0 (3.4/0.5)
                                :       MVP_IDX = -1:
                                :       :...PU_SIZE = 4: 1 (0)
                                :           PU_SIZE = 1: 1 (22.8/5.9)
                                :           PU_SIZE = 5: 1 (6.6)
                                :           PU_SIZE = 6: 0 (8.3/0.5)
                                :           PU_SIZE = 7: 1 (2.4/0.5)
                                :           PU_SIZE = 2:
                                :           :...DISTORTION <= 33424: 1 (26.5/8.4)
                                :           :   DISTORTION > 33424: 0 (5.4)
                                :           PU_SIZE = 0:
                                :           :...RATIO_BEST-MSM > 1.04322: 0 (2.2)
                                :               RATIO_BEST-MSM <= 1.04322: [S1]
                                FME = 0:
                                :...RATIO_BEST_2Nx2N > 1.02363: 1 (17.3)
                                    RATIO_BEST_2Nx2N <= 1.02363:
                                    :...COST_2Nx2N > 54475.8: 1 (14.4)
                                        COST_2Nx2N <= 54475.8:
                                        :...PU_SIZE = 1: 0 (18.5/8.8)
                                            PU_SIZE = 2: 1 (21.1/7.6)
                                            PU_SIZE = 4: 0 (2.2)
                                            PU_SIZE = 5: 0 (5.9/2.4)
                                            PU_SIZE = 6: 0 (8.3/1.9)
                                            PU_SIZE = 7: 1 (2.4)
                                            PU_SIZE = 0:
                                            :...MVP_IDX = 0: 0 (0.5)
                                                MVP_IDX = 1: 1 (4.2)
                                                MVP_IDX = -1:
                                                :...INTER_DIR = 0: 1 (91.9/36)
                                                    INTER_DIR = 1: 1 (11.5/1.5)
                                                    INTER_DIR = 2: 0 (13.7/4.3)
                                                    INTER_DIR = 3:
                                                    :...TU_DEPTH = 2: 0 (0)
                                                        TU_DEPTH = 1: 1 (2.2)
                                                        TU_DEPTH = 0:
                                                        :...BITS <= 35: 0 (31.2/8.4)
                                                            BITS > 35: 1 (5.3)

SubTree [S1]

RATIO_BEST_2Nx2N <= 0.540476: 0 (4)
RATIO_BEST_2Nx2N > 0.540476: 1 (34.2/8.7)

-----  Trial 4:  -----

Decision tree:

SAD <= 780: 0 (74.5)
SAD > 780:
:...RATIO_BEST-MSM > 1.03393: 0 (43.3)
    RATIO_BEST-MSM <= 1.03393:
    :...BITS > 91:
        :...MVD_MOD_FRAC = 0.25: 1 (0.8)
        :   MVD_MOD_FRAC = 0.353553: 0 (5.2/0.4)
        :   MVD_MOD_FRAC = 0.5: 1 (8.2/3.3)
        :   MVD_MOD_FRAC = 0.559017: 1 (1.2)
        :   MVD_MOD_FRAC = 0.707107: 1 (1.2)
        :   MVD_MOD_FRAC = 0.75: 1 (0.4)
        :   MVD_MOD_FRAC = 0.790569: 1 (2.9)
        :   MVD_MOD_FRAC = 0.901388: 1 (0.8)
        :   MVD_MOD_FRAC = 1.06066: 1 (1.8)
        :   MVD_MOD_FRAC = 0:
        :   :...RATIO_BEST-MSM <= 0.617624: 0 (6.3/0.8)
        :       RATIO_BEST-MSM > 0.617624:
        :       :...COST_2Nx2N <= 60995.8: 1 (110.6/18)
        :           COST_2Nx2N > 60995.8: 0 (7.4/2.7)
        BITS <= 91:
        :...DISTORTION <= 3219: 0 (26.3)
            DISTORTION > 3219:
            :...MVD_MOD_INT > 2.23607: 0 (28.7/2.3)
                MVD_MOD_INT <= 2.23607:
                :...BITS <= 4:
                    :...SSE <= 17368:
                    :   :...SSE <= 4053: 1 (5.3/1.9)
                    :   :   SSE > 4053: 0 (94)
                    :   SSE > 17368:
                    :   :...COST_2Nx2N > 46940.8: 0 (10.5)
                    :       COST_2Nx2N <= 46940.8:
                    :       :...RATIO_BEST-MSM > 1.00964: 1 (17.1/1.2)
                    :           RATIO_BEST-MSM <= 1.00964:
                    :           :...COST_2Nx2N <= 44290.8: 0 (25.1/6.8)
                    :               COST_2Nx2N > 44290.8: 1 (6.9)
                    BITS > 4:
                    :...COST_2Nx2N <= 7449.61: 0 (32.4/3.3)
                        COST_2Nx2N > 7449.61:
                        :...MVD_MOD_FRAC = 0.707107: 0 (0)
                            MVD_MOD_FRAC = 0.353553: 1 (10.2/3.6)
                            MVD_MOD_FRAC = 0.5: 1 (22.8/7.1)
                            MVD_MOD_FRAC = 0.559017: 0 (10.7/3.6)
                            MVD_MOD_FRAC = 0.75: 1 (19.4/8.4)
                            MVD_MOD_FRAC = 0.790569: 0 (5.1/1.4)
                            MVD_MOD_FRAC = 0.901388: 0 (15/4.4)
                            MVD_MOD_FRAC = 1.06066: 0 (1.8)
                            MVD_MOD_FRAC = 0.25:
                            :...AVG_NEIGH_DEPTH > 1.97727: 1 (4.9)
                            :   AVG_NEIGH_DEPTH <= 1.97727:
                            :   :...MV_MOD_INT <= 1: 0 (25.1/2.3)
                            :       MV_MOD_INT > 1: 1 (6.8/1.8)
                            MVD_MOD_FRAC = 0:
                            :...DISTORTION > 34537:
                                :...dQP in {1,2}: 1 (0)
                                :   dQP = 3: 0 (3.2/0.4)
                                :   dQP = 4:
                                :   :...RATIO_BEST-MSM <= 0.751734: 0 (3.3)
                                :       RATIO_BEST-MSM > 0.751734: 1 (43.1/4.7)
                                DISTORTION <= 34537:
                                :...FME = 1:
                                    :...SAD <= 1872: 1 (27.5/3.4)
                                    :   SAD > 1872: 0 (5.5)
                                    FME = 2:
                                    :...MVP_IDX = 0: 1 (3.8/0.4)
                                    :   MVP_IDX = 1: 0 (5.5)
                                    :   MVP_IDX = -1:
                                    :   :...AVG_NEIGH_DEPTH <= 0.606061: 1 (9.2/0.8)
                                    :       AVG_NEIGH_DEPTH > 0.606061:
                                    :       :...TU_DEPTH = 1: 1 (9.5/3.3)
                                    :           TU_DEPTH = 2: 1 (5.3/1.6)
                                    :           TU_DEPTH = 0:
                                    :           :...PU_SIZE = 1: 0 (21.1/7.3)
                                    :               PU_SIZE = 4: 0 (4.2)
                                    :               PU_SIZE = 5: 1 (8.3/1.6)
                                    :               PU_SIZE = 6: 0 (9.6)
                                    :               PU_SIZE = 7: 0 (3.6)
                                    :               PU_SIZE = 0: [S1]
                                    :               PU_SIZE = 2:
                                    :               :...SSE > 43974: 1 (3.5)
                                    :                   SSE <= 43974: [S2]
                                    FME = 0:
                                    :...INTER_DIR = 1:
                                        :...MV_MOD_INT <= 60.7454: 0 (28.5/8)
                                        :   MV_MOD_INT > 60.7454: 1 (3.5)
                                        INTER_DIR = 3:
                                        :...DISTORTION > 25828: 0 (8.8)
                                        :   DISTORTION <= 25828:
                                        :   :...SAD <= 995: 0 (11.7/1.9)
                                        :       SAD > 995:
                                        :       :...PU_SIZE in {4,5,
                                        :           :           7}: 1 (0)
                                        :           PU_SIZE = 1: 1 (10.3)
                                        :           PU_SIZE = 2: 0 (9.9/3.5)
                                        :           PU_SIZE = 6: 0 (0.8)
                                        :           PU_SIZE = 0: [S3]
                                        INTER_DIR = 2:
                                        :...BITS > 33: 0 (16.9)
                                        :   BITS <= 33:
                                        :   :...SSE > 26542: 1 (17.8)
                                        :       SSE <= 26542:
                                        :       :...COST_2Nx2N > 36107.7: 0 (5.4)
                                        :           COST_2Nx2N <= 36107.7:
                                        :           :...BITS > 22: 0 (3.9)
                                        :               BITS <= 22: [S4]
                                        INTER_DIR = 0:
                                        :...NON-Z-COEFF <= 1:
                                            :...SSE > 1468844: 1 (8.3)
                                            :   SSE <= 1468844: [S5]
                                            NON-Z-COEFF > 1:
                                            :...SAD <= 1501: 0 (20)
                                                SAD > 1501:
                                                :...TU_DEPTH = 1: 0 (12.8/1.2)
                                                    TU_DEPTH = 2: 0 (8.4/1.4)
                                                    TU_DEPTH = 0: [S6]

SubTree [S1]

RATIO_BEST-MSM <= 1.01047: 0 (42.4)
RATIO_BEST-MSM > 1.01047: 1 (14.5/6)

SubTree [S2]

RATIO_BEST_2Nx2N <= 0.597237: 1 (5.2)
RATIO_BEST_2Nx2N > 0.597237:
:...RATIO_BEST-MSM <= 0.953408: 0 (27.8/3.8)
    RATIO_BEST-MSM > 0.953408: 1 (5)

SubTree [S3]

AVG_NEIGH_DEPTH <= 1.88995: 1 (29.3/6.6)
AVG_NEIGH_DEPTH > 1.88995: 0 (4.7/0.4)

SubTree [S4]

RATIO_2Nx2N-MSM <= 0.729844: 0 (3.3)
RATIO_2Nx2N-MSM > 0.729844: 1 (40.5/6.9)

SubTree [S5]

RATIO_BEST-MSM <= 0.704153: 0 (24.2/5)
RATIO_BEST-MSM > 0.704153: 1 (43.8/18.6)

SubTree [S6]

RATIO_BEST_2Nx2N > 0.927182: 1 (4.2)
RATIO_BEST_2Nx2N <= 0.927182:
:...dQP in {2,4}: 0 (0)
    dQP = 3: 0 (8.3/0.4)
    dQP = 1:
    :...RATIO_2Nx2N-MSM <= 0.858301: 1 (4.2)
        RATIO_2Nx2N-MSM > 0.858301:
        :...BITS > 77: 0 (10.2)
            BITS <= 77:
            :...BITS <= 38: 0 (5)
                BITS > 38: 1 (25.6/10.5)

-----  Trial 5:  -----

Decision tree:

SAD <= 780: 0 (58.8)
SAD > 780:
:...RATIO_BEST-MSM > 1.03393: 0 (34.2)
    RATIO_BEST-MSM <= 1.03393:
    :...BITS > 102:
        :...CTX_SPLIT = 6: 1 (0)
        :   CTX_SPLIT = 0: 1 (14.5/4.8)
        :   CTX_SPLIT = 2: 1 (16/5.8)
        :   CTX_SPLIT = 3: 1 (22.6)
        :   CTX_SPLIT = 4: 1 (22.1/2.8)
        :   CTX_SPLIT = 5: 1 (4.9)
        :   CTX_SPLIT = 1:
        :   :...AVG_NEIGH_DEPTH <= 1.76233: 0 (25.3/7.8)
        :       AVG_NEIGH_DEPTH > 1.76233: 1 (8.9)
        BITS <= 102:
        :...RATIO_BEST_2Nx2N <= 0.502727: 0 (57/5.6)
            RATIO_BEST_2Nx2N > 0.502727:
            :...PU_SIZE = 4: 0 (9.4/4.3)
                PU_SIZE = 5: 0 (25/12.2)
                PU_SIZE = 7:
                :...PRED_MODE in {0,3}: 0 (0)
                :   PRED_MODE = 1: 0 (19.8/3)
                :   PRED_MODE = 2: 1 (12.9/2.1)
                PU_SIZE = 6:
                :...MVP_IDX = 0: 0 (6.2)
                :   MVP_IDX = 1: 1 (3.7)
                :   MVP_IDX = -1:
                :   :...RATIO_BEST_2Nx2N <= 0.841652: 1 (11.3/1.2)
                :       RATIO_BEST_2Nx2N > 0.841652: 0 (21.2/4.3)
                PU_SIZE = 1:
                :...TU_DEPTH = 1: 1 (9.9/2.7)
                :   TU_DEPTH = 2: 0 (4)
                :   TU_DEPTH = 0:
                :   :...SSE > 66549: 0 (9)
                :       SSE <= 66549:
                :       :...RATIO_BEST_2Nx2N <= 0.870551: 1 (37.3/2.2)
                :           RATIO_BEST_2Nx2N > 0.870551:
                :           :...NON-Z-COEFF > 3: 1 (4.8)
                :               NON-Z-COEFF <= 3:
                :               :...BITS > 28: 0 (8.9)
                :                   BITS <= 28:
                :                   :...dQP = 2: 1 (0)
                :                       dQP = 1: 1 (14/4.3)
                :                       dQP = 3: 0 (4.4)
                :                       dQP = 4: 1 (11/2.8)
                PU_SIZE = 2:
                :...TU_DEPTH = 1: 1 (9.7/1.3)
                :   TU_DEPTH = 2: 0 (1.2)
                :   TU_DEPTH = 0:
                :   :...BITS > 55: 1 (7.5)
                :       BITS <= 55:
                :       :...BITS > 25: 0 (18.4)
                :           BITS <= 25:
                :           :...RATIO_BEST_2Nx2N > 0.952566: 0 (8.5)
                :               RATIO_BEST_2Nx2N <= 0.952566:
                :               :...AVG_NEIGH_DEPTH <= 1.33982: 1 (19.9/2.6)
                :                   AVG_NEIGH_DEPTH > 1.33982:
                :                   :...REF_IDX = -1: 0 (8.2)
                :                       REF_IDX = 0: 1 (25.7/8.9)
                :                       REF_IDX = 1: 1 (1.2)
                PU_SIZE = 0:
                :...MVD_MOD_FRAC = 0.707107: 0 (0)
                    MVD_MOD_FRAC = 0.25: 0 (22.8/4)
                    MVD_MOD_FRAC = 0.353553: 0 (10.7/2.8)
                    MVD_MOD_FRAC = 0.5: 0 (19.4/2.8)
                    MVD_MOD_FRAC = 0.559017: 1 (7.1/1.7)
                    MVD_MOD_FRAC = 0.75: 0 (12.5)
                    MVD_MOD_FRAC = 0.790569: 1 (10.7/3.5)
                    MVD_MOD_FRAC = 0.901388: 0 (9.8/4.6)
                    MVD_MOD_FRAC = 1.06066: 0 (2.8)
                    MVD_MOD_FRAC = 0:
                    :...CTX_SPLIT = 6: 0 (0)
                        CTX_SPLIT = 5: 1 (5.6)
                        CTX_SPLIT = 3:
                        :...SSE <= 35472: 0 (35.2/3.8)
                        :   SSE > 35472: 1 (25.4/5.8)
                        CTX_SPLIT = 4:
                        :...SSE <= 717986: 1 (40.9/9.5)
                        :   SSE > 717986: 0 (6.4)
                        CTX_SPLIT = 2:
                        :...BITS > 85: 1 (6.3)
                        :   BITS <= 85:
                        :   :...TU_DEPTH = 1: 1 (12.1/4.2)
                        :       TU_DEPTH = 2: 0 (6.9/1.3)
                        :       TU_DEPTH = 0:
                        :       :...RATIO_BEST-MSM > 1.02221: 1 (11.1/3.4)
                        :           RATIO_BEST-MSM <= 1.02221:
                        :           :...AVG_NEIGH_DEPTH <= 0.956294: 1 (7.2/1.9)
                        :               AVG_NEIGH_DEPTH > 0.956294: 0 (61.4/4)
                        CTX_SPLIT = 1:
                        :...TU_DEPTH = 1: 1 (9.1/2.8)
                        :   TU_DEPTH = 2: 0 (6.5/3.2)
                        :   TU_DEPTH = 0:
                        :   :...INTER_DIR = 0: 0 (24/8.1)
                        :       INTER_DIR = 1: 1 (19.5/8.4)
                        :       INTER_DIR = 2: 0 (9.4)
                        :       INTER_DIR = 3:
                        :       :...MVP_IDX = 0: 0 (0)
                        :           MVP_IDX = 1: 1 (2.6)
                        :           MVP_IDX = -1:
                        :           :...RATIO_BEST-MSM <= 1.00701: 0 (41/0.3)
                        :               RATIO_BEST-MSM > 1.00701:
                        :               :...BITS <= 13: 1 (21.6/5.8)
                        :                   BITS > 13: 0 (10.8/1.2)
                        CTX_SPLIT = 0:
                        :...COST_2Nx2N > 40721.9: 1 (26.4/8.1)
                            COST_2Nx2N <= 40721.9:
                            :...SAD <= 847: 1 (26.4/9)
                                SAD > 847:
                                :...MV_MOD_FRAC = 0.25: 0 (17.8)
                                    MV_MOD_FRAC = 0.353553: 0 (7.1/1.4)
                                    MV_MOD_FRAC = 0.5: 0 (11.3/2.7)
                                    MV_MOD_FRAC = 0.559017: 0 (10.6)
                                    MV_MOD_FRAC = 0.707107: 0 (0.9)
                                    MV_MOD_FRAC = 0.75: 0 (1.8)
                                    MV_MOD_FRAC = 0.790569: 0 (1.5)
                                    MV_MOD_FRAC = 0.901388: 0 (5.1/0.3)
                                    MV_MOD_FRAC = 1.06066: 0 (3.8)
                                    MV_MOD_FRAC = 0:
                                    :...BEST_COST <= 7412.32: 0 (23.5)
                                        BEST_COST > 7412.32:
                                        :...BEST_COST <= 7629.38: 1 (8/0.6)
                                            BEST_COST > 7629.38:
                                            :...COST_2Nx2N <= 12216.9: 0 (29.8)
                                                COST_2Nx2N > 12216.9:
                                                :...BEST_COST > 25846.6: 1 (2.7)
                                                    BEST_COST <= 25846.6: [S1]

SubTree [S1]

AVG_NEIGH_DEPTH <= 1.65745: 0 (36.3/2.6)
AVG_NEIGH_DEPTH > 1.65745: 1 (15.1/5)

-----  Trial 6:  -----

Decision tree:

RATIO_2Nx2N-MSM > 1.64313: 0 (75.7/2.2)
RATIO_2Nx2N-MSM <= 1.64313:
:...BITS <= 10:
    :...SSE <= 16848: 0 (194.7/15.8)
    :   SSE > 16848:
    :   :...INTER_DIR = 0: 1 (5/1.1)
    :       INTER_DIR = 1: 0 (7.2)
    :       INTER_DIR = 2: 1 (2.6/0.2)
    :       INTER_DIR = 3:
    :       :...FME = 0: 1 (10.6/4.8)
    :           FME = 1: 1 (7.4/1.5)
    :           FME = 2:
    :           :...COLOC_SPLIT = 0: 0 (28.5/6.1)
    :               COLOC_SPLIT = 1: 0 (16.2/7.4)
    :               COLOC_SPLIT = 2: 1 (5.7/1.3)
    BITS > 10:
    :...BEST_COST <= 5732.83: 0 (39.4)
        BEST_COST > 5732.83:
        :...RATIO_2Nx2N-MSM <= 0.658201: 0 (34.8/1.8)
            RATIO_2Nx2N-MSM > 0.658201:
            :...BITS > 124:
                :...BEST_COST > 82506.6: 0 (3.5)
                :   BEST_COST <= 82506.6:
                :   :...RATIO_BEST-MSM > 0.818807: 1 (31.9)
                :       RATIO_BEST-MSM <= 0.818807:
                :       :...COST_MSM <= 24550.3: 0 (10.8/1.5)
                :           COST_MSM > 24550.3: 1 (20.6/2.7)
                BITS <= 124:
                :...CTX_SPLIT = 6: 0 (0)
                    CTX_SPLIT = 5: 1 (12.9/1.8)
                    CTX_SPLIT = 4:
                    :...RATIO_BEST-MSM > 0.941084: 1 (17.9)
                    :   RATIO_BEST-MSM <= 0.941084:
                    :   :...dQP = 2: 0 (0)
                    :       dQP = 1: 0 (28.7/9.3)
                    :       dQP = 3: 1 (16.2/6.2)
                    :       dQP = 4: 0 (8.5)
                    CTX_SPLIT = 3:
                    :...AVG_NEIGH_DEPTH <= 1.81719: 1 (43.1/9.8)
                    :   AVG_NEIGH_DEPTH > 1.81719:
                    :   :...SAD > 2709: 1 (15/3.8)
                    :       SAD <= 2709:
                    :       :...COST_2Nx2N <= 38854: 0 (31.4/0.2)
                    :           COST_2Nx2N > 38854: 1 (2.9/0.2)
                    CTX_SPLIT = 0:
                    :...NON-Z-COEFF <= 3:
                    :   :...RATIO_BEST_2Nx2N <= 0.617852: 1 (8.4/1)
                    :   :   RATIO_BEST_2Nx2N > 0.617852:
                    :   :   :...REF_IDX = 1: 0 (25.2/2.1)
                    :   :       REF_IDX = -1:
                    :   :       :...COST_MSM <= 20851.6: 0 (37.4/2.1)
                    :   :       :   COST_MSM > 20851.6: 1 (9.4/3)
                    :   :       REF_IDX = 0:
                    :   :       :...RATIO_2Nx2N-MSM > 1.16676: 0 (8.9)
                    :   :           RATIO_2Nx2N-MSM <= 1.16676:
                    :   :           :...SSE <= 6043: 1 (8.6/0.5)
                    :   :               SSE > 6043: 0 (68.8/16.3)
                    :   NON-Z-COEFF > 3:
                    :   :...MVD_MOD_INT > 11.7047: 0 (3.7)
                    :       MVD_MOD_INT <= 11.7047:
                    :       :...MVD_MOD_FRAC in {0.559017,0.707107,0.790569,
                    :           :                0.901388,
                    :           :                1.06066}: 1 (0)
                    :           MVD_MOD_FRAC = 0.25: 1 (1)
                    :           MVD_MOD_FRAC = 0.353553: 0 (0.2)
                    :           MVD_MOD_FRAC = 0.5: 1 (1.8)
                    :           MVD_MOD_FRAC = 0.75: 1 (3.4)
                    :           MVD_MOD_FRAC = 0:
                    :           :...TU_DEPTH = 2: 1 (0)
                    :               TU_DEPTH = 1: 1 (10.6/1)
                    :               TU_DEPTH = 0:
                    :               :...SAD <= 854: 1 (7)
                    :                   SAD > 854: 0 (28.6/6.7)
                    CTX_SPLIT = 2:
                    :...MVD_MOD_FRAC in {0.559017,0.707107,
                    :   :                0.901388}: 0 (0)
                    :   MVD_MOD_FRAC = 0.25: 0 (2.6)
                    :   MVD_MOD_FRAC = 0.353553: 0 (4.8)
                    :   MVD_MOD_FRAC = 0.5: 1 (3.9)
                    :   MVD_MOD_FRAC = 0.75: 0 (8.7/3.4)
                    :   MVD_MOD_FRAC = 0.790569: 0 (1.8)
                    :   MVD_MOD_FRAC = 1.06066: 0 (1.7)
                    :   MVD_MOD_FRAC = 0:
                    :   :...RATIO_BEST-MSM > 1.0071: 0 (10.7)
                    :       RATIO_BEST-MSM <= 1.0071:
                    :       :...AVG_NEIGH_DEPTH > 1.65745:
                    :           :...TU_DEPTH = 0: 0 (29.1/3.1)
                    :           :   TU_DEPTH = 1: 0 (18.4/3.1)
                    :           :   TU_DEPTH = 2: 1 (5.6)
                    :           AVG_NEIGH_DEPTH <= 1.65745:
                    :           :...TU_DEPTH = 1: 1 (12.9/2.5)
                    :               TU_DEPTH = 2: 0 (6.2/1.7)
                    :               TU_DEPTH = 0:
                    :               :...BITS > 43: 1 (14.8)
                    :                   BITS <= 43:
                    :                   :...AVG_NEIGH_DEPTH <= 1.18769: 1 (14.5/2)
                    :                       AVG_NEIGH_DEPTH > 1.18769: 0 (24.6/7.5)
                    CTX_SPLIT = 1:
                    :...MVD_MOD_FRAC in {0.353553,0.707107}: 1 (0)
                        MVD_MOD_FRAC = 0.25: 1 (17.9/7.7)
                        MVD_MOD_FRAC = 0.5: 1 (8.5/2.5)
                        MVD_MOD_FRAC = 0.559017: 0 (4.7/0.2)
                        MVD_MOD_FRAC = 0.75: 0 (1.7)
                        MVD_MOD_FRAC = 0.790569: 0 (1.5)
                        MVD_MOD_FRAC = 0.901388: 1 (9.6/1.8)
                        MVD_MOD_FRAC = 1.06066: 1 (1.5)
                        MVD_MOD_FRAC = 0:
                        :...RATIO_BEST_2Nx2N > 0.994237: 0 (15.3/2.1)
                            RATIO_BEST_2Nx2N <= 0.994237:
                            :...MVP_IDX = 1: 1 (0)
                                MVP_IDX = 0: 0 (8.6/2.4)
                                MVP_IDX = -1:
                                :...PU_SIZE = 1: 1 (22.8/5.7)
                                    PU_SIZE = 2: 1 (9.4/2.5)
                                    PU_SIZE = 4: 1 (5/1.1)
                                    PU_SIZE = 5: 1 (8.8)
                                    PU_SIZE = 6: 1 (11.6/2.6)
                                    PU_SIZE = 7: 1 (4.9)
                                    PU_SIZE = 0:
                                    :...COST_MSM > 23312.7: 1 (20.6/1.9)
                                        COST_MSM <= 23312.7:
                                        :...DISTORTION > 13775: 0 (5.4)
                                            DISTORTION <= 13775:
                                            :...DISTORTION > 9343: 1 (8.5)
                                                DISTORTION <= 9343: [S1]

SubTree [S1]

RATIO_BEST_2Nx2N <= 0.712895: 1 (15.4/2.7)
RATIO_BEST_2Nx2N > 0.712895: 0 (27.5/6.1)

-----  Trial 7:  -----

Decision tree:

COST_MSM <= 5490.32: 0 (60.6)
COST_MSM > 5490.32:
:...RATIO_BEST-MSM > 1.03393: 0 (25.2)
    RATIO_BEST-MSM <= 1.03393:
    :...BITS > 59:
        :...RATIO_BEST-MSM <= 0.59147: 0 (22.7/5.4)
        :   RATIO_BEST-MSM > 0.59147:
        :   :...PU_SIZE = 1: 1 (26.4/6.7)
        :       PU_SIZE = 2: 1 (13.6)
        :       PU_SIZE = 4: 1 (2.2)
        :       PU_SIZE = 5: 1 (1.2)
        :       PU_SIZE = 6: 0 (13.6/3.8)
        :       PU_SIZE = 7: 0 (3)
        :       PU_SIZE = 0:
        :       :...MVD_MOD_FRAC in {0.25,0.353553,0.707107,
        :           :                1.06066}: 1 (0)
        :           MVD_MOD_FRAC = 0.5: 0 (3.4)
        :           MVD_MOD_FRAC = 0.559017: 1 (0.4)
        :           MVD_MOD_FRAC = 0.75: 0 (1.4)
        :           MVD_MOD_FRAC = 0.790569: 0 (6.1/2.2)
        :           MVD_MOD_FRAC = 0.901388: 1 (4.6)
        :           MVD_MOD_FRAC = 0:
        :           :...MV_MOD_FRAC in {0.75,0.790569,1.06066}: 1 (0)
        :               MV_MOD_FRAC = 0.25: 1 (2.8/0.9)
        :               MV_MOD_FRAC = 0.353553: 1 (0.2)
        :               MV_MOD_FRAC = 0.5: 1 (0.2)
        :               MV_MOD_FRAC = 0.559017: 1 (2)
        :               MV_MOD_FRAC = 0.707107: 0 (2.7/0.2)
        :               MV_MOD_FRAC = 0.901388: 1 (4.3)
        :               MV_MOD_FRAC = 0:
        :               :...REF_IDX = 0: 1 (7)
        :                   REF_IDX = 1: 0 (6.7/0.9)
        :                   REF_IDX = -1:
        :                   :...BEST_COST > 13254.4:
        :                       :...SSE <= 35472: 0 (18.1/7.8)
        :                       :   SSE > 35472:
        :                       :   :...DISTORTION <= 27180: 1 (69.5)
        :                       :       DISTORTION > 27180: 0 (4.1/1.4)
        :                       BEST_COST <= 13254.4:
        :                       :...BEST_COST > 12827.7: 0 (12)
        :                           BEST_COST <= 12827.7:
        :                           :...AVG_NEIGH_DEPTH > 2.266: 0 (10.2)
        :                               AVG_NEIGH_DEPTH <= 2.266:
        :                               :...COST_2Nx2N <= 12784.4: 0 (18.9/7.3)
        :                                   COST_2Nx2N > 12784.4: 1 (36.2/2.7)
        BITS <= 59:
        :...PU_SIZE = 4: 0 (13.1/4.3)
            PU_SIZE = 7: 0 (26/12.9)
            PU_SIZE = 6:
            :...MVP_IDX = -1: 0 (23.2/9.4)
            :   MVP_IDX = 0: 0 (5)
            :   MVP_IDX = 1: 1 (2.3)
            PU_SIZE = 5:
            :...MVD_MOD_INT > 0: 0 (3.5)
            :   MVD_MOD_INT <= 0:
            :   :...SSE <= 13803: 0 (15.3/4.4)
            :       SSE > 13803: 1 (14.7)
            PU_SIZE = 2:
            :...MVD_MOD_FRAC in {0.353553,0.559017,0.707107,0.75,0.790569,
            :   :                1.06066}: 0 (0)
            :   MVD_MOD_FRAC = 0.25: 1 (0.8)
            :   MVD_MOD_FRAC = 0.5: 0 (4.4)
            :   MVD_MOD_FRAC = 0.901388: 1 (2.3/0.2)
            :   MVD_MOD_FRAC = 0:
            :   :...MVP_IDX = 0: 1 (3.9)
            :       MVP_IDX = 1: 0 (5.4)
            :       MVP_IDX = -1:
            :       :...BEST_COST > 23503: 0 (39/4)
            :           BEST_COST <= 23503:
            :           :...NON-Z-COEFF <= 5: 1 (37.3/10.5)
            :               NON-Z-COEFF > 5: 0 (4.8)
            PU_SIZE = 1:
            :...RATIO_BEST_2Nx2N <= 0.513706: 0 (6.9)
            :   RATIO_BEST_2Nx2N > 0.513706:
            :   :...SSE <= 9198: 0 (7.6)
            :       SSE > 9198:
            :       :...TU_DEPTH = 1: 1 (1.7)
            :           TU_DEPTH = 2: 0 (2.7)
            :           TU_DEPTH = 0:
            :           :...SSE > 66549: 0 (5.6)
            :               SSE <= 66549:
            :               :...MVD_MOD_INT > 8.06226: 0 (4)
            :                   MVD_MOD_INT <= 8.06226:
            :                   :...RATIO_BEST_2Nx2N <= 0.89787: 1 (43.9/3.2)
            :                       RATIO_BEST_2Nx2N > 0.89787:
            :                       :...PRED_MODE in {0,3}: 0 (0)
            :                           PRED_MODE = 1: 0 (26/8.9)
            :                           PRED_MODE = 2: 1 (5.2)
            PU_SIZE = 0:
            :...RATIO_BEST-MSM > 1.00465:
                :...TU_DEPTH = 1: 1 (4.8)
                :   TU_DEPTH = 2: 1 (0.7)
                :   TU_DEPTH = 0:
                :   :...INTER_DIR = 0: 0 (0)
                :       INTER_DIR = 1: 0 (14.7/1.4)
                :       INTER_DIR = 2: 1 (9.2/2.2)
                :       INTER_DIR = 3:
                :       :...NON-Z-COEFF > 5: 0 (9.3)
                :           NON-Z-COEFF <= 5:
                :           :...BITS > 38: 1 (7.9)
                :               BITS <= 38:
                :               :...BITS > 13: 0 (16.1/1.5)
                :                   BITS <= 13:
                :                   :...RATIO_2Nx2N-MSM <= 1.08702: 1 (18.4/1)
                :                       RATIO_2Nx2N-MSM > 1.08702:
                :                       :...COST_2Nx2N <= 32277.1: 0 (14.1)
                :                           COST_2Nx2N > 32277.1: 1 (31.8/11.1)
                RATIO_BEST-MSM <= 1.00465:
                :...BITS <= 2: 0 (56.4/3.2)
                    BITS > 2:
                    :...MV_MOD_FRAC = 0.25: 0 (33.6/6.9)
                        MV_MOD_FRAC = 0.353553: 0 (17.1/3.7)
                        MV_MOD_FRAC = 0.5: 0 (19.5)
                        MV_MOD_FRAC = 0.559017: 0 (30.9/12.4)
                        MV_MOD_FRAC = 0.707107: 0 (10.9)
                        MV_MOD_FRAC = 0.75: 0 (15.1/6.9)
                        MV_MOD_FRAC = 0.790569: 0 (7.8/1.6)
                        MV_MOD_FRAC = 0.901388: 0 (20.6/8.6)
                        MV_MOD_FRAC = 1.06066: 0 (7.5)
                        MV_MOD_FRAC = 0:
                        :...CTX_SPLIT = 6: 0 (0)
                            CTX_SPLIT = 3: 0 (25.2/0.8)
                            CTX_SPLIT = 4: 1 (24.2/10.9)
                            CTX_SPLIT = 5: 0 (0.2)
                            CTX_SPLIT = 2:
                            :...SSE <= 1481179: 0 (36/3.2)
                            :   SSE > 1481179: 1 (5.1/0.2)
                            CTX_SPLIT = 1:
                            :...AVG_NEIGH_DEPTH <= 1.18769: 0 (18.5)
                            :   AVG_NEIGH_DEPTH > 1.18769:
                            :   :...SAD <= 1129: 0 (8.8)
                            :       SAD > 1129:
                            :       :...RATIO_BEST-MSM <= 0.738857: 0 (11.2/2.7)
                            :           RATIO_BEST-MSM > 0.738857: 1 (22.7/1.9)
                            CTX_SPLIT = 0:
                            :...BITS > 41: 0 (11.8)
                                BITS <= 41:
                                :...NON-Z-COEFF > 3: 1 (20.5/5.4)
                                    NON-Z-COEFF <= 3:
                                    :...BITS > 20: 0 (14.4)
                                        BITS <= 20:
                                        :...TU_DEPTH = 2: 0 (0)
                                            TU_DEPTH = 1: 1 (3.5)
                                            TU_DEPTH = 0:
                                            :...BEST_COST <= 13404: 0 (13.1)
                                                BEST_COST > 13404: 1 (18.7/6.8)

-----  Trial 8:  -----

Decision tree:

BEST_COST <= 5490.32: 0 (71.7/2.4)
BEST_COST > 5490.32:
:...BITS <= 10:
    :...PU_SIZE in {4,5}: 0 (0)
    :   PU_SIZE = 1: 1 (3.8/0.2)
    :   PU_SIZE = 2: 0 (6)
    :   PU_SIZE = 6: 0 (0.5)
    :   PU_SIZE = 7: 0 (0.8)
    :   PU_SIZE = 0:
    :   :...SSE > 16848:
    :       :...AVG_NEIGH_DEPTH <= 1.11888: 1 (23.9/3.7)
    :       :   AVG_NEIGH_DEPTH > 1.11888:
    :       :   :...AVG_NEIGH_DEPTH <= 1.47591: 0 (45.5/6.1)
    :       :       AVG_NEIGH_DEPTH > 1.47591: 1 (24/7.4)
    :       SSE <= 16848:
    :       :...SAD > 1066: 0 (101.2)
    :           SAD <= 1066:
    :           :...BEST_COST <= 5510.73: 1 (5.5)
    :               BEST_COST > 5510.73:
    :               :...BITS <= 4: 0 (48.3)
    :                   BITS > 4: 1 (28.9/13.2)
    BITS > 10:
    :...BITS > 85:
        :...MVD_MOD_FRAC = 0.25: 1 (1.7)
        :   MVD_MOD_FRAC = 0.353553: 0 (9.2/2.1)
        :   MVD_MOD_FRAC = 0.5: 1 (6/2.6)
        :   MVD_MOD_FRAC = 0.559017: 1 (1.8)
        :   MVD_MOD_FRAC = 0.707107: 1 (1.8)
        :   MVD_MOD_FRAC = 0.75: 1 (0.2)
        :   MVD_MOD_FRAC = 0.790569: 1 (5.1/2.2)
        :   MVD_MOD_FRAC = 0.901388: 1 (0.3)
        :   MVD_MOD_FRAC = 1.06066: 1 (1.5)
        :   MVD_MOD_FRAC = 0:
        :   :...RATIO_BEST-MSM <= 0.60927: 0 (7.8/1.1)
        :       RATIO_BEST-MSM > 0.60927: 1 (128.3/26.2)
        BITS <= 85:
        :...TU_DEPTH = 2: 0 (24/11.8)
            TU_DEPTH = 1:
            :...MVD_MOD_FRAC in {0.353553,0.5,0.559017,0.707107,
            :   :                1.06066}: 1 (0)
            :   MVD_MOD_FRAC = 0.25: 0 (4.9/2.1)
            :   MVD_MOD_FRAC = 0.75: 0 (1.6)
            :   MVD_MOD_FRAC = 0.790569: 0 (0.9)
            :   MVD_MOD_FRAC = 0.901388: 1 (3.6)
            :   MVD_MOD_FRAC = 0:
            :   :...FME = 1: 1 (3.6)
            :       FME = 2: 1 (21.3/2.6)
            :       FME = 0:
            :       :...SAD > 2914: 1 (10)
            :           SAD <= 2914:
            :           :...BEST_COST > 30410: 1 (6.4)
            :               BEST_COST <= 30410:
            :               :...RATIO_2Nx2N-MSM > 1.14334: 0 (7.4)
            :                   RATIO_2Nx2N-MSM <= 1.14334:
            :                   :...COST_MSM > 22437.6: 0 (9.6/0.2)
            :                       COST_MSM <= 22437.6:
            :                       :...PU_SIZE in {1,4,5,6,7}: 1 (0)
            :                           PU_SIZE = 2: 1 (3.5)
            :                           PU_SIZE = 0:
            :                           :...AVG_NEIGH_DEPTH <= 1.09697: 1 (6.5)
            :                               AVG_NEIGH_DEPTH > 1.09697: 0 (28.7/10.6)
            TU_DEPTH = 0:
            :...RATIO_BEST-MSM > 1.01135: 0 (25.1/1.5)
                RATIO_BEST-MSM <= 1.01135:
                :...RATIO_2Nx2N-MSM <= 0.682409:
                    :...SSE <= 40908: 0 (26.6)
                    :   SSE > 40908: 1 (2.9/0.2)
                    RATIO_2Nx2N-MSM > 0.682409:
                    :...MV_MOD_INT > 8.06226:
                        :...DISTORTION <= 5993: 0 (11.5)
                        :   DISTORTION > 5993:
                        :   :...PREDMV_MOD_INT <= 10.8167: 1 (36.7)
                        :       PREDMV_MOD_INT > 10.8167:
                        :       :...MVD_MOD_INT > 2.23607: 0 (8.9)
                        :           MVD_MOD_INT <= 2.23607:
                        :           :...PREDMV_MOD_INT <= 14.2127: 0 (7.9)
                        :               PREDMV_MOD_INT > 14.2127: 1 (76.6/16.9)
                        MV_MOD_INT <= 8.06226:
                        :...MVD_MOD_FRAC = 0.707107: 0 (0)
                            MVD_MOD_FRAC = 0.25: 0 (16.3/5.5)
                            MVD_MOD_FRAC = 0.353553: 0 (4.5)
                            MVD_MOD_FRAC = 0.5: 0 (6.7/1.1)
                            MVD_MOD_FRAC = 0.559017: 0 (2)
                            MVD_MOD_FRAC = 0.75: 0 (9.8)
                            MVD_MOD_FRAC = 0.790569: 0 (2.3)
                            MVD_MOD_FRAC = 0.901388: 0 (6.7/2.8)
                            MVD_MOD_FRAC = 1.06066: 0 (0.5)
                            MVD_MOD_FRAC = 0:
                            :...MV_MOD_FRAC in {0.5,0.707107}: 0 (0)
                                MV_MOD_FRAC = 0.353553: 1 (23.3/9.9)
                                MV_MOD_FRAC = 0.559017: 1 (11.6/3.4)
                                MV_MOD_FRAC = 0.75: 1 (2.7/1.1)
                                MV_MOD_FRAC = 0.790569: 0 (13.9/6.1)
                                MV_MOD_FRAC = 0.901388: 1 (12.8/3.1)
                                MV_MOD_FRAC = 1.06066: 0 (2.2)
                                MV_MOD_FRAC = 0.25:
                                :...MV_MOD_INT > 3.60555: 1 (4)
                                :   MV_MOD_INT <= 3.60555:
                                :   :...SSE > 43974: 1 (3.1)
                                :       SSE <= 43974:
                                :       :...RATIO_2Nx2N-MSM <= 1.15913: 0 (27.2)
                                :           RATIO_2Nx2N-MSM > 1.15913: 1 (4.8/1.6)
                                MV_MOD_FRAC = 0:
                                :...PU_SIZE = 1: 0 (17.9/8.7)
                                    PU_SIZE = 2: 0 (24.7/2.7)
                                    PU_SIZE = 4: 1 (8.6/3.7)
                                    PU_SIZE = 5: 1 (6.9/2.7)
                                    PU_SIZE = 6: 1 (12.8/4.4)
                                    PU_SIZE = 7: 1 (9.3/1.5)
                                    PU_SIZE = 0:
                                    :...MVP_IDX = 0: 1 (1.9)
                                        MVP_IDX = 1: 1 (3)
                                        MVP_IDX = -1:
                                        :...DISTORTION <= 4207: 0 (14.3)
                                            DISTORTION > 4207:
                                            :...dQP = 2: 0 (0)
                                                dQP = 4: 0 (11.3/1.4)
                                                dQP = 3: [S1]
                                                dQP = 1:
                                                :...DISTORTION <= 4361: 1 (9.3/0.2)
                                                    DISTORTION > 4361:
                                                    :...REF_IDX = 0: 0 (13.8/5.7)
                                                        REF_IDX = 1: 1 (5.2/0.8)
                                                        REF_IDX = -1:
                                                        :...SSE <= 16522: 0 (16.4)
                                                            SSE > 16522: [S2]

SubTree [S1]

RATIO_BEST-MSM <= 0.884388: 0 (14.1/4.3)
RATIO_BEST-MSM > 0.884388: 1 (17.9/1.3)

SubTree [S2]

SAD <= 1681: 1 (16.9/1.2)
SAD > 1681:
:...BITS > 76: 0 (13.2)
    BITS <= 76:
    :...DISTORTION <= 5713: 0 (14.1/1.7)
        DISTORTION > 5713: 1 (26/6.3)

-----  Trial 9:  -----

Decision tree:

BITS <= 10:
:...DISTORTION <= 28963: 0 (292.8/36.2)
:   DISTORTION > 28963:
:   :...RATIO_2Nx2N-MSM > 1.4795: 0 (5.7)
:       RATIO_2Nx2N-MSM <= 1.4795:
:       :...SSE <= 29939: 1 (31.3/5.6)
:           SSE > 29939: 0 (15.3/2.6)
BITS > 10:
:...BEST_COST <= 5732.83: 0 (28.2)
    BEST_COST > 5732.83:
    :...TU_DEPTH = 2:
        :...MVD_MOD_FRAC in {0.5,0.707107,0.790569}: 1 (0)
        :   MVD_MOD_FRAC = 0.25: 1 (1.2)
        :   MVD_MOD_FRAC = 0.353553: 0 (2.8)
        :   MVD_MOD_FRAC = 0.559017: 0 (2.9/0.1)
        :   MVD_MOD_FRAC = 0.75: 1 (0.1)
        :   MVD_MOD_FRAC = 0.901388: 0 (0.5)
        :   MVD_MOD_FRAC = 1.06066: 1 (0.7)
        :   MVD_MOD_FRAC = 0:
        :   :...INTER_DIR = 1: 1 (10.5)
        :       INTER_DIR = 2: 0 (2.6)
        :       INTER_DIR = 3: 1 (6.7/1.3)
        :       INTER_DIR = 0:
        :       :...COST_MSM <= 18842.8: 0 (15.5/4.2)
        :           COST_MSM > 18842.8: 1 (27.9/2.8)
        TU_DEPTH = 1:
        :...MVD_MOD_FRAC = 0.25: 1 (5.8/2.2)
        :   MVD_MOD_FRAC = 0.353553: 1 (3.5)
        :   MVD_MOD_FRAC = 0.5: 1 (2.2)
        :   MVD_MOD_FRAC = 0.559017: 1 (1.2)
        :   MVD_MOD_FRAC = 0.707107: 1 (1.5)
        :   MVD_MOD_FRAC = 0.75: 0 (1.3)
        :   MVD_MOD_FRAC = 0.790569: 0 (4.9/0.7)
        :   MVD_MOD_FRAC = 0.901388: 1 (3.1)
        :   MVD_MOD_FRAC = 1.06066: 1 (0.4)
        :   MVD_MOD_FRAC = 0:
        :   :...RATIO_2Nx2N-MSM <= 0.798507: 0 (8.5/2)
        :       RATIO_2Nx2N-MSM > 0.798507:
        :       :...NON-Z-COEFF > 3: 1 (20.2/1.7)
        :           NON-Z-COEFF <= 3:
        :           :...REF_IDX = 0: 1 (21.3/5.6)
        :               REF_IDX = 1: 1 (8/1.2)
        :               REF_IDX = -1:
        :               :...dQP = 2: 1 (0)
        :                   dQP = 3: 0 (5.3)
        :                   dQP = 4: 1 (0.6)
        :                   dQP = 1:
        :                   :...DISTORTION > 8813: 1 (13.9)
        :                       DISTORTION <= 8813:
        :                       :...BITS > 142: 0 (4)
        :                           BITS <= 142:
        :                           :...NON-Z-COEFF <= 1: 1 (34.6/6.7)
        :                               NON-Z-COEFF > 1: 0 (12.1/3.5)
        TU_DEPTH = 0:
        :...SAD <= 1099:
            :...SAD > 1003: 0 (42.1/4.9)
            :   SAD <= 1003:
            :   :...DISTORTION <= 6231: 0 (44.6/2)
            :       DISTORTION > 6231: 1 (23.6/5.7)
            SAD > 1099:
            :...PU_SIZE = 4: 0 (9.1/3.9)
                PU_SIZE = 5: 0 (19.7/9.2)
                PU_SIZE = 7: 1 (26.7/8)
                PU_SIZE = 6:
                :...AVG_NEIGH_DEPTH <= 1.72003: 1 (23.5/6.9)
                :   AVG_NEIGH_DEPTH > 1.72003: 0 (14.9)
                PU_SIZE = 1:
                :...SSE > 66549: 0 (7.3)
                :   SSE <= 66549:
                :   :...RATIO_2Nx2N-MSM <= 0.873181: 0 (11.3/2.2)
                :       RATIO_2Nx2N-MSM > 0.873181:
                :       :...BEST_COST > 51945: 1 (15.4)
                :           BEST_COST <= 51945:
                :           :...MVD_MOD_INT <= 5.38516: 1 (54.3/16.8)
                :               MVD_MOD_INT > 5.38516: 0 (2.5)
                PU_SIZE = 2:
                :...RATIO_BEST_2Nx2N <= 0.607736: 1 (7.2)
                :   RATIO_BEST_2Nx2N > 0.607736:
                :   :...SAD <= 1396: 0 (23.2)
                :       SAD > 1396:
                :       :...BEST_COST <= 20140.9: 1 (7.6)
                :           BEST_COST > 20140.9:
                :           :...MVP_IDX = 0: 0 (8.7/2.4)
                :               MVP_IDX = 1: 1 (7.5)
                :               MVP_IDX = -1:
                :               :...COLOC_SPLIT = 0: 0 (18.8)
                :                   COLOC_SPLIT = 1: 1 (8.5/2.5)
                :                   COLOC_SPLIT = 2: 0 (11.9/2.9)
                PU_SIZE = 0:
                :...PREDMV_MOD_FRAC = 0.25: 0 (5.3)
                    PREDMV_MOD_FRAC = 0.353553: 0 (12.5/2.6)
                    PREDMV_MOD_FRAC = 0.5: 1 (9.8/2.9)
                    PREDMV_MOD_FRAC = 0.559017: 0 (16.1/8)
                    PREDMV_MOD_FRAC = 0.707107: 0 (4.8)
                    PREDMV_MOD_FRAC = 0.75: 1 (15.3/7.4)
                    PREDMV_MOD_FRAC = 0.790569: 1 (15.1/4.2)
                    PREDMV_MOD_FRAC = 0.901388: 0 (10.5/2.6)
                    PREDMV_MOD_FRAC = 1.06066: 0 (3.1)
                    PREDMV_MOD_FRAC = 0:
                    :...DISTORTION <= 4207: 0 (11.5)
                        DISTORTION > 4207:
                        :...INTER_DIR = 1: 1 (6.9)
                            INTER_DIR = 2: 0 (15.3/4.9)
                            INTER_DIR = 3: 1 (18.5/8.2)
                            INTER_DIR = 0:
                            :...RATIO_BEST_2Nx2N > 0.904315: 1 (15.2/0.1)
                                RATIO_BEST_2Nx2N <= 0.904315:
                                :...SAD <= 1504: 0 (12.2)
                                    SAD > 1504:
                                    :...RATIO_BEST_2Nx2N <= 0.726459: 1 (32.9/7.4)
                                        RATIO_BEST_2Nx2N > 0.726459:
                                        :...DISTORTION <= 5702: 0 (11.6)
                                            DISTORTION > 5702:
                                            :...BITS <= 59: 0 (15.6/2.3)
                                                BITS > 59:
                                                :...BITS <= 74: 1 (9.8)
                                                    BITS > 74:
                                                    :...BEST_COST <= 13404: 0 (15.8/0.5)
                                                        BEST_COST > 13404: 1 (21.2/6)


Evaluation on training data (1264 cases):

Trial	       Decision Tree       
-----	  -----------------------  
	  Size      Errors   Cost  

   0	    45   96( 7.6%)   0.08
   1	    40  166(13.1%)   0.13
   2	    55  158(12.5%)   0.12
   3	    81  179(14.2%)   0.14
   4	    81  128(10.1%)   0.10
   5	    81  187(14.8%)   0.15
   6	    75  136(10.8%)   0.11
   7	    89  125( 9.9%)   0.10
   8	    83  162(12.8%)   0.13
   9	    77  137(10.8%)   0.11
boost	         10( 0.8%)   0.01   <<


	   (a)   (b)    <-classified as
	  ----  ----
	   935          (a): class 0
	    10   319    (b): class 1


	Attribute usage:

	    100%  BITS
	    100%  BEST_COST
	    100%  SAD
	    100%  COST_MSM
	    100%  RATIO_2Nx2N-MSM
	    100%  TU_DEPTH
	     99%  DISTORTION
	     90%  RATIO_BEST-MSM
	     90%  PU_SIZE
	     85%  SSE
	     83%  COST_2Nx2N
	     81%  RATIO_BEST_2Nx2N
	     78%  MVD_MOD_FRAC
	     76%  CTX_SPLIT
	     68%  MV_MOD_FRAC
	     66%  MVD_MOD_INT
	     52%  AVG_NEIGH_DEPTH
	     52%  NON-Z-COEFF
	     49%  MV_MOD_INT
	     44%  MVP_IDX
	     42%  INTER_DIR
	     39%  FME
	     32%  REF_IDX
	     29%  dQP
	     19%  PREDMV_MOD_FRAC
	     12%  PRED_MODE
	      8%  COLOC_SPLIT
	      4%  PREDMV_MOD_INT


Time: 0.1 secs
