
C5.0 [Release 2.07 GPL Edition]  	Thu Feb 16 11:20:02 2017
-------------------------------

    Options:
	Boosted classifiers
	Application `./ONLINE/BOOST/BasketballDrill_d2_qp27'

Read 1840 cases (28 attributes) from ./ONLINE/BOOST/BasketballDrill_d2_qp27.data

-----  Trial 0:  -----

Decision tree:

BITS > 56:
:...BITS > 96: 1 (317/47)
:   BITS <= 96:
:   :...RATIO_BEST-MSM <= 0.662881: 0 (32/4)
:       RATIO_BEST-MSM > 0.662881:
:       :...MVD_MOD_FRAC in {0,0.5,0.707107,0.75}: 1 (109/33)
:           MVD_MOD_FRAC in {0.790569,1.06066}: 0 (2)
:           MVD_MOD_FRAC = 0.25:
:           :...BEST_COST <= 8646.44: 0 (4)
:           :   BEST_COST > 8646.44: 1 (2)
:           MVD_MOD_FRAC = 0.353553:
:           :...BITS <= 73: 0 (2)
:           :   BITS > 73: 1 (4)
:           MVD_MOD_FRAC = 0.559017:
:           :...BITS <= 79: 1 (3)
:           :   BITS > 79: 0 (2)
:           MVD_MOD_FRAC = 0.901388:
:           :...INTER_DIR in {0,2}: 0 (0)
:               INTER_DIR = 1: 1 (2)
:               INTER_DIR = 3: 0 (5/1)
BITS <= 56:
:...COST_MSM <= 7454.23:
    :...TU_DEPTH = 2: 0 (3)
    :   TU_DEPTH = 1:
    :   :...PREDMV_MOD_FRAC in {0.75,0.790569,1.06066}: 1 (0)
    :   :   PREDMV_MOD_FRAC in {0,0.5,0.559017,0.707107,0.901388}: 1 (23/8)
    :   :   PREDMV_MOD_FRAC in {0.25,0.353553}: 0 (6)
    :   TU_DEPTH = 0:
    :   :...PU_SIZE in {0,4,6}: 0 (719/23)
    :       PU_SIZE = 1:
    :       :...RATIO_BEST_2Nx2N <= 0.929975: 1 (9/1)
    :       :   RATIO_BEST_2Nx2N > 0.929975: 0 (15/1)
    :       PU_SIZE = 2:
    :       :...MV_MOD_INT <= 10.8167: 0 (17/3)
    :       :   MV_MOD_INT > 10.8167: 1 (2)
    :       PU_SIZE = 7:
    :       :...RATIO_BEST-MSM <= 0.98856: 0 (9)
    :       :   RATIO_BEST-MSM > 0.98856: 1 (2)
    :       PU_SIZE = 5:
    :       :...REF_IDX = -1: 0 (0)
    :           REF_IDX = 0: 0 (4)
    :           REF_IDX = 1:
    :           :...SAD <= 740: 0 (2)
    :               SAD > 740: 1 (2)
    COST_MSM > 7454.23:
    :...DISTORTION > 20453:
        :...SSE <= 19901: 0 (4/1)
        :   SSE > 19901: 1 (23/2)
        DISTORTION <= 20453:
        :...PU_SIZE = 5: 1 (20/7)
            PU_SIZE = 4:
            :...COLOC_SPLIT in {0,1}: 0 (23/6)
            :   COLOC_SPLIT = 2: 1 (8/1)
            PU_SIZE = 6:
            :...dQP = 2: 0 (0)
            :   dQP in {1,4}: 0 (33/7)
            :   dQP = 3: 1 (4/1)
            PU_SIZE = 7:
            :...TU_DEPTH = 2: 0 (0)
            :   TU_DEPTH = 0: 0 (27/8)
            :   TU_DEPTH = 1: 1 (2)
            PU_SIZE = 0:
            :...TU_DEPTH in {0,2}: 0 (223/39)
            :   TU_DEPTH = 1:
            :   :...AVG_NEIGH_DEPTH <= 1.51351: 1 (4)
            :       AVG_NEIGH_DEPTH > 1.51351: 0 (13/3)
            PU_SIZE = 2:
            :...MVD_MOD_FRAC in {0.25,0.5,0.559017,0.707107,0.901388,
            :   :                1.06066}: 0 (0)
            :   MVD_MOD_FRAC = 0.353553: 1 (1)
            :   MVD_MOD_FRAC in {0.75,0.790569}: 0 (7/1)
            :   MVD_MOD_FRAC = 0:
            :   :...MV_MOD_FRAC = 1.06066: 0 (0)
            :       MV_MOD_FRAC in {0,0.353553,0.5,0.790569}: 0 (40/10)
            :       MV_MOD_FRAC in {0.707107,0.901388}: 1 (6/1)
            :       MV_MOD_FRAC = 0.25:
            :       :...MV_MOD_INT <= 0: 0 (3)
            :       :   MV_MOD_INT > 0: 1 (10/2)
            :       MV_MOD_FRAC = 0.559017:
            :       :...INTER_DIR in {0,2}: 1 (0)
            :       :   INTER_DIR = 1: 0 (2)
            :       :   INTER_DIR = 3: 1 (6/1)
            :       MV_MOD_FRAC = 0.75:
            :       :...MV_MOD_INT <= 6.40312: 1 (2)
            :           MV_MOD_INT > 6.40312: 0 (3)
            PU_SIZE = 1:
            :...MVD_MOD_FRAC in {0.707107,0.75,0.901388,1.06066}: 1 (0)
                MVD_MOD_FRAC in {0.25,0.5,0.559017}: 1 (9/1)
                MVD_MOD_FRAC in {0.353553,0.790569}: 0 (6/1)
                MVD_MOD_FRAC = 0:
                :...MVP_IDX = 0: 0 (3)
                    MVP_IDX = 1: 1 (3)
                    MVP_IDX = -1:
                    :...MV_MOD_FRAC in {0,0.5,0.75,0.901388}: 1 (27/8)
                        MV_MOD_FRAC in {0.353553,0.707107,
                        :               1.06066}: 0 (7)
                        MV_MOD_FRAC = 0.25:
                        :...COLOC_SPLIT = 0: 0 (2)
                        :   COLOC_SPLIT in {1,2}: 1 (6/1)
                        MV_MOD_FRAC = 0.559017:
                        :...RATIO_BEST_2Nx2N <= 0.824848: 1 (2)
                        :   RATIO_BEST_2Nx2N > 0.824848: 0 (5)
                        MV_MOD_FRAC = 0.790569:
                        :...DISTORTION <= 13639: 1 (6)
                            DISTORTION > 13639: 0 (3)

-----  Trial 1:  -----

Decision tree:

COST_MSM <= 5160.2:
:...TU_DEPTH = 0: 0 (476.8/32.6)
:   TU_DEPTH = 2: 0 (3.1/1.6)
:   TU_DEPTH = 1:
:   :...NON-Z-COEFF <= 1: 1 (11.8/0.8)
:       NON-Z-COEFF > 1: 0 (34.1/9.4)
COST_MSM > 5160.2:
:...BITS > 165:
    :...COST_MSM > 34227.3: 0 (20.4/2.4)
    :   COST_MSM <= 34227.3:
    :   :...RATIO_BEST_2Nx2N <= 0.997568: 1 (115.7/5.1)
    :       RATIO_BEST_2Nx2N > 0.997568: 0 (8.3/3.1)
    BITS <= 165:
    :...RATIO_2Nx2N-MSM <= 0.635673: 0 (69.5/10.4)
        RATIO_2Nx2N-MSM > 0.635673:
        :...BITS > 10:
            :...MV_MOD_FRAC = 0.707107: 0 (23.2/7.1)
            :   MV_MOD_FRAC = 0.75: 1 (20.8/7.1)
            :   MV_MOD_FRAC = 0.790569: 0 (42.1/19.5)
            :   MV_MOD_FRAC = 0.901388: 1 (22.4/10.4)
            :   MV_MOD_FRAC = 1.06066: 1 (27.4/6.5)
            :   MV_MOD_FRAC = 0.5:
            :   :...MVD_MOD_INT <= 1: 1 (44.3/16.9)
            :   :   MVD_MOD_INT > 1: 0 (13.2/1.6)
            :   MV_MOD_FRAC = 0.559017:
            :   :...dQP = 2: 0 (0)
            :   :   dQP = 1: 1 (7.3/0.8)
            :   :   dQP = 3: 0 (14.3/3.9)
            :   :   dQP = 4: 0 (32.8/13)
            :   MV_MOD_FRAC = 0.25:
            :   :...COST_MSM <= 8643.21: 0 (58.2/17.5)
            :   :   COST_MSM > 8643.21:
            :   :   :...REF_IDX = -1: 1 (0)
            :   :       REF_IDX = 0: 1 (47/14.6)
            :   :       REF_IDX = 1: 0 (31.7/14)
            :   MV_MOD_FRAC = 0.353553:
            :   :...MVP_IDX = 0: 1 (20.3/9.4)
            :   :   MVP_IDX = 1: 0 (15.6/5.7)
            :   :   MVP_IDX = -1:
            :   :   :...REF_IDX = -1: 1 (0)
            :   :       REF_IDX = 0: 1 (27.4/3.1)
            :   :       REF_IDX = 1: 0 (7.5/1.6)
            :   MV_MOD_FRAC = 0:
            :   :...TU_DEPTH = 2: 1 (28.1/9.3)
            :       TU_DEPTH = 1:
            :       :...SAD <= 1349: 0 (57.2/14.3)
            :       :   SAD > 1349:
            :       :   :...NON-Z-COEFF <= 11: 1 (29.5/4.9)
            :       :       NON-Z-COEFF > 11: 0 (9.3/1.6)
            :       TU_DEPTH = 0:
            :       :...MVP_IDX = 0: 0 (11.2/0.8)
            :           MVP_IDX = 1: 1 (8.8/3.1)
            :           MVP_IDX = -1:
            :           :...PU_SIZE = 1: 0 (37.3/12.5)
            :               PU_SIZE = 2: 1 (33.1/12)
            :               PU_SIZE = 4: 0 (19.7/7.5)
            :               PU_SIZE = 5: 0 (16.8/3.9)
            :               PU_SIZE = 6: 1 (12.2/5.7)
            :               PU_SIZE = 7: 0 (14.8/6.7)
            :               PU_SIZE = 0:
            :               :...COST_MSM <= 5760.88: 1 (25.6/4.7)
            :                   COST_MSM > 5760.88:
            :                   :...REF_IDX = -1: 0 (92.8/36.8)
            :                       REF_IDX = 0: 0 (13/3.4)
            :                       REF_IDX = 1: 1 (3.4)
            BITS <= 10:
            :...COST_MSM <= 5900.09: 0 (33.7)
                COST_MSM > 5900.09:
                :...PU_SIZE in {4,5}: 0 (0)
                    PU_SIZE = 1: 0 (1.6)
                    PU_SIZE = 2: 0 (9.8)
                    PU_SIZE = 6: 1 (4.9/2.4)
                    PU_SIZE = 7: 0 (0.8)
                    PU_SIZE = 0:
                    :...NON-Z-COEFF > 12: 0 (13.3)
                        NON-Z-COEFF <= 12:
                        :...RATIO_2Nx2N-MSM > 1.40424: 0 (14.1)
                            RATIO_2Nx2N-MSM <= 1.40424:
                            :...dQP = 2: 0 (0)
                                dQP = 1: 1 (12.4/4.7)
                                dQP = 3: 0 (20.8/5.1)
                                dQP = 4:
                                :...BEST_COST > 11923.4:
                                    :...RATIO_BEST-MSM <= 1.01177: 0 (14.6/6.7)
                                    :   RATIO_BEST-MSM > 1.01177: 1 (15.4)
                                    BEST_COST <= 11923.4:
                                    :...MV_MOD_INT > 26.5707: 1 (5.1)
                                        MV_MOD_INT <= 26.5707:
                                        :...RATIO_2Nx2N-MSM > 1.39077: 1 (5.1)
                                            RATIO_2Nx2N-MSM <= 1.39077:
                                            :...MVP_IDX = 0: 0 (0.8)
                                                MVP_IDX = 1: 1 (3.4/0.8)
                                                MVP_IDX = -1:
                                                :...SAD <= 773: 1 (17.3/7.1)
                                                    SAD > 773: 0 (58.7/7.7)

-----  Trial 2:  -----

Decision tree:

COST_MSM <= 3812.67:
:...TU_DEPTH = 2: 0 (0)
:   TU_DEPTH = 0: 0 (246.9/9.7)
:   TU_DEPTH = 1: 1 (12.6/5.5)
COST_MSM > 3812.67:
:...BITS <= 9:
    :...DISTORTION > 7731:
    :   :...BITS <= 1: 0 (5.8)
    :   :   BITS > 1:
    :   :   :...RATIO_BEST_2Nx2N <= 0.880347: 0 (24.8/6.3)
    :   :       RATIO_BEST_2Nx2N > 0.880347: 1 (57/16)
    :   DISTORTION <= 7731:
    :   :...RATIO_BEST_2Nx2N > 1.00428: 1 (8.9/3.5)
    :       RATIO_BEST_2Nx2N <= 1.00428:
    :       :...SSE <= 4467: 0 (116.2/2.1)
    :           SSE > 4467:
    :           :...SAD <= 690: 1 (4.2)
    :               SAD > 690: 0 (55.5/6.3)
    BITS > 9:
    :...BITS > 165:
        :...COST_2Nx2N <= 33155.7: 1 (108.6/10.8)
        :   COST_2Nx2N > 33155.7: 0 (17.7/3.1)
        BITS <= 165:
        :...MVD_MOD_INT > 6.40312:
            :...SSE > 20158: 1 (2.2)
            :   SSE <= 20158:
            :   :...AVG_NEIGH_DEPTH <= 1.53663: 1 (6.4/2.7)
            :       AVG_NEIGH_DEPTH > 1.53663: 0 (25.1)
            MVD_MOD_INT <= 6.40312:
            :...RATIO_BEST_2Nx2N > 0.99987:
                :...INTER_DIR = 0: 1 (3.3)
                :   INTER_DIR = 2: 0 (23.4/8.6)
                :   INTER_DIR = 3: 0 (103.6/23.2)
                :   INTER_DIR = 1:
                :   :...AVG_NEIGH_DEPTH <= 1.99848: 1 (29.8/13)
                :       AVG_NEIGH_DEPTH > 1.99848: 0 (9.2)
                RATIO_BEST_2Nx2N <= 0.99987:
                :...CTX_SPLIT = 5: 1 (53.2/16.9)
                    CTX_SPLIT = 6: 1 (5.2/1.5)
                    CTX_SPLIT = 1:
                    :...MV_MOD_FRAC = 0.25: 1 (49.8/23.3)
                    :   MV_MOD_FRAC = 0.353553: 1 (8.3/3.5)
                    :   MV_MOD_FRAC = 0.5: 0 (22.3/9.1)
                    :   MV_MOD_FRAC = 0.559017: 1 (15.7/4.1)
                    :   MV_MOD_FRAC = 0.707107: 0 (6.2/1.5)
                    :   MV_MOD_FRAC = 0.75: 0 (5.2/0.6)
                    :   MV_MOD_FRAC = 0.790569: 1 (20.9/6.6)
                    :   MV_MOD_FRAC = 0.901388: 1 (6/2.2)
                    :   MV_MOD_FRAC = 1.06066: 0 (2.8/0.6)
                    :   MV_MOD_FRAC = 0:
                    :   :...NON-Z-COEFF <= 16: 0 (90.6/30.6)
                    :       NON-Z-COEFF > 16: 1 (3.1)
                    CTX_SPLIT = 2:
                    :...PU_SIZE = 4: 1 (20.4/7.2)
                    :   PU_SIZE = 5: 0 (12.8/2.2)
                    :   PU_SIZE = 6: 0 (22/6.8)
                    :   PU_SIZE = 7: 1 (22.8/7.9)
                    :   PU_SIZE = 1:
                    :   :...RATIO_2Nx2N-MSM <= 0.876137: 0 (18.6/6.8)
                    :   :   RATIO_2Nx2N-MSM > 0.876137: 1 (33.5/6.9)
                    :   PU_SIZE = 2:
                    :   :...SAD <= 909: 1 (11.3)
                    :   :   SAD > 909: 0 (29.2/13.9)
                    :   PU_SIZE = 0:
                    :   :...AVG_NEIGH_DEPTH > 1.99848:
                    :       :...AVG_NEIGH_DEPTH <= 2.18428: 0 (17.1)
                    :       :   AVG_NEIGH_DEPTH > 2.18428: 1 (11.8/5.3)
                    :       AVG_NEIGH_DEPTH <= 1.99848:
                    :       :...BITS > 90: 1 (10.5)
                    :           BITS <= 90:
                    :           :...RATIO_BEST-MSM <= 1.01039: 0 (27.8/10.3)
                    :               RATIO_BEST-MSM > 1.01039: 1 (7.8)
                    CTX_SPLIT = 4:
                    :...FME = 1: 1 (4.9)
                    :   FME = 2: 1 (31.3/5.9)
                    :   FME = 0:
                    :   :...SSE <= 8938: 0 (19.5/2.1)
                    :       SSE > 8938:
                    :       :...AVG_NEIGH_DEPTH > 2.06716: 0 (14.5/5)
                    :           AVG_NEIGH_DEPTH <= 2.06716:
                    :           :...RATIO_BEST-MSM <= 0.503843: 0 (3.4)
                    :               RATIO_BEST-MSM > 0.503843: 1 (28.5/1.3)
                    CTX_SPLIT = 0:
                    :...NON-Z-COEFF <= 1:
                    :   :...BEST_COST <= 5020.44: 1 (6.8/2.6)
                    :   :   BEST_COST > 5020.44: 0 (27.4/1.3)
                    :   NON-Z-COEFF > 1:
                    :   :...MV_MOD_INT > 11.6619: 0 (7.1)
                    :       MV_MOD_INT <= 11.6619:
                    :       :...MV_MOD_INT > 6.7082: 1 (8.8/2.1)
                    :           MV_MOD_INT <= 6.7082:
                    :           :...INTER_DIR = 0: 0 (8.7/2.7)
                    :               INTER_DIR = 1: 0 (12.1/4.3)
                    :               INTER_DIR = 2: 1 (19.1/2.1)
                    :               INTER_DIR = 3:
                    :               :...TU_DEPTH = 0: 0 (35.3/11.2)
                    :                   TU_DEPTH = 1: 1 (17.7/6.9)
                    :                   TU_DEPTH = 2: 1 (1.5)
                    CTX_SPLIT = 3:
                    :...PU_SIZE = 1: 1 (39.2/8.3)
                        PU_SIZE = 4: 1 (9.1/2.7)
                        PU_SIZE = 5: 1 (9.2/1.5)
                        PU_SIZE = 6: 0 (8.9/3.4)
                        PU_SIZE = 7: 1 (13.2/4)
                        PU_SIZE = 2:
                        :...RATIO_2Nx2N-MSM <= 0.846146: 0 (13.9/2.8)
                        :   RATIO_2Nx2N-MSM > 0.846146: 1 (26.4/10.6)
                        PU_SIZE = 0:
                        :...COST_2Nx2N <= 4978.24: 0 (8.5)
                            COST_2Nx2N > 4978.24:
                            :...MV_MOD_FRAC in {0.5,0.559017,0.707107,0.75,
                                :               0.901388,1.06066}: 1 (0)
                                MV_MOD_FRAC = 0.25: 0 (4.3/1.5)
                                MV_MOD_FRAC = 0.353553: 1 (2.1)
                                MV_MOD_FRAC = 0.790569: 0 (2.1)
                                MV_MOD_FRAC = 0:
                                :...BITS > 161: 0 (7.3/0.6)
                                    BITS <= 161:
                                    :...DISTORTION <= 2251: 0 (6.8/0.6)
                                        DISTORTION > 2251: 1 (46.6/7.2)

-----  Trial 3:  -----

Decision tree:

COST_MSM <= 3863.74: 0 (226.6/20.3)
COST_MSM > 3863.74:
:...BITS > 95:
    :...BITS > 257:
    :   :...BEST_COST <= 35287: 1 (42.1)
    :   :   BEST_COST > 35287: 0 (7.5/2.4)
    :   BITS <= 257:
    :   :...MVP_IDX = 0: 1 (41.2/12.2)
    :       MVP_IDX = 1: 1 (37.4/17.4)
    :       MVP_IDX = -1:
    :       :...PU_SIZE = 1: 0 (21.1/8.2)
    :           PU_SIZE = 2: 0 (13.7/6.1)
    :           PU_SIZE = 4: 0 (7.5/3.3)
    :           PU_SIZE = 5: 1 (1.2)
    :           PU_SIZE = 6: 1 (8.4/1.7)
    :           PU_SIZE = 7: 1 (1.8)
    :           PU_SIZE = 0:
    :           :...MV_MOD_FRAC in {0.5,0.559017,0.75,0.790569,
    :               :               1.06066}: 1 (0)
    :               MV_MOD_FRAC = 0.25: 1 (9.9/3.4)
    :               MV_MOD_FRAC = 0.353553: 1 (1.8)
    :               MV_MOD_FRAC = 0.707107: 0 (1.7)
    :               MV_MOD_FRAC = 0.901388: 1 (0.5)
    :               MV_MOD_FRAC = 0:
    :               :...RATIO_BEST_2Nx2N <= 0.656981: 0 (27/9.8)
    :                   RATIO_BEST_2Nx2N > 0.656981:
    :                   :...SSE <= 7225: 0 (14/4.7)
    :                       SSE > 7225: 1 (95/17.4)
    BITS <= 95:
    :...BITS <= 10:
        :...DISTORTION <= 6380:
        :   :...SSE <= 2009: 1 (6.7/1)
        :   :   SSE > 2009: 0 (120.7/4.4)
        :   DISTORTION > 6380:
        :   :...PU_SIZE in {4,5,7}: 0 (0)
        :       PU_SIZE = 1: 0 (0.5)
        :       PU_SIZE = 2: 0 (5.5)
        :       PU_SIZE = 6: 1 (3)
        :       PU_SIZE = 0:
        :       :...NON-Z-COEFF > 12: 0 (11.3)
        :           NON-Z-COEFF <= 12:
        :           :...PRED_MODE = 3: 0 (0)
        :               PRED_MODE = 1: 1 (6.4/2)
        :               PRED_MODE = 2: 0 (2.8)
        :               PRED_MODE = 0:
        :               :...RATIO_BEST-MSM > 1.01177:
        :                   :...INTER_DIR = 0: 1 (0)
        :                   :   INTER_DIR = 1: 0 (4.6)
        :                   :   INTER_DIR = 2: 1 (7.6/1.5)
        :                   :   INTER_DIR = 3:
        :                   :   :...NON-Z-COEFF <= 6: 1 (33.6/7.5)
        :                   :       NON-Z-COEFF > 6: 0 (3.6)
        :                   RATIO_BEST-MSM <= 1.01177:
        :                   :...RATIO_BEST-MSM > 1.00227: 0 (14.4)
        :                       RATIO_BEST-MSM <= 1.00227:
        :                       :...RATIO_BEST-MSM > 1.00091: 1 (3.4)
        :                           RATIO_BEST-MSM <= 1.00091:
        :                           :...COLOC_SPLIT = 0: 0 (19.2)
        :                               COLOC_SPLIT = 1: 0 (25.2/6.9)
        :                               COLOC_SPLIT = 2: 1 (11.9/2.6)
        BITS > 10:
        :...DISTORTION > 20453:
            :...RATIO_2Nx2N-MSM <= 0.778325: 0 (3.2)
            :   RATIO_2Nx2N-MSM > 0.778325: 1 (37.1/4.4)
            DISTORTION <= 20453:
            :...MVD_MOD_INT > 3.16228: 0 (27.6/3.3)
                MVD_MOD_INT <= 3.16228:
                :...MVD_MOD_FRAC = 0.353553: 0 (28.8/12.3)
                    MVD_MOD_FRAC = 0.5: 0 (14.4/6.4)
                    MVD_MOD_FRAC = 0.559017: 0 (11.8/3.8)
                    MVD_MOD_FRAC = 0.707107: 1 (7.1/0.5)
                    MVD_MOD_FRAC = 0.75: 0 (13.1/2.8)
                    MVD_MOD_FRAC = 0.790569: 0 (17.8/4.7)
                    MVD_MOD_FRAC = 0.901388: 1 (6.5/2.6)
                    MVD_MOD_FRAC = 1.06066: 0 (6.8)
                    MVD_MOD_FRAC = 0.25:
                    :...TU_DEPTH = 1: 1 (5.4)
                    :   TU_DEPTH = 2: 0 (3.7)
                    :   TU_DEPTH = 0:
                    :   :...dQP = 2: 0 (0)
                    :       dQP = 1: 0 (10.4)
                    :       dQP = 3: 1 (12.4/4.9)
                    :       dQP = 4:
                    :       :...NON-Z-COEFF <= 3: 1 (24.5/11.4)
                    :           NON-Z-COEFF > 3: 0 (6.3)
                    MVD_MOD_FRAC = 0:
                    :...dQP = 2: 0 (0)
                        dQP = 1:
                        :...BITS <= 30: 0 (57.9/12.1)
                        :   BITS > 30:
                        :   :...NON-Z-COEFF <= 12: 0 (132.1/51.4)
                        :       NON-Z-COEFF > 12: 1 (16.4/3.5)
                        dQP = 3:
                        :...MV_MOD_FRAC = 0.25: 1 (26.9/11.3)
                        :   MV_MOD_FRAC = 0.353553: 1 (8.9/3.7)
                        :   MV_MOD_FRAC = 0.5: 1 (2.9/1.2)
                        :   MV_MOD_FRAC = 0.559017: 0 (9.1/1.2)
                        :   MV_MOD_FRAC = 0.707107: 1 (7.5/2.6)
                        :   MV_MOD_FRAC = 0.75: 0 (1.2)
                        :   MV_MOD_FRAC = 0.790569: 0 (1.7)
                        :   MV_MOD_FRAC = 0.901388: 0 (3.5/1)
                        :   MV_MOD_FRAC = 1.06066: 0 (2.3/1)
                        :   MV_MOD_FRAC = 0:
                        :   :...MVP_IDX = 0: 0 (4.1)
                        :       MVP_IDX = 1: 1 (4.2/1.2)
                        :       MVP_IDX = -1:
                        :       :...BEST_COST <= 4697.56: 0 (10)
                        :           BEST_COST > 4697.56:
                        :           :...REF_IDX = 1: 0 (6)
                        :               REF_IDX = 0:
                        :               :...COLOC_SPLIT = 0: 1 (7.7/3.2)
                        :               :   COLOC_SPLIT = 1: 0 (13.9/5.7)
                        :               :   COLOC_SPLIT = 2: 1 (8.4/1.7)
                        :               REF_IDX = -1:
                        :               :...DISTORTION <= 3899: 0 (10.8/0.5)
                        :                   DISTORTION > 3899:
                        :                   :...AVG_NEIGH_DEPTH <= 1.22204: 0 (4.7)
                        :                       AVG_NEIGH_DEPTH > 1.22204: [S1]
                        dQP = 4:
                        :...MVP_IDX = 0: 0 (11.1/2.5)
                            MVP_IDX = 1: 1 (15.4/5.6)
                            MVP_IDX = -1:
                            :...COST_2Nx2N > 23766.7:
                                :...BEST_COST <= 21268.6: 0 (24.7)
                                :   BEST_COST > 21268.6:
                                :   :...DISTORTION <= 16822: 1 (17.9/2.7)
                                :       DISTORTION > 16822: 0 (19.4/2.3)
                                COST_2Nx2N <= 23766.7:
                                :...MV_MOD_FRAC = 0.353553: 1 (13.6/6.8)
                                    MV_MOD_FRAC = 0.5: 0 (25/11.2)
                                    MV_MOD_FRAC = 0.559017: 1 (24.3/10.2)
                                    MV_MOD_FRAC = 0.707107: 0 (6.1/2.5)
                                    MV_MOD_FRAC = 0.75: 1 (5/2.5)
                                    MV_MOD_FRAC = 0.790569: 1 (26.2/9.6)
                                    MV_MOD_FRAC = 0.901388: 0 (5.9/1)
                                    MV_MOD_FRAC = 1.06066: 1 (6.9/1.8)
                                    MV_MOD_FRAC = 0.25:
                                    :...NON-Z-COEFF <= 10: 1 (28.4/6.4)
                                    :   NON-Z-COEFF > 10: 0 (2.8)
                                    MV_MOD_FRAC = 0:
                                    :...COST_MSM > 27312.2: 1 (12.7)
                                        COST_MSM <= 27312.2:
                                        :...SAD > 1516: 0 (13.6)
                                            SAD <= 1516:
                                            :...NON-Z-COEFF > 5: 1 (20.8/3.1)
                                                NON-Z-COEFF <= 5:
                                                :...CTX_SPLIT = 6: 0 (0)
                                                    CTX_SPLIT = 0: 1 (21.5/9.3)
                                                    CTX_SPLIT = 2: 0 (20.8/5.5)
                                                    CTX_SPLIT = 3: 0 (9.5/3.7)
                                                    CTX_SPLIT = 4: 0 (6.4/2.7)
                                                    CTX_SPLIT = 5: 0 (4.2/1.2)
                                                    CTX_SPLIT = 1: [S2]

SubTree [S1]

RATIO_BEST-MSM > 0.98744: 0 (4.7)
RATIO_BEST-MSM <= 0.98744:
:...AVG_NEIGH_DEPTH <= 2.20574: 1 (37.2/5)
    AVG_NEIGH_DEPTH > 2.20574: 0 (2.8)

SubTree [S2]

NON-Z-COEFF > 3: 0 (3.5)
NON-Z-COEFF <= 3:
:...RATIO_BEST_2Nx2N <= 0.714183: 1 (13.5)
    RATIO_BEST_2Nx2N > 0.714183: 0 (20.2/9.3)

-----  Trial 4:  -----

Decision tree:

COST_MSM <= 3306.63: 0 (131.8/10.3)
COST_MSM > 3306.63:
:...BITS <= 40:
    :...NON-Z-COEFF > 11: 0 (52.8/6.1)
    :   NON-Z-COEFF <= 11:
    :   :...BITS <= 9:
    :       :...DISTORTION <= 5591:
    :       :   :...RATIO_BEST-MSM <= 1.06221: 0 (90.8)
    :       :   :   RATIO_BEST-MSM > 1.06221: 1 (5.2/1.7)
    :       :   DISTORTION > 5591:
    :       :   :...CTX_SPLIT = 6: 0 (0)
    :       :       CTX_SPLIT = 2: 0 (28.3/9.2)
    :       :       CTX_SPLIT = 3: 0 (16.1/3.6)
    :       :       CTX_SPLIT = 4: 0 (5.1/1.4)
    :       :       CTX_SPLIT = 5: 0 (2.5)
    :       :       CTX_SPLIT = 0:
    :       :       :...REF_IDX = -1: 0 (5)
    :       :       :   REF_IDX = 0: 1 (29.2/12.3)
    :       :       :   REF_IDX = 1: 0 (13.5/3.8)
    :       :       CTX_SPLIT = 1:
    :       :       :...MV_MOD_INT > 6.08276: 0 (14.3)
    :       :           MV_MOD_INT <= 6.08276:
    :       :           :...RATIO_BEST-MSM <= 1.01045: 0 (27.4/7)
    :       :               RATIO_BEST-MSM > 1.01045: 1 (12.2/0.9)
    :       BITS > 9:
    :       :...MVD_MOD_FRAC = 0.353553: 1 (21.3/8)
    :           MVD_MOD_FRAC = 0.5: 0 (7.8/3.8)
    :           MVD_MOD_FRAC = 0.559017: 0 (4.2)
    :           MVD_MOD_FRAC = 0.707107: 1 (5.7/1.3)
    :           MVD_MOD_FRAC = 0.75: 0 (7.4)
    :           MVD_MOD_FRAC = 0.790569: 0 (15.3/6.3)
    :           MVD_MOD_FRAC = 0.901388: 0 (2.3)
    :           MVD_MOD_FRAC = 1.06066: 0 (4.1)
    :           MVD_MOD_FRAC = 0.25:
    :           :...RATIO_BEST_2Nx2N <= 0.888735: 1 (10.8/0.4)
    :           :   RATIO_BEST_2Nx2N > 0.888735: 0 (50.1/9.9)
    :           MVD_MOD_FRAC = 0:
    :           :...MVP_IDX = 0: 0 (27.8/6.6)
    :               MVP_IDX = 1: 0 (26.1/6.9)
    :               MVP_IDX = -1:
    :               :...FME = 1:
    :                   :...RATIO_2Nx2N-MSM <= 1.41626: 1 (52.6/16.4)
    :                   :   RATIO_2Nx2N-MSM > 1.41626: 0 (5.6)
    :                   FME = 0:
    :                   :...COST_2Nx2N <= 5250.29:
    :                   :   :...BITS <= 39: 0 (27.3)
    :                   :   :   BITS > 39: 1 (2.1)
    :                   :   COST_2Nx2N > 5250.29:
    :                   :   :...PU_SIZE = 2: 0 (38/15.9)
    :                   :       PU_SIZE = 4: 0 (19.5/7.7)
    :                   :       PU_SIZE = 5: 1 (19.7/9.5)
    :                   :       PU_SIZE = 6: 1 (10.6/4.5)
    :                   :       PU_SIZE = 7: 0 (15.6/6.4)
    :                   :       PU_SIZE = 0:
    :                   :       :...RATIO_BEST-MSM <= 1.00428: 1 (51.1/16.2)
    :                   :       :   RATIO_BEST-MSM > 1.00428: 0 (5.8)
    :                   :       PU_SIZE = 1:
    :                   :       :...COLOC_SPLIT = 0: 0 (10.8/4)
    :                   :           COLOC_SPLIT = 1: 1 (15.2)
    :                   :           COLOC_SPLIT = 2: 1 (8.9/2.8)
    :                   FME = 2:
    :                   :...PU_SIZE = 1: 0 (43/16.8)
    :                       PU_SIZE = 4: 1 (19.1/6.8)
    :                       PU_SIZE = 5: 1 (12.6/6)
    :                       PU_SIZE = 6: 0 (34.1/8.7)
    :                       PU_SIZE = 7: 0 (21.4/9.1)
    :                       PU_SIZE = 2:
    :                       :...NON-Z-COEFF <= 3: 1 (26.7/7.7)
    :                       :   NON-Z-COEFF > 3: 0 (7.4/0.4)
    :                       PU_SIZE = 0:
    :                       :...TU_DEPTH = 1: 1 (2.2)
    :                           TU_DEPTH = 2: 1 (1.4)
    :                           TU_DEPTH = 0:
    :                           :...DISTORTION <= 2743: 1 (3.9/0.4)
    :                               DISTORTION > 2743: 0 (34.1/3.6)
    BITS > 40:
    :...MVD_MOD_INT > 6.40312:
        :...BITS <= 144: 0 (26.5/2.5)
        :   BITS > 144: 1 (5.5)
        MVD_MOD_INT <= 6.40312:
        :...BITS > 257:
            :...BEST_COST <= 35287: 1 (32.3)
            :   BEST_COST > 35287: 0 (7.4/3.2)
            BITS <= 257:
            :...MVD_MOD_FRAC = 0.353553: 1 (25.9/10.7)
                MVD_MOD_FRAC = 0.5: 1 (19.4/7.8)
                MVD_MOD_FRAC = 0.559017: 1 (10/1.3)
                MVD_MOD_FRAC = 0.707107: 1 (1)
                MVD_MOD_FRAC = 0.75: 1 (12.2/2.9)
                MVD_MOD_FRAC = 0.790569: 0 (7.5/0.9)
                MVD_MOD_FRAC = 0.901388: 0 (19.9/8.5)
                MVD_MOD_FRAC = 1.06066: 0 (1.4)
                MVD_MOD_FRAC = 0.25:
                :...AVG_NEIGH_DEPTH <= 2.05149: 1 (18.3/3.8)
                :   AVG_NEIGH_DEPTH > 2.05149: 0 (14.4/1.7)
                MVD_MOD_FRAC = 0:
                :...MVP_IDX = 0: 1 (13.6/2.1)
                    MVP_IDX = 1: 0 (21.7/10.4)
                    MVP_IDX = -1:
                    :...MV_MOD_FRAC = 0.353553: 1 (25.6/12.8)
                        MV_MOD_FRAC = 0.5: 1 (7.5/3.1)
                        MV_MOD_FRAC = 0.559017: 1 (11/1.7)
                        MV_MOD_FRAC = 0.707107: 0 (8.6/4.1)
                        MV_MOD_FRAC = 0.75: 1 (2.7)
                        MV_MOD_FRAC = 0.790569: 0 (3.7)
                        MV_MOD_FRAC = 0.901388: 1 (15.2/5.4)
                        MV_MOD_FRAC = 1.06066: 1 (6.4/1)
                        MV_MOD_FRAC = 0.25:
                        :...AVG_NEIGH_DEPTH <= 1.51351: 0 (24.1/6.6)
                        :   AVG_NEIGH_DEPTH > 1.51351:
                        :   :...RATIO_2Nx2N-MSM <= 1.00742: 0 (13.1/5.6)
                        :       RATIO_2Nx2N-MSM > 1.00742: 1 (26.9/1.7)
                        MV_MOD_FRAC = 0:
                        :...dQP = 2: 1 (0)
                            dQP = 1: 1 (215.7/72.6)
                            dQP = 3:
                            :...REF_IDX = 0: 1 (21.1/8.2)
                            :   REF_IDX = 1: 1 (5.1/2.4)
                            :   REF_IDX = -1:
                            :   :...NON-Z-COEFF <= 5: 1 (41/16.6)
                            :       NON-Z-COEFF > 5: 0 (15.8/1.3)
                            dQP = 4:
                            :...BEST_COST > 38869.7: 1 (6.7)
                                BEST_COST <= 38869.7:
                                :...COLOC_SPLIT = 0: 0 (13/3.7)
                                    COLOC_SPLIT = 1: 0 (17.5/5.6)
                                    COLOC_SPLIT = 2: 1 (16.3/4.7)

-----  Trial 5:  -----

Decision tree:

BITS <= 9:
:...DISTORTION <= 6758: 0 (208/15.9)
:   DISTORTION > 6758:
:   :...BITS <= 1: 0 (8.3)
:       BITS > 1:
:       :...dQP = 2: 0 (0)
:           dQP = 1: 1 (9.3/0.8)
:           dQP = 3: 0 (11.9/4.7)
:           dQP = 4:
:           :...PRED_MODE = 3: 0 (0)
:               PRED_MODE = 1: 0 (5)
:               PRED_MODE = 2: 0 (1)
:               PRED_MODE = 0:
:               :...INTER_DIR = 0: 0 (0)
:                   INTER_DIR = 1: 0 (4.8)
:                   INTER_DIR = 2: 1 (8.4/3.3)
:                   INTER_DIR = 3:
:                   :...FME = 0: 0 (20/4)
:                       FME = 1: 1 (7.4/1.4)
:                       FME = 2:
:                       :...COST_MSM <= 8722.71: 0 (9.2)
:                           COST_MSM > 8722.71:
:                           :...AVG_NEIGH_DEPTH > 1.9798: 0 (5.1)
:                               AVG_NEIGH_DEPTH <= 1.9798:
:                               :...NON-Z-COEFF <= 1: 0 (8.4/2)
:                                   NON-Z-COEFF > 1: 1 (23.2/4.6)
BITS > 9:
:...DISTORTION > 20453:
    :...MVD_MOD_INT <= 1.41421: 1 (40.9/4)
    :   MVD_MOD_INT > 1.41421: 0 (15/6.5)
    DISTORTION <= 20453:
    :...TU_DEPTH = 2:
        :...BITS > 223: 1 (15.5)
        :   BITS <= 223:
        :   :...RATIO_BEST-MSM > 0.992912: 1 (8.4)
        :       RATIO_BEST-MSM <= 0.992912:
        :       :...INTER_DIR = 1: 0 (18.2/5.1)
        :           INTER_DIR = 2: 1 (2.1)
        :           INTER_DIR = 3: 0 (27.1/13.3)
        :           INTER_DIR = 0:
        :           :...RATIO_BEST-MSM <= 0.612655: 1 (10.3)
        :               RATIO_BEST-MSM > 0.612655: 0 (24.6/7.2)
        TU_DEPTH = 1:
        :...BITS > 188: 1 (21)
        :   BITS <= 188:
        :   :...RATIO_2Nx2N-MSM <= 0.799624: 0 (54.8/14.4)
        :       RATIO_2Nx2N-MSM > 0.799624:
        :       :...MVD_MOD_INT > 1: 1 (16.6/0.8)
        :           MVD_MOD_INT <= 1:
        :           :...MV_MOD_FRAC = 0.353553: 0 (22.7/9.3)
        :               MV_MOD_FRAC = 0.5: 0 (13/5)
        :               MV_MOD_FRAC = 0.559017: 1 (11.1/1.9)
        :               MV_MOD_FRAC = 0.707107: 1 (8.6)
        :               MV_MOD_FRAC = 0.75: 1 (4.7/1.6)
        :               MV_MOD_FRAC = 0.790569: 1 (5.2)
        :               MV_MOD_FRAC = 0.901388: 0 (6.6/3.2)
        :               MV_MOD_FRAC = 1.06066: 1 (1.1)
        :               MV_MOD_FRAC = 0:
        :               :...REF_IDX = -1: 1 (63.3/24.2)
        :               :   REF_IDX = 0: 0 (31.2/9.9)
        :               :   REF_IDX = 1: 1 (23.7/6.1)
        :               MV_MOD_FRAC = 0.25:
        :               :...MVD_MOD_FRAC in {0.353553,0.559017,0.707107,0.75,
        :                   :                0.790569,1.06066}: 1 (0)
        :                   MVD_MOD_FRAC = 0.25: 1 (4.3)
        :                   MVD_MOD_FRAC = 0.5: 1 (1.1)
        :                   MVD_MOD_FRAC = 0.901388: 0 (1.1)
        :                   MVD_MOD_FRAC = 0:
        :                   :...BITS <= 55: 0 (5.8)
        :                       BITS > 55: 1 (40.4/11.4)
        TU_DEPTH = 0:
        :...MVD_MOD_INT > 3.60555: 0 (30.5/3.8)
            MVD_MOD_INT <= 3.60555:
            :...MVD_MOD_INT > 2: 1 (35.1/8.7)
                MVD_MOD_INT <= 2:
                :...RATIO_BEST_2Nx2N > 0.973693:
                    :...MV_MOD_FRAC = 0.25: 0 (48.2/5.8)
                    :   MV_MOD_FRAC = 0.353553: 0 (35.4/10.5)
                    :   MV_MOD_FRAC = 0.5: 0 (13.3/3.2)
                    :   MV_MOD_FRAC = 0.559017: 0 (19.6)
                    :   MV_MOD_FRAC = 0.707107: 0 (8.5/1.7)
                    :   MV_MOD_FRAC = 0.75: 0 (2.3)
                    :   MV_MOD_FRAC = 0.790569: 0 (6.9/1.7)
                    :   MV_MOD_FRAC = 0.901388: 0 (10.1/4.2)
                    :   MV_MOD_FRAC = 1.06066: 1 (4.8/0.8)
                    :   MV_MOD_FRAC = 0:
                    :   :...AVG_NEIGH_DEPTH > 1.9798: 0 (18.1)
                    :       AVG_NEIGH_DEPTH <= 1.9798:
                    :       :...BITS > 43: 1 (8.8)
                    :           BITS <= 43:
                    :           :...RATIO_BEST_2Nx2N <= 1.01667: 0 (27.8/4.5)
                    :               RATIO_BEST_2Nx2N > 1.01667: 1 (6.9/0.4)
                    RATIO_BEST_2Nx2N <= 0.973693:
                    :...COST_2Nx2N <= 4812.8:
                        :...SSE <= 2080: 1 (13.5/2.8)
                        :   SSE > 2080:
                        :   :...SAD <= 3169: 0 (58.5/1.7)
                        :       SAD > 3169: 1 (5.2/1.1)
                        COST_2Nx2N > 4812.8:
                        :...MV_MOD_FRAC = 0.353553: 0 (32.1/14.7)
                            MV_MOD_FRAC = 0.707107: 0 (15.8/1.6)
                            MV_MOD_FRAC = 0.75: 0 (11.5/4.3)
                            MV_MOD_FRAC = 0.901388: 1 (9/4.4)
                            MV_MOD_FRAC = 1.06066: 1 (14.4/4.7)
                            MV_MOD_FRAC = 0.559017:
                            :...COLOC_SPLIT = 0: 0 (11.1)
                            :   COLOC_SPLIT = 1: 0 (31.1/12.1)
                            :   COLOC_SPLIT = 2: 1 (3.4)
                            MV_MOD_FRAC = 0.790569:
                            :...SSE <= 16304: 1 (26.5/10.2)
                            :   SSE > 16304: 0 (10.4)
                            MV_MOD_FRAC = 0.25:
                            :...BEST_COST > 19930.1: 0 (9.2/1.6)
                            :   BEST_COST <= 19930.1:
                            :   :...AVG_NEIGH_DEPTH <= 1.175: 0 (9.1/0.8)
                            :       AVG_NEIGH_DEPTH > 1.175: 1 (83.4/26.5)
                            MV_MOD_FRAC = 0.5:
                            :...dQP = 2: 0 (0)
                            :   dQP = 1: 1 (3.7/1.7)
                            :   dQP = 3: 0 (4.7)
                            :   dQP = 4:
                            :   :...RATIO_2Nx2N-MSM <= 0.92755: 0 (10.4/0.4)
                            :       RATIO_2Nx2N-MSM > 0.92755: 1 (24.9/5.5)
                            MV_MOD_FRAC = 0:
                            :...AVG_NEIGH_DEPTH > 2.38309: 1 (22.6/4.5)
                                AVG_NEIGH_DEPTH <= 2.38309:
                                :...DISTORTION <= 2215: 0 (16.9/0.4)
                                    DISTORTION > 2215:
                                    :...PU_SIZE = 4: 0 (19.7/9.8)
                                        PU_SIZE = 5: 0 (22.9/9.6)
                                        PU_SIZE = 6: 0 (15.7/6)
                                        PU_SIZE = 7: 0 (18.1/7.3)
                                        PU_SIZE = 1:
                                        :...dQP = 2: 1 (0)
                                        :   dQP = 1: 1 (3.8/0.4)
                                        :   dQP = 3: 0 (12.5/1.7)
                                        :   dQP = 4: 1 (30.4/11.4)
                                        PU_SIZE = 0:
                                        :...CTX_SPLIT = 6: 0 (0)
                                        :   CTX_SPLIT = 0: 0 (29/11)
                                        :   CTX_SPLIT = 2: 0 (31.2/8.4)
                                        :   CTX_SPLIT = 3: 1 (22.8/8.6)
                                        :   CTX_SPLIT = 4: 1 (26/9.4)
                                        :   CTX_SPLIT = 5: 1 (7.2/2.1)
                                        :   CTX_SPLIT = 1:
                                        :   :...NON-Z-COEFF <= 4: 0 (21.3/3.3)
                                        :       NON-Z-COEFF > 4: 1 (9.8/1.1)
                                        PU_SIZE = 2:
                                        :...DISTORTION <= 4762: 0 (5.8)
                                            DISTORTION > 4762:
                                            :...SAD <= 1127: 0 (13.2/6.1)
                                                SAD > 1127: 1 (18.5/0.8)

-----  Trial 6:  -----

Decision tree:

COST_MSM <= 3812.67:
:...BITS > 55: 1 (8.3)
:   BITS <= 55:
:   :...PU_SIZE = 4: 0 (0)
:       PU_SIZE = 0: 0 (130.8/1.4)
:       PU_SIZE = 1: 1 (8/2.6)
:       PU_SIZE = 2: 1 (4/0.6)
:       PU_SIZE = 5: 0 (1.5)
:       PU_SIZE = 6: 0 (2.3)
:       PU_SIZE = 7: 0 (0.3)
COST_MSM > 3812.67:
:...BITS > 96:
    :...BITS > 200:
    :   :...COST_MSM <= 34227.3: 1 (55.6/3.6)
    :   :   COST_MSM > 34227.3: 0 (18.2/6.8)
    :   BITS <= 200:
    :   :...COST_2Nx2N > 41536.2: 1 (14.9)
    :       COST_2Nx2N <= 41536.2:
    :       :...MV_MOD_FRAC = 0.25: 1 (30.3/10.9)
    :           MV_MOD_FRAC = 0.353553: 1 (16/6.8)
    :           MV_MOD_FRAC = 0.5: 0 (8.1/4)
    :           MV_MOD_FRAC = 0.559017: 1 (10.8/1.7)
    :           MV_MOD_FRAC = 0.707107: 1 (3.2/1)
    :           MV_MOD_FRAC = 0.75: 1 (3.2)
    :           MV_MOD_FRAC = 0.790569: 1 (8.7/4.3)
    :           MV_MOD_FRAC = 0.901388: 1 (9.9/3.3)
    :           MV_MOD_FRAC = 1.06066: 1 (6.8/2.4)
    :           MV_MOD_FRAC = 0:
    :           :...RATIO_BEST_2Nx2N > 0.970225: 0 (11.1/1.5)
    :               RATIO_BEST_2Nx2N <= 0.970225:
    :               :...NON-Z-COEFF <= 2:
    :                   :...RATIO_BEST_2Nx2N <= 0.508071: 0 (8.2/0.9)
    :                   :   RATIO_BEST_2Nx2N > 0.508071: 1 (60.6/7.4)
    :                   NON-Z-COEFF > 2:
    :                   :...COST_2Nx2N > 8518.1: 0 (32.1/8.4)
    :                       COST_2Nx2N <= 8518.1:
    :                       :...COST_2Nx2N <= 6032.49: 0 (12.1/1)
    :                           COST_2Nx2N > 6032.49: 1 (21.2)
    BITS <= 96:
    :...BEST_COST > 21546.8: 1 (99.7/31.2)
        BEST_COST <= 21546.8:
        :...MVD_MOD_FRAC = 0.5: 1 (21.5/8.2)
            MVD_MOD_FRAC = 0.559017: 0 (15.1/4.3)
            MVD_MOD_FRAC = 0.707107: 1 (6.5/1.6)
            MVD_MOD_FRAC = 0.75: 0 (16.9/1.4)
            MVD_MOD_FRAC = 0.790569: 0 (20.9/6.2)
            MVD_MOD_FRAC = 0.901388: 0 (13.8/6.2)
            MVD_MOD_FRAC = 1.06066: 0 (5.2)
            MVD_MOD_FRAC = 0.25:
            :...TU_DEPTH = 0: 0 (57/19.2)
            :   TU_DEPTH = 1: 1 (4)
            :   TU_DEPTH = 2: 0 (2.7)
            MVD_MOD_FRAC = 0.353553:
            :...MVD_MOD_INT > 1.41421: 1 (9.4)
            :   MVD_MOD_INT <= 1.41421:
            :   :...COLOC_SPLIT = 0: 0 (7.6)
            :       COLOC_SPLIT = 1: 1 (22.5/9.1)
            :       COLOC_SPLIT = 2: 0 (0.9)
            MVD_MOD_FRAC = 0:
            :...BITS <= 10:
                :...MVP_IDX = 0: 1 (8.1/3.1)
                :   MVP_IDX = 1: 1 (2.5/0.8)
                :   MVP_IDX = -1:
                :   :...RATIO_2Nx2N-MSM > 1.39673: 0 (26.1)
                :       RATIO_2Nx2N-MSM <= 1.39673:
                :       :...FME = 1: 1 (10.8/4.2)
                :           FME = 2:
                :           :...AVG_NEIGH_DEPTH <= 1.21131: 1 (14/4.8)
                :           :   AVG_NEIGH_DEPTH > 1.21131: 0 (92.1/23.6)
                :           FME = 0:
                :           :...RATIO_BEST_2Nx2N > 1.03858: 1 (3.8)
                :               RATIO_BEST_2Nx2N <= 1.03858:
                :               :...SSE <= 4597: 0 (27.6)
                :                   SSE > 4597:
                :                   :...SAD <= 708: 1 (5)
                :                       SAD > 708: 0 (34.1/7.8)
                BITS > 10:
                :...COST_2Nx2N > 22513: 0 (30.1/2.3)
                    COST_2Nx2N <= 22513:
                    :...PU_SIZE = 7:
                        :...INTER_DIR = 0: 0 (0)
                        :   INTER_DIR = 1: 0 (10.6/1.4)
                        :   INTER_DIR = 2: 1 (3.7/1.2)
                        :   INTER_DIR = 3: 1 (37/16.4)
                        PU_SIZE = 1:
                        :...TU_DEPTH = 1: 1 (18.3/2.7)
                        :   TU_DEPTH = 2: 1 (1.2)
                        :   TU_DEPTH = 0:
                        :   :...REF_IDX = -1: 1 (13.4/6.4)
                        :       REF_IDX = 1: 0 (31.8/11.5)
                        :       REF_IDX = 0:
                        :       :...FME = 0: 1 (15.3/2.9)
                        :           FME = 1: 0 (9.4/2.9)
                        :           FME = 2: 1 (25.9/6.6)
                        PU_SIZE = 4:
                        :...AVG_NEIGH_DEPTH > 2.14462: 0 (15.3)
                        :   AVG_NEIGH_DEPTH <= 2.14462:
                        :   :...RATIO_BEST_2Nx2N <= 0.82656: 1 (17.4/1.2)
                        :       RATIO_BEST_2Nx2N > 0.82656:
                        :       :...RATIO_2Nx2N-MSM <= 0.945551: 0 (10.3)
                        :           RATIO_2Nx2N-MSM > 0.945551: 1 (18.9/7.5)
                        PU_SIZE = 6:
                        :...DISTORTION <= 4011: 0 (12.3)
                        :   DISTORTION > 4011:
                        :   :...SAD > 1118: 0 (22.1/3.3)
                        :       SAD <= 1118:
                        :       :...MVP_IDX = -1: 1 (27.6/2.8)
                        :           MVP_IDX = 0: 0 (0.3)
                        :           MVP_IDX = 1: 0 (3)
                        PU_SIZE = 0:
                        :...TU_DEPTH = 0: 0 (227.6/69.3)
                        :   TU_DEPTH = 2: 0 (11.2/5.4)
                        :   TU_DEPTH = 1:
                        :   :...REF_IDX = 0: 1 (20.8/4.2)
                        :       REF_IDX = 1: 0 (13/2.3)
                        :       REF_IDX = -1:
                        :       :...NON-Z-COEFF > 3: 0 (7.4)
                        :           NON-Z-COEFF <= 3:
                        :           :...RATIO_BEST_2Nx2N <= 0.972997: 0 (21.7/8.3)
                        :               RATIO_BEST_2Nx2N > 0.972997: 1 (8.5)
                        PU_SIZE = 5:
                        :...MV_MOD_INT > 9.05539: 0 (6.9)
                        :   MV_MOD_INT <= 9.05539:
                        :   :...NON-Z-COEFF > 14: 0 (4.5)
                        :       NON-Z-COEFF <= 14:
                        :       :...MVP_IDX = 0: 1 (4.4)
                        :           MVP_IDX = 1: 1 (2.7)
                        :           MVP_IDX = -1:
                        :           :...RATIO_BEST-MSM <= 0.756373: 0 (5)
                        :               RATIO_BEST-MSM > 0.756373: 1 (28.4/7.7)
                        PU_SIZE = 2:
                        :...RATIO_BEST-MSM > 0.970804: 1 (17.6)
                            RATIO_BEST-MSM <= 0.970804:
                            :...NON-Z-COEFF > 11: 0 (8.5)
                                NON-Z-COEFF <= 11:
                                :...MV_MOD_INT > 9.43398: 1 (23.3/2.3)
                                    MV_MOD_INT <= 9.43398:
                                    :...INTER_DIR = 0: 0 (0)
                                        INTER_DIR = 1: 0 (6.7/0.3)
                                        INTER_DIR = 2: 1 (22.9/7.9)
                                        INTER_DIR = 3:
                                        :...TU_DEPTH = 2: 0 (0)
                                            TU_DEPTH = 1: 0 (9.3/1.4)
                                            TU_DEPTH = 0:
                                            :...RATIO_BEST-MSM > 0.941654: 0 (7.6)
                                                RATIO_BEST-MSM <= 0.941654:
                                                :...COLOC_SPLIT = 0: 0 (5.1/0.8)
                                                    COLOC_SPLIT = 2: 1 (7.9)
                                                    COLOC_SPLIT = 1:
                                                    :...FME = 0: 1 (6.7/3.1)
                                                        FME = 1: 0 (3.6)
                                                        FME = 2: 1 (20.1/6.6)

-----  Trial 7:  -----

Decision tree:

COST_MSM <= 3812.67:
:...BITS <= 52: 0 (130.2/9.6)
:   BITS > 52: 1 (7.5/0.7)
COST_MSM > 3812.67:
:...TU_DEPTH = 2: 1 (113.3/35.6)
    TU_DEPTH = 1:
    :...COST_MSM <= 4184.06: 1 (19.8)
    :   COST_MSM > 4184.06:
    :   :...SSE > 21436:
    :       :...RATIO_BEST_2Nx2N <= 0.508071: 0 (5.9/1.9)
    :       :   RATIO_BEST_2Nx2N > 0.508071: 1 (27.5)
    :       SSE <= 21436:
    :       :...MV_MOD_FRAC = 0.353553: 1 (28.4/10.4)
    :           MV_MOD_FRAC = 0.5: 0 (17.6/7.3)
    :           MV_MOD_FRAC = 0.559017: 0 (13.4/6.2)
    :           MV_MOD_FRAC = 0.707107: 1 (8.4)
    :           MV_MOD_FRAC = 0.75: 1 (8.6/2)
    :           MV_MOD_FRAC = 0.790569: 1 (14.4/3.8)
    :           MV_MOD_FRAC = 0.901388: 1 (11/3.7)
    :           MV_MOD_FRAC = 1.06066: 0 (4.4/1)
    :           MV_MOD_FRAC = 0.25:
    :           :...MV_MOD_INT <= 0: 0 (9.5/2.5)
    :           :   MV_MOD_INT > 0:
    :           :   :...RATIO_BEST-MSM <= 0.925462: 1 (13.1/0.7)
    :           :       RATIO_BEST-MSM > 0.925462: 0 (26.5/9.7)
    :           MV_MOD_FRAC = 0:
    :           :...COST_2Nx2N <= 4960.39: 0 (13.9)
    :               COST_2Nx2N > 4960.39:
    :               :...SAD > 1688: 0 (10.8/0.5)
    :                   SAD <= 1688:
    :                   :...INTER_DIR = 0: 1 (12.4/2.9)
    :                       INTER_DIR = 1: 0 (13.8/1.8)
    :                       INTER_DIR = 3: 1 (25.4/9.4)
    :                       INTER_DIR = 2:
    :                       :...DISTORTION <= 5335: 1 (8)
    :                           DISTORTION > 5335:
    :                           :...SAD <= 1324: 0 (23.6/5.1)
    :                               SAD > 1324: 1 (13.2/2.6)
    TU_DEPTH = 0:
    :...BITS > 91:
        :...MVD_MOD_INT <= 19.4165: 1 (126.1/43.6)
        :   MVD_MOD_INT > 19.4165: 0 (8.8)
        BITS <= 91:
        :...MVD_MOD_FRAC = 0.5: 0 (26.7/8)
            MVD_MOD_FRAC = 0.559017: 0 (9.2/3.2)
            MVD_MOD_FRAC = 0.707107: 1 (6/2.6)
            MVD_MOD_FRAC = 0.75: 0 (13.9/2.4)
            MVD_MOD_FRAC = 0.790569: 0 (19.6/8.2)
            MVD_MOD_FRAC = 0.901388: 0 (8.1/3.3)
            MVD_MOD_FRAC = 1.06066: 0 (5.6)
            MVD_MOD_FRAC = 0.353553:
            :...BEST_COST <= 13068.7: 0 (28.5/6.8)
            :   BEST_COST > 13068.7: 1 (7.4)
            MVD_MOD_FRAC = 0.25:
            :...RATIO_2Nx2N-MSM <= 0.712642: 0 (6.9)
            :   RATIO_2Nx2N-MSM > 0.712642:
            :   :...dQP = 2: 1 (0)
            :       dQP = 1: 0 (5.6)
            :       dQP = 3: 1 (14.9/3)
            :       dQP = 4:
            :       :...MV_MOD_INT > 8.60233: 0 (4.1)
            :           MV_MOD_INT <= 8.60233:
            :           :...AVG_NEIGH_DEPTH <= 1.64206: 0 (8.6/1.3)
            :               AVG_NEIGH_DEPTH > 1.64206: 1 (27.9/4.1)
            MVD_MOD_FRAC = 0:
            :...DISTORTION > 7255:
                :...PREDMV_MOD_INT > 9.48683:
                :   :...DISTORTION <= 7798: 1 (6.4/1.1)
                :   :   DISTORTION > 7798: 0 (36/2.6)
                :   PREDMV_MOD_INT <= 9.48683:
                :   :...dQP = 2: 1 (0)
                :       dQP = 1: 1 (10.4/0.2)
                :       dQP = 3:
                :       :...NON-Z-COEFF > 5: 1 (9.4)
                :       :   NON-Z-COEFF <= 5:
                :       :   :...SSE <= 8802: 0 (38.4/13.3)
                :       :       SSE > 8802: 1 (15/1.8)
                :       dQP = 4:
                :       :...COLOC_SPLIT = 0:
                :           :...INTER_DIR = 0: 0 (2.7)
                :           :   INTER_DIR = 1: 0 (7.8/2.5)
                :           :   INTER_DIR = 2: 1 (27.9/9.9)
                :           :   INTER_DIR = 3:
                :           :   :...NON-Z-COEFF > 7: 0 (5.3)
                :           :       NON-Z-COEFF <= 7:
                :           :       :...BEST_COST <= 8865.81: 0 (3.5)
                :           :           BEST_COST > 8865.81: 1 (45/7.1)
                :           COLOC_SPLIT = 2:
                :           :...RATIO_BEST_2Nx2N > 0.966112: 0 (8.9)
                :           :   RATIO_BEST_2Nx2N <= 0.966112:
                :           :   :...NON-Z-COEFF > 4: 0 (20.4/6.4)
                :           :       NON-Z-COEFF <= 4:
                :           :       :...SSE <= 7890: 0 (5.3/0.7)
                :           :           SSE > 7890: 1 (39.3/3.8)
                :           COLOC_SPLIT = 1:
                :           :...MVP_IDX = 0: 0 (5.4)
                :               MVP_IDX = 1: 0 (13.4/6.5)
                :               MVP_IDX = -1:
                :               :...REF_IDX = -1: 0 (27.7/9.2)
                :                   REF_IDX = 1: 0 (19.8/3.5)
                :                   REF_IDX = 0:
                :                   :...MV_MOD_INT <= 1: 1 (18.7/2.6)
                :                       MV_MOD_INT > 1:
                :                       :...BEST_COST <= 14790.4: 1 (26.6/9.5)
                :                           BEST_COST > 14790.4: 0 (28.8/4)
                DISTORTION <= 7255:
                :...BITS <= 10:
                    :...RATIO_BEST_2Nx2N > 1.00991: 1 (11/2.9)
                    :   RATIO_BEST_2Nx2N <= 1.00991:
                    :   :...MV_MOD_INT <= 26.5707: 0 (115.8/13.9)
                    :       MV_MOD_INT > 26.5707: 1 (3.7)
                    BITS > 10:
                    :...INTER_DIR = 1:
                        :...RATIO_BEST_2Nx2N <= 0.935662: 1 (27.7/8.5)
                        :   RATIO_BEST_2Nx2N > 0.935662: 0 (10.9/1.1)
                        INTER_DIR = 2:
                        :...DISTORTION <= 4603: 0 (21.7/1.1)
                        :   DISTORTION > 4603:
                        :   :...RATIO_2Nx2N-MSM > 1.24296: 0 (7.9)
                        :       RATIO_2Nx2N-MSM <= 1.24296:
                        :       :...RATIO_2Nx2N-MSM <= 0.740145: 0 (3.8)
                        :           RATIO_2Nx2N-MSM > 0.740145:
                        :           :...AVG_NEIGH_DEPTH <= 1.23212: 0 (2.7)
                        :               AVG_NEIGH_DEPTH > 1.23212: 1 (30.4/6)
                        INTER_DIR = 3:
                        :...SAD > 928: 0 (65.8/4.8)
                        :   SAD <= 928:
                        :   :...MV_MOD_INT <= 3.16228:
                        :       :...FME = 0: 0 (22.6/10.1)
                        :       :   FME = 1: 0 (7)
                        :       :   FME = 2:
                        :       :   :...REF_IDX = -1: 0 (0)
                        :       :       REF_IDX = 0: 0 (21.4)
                        :       :       REF_IDX = 1: 1 (15.2/5.7)
                        :       MV_MOD_INT > 3.16228:
                        :       :...BITS <= 12: 1 (12.9/0.2)
                        :           BITS > 12:
                        :           :...BEST_COST > 9186.9: 1 (9)
                        :               BEST_COST <= 9186.9:
                        :               :...MV_MOD_INT <= 7.28011: 1 (7.1/0.7)
                        :                   MV_MOD_INT > 7.28011: 0 (26.3/6.4)
                        INTER_DIR = 0:
                        :...NON-Z-COEFF > 12: 1 (6.4)
                            NON-Z-COEFF <= 12:
                            :...NON-Z-COEFF > 5: 0 (11.2)
                                NON-Z-COEFF <= 5:
                                :...NON-Z-COEFF > 4: 1 (8.6/0.2)
                                    NON-Z-COEFF <= 4:
                                    :...RATIO_2Nx2N-MSM <= 0.868559: 0 (12.6)
                                        RATIO_2Nx2N-MSM > 0.868559:
                                        :...RATIO_BEST_2Nx2N > 0.76062: 0 (6.5)
                                            RATIO_BEST_2Nx2N <= 0.76062:
                                            :...COST_MSM <= 5542.46: 1 (24.7/3.3)
                                                COST_MSM > 5542.46: 0 (14.3/5.1)

-----  Trial 8:  -----

Decision tree:

COST_MSM <= 3306.63: 0 (69.6/1.5)
COST_MSM > 3306.63:
:...BITS <= 10:
    :...RATIO_2Nx2N-MSM > 1.2308: 0 (73/3.9)
    :   RATIO_2Nx2N-MSM <= 1.2308:
    :   :...PREDMV_MOD_FRAC = 1.06066: 0 (0)
    :       PREDMV_MOD_FRAC = 0.353553: 0 (15.9/6.7)
    :       PREDMV_MOD_FRAC = 0.5: 0 (13.3/4.7)
    :       PREDMV_MOD_FRAC = 0.559017: 0 (8.8)
    :       PREDMV_MOD_FRAC = 0.707107: 0 (2.4/1.1)
    :       PREDMV_MOD_FRAC = 0.75: 0 (3)
    :       PREDMV_MOD_FRAC = 0.790569: 0 (9.9)
    :       PREDMV_MOD_FRAC = 0.901388: 1 (3.5/1.2)
    :       PREDMV_MOD_FRAC = 0:
    :       :...COST_2Nx2N > 14392.1: 1 (7.9/0.6)
    :       :   COST_2Nx2N <= 14392.1:
    :       :   :...CTX_SPLIT in {5,6}: 0 (0)
    :       :       CTX_SPLIT = 0: 0 (28.3/9.6)
    :       :       CTX_SPLIT = 1: 0 (23.7/8.7)
    :       :       CTX_SPLIT = 2: 0 (10.6)
    :       :       CTX_SPLIT = 3: 0 (5.5)
    :       :       CTX_SPLIT = 4: 1 (6.9/0.6)
    :       PREDMV_MOD_FRAC = 0.25:
    :       :...MV_MOD_INT > 8.24621: 1 (4.9)
    :           MV_MOD_INT <= 8.24621:
    :           :...SAD <= 989: 0 (20.6)
    :               SAD > 989: 1 (13.6/3.2)
    BITS > 10:
    :...RATIO_BEST_2Nx2N > 0.997551:
        :...MVD_MOD_FRAC = 0.353553: 1 (27.8/12.9)
        :   MVD_MOD_FRAC = 0.5: 0 (12.8/3.1)
        :   MVD_MOD_FRAC = 0.559017: 0 (8.2)
        :   MVD_MOD_FRAC = 0.707107: 0 (6.6)
        :   MVD_MOD_FRAC = 0.75: 0 (7/0.5)
        :   MVD_MOD_FRAC = 0.790569: 0 (8.5)
        :   MVD_MOD_FRAC = 0.901388: 0 (10/2.9)
        :   MVD_MOD_FRAC = 1.06066: 0 (3.5)
        :   MVD_MOD_FRAC = 0.25:
        :   :...SSE <= 4674: 0 (13.2)
        :   :   SSE > 4674:
        :   :   :...SSE <= 5187: 1 (11.4/0.5)
        :   :       SSE > 5187: 0 (24.2/4.4)
        :   MVD_MOD_FRAC = 0:
        :   :...BEST_COST > 21671.8: 1 (8.1)
        :       BEST_COST <= 21671.8:
        :       :...FME = 1: 1 (4.5/1.5)
        :           FME = 2: 0 (21.2/2.2)
        :           FME = 0:
        :           :...AVG_NEIGH_DEPTH > 1.91756: 0 (11.5)
        :               AVG_NEIGH_DEPTH <= 1.91756:
        :               :...DISTORTION <= 7946: 1 (24.8/7.2)
        :                   DISTORTION > 7946: 0 (5.5)
        RATIO_BEST_2Nx2N <= 0.997551:
        :...MVD_MOD_FRAC = 0.353553: 1 (25.3/11.8)
            MVD_MOD_FRAC = 0.559017: 1 (19.6/1.7)
            MVD_MOD_FRAC = 0.707107: 1 (5.3)
            MVD_MOD_FRAC = 0.75: 1 (12.8/4)
            MVD_MOD_FRAC = 0.790569: 1 (15.4/7.3)
            MVD_MOD_FRAC = 0.901388: 1 (15/4.1)
            MVD_MOD_FRAC = 1.06066: 0 (6/2.4)
            MVD_MOD_FRAC = 0.5:
            :...MV_MOD_INT <= 4.12311: 0 (7.9)
            :   MV_MOD_INT > 4.12311: 1 (21/4.3)
            MVD_MOD_FRAC = 0.25:
            :...TU_DEPTH = 1: 1 (12.3/1.6)
            :   TU_DEPTH = 2: 0 (4.6)
            :   TU_DEPTH = 0:
            :   :...FME = 0: 0 (4.8/1.8)
            :       FME = 1: 0 (2.3)
            :       FME = 2: 1 (23.7/5.9)
            MVD_MOD_FRAC = 0:
            :...BITS > 174:
                :...COST_MSM <= 34227.3: 1 (43.6)
                :   COST_MSM > 34227.3: 0 (10.4/1.9)
                BITS <= 174:
                :...DISTORTION > 20453:
                    :...MVD_MOD_INT <= 0: 1 (26.4)
                    :   MVD_MOD_INT > 0: 0 (6.8/2.2)
                    DISTORTION <= 20453:
                    :...TU_DEPTH = 2:
                        :...MV_MOD_INT > 28.1603: 0 (8)
                        :   MV_MOD_INT <= 28.1603:
                        :   :...RATIO_2Nx2N-MSM <= 0.885902: 1 (12.5)
                        :       RATIO_2Nx2N-MSM > 0.885902:
                        :       :...RATIO_BEST-MSM <= 0.974467: 0 (44.7/13.8)
                        :           RATIO_BEST-MSM > 0.974467: 1 (9.5)
                        TU_DEPTH = 1:
                        :...MV_MOD_FRAC = 0.353553: 0 (17.1/8.2)
                        :   MV_MOD_FRAC = 0.5: 1 (7/0.9)
                        :   MV_MOD_FRAC = 0.559017: 1 (8.6)
                        :   MV_MOD_FRAC = 0.707107: 1 (4.7)
                        :   MV_MOD_FRAC = 0.75: 0 (3.8/0.6)
                        :   MV_MOD_FRAC = 0.790569: 1 (2)
                        :   MV_MOD_FRAC = 0.901388: 0 (7.4/3)
                        :   MV_MOD_FRAC = 1.06066: 0 (3.8/1.9)
                        :   MV_MOD_FRAC = 0.25:
                        :   :...MV_MOD_INT <= 0: 0 (6.7/0.9)
                        :   :   MV_MOD_INT > 0: 1 (39.4/12.3)
                        :   MV_MOD_FRAC = 0:
                        :   :...PU_SIZE = 1: 1 (19.4/9.6)
                        :       PU_SIZE = 2: 0 (28.3/6.1)
                        :       PU_SIZE = 4: 1 (2.3/1.1)
                        :       PU_SIZE = 5: 1 (5.1/1.1)
                        :       PU_SIZE = 6: 0 (12.3/3.2)
                        :       PU_SIZE = 7: 1 (7.7/1.9)
                        :       PU_SIZE = 0:
                        :       :...NON-Z-COEFF > 7: 0 (4.7)
                        :           NON-Z-COEFF <= 7:
                        :           :...INTER_DIR = 1: 0 (1.6)
                        :               INTER_DIR = 2: 0 (5.1/2.5)
                        :               INTER_DIR = 3: 1 (14.2/1.9)
                        :               INTER_DIR = 0:
                        :               :...COST_2Nx2N <= 4222.02: 0 (6)
                        :                   COST_2Nx2N > 4222.02: 1 (38/12.3)
                        TU_DEPTH = 0:
                        :...MV_MOD_FRAC = 0.707107: 0 (17.7/1.1)
                            MV_MOD_FRAC = 0.75: 1 (9.7/4.5)
                            MV_MOD_FRAC = 0.901388: 0 (10.5/3.8)
                            MV_MOD_FRAC = 1.06066: 1 (17/7.5)
                            MV_MOD_FRAC = 0.5:
                            :...MV_MOD_INT <= 4.12311: 0 (8.3)
                            :   MV_MOD_INT > 4.12311: 1 (26.5/7.7)
                            MV_MOD_FRAC = 0.790569:
                            :...PRED_MODE in {0,3}: 1 (0)
                            :   PRED_MODE = 1: 1 (27.1/9.3)
                            :   PRED_MODE = 2: 0 (8.4/0.5)
                            MV_MOD_FRAC = 0.353553:
                            :...COST_MSM > 20725.7: 0 (7.9)
                            :   COST_MSM <= 20725.7:
                            :   :...AVG_NEIGH_DEPTH <= 1.94576: 0 (16.1/7.3)
                            :       AVG_NEIGH_DEPTH > 1.94576: 1 (15)
                            MV_MOD_FRAC = 0.559017:
                            :...INTER_DIR in {0,2}: 0 (0)
                            :   INTER_DIR = 1: 0 (7.6)
                            :   INTER_DIR = 3:
                            :   :...COLOC_SPLIT = 0: 0 (8.4)
                            :       COLOC_SPLIT = 1: 1 (22/6.9)
                            :       COLOC_SPLIT = 2: 1 (4.8/2)
                            MV_MOD_FRAC = 0.25:
                            :...INTER_DIR in {0,2}: 0 (0)
                            :   INTER_DIR = 1: 1 (14.8/4.4)
                            :   INTER_DIR = 3:
                            :   :...RATIO_BEST_2Nx2N <= 0.665616: 1 (5.9)
                            :       RATIO_BEST_2Nx2N > 0.665616:
                            :       :...MV_MOD_INT <= 2: 0 (85.6/18.7)
                            :           MV_MOD_INT > 2: 1 (14.5/4)
                            MV_MOD_FRAC = 0:
                            :...MVP_IDX = 0: 0 (4.3)
                                MVP_IDX = 1: 1 (5.4/0.7)
                                MVP_IDX = -1:
                                :...RATIO_BEST-MSM <= 0.660916:
                                    :...REF_IDX = -1: 0 (85.4/21)
                                    :   REF_IDX = 0: 1 (10.8/3.8)
                                    :   REF_IDX = 1: 0 (6.3/2.6)
                                    RATIO_BEST-MSM > 0.660916:
                                    :...RATIO_BEST_2Nx2N <= 0.692045:
                                        :...BEST_COST > 22110.5: 0 (3.2)
                                        :   BEST_COST <= 22110.5:
                                        :   :...RATIO_2Nx2N-MSM <= 1.54654: 1 (39.8/3.7)
                                        :       RATIO_2Nx2N-MSM > 1.54654: 0 (3.4)
                                        RATIO_BEST_2Nx2N > 0.692045:
                                        :...CTX_SPLIT = 6: 0 (0)
                                            CTX_SPLIT = 4: 0 (24.2/10.2)
                                            CTX_SPLIT = 5: 0 (10.6/5.1)
                                            CTX_SPLIT = 0:
                                            :...REF_IDX = -1: 1 (21.5/6.1)
                                            :   REF_IDX = 0: 0 (20.8/8.5)
                                            :   REF_IDX = 1: 0 (5)
                                            CTX_SPLIT = 1:
                                            :...REF_IDX = -1: 0 (27.3/5.5)
                                            :   REF_IDX = 0: 1 (12.9/1.8)
                                            :   REF_IDX = 1: 0 (3.3)
                                            CTX_SPLIT = 2:
                                            :...AVG_NEIGH_DEPTH <= 1.67234: 0 (20.8/0.9)
                                            :   AVG_NEIGH_DEPTH > 1.67234: 1 (40.8/16)
                                            CTX_SPLIT = 3:
                                            :...COLOC_SPLIT = 0: 1 (11.9)
                                                COLOC_SPLIT = 1: 0 (20.8/6.4)
                                                COLOC_SPLIT = 2: 1 (7)

-----  Trial 9:  -----

Decision tree:

AVG_NEIGH_DEPTH > 2.50663:
:...COST_2Nx2N <= 4962.42: 0 (3.5)
:   COST_2Nx2N > 4962.42: 1 (32.1/1)
AVG_NEIGH_DEPTH <= 2.50663:
:...COST_MSM <= 3863.74:
    :...BITS <= 39: 0 (84.9)
    :   BITS > 39: 1 (22.5/9)
    COST_MSM > 3863.74:
    :...BITS <= 85:
        :...PU_SIZE = 4:
        :   :...COST_2Nx2N <= 10604.4: 0 (22.3)
        :   :   COST_2Nx2N > 10604.4:
        :   :   :...RATIO_2Nx2N-MSM <= 0.825785: 0 (13.1/0.9)
        :   :       RATIO_2Nx2N-MSM > 0.825785:
        :   :       :...AVG_NEIGH_DEPTH <= 1.175: 0 (4.7)
        :   :           AVG_NEIGH_DEPTH > 1.175: 1 (28.7/5)
        :   PU_SIZE = 7:
        :   :...NON-Z-COEFF > 13: 1 (8.8)
        :   :   NON-Z-COEFF <= 13:
        :   :   :...COST_MSM > 19744.6: 1 (27.9/9.7)
        :   :       COST_MSM <= 19744.6:
        :   :       :...COST_MSM <= 4969.64: 1 (6.2/1.7)
        :   :           COST_MSM > 4969.64: 0 (46.1/4.3)
        :   PU_SIZE = 5:
        :   :...PREDMV_MOD_INT > 8.60233: 0 (8.4)
        :   :   PREDMV_MOD_INT <= 8.60233:
        :   :   :...NON-Z-COEFF > 14: 0 (5.6)
        :   :       NON-Z-COEFF <= 14:
        :   :       :...MVP_IDX = 0: 1 (4.3/1.9)
        :   :           MVP_IDX = 1: 1 (3.7)
        :   :           MVP_IDX = -1:
        :   :           :...RATIO_BEST-MSM <= 0.756373: 0 (5.4)
        :   :               RATIO_BEST-MSM > 0.756373: 1 (28.4/9.8)
        :   PU_SIZE = 6:
        :   :...MVP_IDX = 0: 0 (7.2/3.6)
        :   :   MVP_IDX = 1: 0 (11.6)
        :   :   MVP_IDX = -1:
        :   :   :...DISTORTION <= 4011: 0 (11.3)
        :   :       DISTORTION > 4011:
        :   :       :...SAD <= 1118: 1 (31/4.7)
        :   :           SAD > 1118:
        :   :           :...SSE <= 15739: 0 (27)
        :   :               SSE > 15739: 1 (11.3/2)
        :   PU_SIZE = 0:
        :   :...MV_MOD_FRAC = 0.5: 0 (29.7/9.2)
        :   :   MV_MOD_FRAC = 0.559017: 0 (34.4/6.5)
        :   :   MV_MOD_FRAC = 0.707107: 0 (18.3/2.9)
        :   :   MV_MOD_FRAC = 0.75: 0 (11.3)
        :   :   MV_MOD_FRAC = 0.790569: 0 (16.9/0.8)
        :   :   MV_MOD_FRAC = 0.901388: 0 (14.4/4.8)
        :   :   MV_MOD_FRAC = 1.06066: 1 (23.2/11.2)
        :   :   MV_MOD_FRAC = 0.25:
        :   :   :...BITS <= 72: 0 (87.9/18.7)
        :   :   :   BITS > 72: 1 (5.1)
        :   :   MV_MOD_FRAC = 0.353553:
        :   :   :...RATIO_BEST-MSM <= 1.00631: 0 (26.9/3.3)
        :   :   :   RATIO_BEST-MSM > 1.00631: 1 (21.2/3.8)
        :   :   MV_MOD_FRAC = 0:
        :   :   :...BITS <= 3:
        :   :       :...AVG_NEIGH_DEPTH <= 2.2211: 0 (27.7)
        :   :       :   AVG_NEIGH_DEPTH > 2.2211: 1 (3.2)
        :   :       BITS > 3:
        :   :       :...COST_2Nx2N > 8135.09:
        :   :           :...MV_MOD_INT > 18.0278: 0 (6.7)
        :   :           :   MV_MOD_INT <= 18.0278:
        :   :           :   :...SSE <= 25355: 1 (93.6/32.1)
        :   :           :       SSE > 25355: 0 (12.8/1.3)
        :   :           COST_2Nx2N <= 8135.09:
        :   :           :...COST_MSM > 7268.27: 0 (29.9)
        :   :               COST_MSM <= 7268.27:
        :   :               :...DISTORTION <= 2175: 0 (17.7/1.3)
        :   :                   DISTORTION > 2175:
        :   :                   :...DISTORTION > 2863: 0 (70/20.6)
        :   :                       DISTORTION <= 2863:
        :   :                       :...BITS <= 29: 0 (8.7)
        :   :                           BITS > 29: 1 (33.6/7.8)
        :   PU_SIZE = 1:
        :   :...TU_DEPTH = 1: 1 (21.8/4.6)
        :   :   TU_DEPTH = 2: 1 (1.8)
        :   :   TU_DEPTH = 0:
        :   :   :...BEST_COST <= 5397.35: 1 (20.2/3.1)
        :   :       BEST_COST > 5397.35:
        :   :       :...COST_2Nx2N <= 8586.75: 0 (17.3)
        :   :           COST_2Nx2N > 8586.75:
        :   :           :...RATIO_BEST_2Nx2N > 0.961146: 1 (13.3)
        :   :               RATIO_BEST_2Nx2N <= 0.961146:
        :   :               :...MVP_IDX = 0: 1 (20.5/9.6)
        :   :                   MVP_IDX = 1: 1 (12.9/2.2)
        :   :                   MVP_IDX = -1:
        :   :                   :...RATIO_2Nx2N-MSM > 1.17637: 1 (8.2)
        :   :                       RATIO_2Nx2N-MSM <= 1.17637:
        :   :                       :...SAD <= 1040: 0 (17.6/0.5)
        :   :                           SAD > 1040: 1 (64.6/31.4)
        :   PU_SIZE = 2:
        :   :...RATIO_BEST-MSM > 0.98055: 1 (11.5)
        :       RATIO_BEST-MSM <= 0.98055:
        :       :...MV_MOD_INT > 9.43398: 1 (39.3/12.4)
        :           MV_MOD_INT <= 9.43398:
        :           :...NON-Z-COEFF > 9: 0 (12.4/3.6)
        :               NON-Z-COEFF <= 9:
        :               :...BEST_COST > 23028.4: 1 (8)
        :                   BEST_COST <= 23028.4:
        :                   :...CTX_SPLIT = 0: 0 (20.3/3.5)
        :                       CTX_SPLIT = 2: 1 (31.2/13.6)
        :                       CTX_SPLIT = 3: 0 (23.4/4.1)
        :                       CTX_SPLIT = 4: 1 (14.1/3.3)
        :                       CTX_SPLIT = 5: 0 (2.4)
        :                       CTX_SPLIT = 6: 1 (0.4)
        :                       CTX_SPLIT = 1:
        :                       :...PRED_MODE in {0,3}: 0 (0)
        :                           PRED_MODE = 2: 0 (11.5)
        :                           PRED_MODE = 1:
        :                           :...COST_MSM <= 10907.7: 0 (8)
        :                               COST_MSM > 10907.7: 1 (23.3/5.2)
        BITS > 85:
        :...RATIO_2Nx2N-MSM <= 0.856159:
            :...PRED_MODE in {0,1}: 0 (0)
            :   PRED_MODE = 3: 1 (11.5/2.1)
            :   PRED_MODE = 2:
            :   :...FME = 0: 0 (16.8/1.5)
            :       FME = 1: 0 (9.7)
            :       FME = 2:
            :       :...RATIO_BEST_2Nx2N <= 0.993531: 1 (18.3/3.2)
            :           RATIO_BEST_2Nx2N > 0.993531: 0 (19.6/3.1)
            RATIO_2Nx2N-MSM > 0.856159:
            :...MVD_MOD_INT > 1: 1 (30.1/2)
                MVD_MOD_INT <= 1:
                :...INTER_DIR = 1: 0 (40.4/18.2)
                    INTER_DIR = 2: 1 (15.3/2.3)
                    INTER_DIR = 3: 1 (88/29)
                    INTER_DIR = 0:
                    :...dQP = 2: 1 (0)
                        dQP = 3: 0 (20.9/9)
                        dQP = 4: 1 (1.6)
                        dQP = 1:
                        :...DISTORTION > 4082: 1 (30.6)
                            DISTORTION <= 4082:
                            :...AVG_NEIGH_DEPTH > 2.25893: 0 (9.4/1.4)
                                AVG_NEIGH_DEPTH <= 2.25893:
                                :...AVG_NEIGH_DEPTH <= 1.51351: 0 (15.6/6.4)
                                    AVG_NEIGH_DEPTH > 1.51351:
                                    :...SAD <= 1017: 0 (3.2)
                                        SAD > 1017: 1 (34.9/2.1)


Evaluation on training data (1840 cases):

Trial	       Decision Tree       
-----	  -----------------------  
	  Size      Errors   Cost  

   0	    59  222(12.1%)   0.12
   1	    58  361(19.6%)   0.20
   2	    75  314(17.1%)   0.17
   3	   102  323(17.6%)   0.18
   4	    87  367(19.9%)   0.20
   5	    96  307(16.7%)   0.17
   6	    95  272(14.8%)   0.15
   7	    91  263(14.3%)   0.14
   8	   119  305(16.6%)   0.17
   9	    84  267(14.5%)   0.15
boost	         39( 2.1%)   0.02   <<


	   (a)   (b)    <-classified as
	  ----  ----
	  1219    13    (a): class 0
	    26   582    (b): class 1


	Attribute usage:

	    100%  BITS
	    100%  DISTORTION
	    100%  COST_MSM
	    100%  TU_DEPTH
	    100%  AVG_NEIGH_DEPTH
	     93%  PU_SIZE
	     85%  RATIO_BEST_2Nx2N
	     81%  MVD_MOD_FRAC
	     79%  RATIO_2Nx2N-MSM
	     79%  MV_MOD_FRAC
	     69%  NON-Z-COEFF
	     68%  MVP_IDX
	     68%  MVD_MOD_INT
	     68%  BEST_COST
	     63%  COST_2Nx2N
	     57%  CTX_SPLIT
	     57%  dQP
	     51%  SSE
	     51%  INTER_DIR
	     51%  RATIO_BEST-MSM
	     45%  MV_MOD_INT
	     43%  FME
	     37%  SAD
	     33%  REF_IDX
	     21%  COLOC_SPLIT
	     17%  PREDMV_MOD_INT
	     13%  PREDMV_MOD_FRAC
	     13%  PRED_MODE


Time: 0.2 secs
