
C5.0 [Release 2.07 GPL Edition]  	Thu Feb 16 11:19:46 2017
-------------------------------

    Options:
	Boosted classifiers
	Application `./ONLINE/BOOST/BasketballDrill_d2_qp37'

Read 696 cases (28 attributes) from ./ONLINE/BOOST/BasketballDrill_d2_qp37.data

-----  Trial 0:  -----

Decision tree:

BITS <= 45:
:...PU_SIZE in {0,4,6}: 0 (477/38)
:   PU_SIZE = 1:
:   :...BITS <= 16: 1 (8/1)
:   :   BITS > 16: 0 (12/1)
:   PU_SIZE = 2:
:   :...RATIO_BEST-MSM <= 0.825652: 0 (15/5)
:   :   RATIO_BEST-MSM > 0.825652: 1 (12/4)
:   PU_SIZE = 5:
:   :...FME = 1: 0 (0)
:   :   FME = 0: 0 (3)
:   :   FME = 2: 1 (3)
:   PU_SIZE = 7:
:   :...FME = 1: 1 (0)
:       FME = 0: 1 (2)
:       FME = 2: 0 (5/2)
BITS > 45:
:...COST_MSM > 55469:
    :...BITS <= 56: 0 (2)
    :   BITS > 56: 1 (47/1)
    COST_MSM <= 55469:
    :...RATIO_2Nx2N-MSM <= 0.865671: 0 (13/1)
        RATIO_2Nx2N-MSM > 0.865671:
        :...MVD_MOD_FRAC in {0.353553,0.5,0.901388,1.06066}: 1 (0)
            MVD_MOD_FRAC = 0.25: 0 (2/1)
            MVD_MOD_FRAC in {0.559017,0.707107,0.75,0.790569}: 1 (8)
            MVD_MOD_FRAC = 0:
            :...AVG_NEIGH_DEPTH <= 1.26071:
                :...MV_MOD_FRAC in {0.5,0.559017,0.707107,0.75,0.790569,
                :   :               0.901388,1.06066}: 1 (0)
                :   MV_MOD_FRAC = 0.353553: 0 (1)
                :   MV_MOD_FRAC = 0:
                :   :...COST_2Nx2N <= 25813.9: 0 (2)
                :   :   COST_2Nx2N > 25813.9: 1 (25/2)
                :   MV_MOD_FRAC = 0.25:
                :   :...DISTORTION <= 18682: 0 (2)
                :       DISTORTION > 18682: 1 (2)
                AVG_NEIGH_DEPTH > 1.26071:
                :...CTX_SPLIT = 6: 0 (0)
                    CTX_SPLIT = 4: 1 (4)
                    CTX_SPLIT = 5: 0 (2)
                    CTX_SPLIT = 1:
                    :...SAD <= 6344: 0 (8/2)
                    :   SAD > 6344: 1 (5)
                    CTX_SPLIT = 2:
                    :...RATIO_BEST_2Nx2N <= 0.761773: 0 (10)
                    :   RATIO_BEST_2Nx2N > 0.761773: 1 (8/1)
                    CTX_SPLIT = 3:
                    :...RATIO_BEST-MSM <= 0.753626: 0 (3)
                    :   RATIO_BEST-MSM > 0.753626: 1 (2)
                    CTX_SPLIT = 0:
                    :...NON-Z-COEFF > 3: 1 (3)
                        NON-Z-COEFF <= 3:
                        :...DISTORTION <= 18214: 0 (4)
                            DISTORTION > 18214:
                            :...DISTORTION <= 21336: 1 (3)
                                DISTORTION > 21336: 0 (3/1)

-----  Trial 1:  -----

Decision tree:

DISTORTION <= 5615: 0 (54.5)
DISTORTION > 5615:
:...COST_MSM <= 14045.4:
    :...TU_DEPTH = 2: 0 (0)
    :   TU_DEPTH = 1: 1 (3.4)
    :   TU_DEPTH = 0:
    :   :...DISTORTION <= 5627: 1 (3.4)
    :       DISTORTION > 5627: 0 (86.9)
    COST_MSM > 14045.4:
    :...RATIO_BEST-MSM <= 0.592088:
        :...AVG_NEIGH_DEPTH <= 2.2013: 0 (34/0.8)
        :   AVG_NEIGH_DEPTH > 2.2013: 1 (5.7/2.3)
        RATIO_BEST-MSM > 0.592088:
        :...MVD_MOD_FRAC = 0.353553: 1 (0)
            MVD_MOD_FRAC = 0.25: 1 (8/3.9)
            MVD_MOD_FRAC = 0.5: 0 (5.4/0.8)
            MVD_MOD_FRAC = 0.559017: 0 (2.3/0.8)
            MVD_MOD_FRAC = 0.707107: 1 (2.3)
            MVD_MOD_FRAC = 0.75: 1 (6.5/1.5)
            MVD_MOD_FRAC = 0.790569: 1 (9.9)
            MVD_MOD_FRAC = 0.901388: 0 (3.4)
            MVD_MOD_FRAC = 1.06066: 0 (0.8)
            MVD_MOD_FRAC = 0:
            :...RATIO_BEST_2Nx2N > 0.981063: 0 (23.5/2.3)
                RATIO_BEST_2Nx2N <= 0.981063:
                :...BITS <= 11:
                    :...DISTORTION <= 66542: 0 (130.4/11.7)
                    :   DISTORTION > 66542:
                    :   :...RATIO_BEST-MSM <= 1.01804: 1 (32.6/4.6)
                    :       RATIO_BEST-MSM > 1.01804: 0 (4.6)
                    BITS > 11:
                    :...MV_MOD_FRAC = 0.25: 1 (15.8/7)
                        MV_MOD_FRAC = 0.353553: 1 (16.7/0.8)
                        MV_MOD_FRAC = 0.5: 1 (5.7/1.5)
                        MV_MOD_FRAC = 0.559017: 0 (5.4/2.3)
                        MV_MOD_FRAC = 0.707107: 1 (3.4)
                        MV_MOD_FRAC = 0.75: 1 (1.5)
                        MV_MOD_FRAC = 0.790569: 1 (4.9/0.8)
                        MV_MOD_FRAC = 0.901388: 1 (6.5/3.1)
                        MV_MOD_FRAC = 1.06066: 1 (8/3.1)
                        MV_MOD_FRAC = 0:
                        :...PU_SIZE in {4,7}: 1 (0)
                            PU_SIZE = 1: 0 (3.1/0.8)
                            PU_SIZE = 2: 1 (9.6/1.5)
                            PU_SIZE = 5: 0 (2.3)
                            PU_SIZE = 6: 1 (4.9/1.5)
                            PU_SIZE = 0:
                            :...CTX_SPLIT = 6: 1 (0)
                                CTX_SPLIT = 1: 1 (45.5/7)
                                CTX_SPLIT = 4: 1 (15/0.8)
                                CTX_SPLIT = 5: 0 (1.5)
                                CTX_SPLIT = 2:
                                :...SAD <= 1686: 1 (10.2)
                                :   SAD > 1686: 0 (37.3/15)
                                CTX_SPLIT = 3:
                                :...BITS <= 58: 0 (8/0.8)
                                :   BITS > 58: 1 (20/3.4)
                                CTX_SPLIT = 0:
                                :...SSE <= 21981: 1 (13.6)
                                    SSE > 21981:
                                    :...COST_MSM <= 24386.6: 0 (8.5)
                                        COST_MSM > 24386.6:
                                        :...COST_2Nx2N > 126019: 0 (2.3)
                                            COST_2Nx2N <= 126019:
                                            :...RATIO_2Nx2N-MSM <= 0.901215: 0 (2.3)
                                                RATIO_2Nx2N-MSM > 0.901215: 1 (26/3.1)

-----  Trial 2:  -----

Decision tree:

RATIO_2Nx2N-MSM > 1.98305: 0 (68.4)
RATIO_2Nx2N-MSM <= 1.98305:
:...DISTORTION <= 5615: 0 (29.9)
    DISTORTION > 5615:
    :...SAD <= 1275:
        :...TU_DEPTH = 0: 0 (66.9/5.9)
        :   TU_DEPTH = 1: 1 (4.5/1.2)
        :   TU_DEPTH = 2: 1 (0.6)
        SAD > 1275:
        :...BITS > 97:
            :...NON-Z-COEFF <= 2: 1 (25.8)
            :   NON-Z-COEFF > 2:
            :   :...TU_DEPTH = 0: 1 (11.8/1.8)
            :       TU_DEPTH = 1: 1 (8.8/0.6)
            :       TU_DEPTH = 2: 0 (8.8/1.2)
            BITS <= 97:
            :...MVD_MOD_FRAC = 0.353553: 0 (0)
                MVD_MOD_FRAC = 0.25: 0 (12.4/2.7)
                MVD_MOD_FRAC = 0.5: 0 (3)
                MVD_MOD_FRAC = 0.559017: 1 (2.9/0.6)
                MVD_MOD_FRAC = 0.707107: 1 (1.8/0.6)
                MVD_MOD_FRAC = 0.75: 0 (10.3/3.9)
                MVD_MOD_FRAC = 0.790569: 1 (5.1)
                MVD_MOD_FRAC = 0.901388: 0 (2.7)
                MVD_MOD_FRAC = 1.06066: 0 (0.6)
                MVD_MOD_FRAC = 0:
                :...CTX_SPLIT = 6: 0 (0)
                    CTX_SPLIT = 4: 1 (19.1/5.8)
                    CTX_SPLIT = 5: 0 (1.2)
                    CTX_SPLIT = 3:
                    :...BITS <= 36: 0 (11.8)
                    :   BITS > 36: 1 (19.4/5.1)
                    CTX_SPLIT = 2:
                    :...DISTORTION > 90518: 0 (4.6)
                    :   DISTORTION <= 90518:
                    :   :...RATIO_BEST-MSM <= 0.673047: 0 (4.2)
                    :       RATIO_BEST-MSM > 0.673047:
                    :       :...RATIO_BEST-MSM <= 1.02222: 1 (77.2/15.4)
                    :           RATIO_BEST-MSM > 1.02222: 0 (3.6)
                    CTX_SPLIT = 0:
                    :...PU_SIZE = 1: 0 (16.2/8.1)
                    :   PU_SIZE = 2: 0 (13.5/4.5)
                    :   PU_SIZE = 4: 0 (4.1)
                    :   PU_SIZE = 5: 1 (4.6)
                    :   PU_SIZE = 6: 0 (10.1/2.7)
                    :   PU_SIZE = 7: 1 (4.6)
                    :   PU_SIZE = 0:
                    :   :...MV_MOD_INT > 25: 1 (9.8/1.8)
                    :       MV_MOD_INT <= 25:
                    :       :...REF_IDX = 0: 0 (28.2)
                    :           REF_IDX = 1: 0 (11.1)
                    :           REF_IDX = -1:
                    :           :...BEST_COST <= 14211.6: 0 (9)
                    :               BEST_COST > 14211.6:
                    :               :...TU_DEPTH = 2: 0 (0)
                    :                   TU_DEPTH = 1: 1 (11/3)
                    :                   TU_DEPTH = 0:
                    :                   :...SAD <= 2289: 1 (18.8/5.5)
                    :                       SAD > 2289: 0 (21.7/4.2)
                    CTX_SPLIT = 1:
                    :...AVG_NEIGH_DEPTH > 1.69693: 0 (17.4/0.6)
                        AVG_NEIGH_DEPTH <= 1.69693:
                        :...COLOC_SPLIT = 2: 0 (0)
                            COLOC_SPLIT = 0:
                            :...RATIO_BEST_2Nx2N <= 0.732691: 0 (14.5/4.5)
                            :   RATIO_BEST_2Nx2N > 0.732691: 1 (22.5/3)
                            COLOC_SPLIT = 1:
                            :...AVG_NEIGH_DEPTH > 1.62532: 1 (7.6)
                                AVG_NEIGH_DEPTH <= 1.62532:
                                :...COST_2Nx2N <= 55200.8: 0 (22.6)
                                    COST_2Nx2N > 55200.8:
                                    :...TU_DEPTH = 2: 0 (0)
                                        TU_DEPTH = 1: 1 (2.7)
                                        TU_DEPTH = 0:
                                        :...FME = 0: 0 (12.3/0.6)
                                            FME = 1: 1 (2.7)
                                            FME = 2: 0 (25.6/11)

-----  Trial 3:  -----

Decision tree:

BEST_COST <= 11558.6: 0 (89.3/6)
BEST_COST > 11558.6:
:...BITS > 118: 1 (34.4/5.7)
    BITS <= 118:
    :...PU_SIZE = 4: 0 (13.1/3.9)
        PU_SIZE = 5: 1 (8.3/2.8)
        PU_SIZE = 6: 0 (13.5/4.4)
        PU_SIZE = 7: 1 (13.8/2.3)
        PU_SIZE = 1:
        :...BITS <= 16: 1 (16.7)
        :   BITS > 16: 0 (17.8/4.9)
        PU_SIZE = 2:
        :...RATIO_BEST-MSM > 0.92778: 1 (14.2)
        :   RATIO_BEST-MSM <= 0.92778:
        :   :...dQP = 2: 0 (0)
        :       dQP = 1: 0 (13.4/4.9)
        :       dQP = 3: 1 (19.8/8.2)
        :       dQP = 4: 0 (13.5/6.5)
        PU_SIZE = 0:
        :...SAD <= 1300: 0 (49.8/1)
            SAD > 1300:
            :...PRED_MODE = 1: 0 (17.8/2.1)
                PRED_MODE = 2:
                :...SAD <= 1396: 1 (6.3)
                :   SAD > 1396: 0 (46.5/13.6)
                PRED_MODE = 0:
                :...COST_MSM <= 35535: 0 (25.7)
                :   COST_MSM > 35535:
                :   :...dQP = 2: 0 (0)
                :       dQP = 1: 0 (4.8)
                :       dQP = 3: 1 (5.8/1.9)
                :       dQP = 4:
                :       :...RATIO_BEST-MSM > 1.01804: 0 (11.9)
                :           RATIO_BEST-MSM <= 1.01804:
                :           :...MV_MOD_INT > 24.0832: 1 (10.7/0.5)
                :               MV_MOD_INT <= 24.0832:
                :               :...RATIO_BEST-MSM > 1.00646: 1 (2.1)
                :                   RATIO_BEST-MSM <= 1.00646:
                :                   :...BITS <= 0: 0 (4.1)
                :                       BITS > 0:
                :                       :...REF_IDX = -1: 1 (2.1)
                :                           REF_IDX = 0: 0 (29.2/8.1)
                :                           REF_IDX = 1: 1 (4.4/0.5)
                PRED_MODE = 3:
                :...NON-Z-COEFF > 6: 1 (16.7/2.3)
                    NON-Z-COEFF <= 6:
                    :...AVG_NEIGH_DEPTH > 1.32481:
                        :...RATIO_BEST_2Nx2N <= 0.742554:
                        :   :...BITS <= 18: 1 (9.3/3.3)
                        :   :   BITS > 18:
                        :   :   :...COST_MSM <= 62052.5: 0 (46.5/1)
                        :   :       COST_MSM > 62052.5: 1 (2.6)
                        :   RATIO_BEST_2Nx2N > 0.742554:
                        :   :...RATIO_2Nx2N-MSM <= 0.892584: 0 (7.9)
                        :       RATIO_2Nx2N-MSM > 0.892584:
                        :       :...RATIO_2Nx2N-MSM > 1.14943: 0 (5.5)
                        :           RATIO_2Nx2N-MSM <= 1.14943:
                        :           :...DISTORTION <= 15212: 0 (16.2/6.1)
                        :               DISTORTION > 15212: 1 (27/4.9)
                        AVG_NEIGH_DEPTH <= 1.32481:
                        :...RATIO_BEST_2Nx2N > 0.846274: 1 (15.2)
                            RATIO_BEST_2Nx2N <= 0.846274:
                            :...SAD > 12793: 1 (13.5/0.5)
                                SAD <= 12793:
                                :...BITS > 74: 1 (4.2)
                                    BITS <= 74:
                                    :...COST_2Nx2N > 45712: 0 (11.6)
                                        COST_2Nx2N <= 45712:
                                        :...dQP in {2,4}: 0 (0)
                                            dQP = 3: 1 (2.1)
                                            dQP = 1:
                                            :...TU_DEPTH = 0: 0 (18.7/5.7)
                                                TU_DEPTH = 1: 1 (6.7/1.9)
                                                TU_DEPTH = 2: 0 (3.7/1.9)

-----  Trial 4:  -----

Decision tree:

RATIO_BEST-MSM <= 0.592088: 0 (49.8/4.5)
RATIO_BEST-MSM > 0.592088:
:...MVD_MOD_FRAC = 0.353553: 0 (0)
    MVD_MOD_FRAC = 0.25: 0 (11/3.5)
    MVD_MOD_FRAC = 0.5: 0 (4.1/1.4)
    MVD_MOD_FRAC = 0.559017: 1 (6.9/3.3)
    MVD_MOD_FRAC = 0.707107: 1 (3)
    MVD_MOD_FRAC = 0.75: 1 (8.9/2.9)
    MVD_MOD_FRAC = 0.790569: 1 (18.2)
    MVD_MOD_FRAC = 0.901388: 0 (2)
    MVD_MOD_FRAC = 1.06066: 0 (0.4)
    MVD_MOD_FRAC = 0:
    :...BITS <= 13:
        :...DISTORTION <= 63679:
        :   :...PU_SIZE in {5,6}: 0 (0)
        :   :   PU_SIZE = 0: 0 (157.9/16.5)
        :   :   PU_SIZE = 1: 1 (4.5/1.7)
        :   :   PU_SIZE = 2: 0 (5.9/0.4)
        :   :   PU_SIZE = 4: 0 (1.8)
        :   :   PU_SIZE = 7: 1 (4.9/0.4)
        :   DISTORTION > 63679:
        :   :...SAD <= 2435: 1 (15.2/0.8)
        :       SAD > 2435: 0 (25.5/10.7)
        BITS > 13:
        :...MV_MOD_FRAC = 0.25: 0 (23.5/11)
            MV_MOD_FRAC = 0.353553: 1 (19.7/2.9)
            MV_MOD_FRAC = 0.5: 1 (5.2/1.4)
            MV_MOD_FRAC = 0.559017: 0 (9/2.9)
            MV_MOD_FRAC = 0.707107: 1 (3.8)
            MV_MOD_FRAC = 0.75: 1 (3.7)
            MV_MOD_FRAC = 0.790569: 0 (5.1/2.2)
            MV_MOD_FRAC = 0.901388: 0 (12.8/3.8)
            MV_MOD_FRAC = 1.06066: 1 (13.5/6.4)
            MV_MOD_FRAC = 0:
            :...dQP = 2: 1 (0)
                dQP = 4: 1 (20/2.6)
                dQP = 3:
                :...DISTORTION <= 13296: 1 (3.1)
                :   DISTORTION > 13296:
                :   :...RATIO_2Nx2N-MSM <= 1.16878: 0 (23.7/1.7)
                :       RATIO_2Nx2N-MSM > 1.16878: 1 (3)
                dQP = 1:
                :...PU_SIZE in {1,4,6,7}: 1 (0)
                    PU_SIZE = 2: 1 (2.2)
                    PU_SIZE = 5: 0 (2.2)
                    PU_SIZE = 0:
                    :...REF_IDX = 0: 1 (18.4/3.7)
                        REF_IDX = 1: 0 (0.4)
                        REF_IDX = -1:
                        :...CTX_SPLIT = 6: 1 (0)
                            CTX_SPLIT = 3: 1 (25.2/12.4)
                            CTX_SPLIT = 4: 1 (16.7/4.3)
                            CTX_SPLIT = 5: 0 (2.6)
                            CTX_SPLIT = 1:
                            :...BITS <= 34: 0 (4)
                            :   BITS > 34: 1 (37/8.6)
                            CTX_SPLIT = 0:
                            :...AVG_NEIGH_DEPTH > 1.69693: 1 (15.7/1.5)
                            :   AVG_NEIGH_DEPTH <= 1.69693:
                            :   :...TU_DEPTH = 2: 0 (0)
                            :       TU_DEPTH = 0: 0 (26/6.3)
                            :       TU_DEPTH = 1: 1 (12.9/5.4)
                            CTX_SPLIT = 2:
                            :...DISTORTION > 26338: 1 (10)
                                DISTORTION <= 26338:
                                :...DISTORTION > 19591: 0 (19.4)
                                    DISTORTION <= 19591:
                                    :...RATIO_BEST-MSM > 0.877391: 1 (9.5)
                                        RATIO_BEST-MSM <= 0.877391:
                                        :...DISTORTION <= 16488: 0 (23.2/6)
                                            DISTORTION > 16488: 1 (4.5)

-----  Trial 5:  -----

Decision tree:

RATIO_2Nx2N-MSM > 1.98305: 0 (36.1)
RATIO_2Nx2N-MSM <= 1.98305:
:...RATIO_2Nx2N-MSM <= 0.770041: 0 (32.4/1.3)
    RATIO_2Nx2N-MSM > 0.770041:
    :...MVD_MOD_INT > 2:
        :...RATIO_BEST_2Nx2N <= 1.00527: 1 (30.4/1.5)
        :   RATIO_BEST_2Nx2N > 1.00527: 0 (3.8)
        MVD_MOD_INT <= 2:
        :...MVD_MOD_FRAC in {0.353553,1.06066}: 0 (0)
            MVD_MOD_FRAC = 0.25: 0 (4.9)
            MVD_MOD_FRAC = 0.5: 0 (0.6)
            MVD_MOD_FRAC = 0.559017: 0 (1.8)
            MVD_MOD_FRAC = 0.707107: 1 (0.3)
            MVD_MOD_FRAC = 0.75: 0 (4.3/1.2)
            MVD_MOD_FRAC = 0.790569: 1 (3.5)
            MVD_MOD_FRAC = 0.901388: 0 (1.3)
            MVD_MOD_FRAC = 0:
            :...COST_MSM > 102564:
                :...COST_MSM <= 213020: 1 (59.6/9.6)
                :   COST_MSM > 213020: 0 (3.8)
                COST_MSM <= 102564:
                :...MVP_IDX = 0: 0 (1.5)
                    MVP_IDX = 1: 0 (9.6)
                    MVP_IDX = -1:
                    :...BEST_COST <= 13768.2:
                        :...MV_MOD_INT > 1: 1 (18.5/8.4)
                        :   MV_MOD_INT <= 1:
                        :   :...BITS <= 26: 0 (50.7)
                        :       BITS > 26: 1 (5/0.6)
                        BEST_COST > 13768.2:
                        :...CTX_SPLIT = 6: 0 (0)
                            CTX_SPLIT = 5: 0 (2.1)
                            CTX_SPLIT = 4:
                            :...BITS <= 40: 0 (12.5/3.1)
                            :   BITS > 40: 1 (16.4)
                            CTX_SPLIT = 3:
                            :...RATIO_2Nx2N-MSM <= 0.985847: 1 (5.3)
                            :   RATIO_2Nx2N-MSM > 0.985847:
                            :   :...REF_IDX = 0: 0 (4.5)
                            :       REF_IDX = 1: 1 (2/0.6)
                            :       REF_IDX = -1:
                            :       :...RATIO_BEST-MSM <= 0.880167: 0 (25.8/4.1)
                            :           RATIO_BEST-MSM > 0.880167: 1 (2.7)
                            CTX_SPLIT = 1:
                            :...BITS > 92: 1 (6.7)
                            :   BITS <= 92:
                            :   :...SAD > 13225: 1 (5.2)
                            :       SAD <= 13225:
                            :       :...FME = 1: 0 (1.8)
                            :           FME = 0:
                            :           :...AVG_NEIGH_DEPTH <= 0.435897: 1 (2.9)
                            :           :   AVG_NEIGH_DEPTH > 0.435897: 0 (46.1/6.7)
                            :           FME = 2:
                            :           :...BITS > 22: 0 (8.5)
                            :               BITS <= 22:
                            :               :...COST_2Nx2N <= 81073.4: 1 (22.6/3.4)
                            :                   COST_2Nx2N > 81073.4: 0 (5.3)
                            CTX_SPLIT = 2:
                            :...INTER_DIR = 1: 1 (5.5/2.7)
                            :   INTER_DIR = 2: 0 (1.2)
                            :   INTER_DIR = 3:
                            :   :...RATIO_BEST-MSM <= 1.02222: 1 (40.1/3.9)
                            :   :   RATIO_BEST-MSM > 1.02222: 0 (3.3)
                            :   INTER_DIR = 0:
                            :   :...NON-Z-COEFF > 10: 1 (4)
                            :       NON-Z-COEFF <= 10:
                            :       :...DISTORTION > 26338: 1 (8.4/0.3)
                            :           DISTORTION <= 26338:
                            :           :...DISTORTION > 19591: 0 (15.6)
                            :               DISTORTION <= 19591:
                            :               :...NON-Z-COEFF <= 5: 1 (26.3/10.2)
                            :                   NON-Z-COEFF > 5: 0 (2.9)
                            CTX_SPLIT = 0:
                            :...RATIO_BEST-MSM > 0.998542:
                                :...COST_MSM <= 78336.3: 0 (42.8/2.5)
                                :   COST_MSM > 78336.3: 1 (6.1/2.1)
                                RATIO_BEST-MSM <= 0.998542:
                                :...COST_MSM > 88279.8: 0 (8.2)
                                    COST_MSM <= 88279.8:
                                    :...NON-Z-COEFF > 5: 1 (8.9/0.3)
                                        NON-Z-COEFF <= 5:
                                        :...SAD > 8715: 0 (11/1.3)
                                            SAD <= 8715:
                                            :...dQP = 2: 1 (0)
                                                dQP = 3: 1 (22.9/7.4)
                                                dQP = 4: 1 (5.8)
                                                dQP = 1:
                                                :...PU_SIZE in {4,5,
                                                    :           7}: 1 (0)
                                                    PU_SIZE = 1: 1 (7.1/0.3)
                                                    PU_SIZE = 2: 0 (1.5)
                                                    PU_SIZE = 6: 0 (1.2)
                                                    PU_SIZE = 0: [S1]

SubTree [S1]

RATIO_2Nx2N-MSM <= 1.14522: 1 (30.8/10)
RATIO_2Nx2N-MSM > 1.14522: 0 (4.1)

-----  Trial 6:  -----

Decision tree:

RATIO_2Nx2N-MSM > 1.98305: 0 (28.3)
RATIO_2Nx2N-MSM <= 1.98305:
:...BEST_COST <= 13768.2:
    :...BITS <= 33: 0 (83.9/12.5)
    :   BITS > 33: 1 (2.9/0.5)
    BEST_COST > 13768.2:
    :...BITS > 49:
        :...AVG_NEIGH_DEPTH <= 1.33038:
        :   :...MVP_IDX = -1: 1 (62.4/7.2)
        :   :   MVP_IDX = 0: 1 (8.8/0.9)
        :   :   MVP_IDX = 1: 0 (5.9/1.4)
        :   AVG_NEIGH_DEPTH > 1.33038:
        :   :...DISTORTION <= 13626: 0 (13.5)
        :       DISTORTION > 13626:
        :       :...TU_DEPTH = 1: 1 (26.8/8.8)
        :           TU_DEPTH = 2: 0 (14.5/3.5)
        :           TU_DEPTH = 0:
        :           :...AVG_NEIGH_DEPTH <= 1.69693: 0 (25.7/3.3)
        :               AVG_NEIGH_DEPTH > 1.69693: 1 (25.4/8.1)
        BITS <= 49:
        :...RATIO_BEST_2Nx2N > 0.981063: 0 (41.3/5.8)
            RATIO_BEST_2Nx2N <= 0.981063:
            :...PU_SIZE = 4: 0 (12.2/3.6)
                PU_SIZE = 5: 1 (9/3.6)
                PU_SIZE = 6: 0 (8.1/3.6)
                PU_SIZE = 7: 1 (5.1/2.2)
                PU_SIZE = 1:
                :...BITS <= 16: 1 (15)
                :   BITS > 16: 0 (14.7/2.4)
                PU_SIZE = 2:
                :...COST_MSM <= 43994: 1 (13/0.2)
                :   COST_MSM > 43994:
                :   :...NON-Z-COEFF > 3: 1 (4.9)
                :       NON-Z-COEFF <= 3:
                :       :...dQP in {1,2}: 0 (0)
                :           dQP = 3: 0 (18.2/2.4)
                :           dQP = 4: 1 (14.9/6.6)
                PU_SIZE = 0:
                :...MV_MOD_FRAC = 0.25: 0 (16.3/1.1)
                    MV_MOD_FRAC = 0.353553: 1 (9.9/3.7)
                    MV_MOD_FRAC = 0.5: 0 (10.2/2.4)
                    MV_MOD_FRAC = 0.559017: 0 (24.1/7)
                    MV_MOD_FRAC = 0.707107: 0 (7.2/2.4)
                    MV_MOD_FRAC = 0.75: 0 (2)
                    MV_MOD_FRAC = 0.790569: 0 (13.9/1.1)
                    MV_MOD_FRAC = 0.901388: 1 (6.4/2.3)
                    MV_MOD_FRAC = 1.06066: 1 (4.8/1.2)
                    MV_MOD_FRAC = 0:
                    :...COLOC_SPLIT = 1: 0 (18.1/5.7)
                        COLOC_SPLIT = 2: 1 (4.1)
                        COLOC_SPLIT = 0:
                        :...RATIO_BEST_2Nx2N > 0.882866: 1 (17.6/3.8)
                            RATIO_BEST_2Nx2N <= 0.882866:
                            :...RATIO_2Nx2N-MSM <= 1.12361:
                                :...SAD <= 1686: 1 (3/0.9)
                                :   SAD > 1686: 0 (46.8/1.3)
                                RATIO_2Nx2N-MSM > 1.12361:
                                :...INTER_DIR = 1: 0 (5.7)
                                    INTER_DIR = 2: 0 (7.6/1.1)
                                    INTER_DIR = 3: 1 (5.9/2.4)
                                    INTER_DIR = 0:
                                    :...COST_2Nx2N <= 39376.6: 1 (27.4/7)
                                        COST_2Nx2N > 39376.6: 0 (10.5)

-----  Trial 7:  -----

Decision tree:

RATIO_BEST-MSM > 1.02831: 0 (25.9)
RATIO_BEST-MSM <= 1.02831:
:...MVD_MOD_FRAC = 0.353553: 0 (0)
    MVD_MOD_FRAC = 0.25: 0 (10.9/4)
    MVD_MOD_FRAC = 0.5: 0 (4.5/1.8)
    MVD_MOD_FRAC = 0.559017: 0 (9.6/1.8)
    MVD_MOD_FRAC = 0.707107: 1 (5.1/2.1)
    MVD_MOD_FRAC = 0.75: 1 (11/5.1)
    MVD_MOD_FRAC = 0.790569: 1 (14.2)
    MVD_MOD_FRAC = 0.901388: 0 (2.6)
    MVD_MOD_FRAC = 1.06066: 0 (1.6)
    MVD_MOD_FRAC = 0:
    :...BEST_COST > 35390.8:
        :...MV_MOD_FRAC = 0.25: 1 (27.8/11.3)
        :   MV_MOD_FRAC = 0.353553: 1 (17.7/3.1)
        :   MV_MOD_FRAC = 0.5: 1 (8.7/4)
        :   MV_MOD_FRAC = 0.707107: 1 (5.9/0.4)
        :   MV_MOD_FRAC = 0.75: 0 (2.3/0.7)
        :   MV_MOD_FRAC = 0.790569: 0 (15.9/5.8)
        :   MV_MOD_FRAC = 0.901388: 0 (17.3/3.3)
        :   MV_MOD_FRAC = 1.06066: 0 (19.2/8.9)
        :   MV_MOD_FRAC = 0.559017:
        :   :...SAD <= 1901: 1 (11.2/0.4)
        :   :   SAD > 1901: 0 (16.4/1.8)
        :   MV_MOD_FRAC = 0:
        :   :...RATIO_2Nx2N-MSM <= 0.883308: 0 (17.5/0.8)
        :       RATIO_2Nx2N-MSM > 0.883308:
        :       :...dQP = 2: 1 (0)
        :           dQP = 3: 0 (23.4/5.5)
        :           dQP = 1:
        :           :...RATIO_2Nx2N-MSM <= 1.00152: 1 (18.3)
        :           :   RATIO_2Nx2N-MSM > 1.00152:
        :           :   :...BEST_COST > 68704.5: 1 (3.4)
        :           :       BEST_COST <= 68704.5:
        :           :       :...RATIO_BEST-MSM <= 0.925907: 0 (42.4/16.8)
        :           :           RATIO_BEST-MSM > 0.925907: 1 (6.5/0.2)
        :           dQP = 4:
        :           :...RATIO_BEST-MSM > 1.01186: 0 (5.5)
        :               RATIO_BEST-MSM <= 1.01186:
        :               :...BITS <= 0: 0 (3.2)
        :                   BITS > 0:
        :                   :...NON-Z-COEFF <= 3: 1 (29.1/5.7)
        :                       NON-Z-COEFF > 3: 0 (2.2)
        BEST_COST <= 35390.8:
        :...BITS <= 4: 0 (43.2)
            BITS > 4:
            :...TU_DEPTH = 2: 1 (6.8/2.1)
                TU_DEPTH = 1:
                :...NON-Z-COEFF > 3: 1 (7.7/0.2)
                :   NON-Z-COEFF <= 3:
                :   :...COST_MSM > 60817.8: 1 (3.6)
                :       COST_MSM <= 60817.8:
                :       :...AVG_NEIGH_DEPTH <= 1.44057: 1 (27/10.2)
                :           AVG_NEIGH_DEPTH > 1.44057:
                :           :...RATIO_BEST_2Nx2N <= 0.928782: 0 (25.3)
                :               RATIO_BEST_2Nx2N > 0.928782: 1 (7/2.5)
                TU_DEPTH = 0:
                :...FME = 1: 0 (15.3/6.7)
                    FME = 2: 0 (32.6/3.9)
                    FME = 0:
                    :...NON-Z-COEFF > 6: 1 (9.4/1.3)
                        NON-Z-COEFF <= 6:
                        :...RATIO_BEST-MSM <= 0.808354: 0 (63.1/5.8)
                            RATIO_BEST-MSM > 0.808354:
                            :...AVG_NEIGH_DEPTH <= 0.666667: 0 (13.8)
                                AVG_NEIGH_DEPTH > 0.666667:
                                :...SSE <= 13495: 0 (13.4/1.1)
                                    SSE > 13495:
                                    :...NON-Z-COEFF > 4: 0 (6)
                                        NON-Z-COEFF <= 4:
                                        :...RATIO_2Nx2N-MSM <= 1.03195: 0 (8.1/0.9)
                                            RATIO_2Nx2N-MSM > 1.03195:
                                            :...COST_MSM <= 12264.8: 0 (2.9)
                                                COST_MSM > 12264.8: 1 (31.5/3.5)

-----  Trial 8:  -----

Decision tree:

BEST_COST <= 10199: 0 (35.9)
BEST_COST > 10199:
:...BITS <= 12:
    :...PU_SIZE in {5,6}: 0 (0)
    :   PU_SIZE = 1: 1 (4.8/1.6)
    :   PU_SIZE = 2: 0 (12.5/1.5)
    :   PU_SIZE = 4: 0 (1.1)
    :   PU_SIZE = 7: 1 (3.1)
    :   PU_SIZE = 0:
    :   :...BEST_COST <= 69981.9: 0 (127.7/11.4)
    :       BEST_COST > 69981.9:
    :       :...RATIO_BEST-MSM > 1.01804: 0 (10.3)
    :           RATIO_BEST-MSM <= 1.01804:
    :           :...SAD <= 2435: 1 (14.3/0.6)
    :               SAD > 2435: 0 (14.2/5.8)
    BITS > 12:
    :...RATIO_BEST-MSM <= 0.592088: 0 (35.3/2.9)
        RATIO_BEST-MSM > 0.592088:
        :...MVD_MOD_FRAC = 0.353553: 1 (0)
            MVD_MOD_FRAC = 0.25: 1 (11.4/5.3)
            MVD_MOD_FRAC = 0.5: 1 (4.6/1.8)
            MVD_MOD_FRAC = 0.559017: 0 (8/2.9)
            MVD_MOD_FRAC = 0.707107: 1 (2.4)
            MVD_MOD_FRAC = 0.75: 0 (10.5/4.8)
            MVD_MOD_FRAC = 0.790569: 1 (11.5)
            MVD_MOD_FRAC = 0.901388: 0 (2)
            MVD_MOD_FRAC = 1.06066: 0 (0.2)
            MVD_MOD_FRAC = 0:
            :...BITS > 97: 1 (54.8/11.6)
                BITS <= 97:
                :...MV_MOD_FRAC = 0.25: 0 (25.6/8.7)
                    MV_MOD_FRAC = 0.353553: 1 (18/5.6)
                    MV_MOD_FRAC = 0.5: 1 (6.7/2.9)
                    MV_MOD_FRAC = 0.559017: 1 (10.3/4.6)
                    MV_MOD_FRAC = 0.707107: 1 (1.6)
                    MV_MOD_FRAC = 0.75: 1 (2.7)
                    MV_MOD_FRAC = 0.790569: 1 (7.1/0.6)
                    MV_MOD_FRAC = 0.901388: 0 (13.2/4.4)
                    MV_MOD_FRAC = 1.06066: 1 (16.4/7)
                    MV_MOD_FRAC = 0:
                    :...PU_SIZE = 7: 0 (0)
                        PU_SIZE = 1: 0 (3.5/1.2)
                        PU_SIZE = 2: 1 (17/5.1)
                        PU_SIZE = 4: 0 (0.9)
                        PU_SIZE = 5: 0 (6.9)
                        PU_SIZE = 6: 1 (5.8/2)
                        PU_SIZE = 0:
                        :...NON-Z-COEFF > 6: 1 (10.7)
                            NON-Z-COEFF <= 6:
                            :...NON-Z-COEFF > 3:
                                :...COST_MSM <= 23875.6: 0 (4.9)
                                :   COST_MSM > 23875.6: 1 (31.7/8.5)
                                NON-Z-COEFF <= 3:
                                :...dQP = 2: 0 (0)
                                    dQP = 3: 0 (8.4/3)
                                    dQP = 4: 0 (8.7/2.9)
                                    dQP = 1:
                                    :...CTX_SPLIT = 6: 0 (0)
                                        CTX_SPLIT = 3: 0 (13.4/6.4)
                                        CTX_SPLIT = 4: 1 (8.9/2.1)
                                        CTX_SPLIT = 5: 0 (2.2)
                                        CTX_SPLIT = 0:
                                        :...COST_2Nx2N <= 37155.1: 0 (28.1/4)
                                        :   COST_2Nx2N > 37155.1: 1 (8.1/2.8)
                                        CTX_SPLIT = 1:
                                        :...AVG_NEIGH_DEPTH <= 1.18906: 1 (7.6)
                                        :   AVG_NEIGH_DEPTH > 1.18906: 0 (20.8/4.6)
                                        CTX_SPLIT = 2:
                                        :...RATIO_BEST_2Nx2N > 0.853527: 1 (11.8)
                                            RATIO_BEST_2Nx2N <= 0.853527:
                                            :...RATIO_2Nx2N-MSM <= 1.16536: 0 (22.4/1.4)
                                                RATIO_2Nx2N-MSM > 1.16536: 1 (7.2/2.3)

-----  Trial 9:  -----

Decision tree:

BEST_COST <= 10199: 0 (29)
BEST_COST > 10199:
:...RATIO_2Nx2N-MSM <= 0.770041: 0 (31.9/1.4)
    RATIO_2Nx2N-MSM > 0.770041:
    :...MVD_MOD_FRAC = 0.353553: 0 (0)
        MVD_MOD_FRAC = 0.25: 0 (18.1/4.9)
        MVD_MOD_FRAC = 0.5: 1 (3.9/1.6)
        MVD_MOD_FRAC = 0.559017: 1 (7.1/3)
        MVD_MOD_FRAC = 0.707107: 1 (1.9)
        MVD_MOD_FRAC = 0.75: 1 (12.1/3.3)
        MVD_MOD_FRAC = 0.790569: 1 (9.3)
        MVD_MOD_FRAC = 0.901388: 0 (1.6)
        MVD_MOD_FRAC = 1.06066: 0 (0.1)
        MVD_MOD_FRAC = 0:
        :...BITS <= 12:
            :...SAD > 3757: 1 (8.5)
            :   SAD <= 3757:
            :   :...BEST_COST <= 36576: 0 (55.4/4.3)
            :       BEST_COST > 36576:
            :       :...SAD <= 1575: 1 (17.4/4)
            :           SAD > 1575: 0 (86.3/19.1)
            BITS > 12:
            :...RATIO_BEST_2Nx2N > 0.981063: 0 (23.6/2.8)
                RATIO_BEST_2Nx2N <= 0.981063:
                :...PU_SIZE = 4: 0 (9.3/3.1)
                    PU_SIZE = 5: 1 (11.7/5.6)
                    PU_SIZE = 6: 0 (13.1/3.8)
                    PU_SIZE = 7: 0 (3.6)
                    PU_SIZE = 2:
                    :...BITS <= 19: 1 (12.5)
                    :   BITS > 19: 0 (29.7/11.2)
                    PU_SIZE = 1:
                    :...SAD > 5758: 0 (2.5)
                    :   SAD <= 5758:
                    :   :...dQP = 2: 1 (0)
                    :       dQP = 1: 1 (6.2)
                    :       dQP = 3: 0 (8.7/2.8)
                    :       dQP = 4: 1 (12.1)
                    PU_SIZE = 0:
                    :...MV_MOD_FRAC in {0.707107,0.75,1.06066}: 1 (0)
                        MV_MOD_FRAC = 0.25: 1 (6.9/3)
                        MV_MOD_FRAC = 0.353553: 0 (6/2)
                        MV_MOD_FRAC = 0.5: 1 (2.3)
                        MV_MOD_FRAC = 0.559017: 0 (7.8)
                        MV_MOD_FRAC = 0.790569: 1 (1.5)
                        MV_MOD_FRAC = 0.901388: 1 (8/2.3)
                        MV_MOD_FRAC = 0:
                        :...CTX_SPLIT = 6: 1 (0)
                            CTX_SPLIT = 4: 1 (24.6/4.4)
                            CTX_SPLIT = 5: 0 (1.8)
                            CTX_SPLIT = 1:
                            :...AVG_NEIGH_DEPTH <= 1.44057: 1 (15/0.6)
                            :   AVG_NEIGH_DEPTH > 1.44057:
                            :   :...DISTORTION <= 20495: 0 (15.6/3.4)
                            :       DISTORTION > 20495: 1 (14.1/2.3)
                            CTX_SPLIT = 2:
                            :...DISTORTION > 26338: 1 (9.1/0.9)
                            :   DISTORTION <= 26338:
                            :   :...COST_2Nx2N <= 36471.2: 1 (25.9/10.7)
                            :       COST_2Nx2N > 36471.2: 0 (33.1/0.9)
                            CTX_SPLIT = 3:
                            :...RATIO_BEST_2Nx2N <= 0.622572: 0 (5.9)
                            :   RATIO_BEST_2Nx2N > 0.622572:
                            :   :...SSE <= 822905: 1 (30.4/2.9)
                            :       SSE > 822905: 0 (5.7/0.1)
                            CTX_SPLIT = 0:
                            :...BEST_COST > 90329.3: 0 (5.9)
                                BEST_COST <= 90329.3:
                                :...DISTORTION > 25179: 1 (8.6)
                                    DISTORTION <= 25179:
                                    :...COST_MSM > 46767.3: 0 (8.5)
                                        COST_MSM <= 46767.3:
                                        :...BEST_COST > 27974.3: 1 (6.7)
                                            BEST_COST <= 27974.3:
                                            :...AVG_NEIGH_DEPTH <= 0.375: 0 (8.4)
                                                AVG_NEIGH_DEPTH > 0.375:
                                                :...BEST_COST <= 23701.7: 1 (20.8/7.3)
                                                    BEST_COST > 23701.7: 0 (7.1)


Evaluation on training data (696 cases):

Trial	       Decision Tree       
-----	  -----------------------  
	  Size      Errors   Cost  

   0	    31   60( 8.6%)   0.09
   1	    43   88(12.6%)   0.13
   2	    47  101(14.5%)   0.15
   3	    42   71(10.2%)   0.10
   4	    46   78(11.2%)   0.11
   5	    55   94(13.5%)   0.14
   6	    41   97(13.9%)   0.14
   7	    46  110(15.8%)   0.16
   8	    48   84(12.1%)   0.12
   9	    49   80(11.5%)   0.11
boost	          5( 0.7%)   0.01   <<


	   (a)   (b)    <-classified as
	  ----  ----
	   522          (a): class 0
	     5   169    (b): class 1


	Attribute usage:

	    100%  BITS
	    100%  DISTORTION
	    100%  BEST_COST
	    100%  RATIO_2Nx2N-MSM
	    100%  RATIO_BEST-MSM
	    100%  MVD_MOD_FRAC
	    100%  PU_SIZE
	     96%  COST_MSM
	     88%  SAD
	     78%  MVD_MOD_INT
	     73%  RATIO_BEST_2Nx2N
	     70%  MVP_IDX
	     64%  TU_DEPTH
	     64%  CTX_SPLIT
	     63%  MV_MOD_FRAC
	     49%  AVG_NEIGH_DEPTH
	     47%  dQP
	     47%  PRED_MODE
	     45%  NON-Z-COEFF
	     40%  REF_IDX
	     38%  FME
	     35%  MV_MOD_INT
	     24%  COLOC_SPLIT
	     24%  COST_2Nx2N
	     15%  SSE
	     14%  INTER_DIR


Time: 0.1 secs
