
C5.0 [Release 2.07 GPL Edition]  	Thu Feb 16 08:53:03 2017
-------------------------------

    Options:
	Boosted classifiers
	Application `./ONLINE/BOOST/BasketballPass_d1_qp27'

Read 188 cases (28 attributes) from ./ONLINE/BOOST/BasketballPass_d1_qp27.data

-----  Trial 0:  -----

Decision tree:

BITS > 18: 1 (90/10)
BITS <= 18:
:...SSE <= 24542: 0 (81/5)
    SSE > 24542:
    :...NON-Z-COEFF <= 5: 0 (8/2)
        NON-Z-COEFF > 5: 1 (9)

-----  Trial 1:  -----

Decision tree:

TU_DEPTH = 1: 1 (23.2)
TU_DEPTH = 2: 1 (22.5)
TU_DEPTH = 0:
:...SSE <= 7762: 0 (24)
    SSE > 7762:
    :...REF_IDX = -1: 0 (4.8)
        REF_IDX = 1: 1 (3.1/0.8)
        REF_IDX = 0:
        :...RATIO_2Nx2N-MSM > 1.08868: 0 (20.9/0.8)
            RATIO_2Nx2N-MSM <= 1.08868:
            :...MV_MOD_INT <= 1.41421: 1 (64/26.4)
                MV_MOD_INT > 1.41421: 0 (25.5/5.4)

-----  Trial 2:  -----

Decision tree:

TU_DEPTH = 1: 1 (18.7)
TU_DEPTH = 2: 1 (18.1)
TU_DEPTH = 0:
:...MVP_IDX = -1: 0 (125.1/30.8)
    MVP_IDX = 0: 1 (16.7/5.2)
    MVP_IDX = 1: 1 (9.4/4.4)

-----  Trial 3:  -----

Decision tree:

TU_DEPTH = 1: 1 (15.3)
TU_DEPTH = 2: 1 (14.8)
TU_DEPTH = 0:
:...RATIO_BEST-MSM > 1.00672: 0 (16.9)
    RATIO_BEST-MSM <= 1.00672:
    :...INTER_DIR = 0: 0 (0)
        INTER_DIR = 1: 0 (14.5/4.3)
        INTER_DIR = 2: 0 (3.7)
        INTER_DIR = 3:
        :...COLOC_SPLIT = 0: 0 (10.7)
            COLOC_SPLIT = 1: 1 (29/11.4)
            COLOC_SPLIT = 2:
            :...AVG_NEIGH_DEPTH > 1.9375: 0 (5.7)
                AVG_NEIGH_DEPTH <= 1.9375:
                :...PREDMV_MOD_INT > 4.12311: 0 (8.8/1.6)
                    PREDMV_MOD_INT <= 4.12311:
                    :...MVP_IDX = -1: 1 (55.5/18.6)
                        MVP_IDX = 0: 1 (6.7)
                        MVP_IDX = 1: 0 (6.4/1)

-----  Trial 4:  -----

Decision tree:

TU_DEPTH = 1: 1 (12.4)
TU_DEPTH = 2: 1 (12)
TU_DEPTH = 0:
:...REF_IDX = -1: 0 (3.8)
    REF_IDX = 1: 1 (7.6/2.5)
    REF_IDX = 0:
    :...RATIO_2Nx2N-MSM > 1.08868: 0 (27.1/1.3)
        RATIO_2Nx2N-MSM <= 1.08868:
        :...COST_MSM > 58598.7: 1 (7.6)
            COST_MSM <= 58598.7:
            :...RATIO_BEST_2Nx2N <= 0.861943: 0 (36.2/6.7)
                RATIO_BEST_2Nx2N > 0.861943:
                :...COST_MSM > 54452.3: 0 (9.7)
                    COST_MSM <= 54452.3:
                    :...SSE <= 20767: 0 (51.4/20.7)
                        SSE > 20767: 1 (20.3)

-----  Trial 5:  -----

Decision tree:

TU_DEPTH = 1: 1 (9.9)
TU_DEPTH = 2: 1 (9.6)
TU_DEPTH = 0:
:...SSE <= 7762: 0 (16)
    SSE > 7762:
    :...RATIO_BEST-MSM > 1.00331: 0 (21.9/3.4)
        RATIO_BEST-MSM <= 1.00331:
        :...NON-Z-COEFF <= 5: 0 (63.2/28.4)
            NON-Z-COEFF > 5: 1 (67.4/19.2)

-----  Trial 6:  -----

Decision tree:

TU_DEPTH = 1: 1 (8.4)
TU_DEPTH = 2: 1 (8.1)
TU_DEPTH = 0:
:...SSE <= 7762: 0 (13.5)
    SSE > 7762:
    :...RATIO_2Nx2N-MSM > 1.08868: 0 (21.2/3.3)
        RATIO_2Nx2N-MSM <= 1.08868:
        :...REF_IDX = -1: 0 (1.7)
            REF_IDX = 1: 1 (6.1/2.4)
            REF_IDX = 0:
            :...RATIO_BEST-MSM <= 0.88721: 0 (64.7/28.6)
                RATIO_BEST-MSM > 0.88721:
                :...BITS <= 39: 1 (59.5/11.8)
                    BITS > 39: 0 (5)

-----  Trial 7:  -----

Decision tree:

TU_DEPTH = 1: 1 (6.9)
TU_DEPTH = 2: 1 (6.7)
TU_DEPTH = 0:
:...BITS <= 10:
    :...SAD <= 3054: 0 (45.9/3.2)
    :   SAD > 3054: 1 (27.9/11.1)
    BITS > 10:
    :...SSE > 40840: 1 (16.4)
        SSE <= 40840:
        :...SAD <= 3958: 1 (74.3/21.4)
            SAD > 3958: 0 (9.8)

-----  Trial 8:  -----

Decision tree:

TU_DEPTH = 1: 1 (5.6)
TU_DEPTH = 2: 1 (5.4)
TU_DEPTH = 0:
:...MVD_MOD_INT > 0: 1 (20.3/4.2)
    MVD_MOD_INT <= 0:
    :...MVD_MOD_FRAC in {0.353553,0.559017,0.707107,0.75,0.790569,
        :                1.06066}: 0 (0)
        MVD_MOD_FRAC = 0.25: 0 (3.8)
        MVD_MOD_FRAC = 0.5: 1 (1.6)
        MVD_MOD_FRAC = 0.901388: 1 (2.1)
        MVD_MOD_FRAC = 0:
        :...MVP_IDX = 1: 0 (0)
            MVP_IDX = 0: 1 (3.2)
            MVP_IDX = -1:
            :...SSE <= 8351: 0 (18.4)
                SSE > 8351:
                :...NON-Z-COEFF <= 6: 0 (81.8/20.5)
                    NON-Z-COEFF > 6: 1 (45.8/15.3)

-----  Trial 9:  -----

Decision tree:

TU_DEPTH = 1: 1 (4.6)
TU_DEPTH = 2: 1 (4.4)
TU_DEPTH = 0:
:...COST_MSM > 58598.7: 1 (12.6/0.6)
    COST_MSM <= 58598.7:
    :...MVD_MOD_FRAC in {0.353553,0.5,0.707107,0.75,0.790569,0.901388,
        :                1.06066}: 0 (0)
        MVD_MOD_FRAC = 0.25: 0 (13.3/3.4)
        MVD_MOD_FRAC = 0.559017: 1 (3.7)
        MVD_MOD_FRAC = 0:
        :...MVP_IDX = 0: 1 (2.1)
            MVP_IDX = 1: 1 (1.3)
            MVP_IDX = -1:
            :...RATIO_2Nx2N-MSM > 1.08868: 0 (23.2)
                RATIO_2Nx2N-MSM <= 1.08868:
                :...SSE <= 8351: 0 (10.9)
                    SSE > 8351:
                    :...REF_IDX = -1: 0 (1.1)
                        REF_IDX = 1: 1 (3.2)
                        REF_IDX = 0:
                        :...COST_2Nx2N > 55616.5: 0 (8.9)
                            COST_2Nx2N <= 55616.5:
                            :...BITS > 32: 0 (12.7)
                                BITS <= 32:
                                :...RATIO_BEST_2Nx2N <= 0.863866: 0 (31/9)
                                    RATIO_BEST_2Nx2N > 0.863866: 1 (54.8/13.7)


Evaluation on training data (188 cases):

Trial	       Decision Tree       
-----	  -----------------------  
	  Size      Errors   Cost  

   0	     4   17( 9.0%)   0.09
   1	     8   27(14.4%)   0.14
   2	     5   27(14.4%)   0.14
   3	    12   34(18.1%)   0.18
   4	    10   20(10.6%)   0.11
   5	     6   26(13.8%)   0.14
   6	     9   31(16.5%)   0.16
   7	     7   25(13.3%)   0.13
   8	    10   21(11.2%)   0.11
   9	    15   15( 8.0%)   0.08
boost	          2( 1.1%)   0.01   <<


	   (a)   (b)    <-classified as
	  ----  ----
	    92          (a): class 0
	     2    94    (b): class 1


	Attribute usage:

	    100%  BITS
	    100%  TU_DEPTH
	     69%  SSE
	     69%  COST_MSM
	     69%  RATIO_2Nx2N-MSM
	     69%  RATIO_BEST-MSM
	     69%  REF_IDX
	     69%  MVD_MOD_INT
	     69%  MVP_IDX
	     66%  MVD_MOD_FRAC
	     64%  SAD
	     55%  INTER_DIR
	     51%  NON-Z-COEFF
	     46%  COLOC_SPLIT
	     35%  RATIO_BEST_2Nx2N
	     34%  MV_MOD_INT
	     28%  AVG_NEIGH_DEPTH
	     27%  PREDMV_MOD_INT
	     25%  COST_2Nx2N


Time: 0.0 secs
