
C5.0 [Release 2.07 GPL Edition]  	Thu Feb 16 11:19:52 2017
-------------------------------

    Options:
	Boosted classifiers
	Application `./ONLINE/BOOST/BasketballDrill_d1_qp32'

Read 820 cases (28 attributes) from ./ONLINE/BOOST/BasketballDrill_d1_qp32.data

-----  Trial 0:  -----

Decision tree:

BITS > 56: 1 (203/26)
BITS <= 56:
:...COST_MSM <= 34547.6:
    :...TU_DEPTH = 2: 0 (0)
    :   TU_DEPTH = 1:
    :   :...NON-Z-COEFF <= 4: 0 (4)
    :   :   NON-Z-COEFF > 4: 1 (6/1)
    :   TU_DEPTH = 0:
    :   :...RATIO_BEST_2Nx2N <= 0.951599: 0 (215/2)
    :       RATIO_BEST_2Nx2N > 0.951599:
    :       :...RATIO_BEST-MSM <= 1.0079: 0 (83/5)
    :           RATIO_BEST-MSM > 1.0079: 1 (6/1)
    COST_MSM > 34547.6:
    :...TU_DEPTH = 2: 1 (3)
        TU_DEPTH = 1:
        :...PU_SIZE in {5,6}: 1 (0)
        :   PU_SIZE in {0,4,7}: 0 (9/2)
        :   PU_SIZE in {1,2}: 1 (11)
        TU_DEPTH = 0:
        :...COLOC_SPLIT = 0:
            :...SSE <= 25563: 1 (3/1)
            :   SSE > 25563: 0 (35)
            COLOC_SPLIT = 1:
            :...dQP = 2: 0 (0)
            :   dQP = 3: 0 (23/4)
            :   dQP = 1:
            :   :...MVD_MOD_INT > 0: 0 (4)
            :   :   MVD_MOD_INT <= 0:
            :   :   :...SAD <= 4145: 0 (2)
            :   :       SAD > 4145: 1 (17/2)
            :   dQP = 4:
            :   :...MVP_IDX = 0:
            :       :...RATIO_2Nx2N-MSM <= 0.991059: 0 (11)
            :       :   RATIO_2Nx2N-MSM > 0.991059: 1 (3)
            :       MVP_IDX = 1:
            :       :...BITS <= 27: 0 (7/1)
            :       :   BITS > 27: 1 (3)
            :       MVP_IDX = -1:
            :       :...INTER_DIR = 0: 0 (0)
            :           INTER_DIR = 1: 1 (6)
            :           INTER_DIR = 2:
            :           :...COST_MSM <= 45820.9: 0 (2)
            :           :   COST_MSM > 45820.9: 1 (10/4)
            :           INTER_DIR = 3:
            :           :...BITS <= 2: 1 (8/2)
            :               BITS > 2: 0 (38/13)
            COLOC_SPLIT = 2:
            :...MVD_MOD_FRAC in {0.353553,0.559017,1.06066}: 0 (0)
                MVD_MOD_FRAC in {0.25,0.5,0.75,0.901388}: 0 (19/4)
                MVD_MOD_FRAC in {0.707107,0.790569}: 1 (4/1)
                MVD_MOD_FRAC = 0:
                :...MV_MOD_FRAC = 0.707107: 0 (0)
                    MV_MOD_FRAC in {0.353553,0.5,0.901388}: 1 (17/3)
                    MV_MOD_FRAC = 0.75: 0 (4/1)
                    MV_MOD_FRAC = 0.25:
                    :...AVG_NEIGH_DEPTH <= 1.27237: 0 (4)
                    :   AVG_NEIGH_DEPTH > 1.27237: 1 (5/1)
                    MV_MOD_FRAC = 0.559017:
                    :...MV_MOD_INT <= 8.24621: 1 (3)
                    :   MV_MOD_INT > 8.24621: 0 (5/1)
                    MV_MOD_FRAC = 0.790569:
                    :...COST_2Nx2N <= 144597: 0 (10)
                    :   COST_2Nx2N > 144597: 1 (2)
                    MV_MOD_FRAC = 1.06066:
                    :...COST_MSM <= 62003: 0 (2)
                    :   COST_MSM > 62003: 1 (2)
                    MV_MOD_FRAC = 0:
                    :...RATIO_BEST-MSM <= 0.741064:
                        :...BITS <= 35: 0 (12)
                        :   BITS > 35: 1 (3/1)
                        RATIO_BEST-MSM > 0.741064:
                        :...dQP in {1,2}: 1 (0)
                            dQP = 3: 1 (3)
                            dQP = 4:
                            :...BEST_COST <= 51383.9: 0 (3)
                                BEST_COST > 51383.9:
                                :...INTER_DIR in {0,1}: 1 (0)
                                    INTER_DIR = 3: 1 (6)
                                    INTER_DIR = 2:
                                    :...BITS <= 24: 0 (2)
                                        BITS > 24: 1 (2)

-----  Trial 1:  -----

Decision tree:

BITS > 163: 1 (71.3)
BITS <= 163:
:...COST_MSM <= 27080.9: 0 (230.4/22.1)
    COST_MSM > 27080.9:
    :...BITS <= 10:
        :...SSE <= 46967: 0 (84.8/8.5)
        :   SSE > 46967:
        :   :...PRED_MODE in {2,3}: 1 (0)
        :       PRED_MODE = 0: 1 (25.1/9.4)
        :       PRED_MODE = 1: 0 (3.9)
        BITS > 10:
        :...MVD_MOD_FRAC = 0.353553: 0 (9.5/1.6)
            MVD_MOD_FRAC = 0.559017: 0 (15/6.3)
            MVD_MOD_FRAC = 0.707107: 1 (1.6)
            MVD_MOD_FRAC = 0.75: 1 (18.9/9.4)
            MVD_MOD_FRAC = 0.790569: 0 (13.4/6.2)
            MVD_MOD_FRAC = 0.901388: 1 (8.6/1.6)
            MVD_MOD_FRAC = 1.06066: 0 (4.7/0.8)
            MVD_MOD_FRAC = 0.5:
            :...BITS <= 24: 1 (4/0.8)
            :   BITS > 24: 0 (22.2/1.6)
            MVD_MOD_FRAC = 0.25:
            :...MV_MOD_INT > 70.2922: 1 (3.2)
            :   MV_MOD_INT <= 70.2922:
            :   :...TU_DEPTH = 1: 1 (6.2/0.8)
            :       TU_DEPTH = 2: 0 (4.7/1.6)
            :       TU_DEPTH = 0:
            :       :...RATIO_2Nx2N-MSM <= 0.955519: 0 (12.5/0.8)
            :           RATIO_2Nx2N-MSM > 0.955519: 1 (13.4/4.7)
            MVD_MOD_FRAC = 0:
            :...MV_MOD_FRAC = 0.353553: 1 (14.8/6.3)
                MV_MOD_FRAC = 0.5: 1 (11/4.7)
                MV_MOD_FRAC = 0.559017: 1 (14.2/2.3)
                MV_MOD_FRAC = 0.707107: 1 (3.1/0.8)
                MV_MOD_FRAC = 0.75: 1 (13.5/0.8)
                MV_MOD_FRAC = 0.790569: 1 (14.9/4.7)
                MV_MOD_FRAC = 0.901388: 1 (11.8/0.8)
                MV_MOD_FRAC = 1.06066: 0 (5.5/1.6)
                MV_MOD_FRAC = 0.25:
                :...dQP = 2: 1 (0)
                :   dQP = 1: 1 (14.8/6.3)
                :   dQP = 3: 0 (4.7/0.8)
                :   dQP = 4: 1 (17.3/3.9)
                MV_MOD_FRAC = 0:
                :...TU_DEPTH = 2: 0 (4.7/1.6)
                    TU_DEPTH = 1:
                    :...AVG_NEIGH_DEPTH <= 1.39077: 1 (18/0.8)
                    :   AVG_NEIGH_DEPTH > 1.39077: 0 (14.9/6.2)
                    TU_DEPTH = 0:
                    :...RATIO_BEST-MSM <= 0.672684: 0 (30/1.6)
                        RATIO_BEST-MSM > 0.672684:
                        :...NON-Z-COEFF > 2:
                            :...COLOC_SPLIT = 0: 0 (4.7/0.8)
                            :   COLOC_SPLIT = 1: 0 (15.9/0.8)
                            :   COLOC_SPLIT = 2: 1 (3.1)
                            NON-Z-COEFF <= 2:
                            :...COLOC_SPLIT = 0: 0 (13.3/3.9)
                                COLOC_SPLIT = 2: 1 (7/2.3)
                                COLOC_SPLIT = 1:
                                :...RATIO_BEST_2Nx2N <= 0.994953: 1 (26.1/3.1)
                                    RATIO_BEST_2Nx2N > 0.994953: 0 (3.1)

-----  Trial 2:  -----

Decision tree:

SSE > 178935: 1 (38.7)
SSE <= 178935:
:...TU_DEPTH = 2: 1 (30.3/7.6)
    TU_DEPTH = 1:
    :...BITS > 112: 1 (34.2)
    :   BITS <= 112:
    :   :...MVD_MOD_FRAC in {0.353553,0.707107,1.06066}: 1 (0)
    :       MVD_MOD_FRAC = 0.25: 1 (4.3/1.8)
    :       MVD_MOD_FRAC = 0.5: 0 (5.1)
    :       MVD_MOD_FRAC = 0.559017: 0 (4.4/1.8)
    :       MVD_MOD_FRAC = 0.75: 1 (0.6)
    :       MVD_MOD_FRAC = 0.790569: 1 (1.8)
    :       MVD_MOD_FRAC = 0.901388: 1 (0.6)
    :       MVD_MOD_FRAC = 0:
    :       :...BITS > 72: 1 (15.2)
    :           BITS <= 72:
    :           :...COLOC_SPLIT = 1: 1 (11/3.7)
    :               COLOC_SPLIT = 2: 0 (15/3.7)
    :               COLOC_SPLIT = 0:
    :               :...NON-Z-COEFF <= 26: 1 (19.1/6.2)
    :                   NON-Z-COEFF > 26: 0 (2.5)
    TU_DEPTH = 0:
    :...COLOC_SPLIT = 0: 0 (178.7/16.3)
        COLOC_SPLIT = 2:
        :...NON-Z-COEFF > 2:
        :   :...NON-Z-COEFF > 14: 0 (4.2)
        :   :   NON-Z-COEFF <= 14:
        :   :   :...CTX_SPLIT in {0,1}: 1 (0)
        :   :       CTX_SPLIT = 2: 1 (12.4/3.8)
        :   :       CTX_SPLIT = 3: 1 (4.9/0.6)
        :   :       CTX_SPLIT = 4: 0 (12.9/6.3)
        :   :       CTX_SPLIT = 5: 1 (16/1.9)
        :   :       CTX_SPLIT = 6: 0 (6.2/0.6)
        :   NON-Z-COEFF <= 2:
        :   :...PU_SIZE = 1: 0 (20.3/5.6)
        :       PU_SIZE = 2: 0 (21.5/3.1)
        :       PU_SIZE = 4: 0 (3.7/0.6)
        :       PU_SIZE = 5: 0 (3)
        :       PU_SIZE = 6: 1 (4.8)
        :       PU_SIZE = 7: 0 (7.3/3)
        :       PU_SIZE = 0:
        :       :...RATIO_BEST-MSM > 1.0129: 1 (3.6)
        :           RATIO_BEST-MSM <= 1.0129:
        :           :...COST_2Nx2N <= 87157.4: 0 (28.5/1.9)
        :               COST_2Nx2N > 87157.4: 1 (8.6/1.8)
        COLOC_SPLIT = 1:
        :...INTER_DIR = 0: 0 (14/3.2)
            INTER_DIR = 2: 0 (24.3/4.9)
            INTER_DIR = 1:
            :...BITS <= 87: 0 (59.2/15.4)
            :   BITS > 87: 1 (7.3)
            INTER_DIR = 3:
            :...MVP_IDX = 0: 0 (27.5/7.3)
                MVP_IDX = 1: 1 (16.6/7.3)
                MVP_IDX = -1:
                :...BITS <= 5:
                    :...RATIO_2Nx2N-MSM > 1.24396: 0 (16.8)
                    :   RATIO_2Nx2N-MSM <= 1.24396:
                    :   :...MV_MOD_INT <= 8.60233: 0 (29.9/8.5)
                    :       MV_MOD_INT > 8.60233: 1 (7.4/0.6)
                    BITS > 5:
                    :...SAD > 6320: 0 (11.6/0.6)
                        SAD <= 6320:
                        :...PRED_MODE = 3: 1 (0)
                            PRED_MODE = 0: 1 (8/0.6)
                            PRED_MODE = 1:
                            :...BITS <= 10: 0 (3.1)
                            :   BITS > 10: 1 (44.7/9.7)
                            PRED_MODE = 2:
                            :...dQP = 2: 1 (0)
                                dQP = 1: 1 (21.5/6.9)
                                dQP = 3: 0 (2.5)
                                dQP = 4: 0 (6.2/2.5)

-----  Trial 3:  -----

Decision tree:

BITS > 163: 1 (51.6)
BITS <= 163:
:...SAD <= 3026:
    :...SAD <= 1784: 1 (6.3/2)
    :   SAD > 1784: 0 (50.6)
    SAD > 3026:
    :...COST_MSM <= 27351.6:
        :...BITS <= 21: 0 (66.8/3.4)
        :   BITS > 21:
        :   :...SAD > 4034: 0 (13.8)
        :       SAD <= 4034:
        :       :...COST_MSM <= 17429: 0 (6.4)
        :           COST_MSM > 17429:
        :           :...dQP in {2,4}: 1 (0)
        :               dQP = 3: 1 (3.4)
        :               dQP = 1:
        :               :...BITS > 69: 1 (9.2)
        :                   BITS <= 69:
        :                   :...SSE <= 18154: 1 (6.8)
        :                       SSE > 18154: 0 (22.5/7.7)
        COST_MSM > 27351.6:
        :...MVD_MOD_FRAC = 0.353553: 0 (8/2.9)
            MVD_MOD_FRAC = 0.5: 0 (21.1/4.9)
            MVD_MOD_FRAC = 0.559017: 1 (18.1/5.6)
            MVD_MOD_FRAC = 0.707107: 1 (1)
            MVD_MOD_FRAC = 0.790569: 1 (19/4.6)
            MVD_MOD_FRAC = 0.901388: 1 (11.3/4.3)
            MVD_MOD_FRAC = 1.06066: 0 (5.2/1.4)
            MVD_MOD_FRAC = 0.75:
            :...REF_IDX = -1: 0 (0)
            :   REF_IDX = 0: 0 (20.5/4.1)
            :   REF_IDX = 1: 1 (4.2)
            MVD_MOD_FRAC = 0.25:
            :...MV_MOD_INT > 70.2922: 1 (3.6)
            :   MV_MOD_INT <= 70.2922:
            :   :...RATIO_BEST_2Nx2N > 0.998937: 0 (9.2)
            :       RATIO_BEST_2Nx2N <= 0.998937:
            :       :...MV_MOD_INT > 19.7231: 0 (6.6)
            :           MV_MOD_INT <= 19.7231:
            :           :...RATIO_BEST_2Nx2N <= 0.588036: 0 (5.6/0.5)
            :               RATIO_BEST_2Nx2N > 0.588036:
            :               :...PRED_MODE in {0,3}: 1 (0)
            :                   PRED_MODE = 1: 0 (12.9/5.8)
            :                   PRED_MODE = 2: 1 (9.5)
            MVD_MOD_FRAC = 0:
            :...CTX_SPLIT = 5: 1 (36.5/10.7)
                CTX_SPLIT = 6: 1 (7.6/1.9)
                CTX_SPLIT = 0:
                :...SAD <= 3897: 1 (10.1/2)
                :   SAD > 3897: 0 (26.4/2)
                CTX_SPLIT = 3:
                :...dQP = 2: 1 (0)
                :   dQP = 1: 1 (13.6/4.1)
                :   dQP = 3: 0 (8.3/1.5)
                :   dQP = 4: 1 (43.3/15.3)
                CTX_SPLIT = 2:
                :...INTER_DIR = 0: 0 (0)
                :   INTER_DIR = 1: 1 (21.2/4.7)
                :   INTER_DIR = 2:
                :   :...BITS <= 21: 0 (7.1)
                :   :   BITS > 21: 1 (15.3/3.6)
                :   INTER_DIR = 3:
                :   :...FME = 1: 0 (6.1/1.7)
                :       FME = 0:
                :       :...NON-Z-COEFF <= 4: 1 (13.3/2.5)
                :       :   NON-Z-COEFF > 4: 0 (9.3)
                :       FME = 2:
                :       :...RATIO_BEST-MSM <= 0.850492: 1 (3.4)
                :           RATIO_BEST-MSM > 0.850492: 0 (40.3/4.2)
                CTX_SPLIT = 4:
                :...MV_MOD_INT > 5.38516: 1 (18.1)
                :   MV_MOD_INT <= 5.38516:
                :   :...MV_MOD_INT > 2.82843: 0 (3.5)
                :       MV_MOD_INT <= 2.82843:
                :       :...NON-Z-COEFF > 3: 0 (9.6/2.2)
                :           NON-Z-COEFF <= 3:
                :           :...INTER_DIR = 0: 1 (5.1)
                :               INTER_DIR = 1: 1 (4.8/1.9)
                :               INTER_DIR = 2: 0 (14.5/4.9)
                :               INTER_DIR = 3: 1 (20/1)
                CTX_SPLIT = 1:
                :...PRED_MODE = 2: 1 (12.7/2.4)
                    PRED_MODE = 3: 1 (1.4)
                    PRED_MODE = 0:
                    :...MV_MOD_INT <= 8.60233: 0 (17.8)
                    :   MV_MOD_INT > 8.60233: 1 (7.1/2.2)
                    PRED_MODE = 1:
                    :...RATIO_BEST-MSM <= 0.625249: 0 (5.1)
                        RATIO_BEST-MSM > 0.625249:
                        :...RATIO_BEST_2Nx2N <= 0.732981: 1 (5.5)
                            RATIO_BEST_2Nx2N > 0.732981:
                            :...dQP in {1,2}: 0 (0)
                                dQP = 3: 0 (9.1/2)
                                dQP = 4:
                                :...NON-Z-COEFF <= 1: 1 (11.4/1.5)
                                    NON-Z-COEFF > 1: 0 (19.4/6.6)

-----  Trial 4:  -----

Decision tree:

BITS > 163: 1 (41)
BITS <= 163:
:...RATIO_2Nx2N-MSM > 1.26795:
    :...PU_SIZE in {5,7}: 0 (0)
    :   PU_SIZE = 0: 0 (66.3/1.2)
    :   PU_SIZE = 1: 1 (4.5/1.2)
    :   PU_SIZE = 2: 0 (2.4/0.4)
    :   PU_SIZE = 4: 1 (1.6)
    :   PU_SIZE = 6: 0 (0.4)
    RATIO_2Nx2N-MSM <= 1.26795:
    :...DISTORTION > 122570: 1 (27.1/2.2)
        DISTORTION <= 122570:
        :...TU_DEPTH = 2: 0 (15.6/7)
            TU_DEPTH = 1:
            :...PU_SIZE = 1: 1 (17.9/5)
            :   PU_SIZE = 2: 1 (12.8/1.6)
            :   PU_SIZE = 4: 0 (3.4/0.4)
            :   PU_SIZE = 5: 1 (5.1)
            :   PU_SIZE = 6: 0 (3.6/0.4)
            :   PU_SIZE = 7: 1 (15.3/5.3)
            :   PU_SIZE = 0:
            :   :...MVP_IDX = 1: 0 (0)
            :       MVP_IDX = 0: 0 (4.3/0.4)
            :       MVP_IDX = -1:
            :       :...BITS > 63: 1 (13.6)
            :           BITS <= 63:
            :           :...SSE <= 25563: 1 (12.4/5.7)
            :               SSE > 25563: 0 (10.5)
            TU_DEPTH = 0:
            :...COLOC_SPLIT = 2:
                :...RATIO_BEST-MSM <= 0.679439:
                :   :...AVG_NEIGH_DEPTH <= 1.19458: 1 (8.7/3.2)
                :   :   AVG_NEIGH_DEPTH > 1.19458: 0 (40.2/2.3)
                :   RATIO_BEST-MSM > 0.679439:
                :   :...MV_MOD_FRAC = 0: 1 (20.4/6)
                :       MV_MOD_FRAC = 0.25: 0 (16/6.9)
                :       MV_MOD_FRAC = 0.353553: 1 (14.4/6.7)
                :       MV_MOD_FRAC = 0.5: 1 (3.4)
                :       MV_MOD_FRAC = 0.707107: 1 (0.4)
                :       MV_MOD_FRAC = 0.75: 0 (5.9/1.6)
                :       MV_MOD_FRAC = 0.790569: 0 (10/1.4)
                :       MV_MOD_FRAC = 0.901388: 1 (16.8)
                :       MV_MOD_FRAC = 1.06066: 1 (3.7/1.4)
                :       MV_MOD_FRAC = 0.559017:
                :       :...INTER_DIR in {0,2}: 0 (0)
                :           INTER_DIR = 1: 0 (7.3)
                :           INTER_DIR = 3:
                :           :...dQP in {1,2}: 1 (0)
                :               dQP = 3: 1 (9.9/1.4)
                :               dQP = 4: 0 (12.8/3.1)
                COLOC_SPLIT = 0:
                :...BITS <= 18: 0 (53.3)
                :   BITS > 18:
                :   :...RATIO_2Nx2N-MSM <= 0.872208: 1 (8.6/2.6)
                :       RATIO_2Nx2N-MSM > 0.872208:
                :       :...RATIO_BEST_2Nx2N > 0.962831: 0 (17.7)
                :           RATIO_BEST_2Nx2N <= 0.962831:
                :           :...MV_MOD_INT > 1: 0 (2.6)
                :               MV_MOD_INT <= 1:
                :               :...DISTORTION <= 25420: 1 (19.1/5.5)
                :                   DISTORTION > 25420: 0 (5)
                COLOC_SPLIT = 1:
                :...FME = 1: 1 (18.1/3.7)
                    FME = 2:
                    :...SAD <= 4928: 0 (86.1/27.5)
                    :   SAD > 4928:
                    :   :...SSE <= 66202: 1 (45.3/13.3)
                    :       SSE > 66202: 0 (24.1/5)
                    FME = 0:
                    :...NON-Z-COEFF > 7: 0 (14.2)
                        NON-Z-COEFF <= 7:
                        :...PREDMV_MOD_FRAC in {0.353553,0.559017,0.707107,
                            :                   0.790569,0.901388,
                            :                   1.06066}: 1 (0)
                            PREDMV_MOD_FRAC = 0.25: 1 (3)
                            PREDMV_MOD_FRAC = 0.5: 0 (3.2)
                            PREDMV_MOD_FRAC = 0.75: 0 (0.4)
                            PREDMV_MOD_FRAC = 0:
                            :...MVP_IDX = 0: 0 (0.4)
                                MVP_IDX = 1: 0 (4)
                                MVP_IDX = -1:
                                :...SAD > 4535:
                                    :...RATIO_BEST_2Nx2N <= 0.930389: 0 (21.7/1.4)
                                    :   RATIO_BEST_2Nx2N > 0.930389: 1 (3.5/0.8)
                                    SAD <= 4535:
                                    :...RATIO_BEST-MSM <= 0.701169: 0 (5.5)
                                        RATIO_BEST-MSM > 0.701169:
                                        :...RATIO_BEST_2Nx2N > 1.00084: 0 (3.1)
                                            RATIO_BEST_2Nx2N <= 1.00084:
                                            :...BITS > 13: 1 (25.4/1.8)
                                                BITS <= 13:
                                                :...REF_IDX = -1: 0 (4.2)
                                                    REF_IDX = 0: 1 (23.3/4.7)
                                                    REF_IDX = 1: 0 (0.4)

-----  Trial 5:  -----

Decision tree:

BITS > 63:
:...BITS > 163: 1 (32.7)
:   BITS <= 163:
:   :...RATIO_BEST_2Nx2N > 0.936954:
:       :...AVG_NEIGH_DEPTH <= 2.004: 1 (47.4/1.3)
:       :   AVG_NEIGH_DEPTH > 2.004: 0 (6.3/0.9)
:       RATIO_BEST_2Nx2N <= 0.936954:
:       :...TU_DEPTH = 1: 1 (24.7/5.4)
:           TU_DEPTH = 2: 1 (14.2/6.9)
:           TU_DEPTH = 0:
:           :...RATIO_BEST-MSM <= 0.703865: 0 (10.5)
:               RATIO_BEST-MSM > 0.703865:
:               :...SSE <= 26729: 1 (6)
:                   SSE > 26729: 0 (15.8/4.9)
BITS <= 63:
:...COST_MSM <= 30320.7:
    :...RATIO_BEST_2Nx2N <= 0.955809:
    :   :...MV_MOD_INT <= 37.4433: 0 (112.6/0.9)
    :   :   MV_MOD_INT > 37.4433: 1 (6.6/2.2)
    :   RATIO_BEST_2Nx2N > 0.955809:
    :   :...PRED_MODE = 3: 0 (0)
    :       PRED_MODE = 0: 1 (13.8/1.3)
    :       PRED_MODE = 1: 0 (3.3)
    :       PRED_MODE = 2:
    :       :...PU_SIZE in {1,6}: 0 (0)
    :           PU_SIZE = 0: 0 (45/6.9)
    :           PU_SIZE = 2: 0 (5.6)
    :           PU_SIZE = 4: 1 (3.4)
    :           PU_SIZE = 5: 0 (5.2/2.2)
    :           PU_SIZE = 7: 1 (3.1/0.9)
    COST_MSM > 30320.7:
    :...TU_DEPTH = 2: 1 (7.8)
        TU_DEPTH = 1:
        :...RATIO_BEST_2Nx2N <= 0.818344: 1 (9.7)
        :   RATIO_BEST_2Nx2N > 0.818344:
        :   :...COST_MSM <= 125509: 0 (28.9/3.6)
        :       COST_MSM > 125509: 1 (2.8)
        TU_DEPTH = 0:
        :...COLOC_SPLIT = 0:
            :...DISTORTION <= 27572: 1 (7.6/2.1)
            :   DISTORTION > 27572: 0 (27.5)
            COLOC_SPLIT = 1:
            :...PREDMV_MOD_FRAC = 0.353553: 1 (15.1/5.7)
            :   PREDMV_MOD_FRAC = 0.5: 0 (14.5/0.9)
            :   PREDMV_MOD_FRAC = 0.559017: 0 (10.5/4.2)
            :   PREDMV_MOD_FRAC = 0.707107: 0 (4.5/2.2)
            :   PREDMV_MOD_FRAC = 0.75: 1 (12.8/6.1)
            :   PREDMV_MOD_FRAC = 0.790569: 1 (11.1/2.9)
            :   PREDMV_MOD_FRAC = 0.901388: 1 (12.7/3.4)
            :   PREDMV_MOD_FRAC = 1.06066: 0 (13.8/1.6)
            :   PREDMV_MOD_FRAC = 0.25:
            :   :...FME = 0: 1 (2.4)
            :   :   FME = 1: 1 (3.4)
            :   :   FME = 2:
            :   :   :...PREDMV_MOD_INT > 6.7082: 0 (6.5)
            :   :       PREDMV_MOD_INT <= 6.7082:
            :   :       :...dQP = 2: 1 (0)
            :   :           dQP = 1: 1 (6.2/2.1)
            :   :           dQP = 3: 0 (9/1.3)
            :   :           dQP = 4: 1 (20.4/5.8)
            :   PREDMV_MOD_FRAC = 0:
            :   :...FME = 1: 1 (0)
            :       FME = 2: 1 (4.5)
            :       FME = 0:
            :       :...MVP_IDX = 0: 0 (0.3)
            :           MVP_IDX = 1: 0 (3.2)
            :           MVP_IDX = -1:
            :           :...INTER_DIR = 0: 1 (2.6/0.3)
            :               INTER_DIR = 1: 1 (9.7/1.4)
            :               INTER_DIR = 2: 1 (20.9/9.4)
            :               INTER_DIR = 3:
            :               :...CTX_SPLIT in {0,4,5,6}: 0 (0)
            :                   CTX_SPLIT = 1: 0 (19.8/5.3)
            :                   CTX_SPLIT = 2: 1 (3.1)
            :                   CTX_SPLIT = 3: 0 (4)
            COLOC_SPLIT = 2:
            :...SSE <= 43027:
                :...COST_2Nx2N > 86255.8: 1 (3.6)
                :   COST_2Nx2N <= 86255.8:
                :   :...AVG_NEIGH_DEPTH <= 1.81719: 0 (51.6/4)
                :       AVG_NEIGH_DEPTH > 1.81719: 1 (4.8/0.3)
                SSE > 43027:
                :...AVG_NEIGH_DEPTH > 1.80218: 0 (11/0.3)
                    AVG_NEIGH_DEPTH <= 1.80218:
                    :...COST_2Nx2N <= 87192.4: 1 (31.5/1.9)
                        COST_2Nx2N > 87192.4:
                        :...BITS > 28: 1 (25.4/4)
                            BITS <= 28:
                            :...INTER_DIR = 0: 0 (0)
                                INTER_DIR = 1: 1 (2.5)
                                INTER_DIR = 2: 0 (8.7)
                                INTER_DIR = 3:
                                :...RATIO_BEST_2Nx2N <= 0.90966: 1 (9.4/1.5)
                                    RATIO_BEST_2Nx2N > 0.90966: 0 (19.7/1.4)

-----  Trial 6:  -----

Decision tree:

BITS > 46:
:...BITS > 163: 1 (25.8)
:   BITS <= 163:
:   :...MVD_MOD_FRAC = 0.25: 1 (19.4/8.5)
:       MVD_MOD_FRAC = 0.353553: 1 (6.9/2)
:       MVD_MOD_FRAC = 0.5: 0 (13.5/1.7)
:       MVD_MOD_FRAC = 0.559017: 0 (9.3/3.6)
:       MVD_MOD_FRAC = 0.707107: 1 (1.2)
:       MVD_MOD_FRAC = 0.75: 1 (6/2.4)
:       MVD_MOD_FRAC = 0.790569: 1 (13.3/4.2)
:       MVD_MOD_FRAC = 0.901388: 1 (3.6)
:       MVD_MOD_FRAC = 1.06066: 1 (2.8/1)
:       MVD_MOD_FRAC = 0:
:       :...PRED_MODE = 0: 1 (0)
:           PRED_MODE = 1: 0 (6.1)
:           PRED_MODE = 3: 0 (11.7/4.5)
:           PRED_MODE = 2:
:           :...BITS > 156: 0 (5.8)
:               BITS <= 156:
:               :...BITS > 72:
:                   :...NON-Z-COEFF <= 20: 1 (34.6)
:                   :   NON-Z-COEFF > 20: 0 (2.8/1)
:                   BITS <= 72:
:                   :...MVP_IDX = 0: 0 (2.4)
:                       MVP_IDX = 1: 1 (0.7)
:                       MVP_IDX = -1:
:                       :...COLOC_SPLIT = 0: 0 (11.5/4.9)
:                           COLOC_SPLIT = 1: 1 (19.3/0.9)
:                           COLOC_SPLIT = 2: 0 (16.7/7.3)
BITS <= 46:
:...COST_MSM <= 50795.6: 0 (288.1/61.2)
    COST_MSM > 50795.6:
    :...COST_MSM > 151354: 0 (29.8/4.3)
        COST_MSM <= 151354:
        :...COST_2Nx2N > 128732:
            :...COST_MSM <= 109911: 0 (2.4)
            :   COST_MSM > 109911:
            :   :...AVG_NEIGH_DEPTH <= 1.52088: 1 (20.4)
            :       AVG_NEIGH_DEPTH > 1.52088: 0 (2.8/1)
            COST_2Nx2N <= 128732:
            :...NON-Z-COEFF > 6: 1 (22.1/6.5)
                NON-Z-COEFF <= 6:
                :...MV_MOD_FRAC = 0.5: 0 (4.6/2.1)
                    MV_MOD_FRAC = 0.559017: 1 (21.7/6.9)
                    MV_MOD_FRAC = 0.707107: 0 (6.6/2.9)
                    MV_MOD_FRAC = 0.75: 0 (17.6/7.8)
                    MV_MOD_FRAC = 0.790569: 0 (13.5/4)
                    MV_MOD_FRAC = 0.901388: 1 (12.6/2)
                    MV_MOD_FRAC = 1.06066: 0 (16/7)
                    MV_MOD_FRAC = 0.353553:
                    :...NON-Z-COEFF <= 2: 0 (21.4/6.2)
                    :   NON-Z-COEFF > 2: 1 (9.4)
                    MV_MOD_FRAC = 0:
                    :...RATIO_BEST-MSM <= 0.679439: 0 (20.1)
                    :   RATIO_BEST-MSM > 0.679439:
                    :   :...COLOC_SPLIT = 0: 0 (12.6/4.8)
                    :       COLOC_SPLIT = 2: 1 (9.5/1.8)
                    :       COLOC_SPLIT = 1:
                    :       :...RATIO_BEST-MSM <= 0.949186: 1 (21/7.8)
                    :           RATIO_BEST-MSM > 0.949186: 0 (7.4)
                    MV_MOD_FRAC = 0.25:
                    :...MV_MOD_INT > 8.24621: 0 (3.8)
                        MV_MOD_INT <= 8.24621:
                        :...SSE <= 46967: 0 (16/0.9)
                            SSE > 46967:
                            :...SSE <= 66202: 1 (17.9/6.2)
                                SSE > 66202: 0 (9.6)

-----  Trial 7:  -----

Decision tree:

TU_DEPTH = 2:
:...NON-Z-COEFF <= 3: 1 (12.5)
:   NON-Z-COEFF > 3: 0 (18.7/7.9)
TU_DEPTH = 1:
:...BITS > 112: 1 (24.9)
:   BITS <= 112:
:   :...BITS <= 106: 1 (95.8/30.1)
:       BITS > 106: 0 (5.7)
TU_DEPTH = 0:
:...BITS > 91: 1 (34.3/7.1)
    BITS <= 91:
    :...COLOC_SPLIT = 0: 0 (106.8/14.5)
        COLOC_SPLIT = 2:
        :...BEST_COST > 144128: 1 (9.3)
        :   BEST_COST <= 144128:
        :   :...MV_MOD_FRAC = 0.25: 0 (17.5/7.5)
        :       MV_MOD_FRAC = 0.353553: 1 (17.7/6.6)
        :       MV_MOD_FRAC = 0.5: 1 (8.9/3.3)
        :       MV_MOD_FRAC = 0.559017: 0 (30.5/9.3)
        :       MV_MOD_FRAC = 0.707107: 0 (2.9/1.2)
        :       MV_MOD_FRAC = 0.75: 0 (10.3/3.2)
        :       MV_MOD_FRAC = 0.790569: 0 (18.4/2.5)
        :       MV_MOD_FRAC = 0.901388: 1 (18.3/5.8)
        :       MV_MOD_FRAC = 1.06066: 1 (7.7/2.6)
        :       MV_MOD_FRAC = 0:
        :       :...AVG_NEIGH_DEPTH <= 1.24561: 0 (19.1/1.7)
        :           AVG_NEIGH_DEPTH > 1.24561:
        :           :...BITS <= 33: 0 (15.1/5.1)
        :               BITS > 33: 1 (8.5)
        COLOC_SPLIT = 1:
        :...MVP_IDX = 0:
            :...COST_MSM <= 68190.6: 0 (19.6)
            :   COST_MSM > 68190.6:
            :   :...REF_IDX = -1: 0 (0)
            :       REF_IDX = 1: 1 (3.2)
            :       REF_IDX = 0:
            :       :...COST_2Nx2N <= 49072.6: 1 (3.6)
            :           COST_2Nx2N > 49072.6: 0 (20.3/3.9)
            MVP_IDX = 1:
            :...MVD_MOD_INT > 1.41421: 1 (4.5)
            :   MVD_MOD_INT <= 1.41421:
            :   :...AVG_NEIGH_DEPTH > 1.99132: 1 (4.5)
            :       AVG_NEIGH_DEPTH <= 1.99132:
            :       :...REF_IDX = -1: 0 (0)
            :           REF_IDX = 1: 0 (10.7)
            :           REF_IDX = 0:
            :           :...RATIO_2Nx2N-MSM <= 1.00132: 0 (20.8/5.2)
            :               RATIO_2Nx2N-MSM > 1.00132: 1 (4.1)
            MVP_IDX = -1:
            :...NON-Z-COEFF > 2:
                :...RATIO_BEST-MSM <= 0.791943: 1 (11.9/1.6)
                :   RATIO_BEST-MSM > 0.791943:
                :   :...DISTORTION > 85463: 1 (4.3)
                :       DISTORTION <= 85463:
                :       :...BITS <= 57: 0 (43.8/1.4)
                :           BITS > 57: 1 (6/2.3)
                NON-Z-COEFF <= 2:
                :...INTER_DIR = 0: 1 (2.8)
                    INTER_DIR = 2: 0 (20.4/5.3)
                    INTER_DIR = 1:
                    :...DISTORTION <= 26239: 0 (9.5)
                    :   DISTORTION > 26239: 1 (18.9/1.8)
                    INTER_DIR = 3:
                    :...SSE > 77947: 0 (6.7)
                        SSE <= 77947:
                        :...RATIO_BEST_2Nx2N > 0.986019: 1 (24.9/0.7)
                            RATIO_BEST_2Nx2N <= 0.986019:
                            :...RATIO_BEST_2Nx2N > 0.901759: 0 (45/15.3)
                                RATIO_BEST_2Nx2N <= 0.901759:
                                :...BEST_COST <= 35150.5: 0 (8.9)
                                    BEST_COST > 35150.5: 1 (42.4/7.4)

-----  Trial 8:  -----

Decision tree:

BITS > 163: 1 (31.5)
BITS <= 163:
:...COST_2Nx2N <= 77153:
    :...RATIO_2Nx2N-MSM > 1.26069:
    :   :...PU_SIZE in {5,7}: 0 (0)
    :   :   PU_SIZE = 0: 0 (34.6)
    :   :   PU_SIZE = 1: 1 (2.7/1.2)
    :   :   PU_SIZE = 2: 0 (0.2)
    :   :   PU_SIZE = 4: 1 (1.6)
    :   :   PU_SIZE = 6: 0 (0.2)
    :   RATIO_2Nx2N-MSM <= 1.26069:
    :   :...MVD_MOD_FRAC = 0.353553: 0 (6.1/2)
    :       MVD_MOD_FRAC = 0.5: 0 (8.1)
    :       MVD_MOD_FRAC = 0.559017: 0 (10.5/2.9)
    :       MVD_MOD_FRAC = 0.707107: 1 (0.8)
    :       MVD_MOD_FRAC = 0.75: 0 (7.5/3.5)
    :       MVD_MOD_FRAC = 0.790569: 0 (5.5/0.5)
    :       MVD_MOD_FRAC = 0.901388: 0 (3.1/0.7)
    :       MVD_MOD_FRAC = 1.06066: 0 (2.4)
    :       MVD_MOD_FRAC = 0.25:
    :       :...SSE <= 22220: 1 (5.9)
    :       :   SSE > 22220:
    :       :   :...RATIO_2Nx2N-MSM <= 1.00352: 0 (27.8/1)
    :       :       RATIO_2Nx2N-MSM > 1.00352: 1 (3.7)
    :       MVD_MOD_FRAC = 0:
    :       :...REF_IDX = -1:
    :           :...BITS <= 13: 0 (14.8)
    :           :   BITS > 13:
    :           :   :...COST_2Nx2N > 63946.4: 0 (15.9/1.4)
    :           :       COST_2Nx2N <= 63946.4:
    :           :       :...COST_2Nx2N <= 27868.4: 0 (6.6)
    :           :           COST_2Nx2N > 27868.4:
    :           :           :...NON-Z-COEFF > 15: 0 (2.9)
    :           :               NON-Z-COEFF <= 15:
    :           :               :...RATIO_2Nx2N-MSM <= 1.19299: 1 (24/2)
    :           :                   RATIO_2Nx2N-MSM > 1.19299: 0 (2.6)
    :           REF_IDX = 1:
    :           :...MVP_IDX = 0: 0 (0.8)
    :           :   MVP_IDX = 1: 0 (6.1)
    :           :   MVP_IDX = -1:
    :           :   :...BITS <= 13: 0 (13.3)
    :           :       BITS > 13:
    :           :       :...SSE > 40177: 1 (7.7/0.2)
    :           :           SSE <= 40177:
    :           :           :...NON-Z-COEFF > 11: 1 (6.3/1)
    :           :               NON-Z-COEFF <= 11:
    :           :               :...BITS <= 16: 1 (3.2)
    :           :                   BITS > 16: 0 (18.9/1.1)
    :           REF_IDX = 0:
    :           :...RATIO_BEST-MSM <= 0.914932:
    :               :...MVP_IDX = -1: 1 (48/7.2)
    :               :   MVP_IDX = 0: 0 (3.2)
    :               :   MVP_IDX = 1: 0 (3.4/1.7)
    :               RATIO_BEST-MSM > 0.914932:
    :               :...RATIO_BEST-MSM > 1.0001:
    :                   :...BEST_COST > 26897.2: 1 (68.3/21.3)
    :                   :   BEST_COST <= 26897.2:
    :                   :   :...RATIO_2Nx2N-MSM <= 1.0423: 1 (26.6/9.8)
    :                   :       RATIO_2Nx2N-MSM > 1.0423: 0 (12.7/1)
    :                   RATIO_BEST-MSM <= 1.0001:
    :                   :...CTX_SPLIT = 6: 0 (0)
    :                       CTX_SPLIT = 0: 0 (24.3/2.2)
    :                       CTX_SPLIT = 3: 0 (13.4/2.8)
    :                       CTX_SPLIT = 4: 1 (5.4/2)
    :                       CTX_SPLIT = 5: 1 (5.3)
    :                       CTX_SPLIT = 2:
    :                       :...AVG_NEIGH_DEPTH <= 1.61906: 0 (22.3)
    :                       :   AVG_NEIGH_DEPTH > 1.61906: 1 (9/1.3)
    :                       CTX_SPLIT = 1:
    :                       :...TU_DEPTH = 1: 1 (4)
    :                           TU_DEPTH = 2: 1 (2.2)
    :                           TU_DEPTH = 0:
    :                           :...BITS > 57: 1 (3.2)
    :                               BITS <= 57:
    :                               :...COST_2Nx2N <= 45070: 0 (19)
    :                                   COST_2Nx2N > 45070: 1 (12.4/4.9)
    COST_2Nx2N > 77153:
    :...AVG_NEIGH_DEPTH > 1.54224:
        :...RATIO_BEST_2Nx2N <= 0.621747: 0 (7.1)
        :   RATIO_BEST_2Nx2N > 0.621747:
        :   :...SAD > 8445: 1 (5.7)
        :       SAD <= 8445:
        :       :...SSE <= 57957:
        :           :...BEST_COST <= 107037: 1 (26.3/4.9)
        :           :   BEST_COST > 107037: 0 (3)
        :           SSE > 57957:
        :           :...DISTORTION <= 52632: 1 (2.8)
        :               DISTORTION > 52632:
        :               :...dQP = 2: 0 (0)
        :                   dQP = 1: 1 (1.8)
        :                   dQP = 3: 0 (13.2/0.8)
        :                   dQP = 4:
        :                   :...COST_2Nx2N <= 133901: 0 (19.4)
        :                       COST_2Nx2N > 133901: 1 (4/1)
        AVG_NEIGH_DEPTH <= 1.54224:
        :...MVD_MOD_INT > 1: 1 (19.5)
            MVD_MOD_INT <= 1:
            :...AVG_NEIGH_DEPTH > 1.439: 1 (21.9/0.2)
                AVG_NEIGH_DEPTH <= 1.439:
                :...MVD_MOD_FRAC = 1.06066: 1 (0)
                    MVD_MOD_FRAC = 0.25: 0 (2.6/0.9)
                    MVD_MOD_FRAC = 0.353553: 0 (1.8)
                    MVD_MOD_FRAC = 0.5: 0 (4)
                    MVD_MOD_FRAC = 0.559017: 0 (1.6)
                    MVD_MOD_FRAC = 0.707107: 1 (2.4)
                    MVD_MOD_FRAC = 0.75: 1 (3.6/1.6)
                    MVD_MOD_FRAC = 0.790569: 0 (4)
                    MVD_MOD_FRAC = 0.901388: 0 (1.7)
                    MVD_MOD_FRAC = 0:
                    :...DISTORTION > 113985: 1 (15.9)
                        DISTORTION <= 113985:
                        :...COST_MSM > 215338: 0 (5.4)
                            COST_MSM <= 215338:
                            :...COST_2Nx2N > 137823: 1 (16.7)
                                COST_2Nx2N <= 137823:
                                :...DISTORTION <= 69982:
                                    :...RATIO_BEST_2Nx2N <= 0.652645: 0 (4)
                                    :   RATIO_BEST_2Nx2N > 0.652645: 1 (38.5/4.3)
                                    DISTORTION > 69982:
                                    :...RATIO_BEST_2Nx2N <= 0.962831: 0 (28/4.2)
                                        RATIO_BEST_2Nx2N > 0.962831: 1 (7.2)

-----  Trial 9:  -----

Decision tree:

BITS > 63:
:...BITS > 163: 1 (24.6)
:   BITS <= 163:
:   :...RATIO_BEST_2Nx2N > 0.936954:
:       :...AVG_NEIGH_DEPTH <= 2.004: 1 (45.7/1.4)
:       :   AVG_NEIGH_DEPTH > 2.004: 0 (7.9/2.7)
:       RATIO_BEST_2Nx2N <= 0.936954:
:       :...RATIO_BEST-MSM > 1.00102: 1 (8.9)
:           RATIO_BEST-MSM <= 1.00102:
:           :...DISTORTION > 122617: 1 (7)
:               DISTORTION <= 122617:
:               :...MV_MOD_INT > 18.868: 1 (8.8/1.3)
:                   MV_MOD_INT <= 18.868:
:                   :...RATIO_BEST-MSM <= 0.54576: 1 (7.1/0.5)
:                       RATIO_BEST-MSM > 0.54576:
:                       :...SAD <= 37047: 0 (41.1/6.7)
:                           SAD > 37047: 1 (2.1)
BITS <= 63:
:...NON-Z-COEFF > 19: 0 (34.2/1.8)
    NON-Z-COEFF <= 19:
    :...COST_2Nx2N > 81744.1:
        :...FME = 1: 1 (9.2)
        :   FME = 0:
        :   :...TU_DEPTH = 1: 1 (7.1)
        :   :   TU_DEPTH = 2: 1 (1.8)
        :   :   TU_DEPTH = 0:
        :   :   :...SSE <= 91290: 1 (27.6/7.5)
        :   :       SSE > 91290: 0 (6.7)
        :   FME = 2:
        :   :...BEST_COST > 97378.2:
        :       :...COST_2Nx2N <= 144597: 0 (22.5)
        :       :   COST_2Nx2N > 144597: 1 (13.4/4.8)
        :       BEST_COST <= 97378.2:
        :       :...dQP in {1,2}: 1 (0)
        :           dQP = 3: 1 (8.1)
        :           dQP = 4:
        :           :...TU_DEPTH = 2: 1 (0)
        :               TU_DEPTH = 1: 1 (6.8)
        :               TU_DEPTH = 0:
        :               :...MVD_MOD_INT > 0: 1 (11.5/0.8)
        :                   MVD_MOD_INT <= 0:
        :                   :...REF_IDX = -1: 0 (0)
        :                       REF_IDX = 1: 0 (5.1)
        :                       REF_IDX = 0:
        :                       :...COST_2Nx2N <= 96332.8: 0 (18.9/4.5)
        :                           COST_2Nx2N > 96332.8: 1 (18.6/2.7)
        COST_2Nx2N <= 81744.1:
        :...TU_DEPTH = 2: 1 (2.7)
            TU_DEPTH = 1:
            :...NON-Z-COEFF <= 4: 0 (29.8/4.1)
            :   NON-Z-COEFF > 4: 1 (20.2/3.2)
            TU_DEPTH = 0:
            :...COLOC_SPLIT = 0: 0 (103.3/12.2)
                COLOC_SPLIT = 2:
                :...RATIO_BEST-MSM <= 0.679439: 0 (17.6)
                :   RATIO_BEST-MSM > 0.679439:
                :   :...BITS <= 3: 0 (14/0.4)
                :       BITS > 3:
                :       :...MVD_MOD_FRAC in {0.353553,0.5,0.559017,0.707107,
                :           :                0.790569,0.901388,
                :           :                1.06066}: 1 (0)
                :           MVD_MOD_FRAC = 0.25: 0 (5.4)
                :           MVD_MOD_FRAC = 0.75: 1 (2.7/1.1)
                :           MVD_MOD_FRAC = 0:
                :           :...SSE <= 24175: 0 (3.6)
                :               SSE > 24175:
                :               :...RATIO_BEST-MSM <= 0.909151: 1 (15.2)
                :                   RATIO_BEST-MSM > 0.909151:
                :                   :...AVG_NEIGH_DEPTH <= 1.86604: 1 (20.9/5)
                :                       AVG_NEIGH_DEPTH > 1.86604: 0 (3.7)
                COLOC_SPLIT = 1:
                :...BITS > 41: 0 (15.3)
                    BITS <= 41:
                    :...NON-Z-COEFF > 3:
                        :...NON-Z-COEFF > 17: 1 (3.8/0.6)
                        :   NON-Z-COEFF <= 17:
                        :   :...RATIO_BEST-MSM <= 0.767499: 1 (5.9/1.4)
                        :       RATIO_BEST-MSM > 0.767499: 0 (40.5/3.9)
                        NON-Z-COEFF <= 3:
                        :...CTX_SPLIT in {0,6}: 0 (0)
                            CTX_SPLIT = 3: 0 (23.9/9.9)
                            CTX_SPLIT = 4: 0 (21.4/6.7)
                            CTX_SPLIT = 5: 1 (7.4/0.3)
                            CTX_SPLIT = 2:
                            :...MV_MOD_INT <= 2: 1 (26.5/3.8)
                            :   MV_MOD_INT > 2: 0 (14.9)
                            CTX_SPLIT = 1:
                            :...COST_2Nx2N <= 45070: 0 (24.3/4.5)
                                COST_2Nx2N > 45070:
                                :...MV_MOD_INT > 2.82843: 1 (10.5/0.1)
                                    MV_MOD_INT <= 2.82843:
                                    :...BITS <= 10: 0 (15.3)
                                        BITS > 10:
                                        :...RATIO_BEST-MSM <= 0.812067: 0 (7.8)
                                            RATIO_BEST-MSM > 0.812067: 1 (18.9/5.7)


Evaluation on training data (820 cases):

Trial	       Decision Tree       
-----	  -----------------------  
	  Size      Errors   Cost  

   0	    43   76( 9.3%)   0.09
   1	    41  136(16.6%)   0.17
   2	    46  125(15.2%)   0.15
   3	    56  108(13.2%)   0.13
   4	    56  118(14.4%)   0.14
   5	    56  106(12.9%)   0.13
   6	    44  120(14.6%)   0.15
   7	    42  110(13.4%)   0.13
   8	    73  103(12.6%)   0.13
   9	    49   81( 9.9%)   0.10
boost	          8( 1.0%)   0.01   <<


	   (a)   (b)    <-classified as
	  ----  ----
	   503     1    (a): class 0
	     7   309    (b): class 1


	Attribute usage:

	    100%  BITS
	    100%  SSE
	    100%  TU_DEPTH
	     89%  NON-Z-COEFF
	     89%  SAD
	     89%  COST_2Nx2N
	     89%  COST_MSM
	     89%  RATIO_2Nx2N-MSM
	     82%  COLOC_SPLIT
	     78%  MVD_MOD_FRAC
	     76%  DISTORTION
	     73%  RATIO_BEST_2Nx2N
	     63%  RATIO_BEST-MSM
	     58%  CTX_SPLIT
	     53%  REF_IDX
	     52%  MV_MOD_INT
	     45%  INTER_DIR
	     43%  MVP_IDX
	     42%  PU_SIZE
	     41%  MV_MOD_FRAC
	     41%  FME
	     38%  PRED_MODE
	     36%  dQP
	     35%  BEST_COST
	     35%  AVG_NEIGH_DEPTH
	     22%  PREDMV_MOD_FRAC
	     20%  MVD_MOD_INT
	      4%  PREDMV_MOD_INT


Time: 0.1 secs
