
C5.0 [Release 2.07 GPL Edition]  	Thu Feb 16 11:19:52 2017
-------------------------------

    Options:
	Boosted classifiers
	Application `./ONLINE/BOOST/BasketballDrill_d0_qp32'

Read 455 cases (28 attributes) from ./ONLINE/BOOST/BasketballDrill_d0_qp32.data

-----  Trial 0:  -----

Decision tree:

BITS <= 23:
:...COST_2Nx2N <= 205329: 0 (224/11)
:   COST_2Nx2N > 205329:
:   :...FME = 1: 0 (1)
:       FME = 2: 1 (9/1)
:       FME = 0:
:       :...RATIO_BEST_2Nx2N <= 0.925: 1 (4)
:           RATIO_BEST_2Nx2N > 0.925: 0 (4)
BITS > 23:
:...BEST_COST > 89659.6: 1 (177/8)
    BEST_COST <= 89659.6:
    :...PU_SIZE in {5,6}: 0 (0)
        PU_SIZE in {0,4}: 0 (25/5)
        PU_SIZE in {2,7}: 1 (6/1)
        PU_SIZE = 1:
        :...SAD <= 13182: 1 (3)
            SAD > 13182: 0 (2)

-----  Trial 1:  -----

Decision tree:

AVG_NEIGH_DEPTH <= 0.84413:
:...MVD_MOD_INT > 0: 1 (11/2.3)
:   MVD_MOD_INT <= 0:
:   :...PU_SIZE in {5,6}: 0 (0)
:       PU_SIZE = 0: 0 (186.7/17.7)
:       PU_SIZE = 1: 0 (7.2/1.5)
:       PU_SIZE = 2: 1 (3.8/1.5)
:       PU_SIZE = 4: 1 (5.6/0.8)
:       PU_SIZE = 7: 1 (0.8)
AVG_NEIGH_DEPTH > 0.84413:
:...DISTORTION <= 70418: 0 (20.2/3.8)
    DISTORTION > 70418:
    :...BITS > 122: 1 (65.8)
        BITS <= 122:
        :...RATIO_BEST_2Nx2N <= 0.899329: 1 (45.2/1.5)
            RATIO_BEST_2Nx2N > 0.899329:
            :...MVD_MOD_INT > 0: 0 (30.2/13.3)
                MVD_MOD_INT <= 0:
                :...RATIO_BEST-MSM <= 1.00663: 1 (73.9/13.8)
                    RATIO_BEST-MSM > 1.00663: 0 (4.6)

-----  Trial 2:  -----

Decision tree:

BITS > 43: 1 (164/22.3)
BITS <= 43:
:...AVG_NEIGH_DEPTH <= 0.375: 0 (85.4)
    AVG_NEIGH_DEPTH > 0.375:
    :...DISTORTION <= 66855: 0 (20.7)
        DISTORTION > 66855:
        :...TU_DEPTH = 2: 0 (0)
            TU_DEPTH = 1: 1 (15/1.8)
            TU_DEPTH = 0:
            :...SAD <= 11244: 1 (19.3/2.4)
                SAD > 11244:
                :...BEST_COST <= 84647.2: 0 (25.9)
                    BEST_COST > 84647.2:
                    :...RATIO_BEST_2Nx2N > 1.00325: 0 (15.1)
                        RATIO_BEST_2Nx2N <= 1.00325:
                        :...COST_MSM > 273719: 1 (10.8)
                            COST_MSM <= 273719:
                            :...RATIO_2Nx2N-MSM <= 0.902182: 0 (14.3)
                                RATIO_2Nx2N-MSM > 0.902182:
                                :...AVG_NEIGH_DEPTH <= 0.75744: 0 (22.5/2.4)
                                    AVG_NEIGH_DEPTH > 0.75744:
                                    :...MVP_IDX = -1: 1 (55.4/19.3)
                                        MVP_IDX = 0: 1 (4.4)
                                        MVP_IDX = 1: 0 (2.4)

-----  Trial 3:  -----

Decision tree:

BITS > 136: 1 (45)
BITS <= 136:
:...COST_2Nx2N > 227612:
    :...RATIO_BEST_2Nx2N <= 0.964512: 1 (34.8/0.5)
    :   RATIO_BEST_2Nx2N > 0.964512: 0 (25.3/9.4)
    COST_2Nx2N <= 227612:
    :...PREDMV_MOD_INT > 1: 1 (32.5/12.2)
        PREDMV_MOD_INT <= 1:
        :...AVG_NEIGH_DEPTH <= 0.25641: 0 (60.7)
            AVG_NEIGH_DEPTH > 0.25641:
            :...AVG_NEIGH_DEPTH > 1.50884: 1 (14.4/2.3)
                AVG_NEIGH_DEPTH <= 1.50884:
                :...PU_SIZE = 1: 1 (14.6/5.3)
                    PU_SIZE = 2: 0 (15.8/2.8)
                    PU_SIZE = 4: 0 (17.6/3)
                    PU_SIZE = 5: 0 (7.8/3)
                    PU_SIZE = 6: 0 (2.3/0.5)
                    PU_SIZE = 7: 1 (4.9)
                    PU_SIZE = 0:
                    :...AVG_NEIGH_DEPTH > 1.0601: 0 (25.6)
                        AVG_NEIGH_DEPTH <= 1.0601:
                        :...AVG_NEIGH_DEPTH > 1.02703: 1 (6.4)
                            AVG_NEIGH_DEPTH <= 1.02703:
                            :...COLOC_SPLIT = 0: 0 (36.2)
                                COLOC_SPLIT = 2: 0 (19.9/6)
                                COLOC_SPLIT = 1:
                                :...RATIO_BEST_2Nx2N <= 0.889705: 1 (10.4/2.3)
                                    RATIO_BEST_2Nx2N > 0.889705: 0 (80.6/13.7)

-----  Trial 4:  -----

Decision tree:

COST_2Nx2N > 227110:
:...SAD <= 18327: 0 (8/1.8)
:   SAD > 18327: 1 (89.6/8.7)
COST_2Nx2N <= 227110:
:...TU_DEPTH = 2: 1 (14.4/2.4)
    TU_DEPTH = 1:
    :...COST_MSM > 143838: 1 (19.6)
    :   COST_MSM <= 143838:
    :   :...AVG_NEIGH_DEPTH > 1.48421: 1 (7.5)
    :       AVG_NEIGH_DEPTH <= 1.48421:
    :       :...RATIO_BEST_2Nx2N > 0.987083: 0 (47.8/6.2)
    :           RATIO_BEST_2Nx2N <= 0.987083:
    :           :...RATIO_BEST-MSM <= 0.991823: 1 (13.8)
    :               RATIO_BEST-MSM > 0.991823: 0 (42.6/15.9)
    TU_DEPTH = 0:
    :...REF_IDX = -1: 0 (14.3/0.4)
        REF_IDX = 1: 0 (21.1)
        REF_IDX = 0:
        :...AVG_NEIGH_DEPTH <= 0.359375: 0 (34.7)
            AVG_NEIGH_DEPTH > 0.359375:
            :...MVD_MOD_INT > 0: 0 (11)
                MVD_MOD_INT <= 0:
                :...SAD > 14466: 0 (31.8/1.1)
                    SAD <= 14466:
                    :...RATIO_BEST-MSM <= 0.91062: 1 (9.5)
                        RATIO_BEST-MSM > 0.91062:
                        :...COST_MSM <= 70420.4: 0 (18.1)
                            COST_MSM > 70420.4:
                            :...RATIO_BEST-MSM <= 0.958826: 0 (8.3)
                                RATIO_BEST-MSM > 0.958826:
                                :...BITS <= 4: 0 (43.5/15.7)
                                    BITS > 4: 1 (19.4/3)

-----  Trial 5:  -----

Decision tree:

BITS > 23:
:...RATIO_BEST_2Nx2N <= 0.934856: 1 (51.5)
:   RATIO_BEST_2Nx2N > 0.934856:
:   :...BITS > 136: 1 (16.5)
:       BITS <= 136:
:       :...PREDMV_MOD_INT > 2.23607: 0 (23.1/4.1)
:           PREDMV_MOD_INT <= 2.23607:
:           :...PREDMV_MOD_INT > 1: 1 (21.2)
:               PREDMV_MOD_INT <= 1:
:               :...RATIO_BEST_2Nx2N > 0.994453: 0 (25.5/3)
:                   RATIO_BEST_2Nx2N <= 0.994453:
:                   :...BEST_COST <= 89154.3: 0 (42.1/16.2)
:                       BEST_COST > 89154.3: 1 (58.2/5.6)
BITS <= 23:
:...AVG_NEIGH_DEPTH <= 0.706667: 0 (89.8/6.8)
    AVG_NEIGH_DEPTH > 0.706667:
    :...NON-Z-COEFF > 5: 1 (7.8/0.3)
        NON-Z-COEFF <= 5:
        :...RATIO_2Nx2N-MSM <= 0.902182: 0 (13)
            RATIO_2Nx2N-MSM > 0.902182:
            :...SSE > 173170: 1 (9)
                SSE <= 173170:
                :...MV_MOD_INT > 1.41421: 0 (7.1)
                    MV_MOD_INT <= 1.41421:
                    :...RATIO_BEST-MSM <= 0.912551: 1 (7.5)
                        RATIO_BEST-MSM > 0.912551:
                        :...AVG_NEIGH_DEPTH <= 0.769231: 1 (18.4/3.3)
                            AVG_NEIGH_DEPTH > 0.769231:
                            :...BEST_COST <= 224324: 0 (60.3/12.6)
                                BEST_COST > 224324: 1 (3.9)

-----  Trial 6:  -----

Decision tree:

BITS > 28:
:...RATIO_BEST_2Nx2N <= 0.934856: 1 (37.6)
:   RATIO_BEST_2Nx2N > 0.934856:
:   :...FME = 0: 1 (44.9/4.6)
:       FME = 1: 1 (15/2.9)
:       FME = 2:
:       :...MVD_MOD_INT > 1.41421: 1 (13.1)
:           MVD_MOD_INT <= 1.41421:
:           :...MVD_MOD_INT > 1: 0 (6.4/0.5)
:               MVD_MOD_INT <= 1:
:               :...PREDMV_MOD_INT > 5: 0 (6.3/0.2)
:                   PREDMV_MOD_INT <= 5:
:                   :...PREDMV_MOD_INT > 1: 1 (16.3)
:                       PREDMV_MOD_INT <= 1:
:                       :...BEST_COST > 127097: 1 (13.9)
:                           BEST_COST <= 127097:
:                           :...RATIO_BEST_2Nx2N <= 0.985743: 1 (38.5/8.2)
:                               RATIO_BEST_2Nx2N > 0.985743: 0 (23.4)
BITS <= 28:
:...AVG_NEIGH_DEPTH <= 0.375: 0 (35.4)
    AVG_NEIGH_DEPTH > 0.375:
    :...COST_MSM <= 70420.4: 0 (23.8)
        COST_MSM > 70420.4:
        :...AVG_NEIGH_DEPTH <= 0.40625: 1 (10)
            AVG_NEIGH_DEPTH > 0.40625:
            :...NON-Z-COEFF > 3: 1 (22.1/5.3)
                NON-Z-COEFF <= 3:
                :...AVG_NEIGH_DEPTH <= 0.706667: 0 (24.1)
                    AVG_NEIGH_DEPTH > 0.706667:
                    :...RATIO_2Nx2N-MSM <= 0.883415: 0 (16.1)
                        RATIO_2Nx2N-MSM > 0.883415:
                        :...SSE > 169560: 1 (7.3)
                            SSE <= 169560:
                            :...COLOC_SPLIT = 0: 0 (4.1)
                                COLOC_SPLIT = 1: 1 (33.5/12.4)
                                COLOC_SPLIT = 2:
                                :...RATIO_2Nx2N-MSM <= 1.03599: 1 (45/18.7)
                                    RATIO_2Nx2N-MSM > 1.03599: 0 (18.2)

-----  Trial 7:  -----

Decision tree:

BITS > 38:
:...AVG_NEIGH_DEPTH > 0.846154: 1 (119.6/17.6)
:   AVG_NEIGH_DEPTH <= 0.846154:
:   :...BITS <= 86: 0 (22.5)
:       BITS > 86: 1 (30.4/9.5)
BITS <= 38:
:...MVD_MOD_FRAC in {0.707107,0.75,0.901388,1.06066}: 0 (0)
    MVD_MOD_FRAC = 0.25: 1 (16.8/6.5)
    MVD_MOD_FRAC = 0.353553: 1 (4.7/0.7)
    MVD_MOD_FRAC = 0.5: 1 (0.2)
    MVD_MOD_FRAC = 0.559017: 0 (8.7/0.4)
    MVD_MOD_FRAC = 0.790569: 0 (3.6)
    MVD_MOD_FRAC = 0:
    :...AVG_NEIGH_DEPTH <= 0.375: 0 (29.2)
        AVG_NEIGH_DEPTH > 0.375:
        :...COST_2Nx2N <= 84635.5: 0 (50.2/3.3)
            COST_2Nx2N > 84635.5:
            :...SAD <= 11395: 1 (11.9)
                SAD > 11395:
                :...RATIO_BEST-MSM > 1.00663: 0 (24.4)
                    RATIO_BEST-MSM <= 1.00663:
                    :...COST_2Nx2N <= 86016: 1 (9.7/0.2)
                        COST_2Nx2N > 86016:
                        :...RATIO_BEST-MSM > 1.00542: 1 (9.3/0.2)
                            RATIO_BEST-MSM <= 1.00542:
                            :...MVP_IDX = 0: 0 (15.7)
                                MVP_IDX = 1: 0 (9.5/0.2)
                                MVP_IDX = -1:
                                :...BITS <= 23: 0 (81.8/20.5)
                                    BITS > 23: 1 (6.8)

-----  Trial 8:  -----

Decision tree:

DISTORTION > 293501: 1 (28.7)
DISTORTION <= 293501:
:...RATIO_BEST_2Nx2N <= 0.826615: 1 (28.9/3.4)
    RATIO_BEST_2Nx2N > 0.826615:
    :...PU_SIZE = 1: 0 (35.8/16.4)
        PU_SIZE = 2: 1 (42.1/13.6)
        PU_SIZE = 4: 0 (15.5/4.6)
        PU_SIZE = 5: 1 (10.2/3.6)
        PU_SIZE = 6: 1 (9.7/2.4)
        PU_SIZE = 7: 1 (8.2)
        PU_SIZE = 0:
        :...AVG_NEIGH_DEPTH > 1.4124: 1 (21.3/5.2)
            AVG_NEIGH_DEPTH <= 1.4124:
            :...CTX_SPLIT = 0: 0 (22.3/0.9)
                CTX_SPLIT = 4: 1 (36.7/14.3)
                CTX_SPLIT = 5: 0 (17.3/2.3)
                CTX_SPLIT = 6: 1 (0.3)
                CTX_SPLIT = 1:
                :...BITS <= 77: 0 (51.1/9.3)
                :   BITS > 77: 1 (3.7)
                CTX_SPLIT = 2:
                :...SAD > 18412: 1 (6.5)
                :   SAD <= 18412:
                :   :...RATIO_BEST-MSM <= 0.968578: 1 (6.9/2.6)
                :       RATIO_BEST-MSM > 0.968578: 0 (53/0.1)
                CTX_SPLIT = 3:
                :...MV_MOD_INT > 1: 1 (3.3)
                    MV_MOD_INT <= 1:
                    :...BEST_COST <= 102072: 0 (39.9)
                        BEST_COST > 102072: 1 (13.6/5.6)

-----  Trial 9:  -----

Decision tree:

BITS > 136: 1 (39.8)
BITS <= 136:
:...SAD > 19034:
    :...AVG_NEIGH_DEPTH <= 0.806452: 0 (14/5)
    :   AVG_NEIGH_DEPTH > 0.806452:
    :   :...BITS <= 118: 1 (57.1/1.7)
    :       BITS > 118: 0 (7.7/2.2)
    SAD <= 19034:
    :...PU_SIZE = 1: 1 (27.9/6.6)
        PU_SIZE = 2: 0 (34.5/14)
        PU_SIZE = 4: 0 (21.2/8.7)
        PU_SIZE = 5: 1 (10/4.7)
        PU_SIZE = 6: 0 (3.6)
        PU_SIZE = 7: 1 (6.4)
        PU_SIZE = 0:
        :...DISTORTION <= 59593: 0 (32.4)
            DISTORTION > 59593:
            :...REF_IDX = -1: 0 (8.8/2)
                REF_IDX = 1: 0 (58.2/5.2)
                REF_IDX = 0:
                :...RATIO_BEST-MSM <= 0.968578: 1 (9.1/2.2)
                    RATIO_BEST-MSM > 0.968578:
                    :...COST_2Nx2N > 139491: 1 (12.5/2.3)
                        COST_2Nx2N <= 139491:
                        :...SAD <= 11123: 1 (18.1/3.9)
                            SAD > 11123:
                            :...BITS <= 66: 0 (71.6/3.8)
                                BITS > 66: 1 (22/8.2)


Evaluation on training data (455 cases):

Trial	       Decision Tree       
-----	  -----------------------  
	  Size      Errors   Cost  

   0	    10   26( 5.7%)   0.06
   1	    12   52(11.4%)   0.11
   2	    13   37( 8.1%)   0.08
   3	    18   45( 9.9%)   0.10
   4	    18   31( 6.8%)   0.07
   5	    16   27( 5.9%)   0.06
   6	    21   40( 8.8%)   0.09
   7	    18   41( 9.0%)   0.09
   8	    21   62(13.6%)   0.14
   9	    18   60(13.2%)   0.13
boost	          1( 0.2%)   0.00   <<


	   (a)   (b)    <-classified as
	  ----  ----
	   250          (a): class 0
	     1   204    (b): class 1


	Attribute usage:

	    100%  BITS
	    100%  DISTORTION
	    100%  COST_2Nx2N
	    100%  RATIO_BEST_2Nx2N
	    100%  AVG_NEIGH_DEPTH
	     92%  SAD
	     85%  PU_SIZE
	     80%  TU_DEPTH
	     78%  MVD_MOD_INT
	     72%  PREDMV_MOD_INT
	     70%  BEST_COST
	     60%  MVD_MOD_FRAC
	     57%  RATIO_BEST-MSM
	     57%  REF_IDX
	     55%  CTX_SPLIT
	     48%  COST_MSM
	     30%  COLOC_SPLIT
	     28%  FME
	     26%  NON-Z-COEFF
	     21%  RATIO_2Nx2N-MSM
	     16%  MV_MOD_INT
	     16%  MVP_IDX
	     13%  SSE


Time: 0.0 secs
