
C5.0 [Release 2.07 GPL Edition]  	Thu Feb 16 11:20:02 2017
-------------------------------

    Options:
	Boosted classifiers
	Application `./ONLINE/BOOST/BasketballDrill_d1_qp27'

Read 964 cases (28 attributes) from ./ONLINE/BOOST/BasketballDrill_d1_qp27.data

-----  Trial 0:  -----

Decision tree:

COST_MSM <= 15495.6:
:...TU_DEPTH = 0: 0 (349/18)
:   TU_DEPTH = 2: 1 (1)
:   TU_DEPTH = 1:
:   :...BITS > 113: 1 (8)
:       BITS <= 113:
:       :...MV_MOD_INT <= 2.23607: 0 (13/3)
:           MV_MOD_INT > 2.23607: 1 (2)
COST_MSM > 15495.6:
:...BITS > 53: 1 (333/23)
    BITS <= 53:
    :...SSE > 53737: 1 (14)
        SSE <= 53737:
        :...TU_DEPTH in {1,2}: 1 (15/2)
            TU_DEPTH = 0:
            :...PRED_MODE = 3: 0 (0)
                PRED_MODE in {0,2}: 0 (70/12)
                PRED_MODE = 1:
                :...COST_2Nx2N > 56505.1: 1 (16/1)
                    COST_2Nx2N <= 56505.1:
                    :...dQP = 2: 0 (0)
                        dQP in {1,3}: 1 (28/10)
                        dQP = 4:
                        :...MVD_MOD_FRAC = 1.06066: 0 (0)
                            MVD_MOD_FRAC in {0.353553,0.559017,0.707107,0.75,
                            :                0.901388}: 0 (16/3)
                            MVD_MOD_FRAC = 0.5: 1 (2)
                            MVD_MOD_FRAC = 0.790569:
                            :...SAD <= 3773: 1 (2)
                            :   SAD > 3773: 0 (2)
                            MVD_MOD_FRAC = 0.25:
                            :...MVP_IDX = -1: 0 (0)
                            :   MVP_IDX = 0: 0 (12/2)
                            :   MVP_IDX = 1:
                            :   :...RATIO_BEST-MSM <= 0.686688: 0 (3)
                            :       RATIO_BEST-MSM > 0.686688: 1 (6/1)
                            MVD_MOD_FRAC = 0:
                            :...COLOC_SPLIT = 0: 0 (4)
                                COLOC_SPLIT = 2:
                                :...SSE <= 18657: 0 (15/3)
                                :   SSE > 18657: 1 (27/7)
                                COLOC_SPLIT = 1:
                                :...MV_MOD_INT > 5.09902: 1 (2)
                                    MV_MOD_INT <= 5.09902:
                                    :...CTX_SPLIT in {0,4,6}: 0 (0)
                                        CTX_SPLIT in {2,3,5}: 0 (13/1)
                                        CTX_SPLIT = 1:
                                        :...AVG_NEIGH_DEPTH <= 1.1: 0 (3)
                                            AVG_NEIGH_DEPTH > 1.1:
                                            :...RATIO_BEST_2Nx2N <= 0.913231: 1 (5)
                                                RATIO_BEST_2Nx2N > 0.913231: 0 (3/1)

-----  Trial 1:  -----

Decision tree:

BITS <= 34:
:...BITS <= 3: 0 (135.8/3.3)
:   BITS > 3:
:   :...COST_MSM <= 10256.3: 0 (36.4)
:       COST_MSM > 10256.3:
:       :...PREDMV_MOD_FRAC = 0.353553: 0 (22.5/3.1)
:           PREDMV_MOD_FRAC = 0.5: 1 (21.3/7.7)
:           PREDMV_MOD_FRAC = 0.559017: 1 (12.7/3.9)
:           PREDMV_MOD_FRAC = 0.707107: 0 (3.9/0.8)
:           PREDMV_MOD_FRAC = 0.75: 1 (7.3/0.8)
:           PREDMV_MOD_FRAC = 0.790569: 0 (12/2.3)
:           PREDMV_MOD_FRAC = 0.901388: 0 (1.5/0.8)
:           PREDMV_MOD_FRAC = 1.06066: 0 (3.1/0.8)
:           PREDMV_MOD_FRAC = 0:
:           :...DISTORTION <= 13137: 0 (38.3)
:           :   DISTORTION > 13137:
:           :   :...SAD <= 2475: 1 (7.3)
:           :       SAD > 2475: 0 (76.7/24.5)
:           PREDMV_MOD_FRAC = 0.25:
:           :...AVG_NEIGH_DEPTH <= 1.08049: 0 (7)
:               AVG_NEIGH_DEPTH > 1.08049:
:               :...RATIO_2Nx2N-MSM <= 1.01698: 1 (37.4/6.2)
:                   RATIO_2Nx2N-MSM > 1.01698:
:                   :...AVG_NEIGH_DEPTH <= 1.49519: 1 (16/4.6)
:                       AVG_NEIGH_DEPTH > 1.49519: 0 (26.3/3.9)
BITS > 34:
:...BITS > 330: 1 (79.8)
    BITS <= 330:
    :...BEST_COST > 58035.8: 1 (40.3)
        BEST_COST <= 58035.8:
        :...TU_DEPTH = 2: 1 (36.8/6.5)
            TU_DEPTH = 1:
            :...MVD_MOD_INT <= 2: 1 (97.1/16)
            :   MVD_MOD_INT > 2: 0 (25.6/9.3)
            TU_DEPTH = 0:
            :...RATIO_BEST-MSM > 0.978136:
                :...DISTORTION <= 20866: 0 (59.4/6.4)
                :   DISTORTION > 20866: 1 (3.9)
                RATIO_BEST-MSM <= 0.978136:
                :...RATIO_BEST_2Nx2N > 1.00005: 0 (21.8/1.5)
                    RATIO_BEST_2Nx2N <= 1.00005:
                    :...MV_MOD_INT > 12.2066: 1 (17.6)
                        MV_MOD_INT <= 12.2066:
                        :...SSE <= 12736: 1 (26/0.8)
                            SSE > 12736:
                            :...BITS > 62: 0 (29.9/8.7)
                                BITS <= 62:
                                :...DISTORTION <= 12684: 0 (3.9)
                                    DISTORTION > 12684: 1 (56.5/15.1)

-----  Trial 2:  -----

Decision tree:

COST_MSM <= 13262.5:
:...PU_SIZE = 0: 0 (191/14.1)
:   PU_SIZE = 1: 0 (4.7)
:   PU_SIZE = 2: 1 (9.8/4.1)
:   PU_SIZE = 4: 0 (1.2)
:   PU_SIZE = 5: 1 (5.6/2.4)
:   PU_SIZE = 6: 0 (4.3)
:   PU_SIZE = 7: 1 (5.2)
COST_MSM > 13262.5:
:...BEST_COST > 58035.8: 1 (48)
    BEST_COST <= 58035.8:
    :...SAD > 8692: 1 (29.5)
        SAD <= 8692:
        :...BITS > 151:
            :...TU_DEPTH = 1: 1 (45.3)
            :   TU_DEPTH = 2: 1 (18.3)
            :   TU_DEPTH = 0:
            :   :...SAD <= 2998: 1 (15)
            :       SAD > 2998: 0 (27.3/11.8)
            BITS <= 151:
            :...BITS <= 3: 0 (34.6/4.7)
                BITS > 3:
                :...RATIO_2Nx2N-MSM <= 0.764505:
                    :...RATIO_BEST-MSM <= 0.370963: 1 (4.4)
                    :   RATIO_BEST-MSM > 0.370963:
                    :   :...MVD_MOD_INT <= 3.60555: 0 (75.1/13.1)
                    :       MVD_MOD_INT > 3.60555: 1 (4.1/0.6)
                    RATIO_2Nx2N-MSM > 0.764505:
                    :...SSE > 40905: 1 (37.4/4.1)
                        SSE <= 40905:
                        :...AVG_NEIGH_DEPTH <= 1.3278:
                            :...MV_MOD_INT > 11.6619: 1 (6.6)
                            :   MV_MOD_INT <= 11.6619:
                            :   :...FME = 1: 0 (3.2/0.6)
                            :       FME = 2: 0 (52.3/9.3)
                            :       FME = 0:
                            :       :...PREDMV_MOD_FRAC in {0.353553,0.5,
                            :           :                   0.559017,0.707107,
                            :           :                   0.75,0.790569,
                            :           :                   0.901388,
                            :           :                   1.06066}: 0 (0)
                            :           PREDMV_MOD_FRAC = 0.25: 1 (2.6)
                            :           PREDMV_MOD_FRAC = 0:
                            :           :...MVP_IDX = 0: 0 (1.2)
                            :               MVP_IDX = 1: 1 (2.6)
                            :               MVP_IDX = -1:
                            :               :...PRED_MODE = 3: 0 (0)
                            :                   PRED_MODE = 0: 0 (2.4)
                            :                   PRED_MODE = 1: 1 (17.7/6.2)
                            :                   PRED_MODE = 2: 0 (26.2/8.7)
                            AVG_NEIGH_DEPTH > 1.3278:
                            :...TU_DEPTH = 2: 1 (8.5)
                                TU_DEPTH = 1:
                                :...BITS <= 90: 1 (12.2)
                                :   BITS > 90: 0 (30.8/11.4)
                                TU_DEPTH = 0:
                                :...MV_MOD_FRAC = 0.353553: 0 (14.5/4.5)
                                    MV_MOD_FRAC = 0.5: 0 (15.9/6.6)
                                    MV_MOD_FRAC = 0.559017: 1 (7/3.2)
                                    MV_MOD_FRAC = 0.707107: 1 (10.8/0.6)
                                    MV_MOD_FRAC = 0.75: 1 (7.6/2.8)
                                    MV_MOD_FRAC = 0.790569: 1 (12.1/2.2)
                                    MV_MOD_FRAC = 0.901388: 0 (2.8)
                                    MV_MOD_FRAC = 1.06066: 1 (6/0.6)
                                    MV_MOD_FRAC = 0.25:
                                    :...RATIO_BEST-MSM > 1.00218: 0 (7.7)
                                    :   RATIO_BEST-MSM <= 1.00218:
                                    :   :...SSE > 28793: 0 (11.8/1.8)
                                    :       SSE <= 28793:
                                    :       :...BITS <= 23: 1 (34.4/3.2)
                                    :           BITS > 23: 0 (17/5)
                                    MV_MOD_FRAC = 0:
                                    :...BITS > 57: 1 (14.2)
                                        BITS <= 57:
                                        :...DISTORTION <= 13374: 0 (8.1)
                                            DISTORTION > 13374:
                                            :...INTER_DIR = 0: 1 (0)
                                                INTER_DIR = 1: 1 (17.4/1.2)
                                                INTER_DIR = 2: 0 (10.3/2.8)
                                                INTER_DIR = 3:
                                                :...dQP in {1,2}: 1 (0)
                                                    dQP = 3: 0 (3.2)
                                                    dQP = 4: 1 (35.7/7.7)

-----  Trial 3:  -----

Decision tree:

BITS > 103:
:...TU_DEPTH = 2: 1 (41.5)
:   TU_DEPTH = 0:
:   :...BITS > 331: 1 (21.4)
:   :   BITS <= 331:
:   :   :...RATIO_BEST_2Nx2N <= 0.976382: 1 (45.9/8)
:   :       RATIO_BEST_2Nx2N > 0.976382: 0 (12.6/3.5)
:   TU_DEPTH = 1:
:   :...BITS > 151: 1 (51.7)
:       BITS <= 151:
:       :...NON-Z-COEFF <= 16: 1 (56.1/7.9)
:           NON-Z-COEFF > 16: 0 (3.7)
BITS <= 103:
:...BITS <= 3:
    :...SSE <= 25422: 0 (82.5)
    :   SSE > 25422: 1 (6.1)
    BITS > 3:
    :...COST_2Nx2N <= 21635.1:
        :...RATIO_2Nx2N-MSM > 1.02886: 0 (73.9/5)
        :   RATIO_2Nx2N-MSM <= 1.02886:
        :   :...RATIO_BEST-MSM > 1.00176: 1 (23.1/4.8)
        :       RATIO_BEST-MSM <= 1.00176:
        :       :...NON-Z-COEFF > 32: 0 (14.9)
        :           NON-Z-COEFF <= 32:
        :           :...RATIO_2Nx2N-MSM <= 0.756136: 0 (14.1)
        :               RATIO_2Nx2N-MSM > 0.756136:
        :               :...RATIO_BEST-MSM > 0.987329:
        :                   :...BITS <= 97: 0 (58.2/7.4)
        :                   :   BITS > 97: 1 (3.9)
        :                   RATIO_BEST-MSM <= 0.987329:
        :                   :...TU_DEPTH = 1: 1 (11.1/1.8)
        :                       TU_DEPTH = 2: 1 (1)
        :                       TU_DEPTH = 0:
        :                       :...COST_2Nx2N > 18131.2: 0 (5.8)
        :                           COST_2Nx2N <= 18131.2:
        :                           :...COST_2Nx2N <= 9699.63: 0 (8.1)
        :                               COST_2Nx2N > 9699.63:
        :                               :...AVG_NEIGH_DEPTH > 1.91756: 0 (4.7)
        :                                   AVG_NEIGH_DEPTH <= 1.91756:
        :                                   :...AVG_NEIGH_DEPTH <= 1.15934: 0 (9.7/4.1)
        :                                       AVG_NEIGH_DEPTH > 1.15934: 1 (30.4/2.9)
        COST_2Nx2N > 21635.1:
        :...dQP = 2: 1 (0)
            dQP = 1: 1 (10.9)
            dQP = 3:
            :...TU_DEPTH = 2: 1 (0)
            :   TU_DEPTH = 0: 1 (42.2/17.2)
            :   TU_DEPTH = 1: 0 (4.2/0.5)
            dQP = 4:
            :...TU_DEPTH = 2: 1 (7.6/3.7)
                TU_DEPTH = 1:
                :...RATIO_2Nx2N-MSM <= 0.57645: 0 (3.7)
                :   RATIO_2Nx2N-MSM > 0.57645:
                :   :...BITS <= 35: 0 (2)
                :       BITS > 35: 1 (36.9/2)
                TU_DEPTH = 0:
                :...MVD_MOD_FRAC = 1.06066: 1 (0)
                    MVD_MOD_FRAC = 0.353553: 1 (6.7/1.4)
                    MVD_MOD_FRAC = 0.5: 1 (5.7)
                    MVD_MOD_FRAC = 0.559017: 1 (10/2.5)
                    MVD_MOD_FRAC = 0.707107: 1 (2)
                    MVD_MOD_FRAC = 0.75: 0 (9.8/4)
                    MVD_MOD_FRAC = 0.790569: 1 (14.1/4.3)
                    MVD_MOD_FRAC = 0.901388: 0 (6.5)
                    MVD_MOD_FRAC = 0.25:
                    :...RATIO_2Nx2N-MSM <= 0.86232: 0 (20.3/1.4)
                    :   RATIO_2Nx2N-MSM > 0.86232: 1 (21.8/8.1)
                    MVD_MOD_FRAC = 0:
                    :...COLOC_SPLIT = 0: 0 (8.7)
                        COLOC_SPLIT = 1:
                        :...SAD <= 3132: 1 (20.7/1.8)
                        :   SAD > 3132:
                        :   :...SSE <= 30170: 0 (30.9/4.2)
                        :       SSE > 30170: 1 (7.8/0.5)
                        COLOC_SPLIT = 2:
                        :...BITS <= 12: 1 (15.3)
                            BITS > 12:
                            :...COST_MSM > 77149.1: 1 (11.3)
                                COST_MSM <= 77149.1:
                                :...RATIO_BEST-MSM <= 0.626695: 0 (15.8/2)
                                    RATIO_BEST-MSM > 0.626695:
                                    :...MVP_IDX = 0: 1 (7.5)
                                        MVP_IDX = 1: 0 (2)
                                        MVP_IDX = -1:
                                        :...MV_MOD_INT > 5.38516: 1 (8.2)
                                            MV_MOD_INT <= 5.38516:
                                            :...MV_MOD_INT > 2.23607: 0 (7.6)
                                                MV_MOD_INT <= 2.23607:
                                                :...NON-Z-COEFF > 10: 0 (4)
                                                    NON-Z-COEFF <= 10: [S1]

SubTree [S1]

RATIO_BEST_2Nx2N <= 0.771376: 0 (6.4/0.5)
RATIO_BEST_2Nx2N > 0.771376: 1 (32.9/6.5)

-----  Trial 4:  -----

Decision tree:

COST_MSM <= 14337.6:
:...TU_DEPTH = 2: 0 (0)
:   TU_DEPTH = 1: 1 (31.2/14.5)
:   TU_DEPTH = 0:
:   :...dQP = 2: 0 (0)
:       dQP = 3: 0 (28.2)
:       dQP = 4: 0 (51.7)
:       dQP = 1:
:       :...SSE <= 12736:
:           :...COST_MSM <= 11178.7: 0 (38.2/3.2)
:           :   COST_MSM > 11178.7: 1 (30.3/4.5)
:           SSE > 12736:
:           :...DISTORTION <= 13485: 0 (56.4)
:               DISTORTION > 13485: 1 (3.3/0.4)
COST_MSM > 14337.6:
:...BEST_COST > 58035.8: 1 (32)
    BEST_COST <= 58035.8:
    :...BITS > 32:
        :...RATIO_BEST_2Nx2N > 1.00378: 0 (22.2/2.7)
        :   RATIO_BEST_2Nx2N <= 1.00378:
        :   :...SAD <= 2953: 1 (46.7/0.4)
        :       SAD > 2953:
        :       :...BITS > 267: 1 (44.9/1.6)
        :           BITS <= 267:
        :           :...RATIO_BEST_2Nx2N <= 0.591266: 0 (13.3/1.5)
        :               RATIO_BEST_2Nx2N > 0.591266:
        :               :...RATIO_2Nx2N-MSM > 1.03144: 1 (40/2.1)
        :                   RATIO_2Nx2N-MSM <= 1.03144:
        :                   :...INTER_DIR = 0: 0 (13.7/5.1)
        :                       INTER_DIR = 1: 0 (25.9/12.6)
        :                       INTER_DIR = 2: 0 (18.6/6.7)
        :                       INTER_DIR = 3:
        :                       :...NON-Z-COEFF > 8:
        :                           :...AVG_NEIGH_DEPTH > 2.10157: 1 (6.8)
        :                           :   AVG_NEIGH_DEPTH <= 2.10157:
        :                           :   :...AVG_NEIGH_DEPTH <= 1.30395: 1 (7.3/0.4)
        :                           :       AVG_NEIGH_DEPTH > 1.30395: 0 (32.6/6.3)
        :                           NON-Z-COEFF <= 8:
        :                           :...COLOC_SPLIT = 0: 0 (3.6/0.4)
        :                               COLOC_SPLIT = 1: 1 (22.5/1.4)
        :                               COLOC_SPLIT = 2:
        :                               :...RATIO_BEST_2Nx2N > 0.954149: 0 (14.1/5.6)
        :                                   RATIO_BEST_2Nx2N <= 0.954149:
        :                                   :...DISTORTION <= 49169: 1 (59.5/4.3)
        :                                       DISTORTION > 49169: 0 (3.7/0.8)
        BITS <= 32:
        :...dQP = 2: 0 (0)
            dQP = 1: 1 (15.6/0.4)
            dQP = 3:
            :...BEST_COST > 33591.8: 1 (4.4)
            :   BEST_COST <= 33591.8:
            :   :...SAD > 3459: 0 (29.3)
            :       SAD <= 3459:
            :       :...DISTORTION <= 22100: 0 (35.8/6.2)
            :           DISTORTION > 22100: 1 (7.4)
            dQP = 4:
            :...RATIO_2Nx2N-MSM <= 0.61155: 0 (15.7)
                RATIO_2Nx2N-MSM > 0.61155:
                :...RATIO_BEST-MSM > 1.00737: 0 (14)
                    RATIO_BEST-MSM <= 1.00737:
                    :...MVD_MOD_INT > 0: 0 (39/8.1)
                        MVD_MOD_INT <= 0:
                        :...PRED_MODE = 3: 1 (0)
                            PRED_MODE = 0: 0 (27.9/12.3)
                            PRED_MODE = 2: 0 (8.3)
                            PRED_MODE = 1:
                            :...COST_2Nx2N > 54564.9: 0 (10.6/0.4)
                                COST_2Nx2N <= 54564.9:
                                :...SSE > 30101: 1 (24.1)
                                    SSE <= 30101:
                                    :...RATIO_BEST-MSM <= 0.691992: 0 (9.4/1.5)
                                        RATIO_BEST-MSM > 0.691992:
                                        :...MV_MOD_INT > 6.40312: 1 (8.2)
                                            MV_MOD_INT <= 6.40312:
                                            :...AVG_NEIGH_DEPTH > 1.73407: 0 (18.3/2.9)
                                                AVG_NEIGH_DEPTH <= 1.73407:
                                                :...BITS <= 23: 1 (36.1/5.9)
                                                    BITS > 23: 0 (13.2/1.4)

-----  Trial 5:  -----

Decision tree:

COST_MSM <= 14337.6: 0 (218/42.2)
COST_MSM > 14337.6:
:...TU_DEPTH = 1:
    :...RATIO_2Nx2N-MSM <= 0.546561: 0 (2.6/0.3)
    :   RATIO_2Nx2N-MSM > 0.546561: 1 (176.5/24.9)
    TU_DEPTH = 2:
    :...BITS <= 66: 0 (7.6/0.6)
    :   BITS > 66: 1 (55.2)
    TU_DEPTH = 0:
    :...COST_2Nx2N > 41091.3:
        :...dQP = 2: 1 (0)
        :   dQP = 1: 1 (2.7)
        :   dQP = 3: 1 (11.1)
        :   dQP = 4:
        :   :...COST_2Nx2N > 71219.8: 1 (13.4)
        :       COST_2Nx2N <= 71219.8:
        :       :...SAD > 4821: 0 (15.4/4.2)
        :           SAD <= 4821:
        :           :...INTER_DIR = 0: 1 (0)
        :               INTER_DIR = 1: 0 (2.5)
        :               INTER_DIR = 2: 1 (10.4/1.5)
        :               INTER_DIR = 3: 1 (67.4/15.2)
        COST_2Nx2N <= 41091.3:
        :...AVG_NEIGH_DEPTH <= 1.3278:
            :...COST_MSM <= 14349.7: 1 (6.5)
            :   COST_MSM > 14349.7:
            :   :...COLOC_SPLIT = 0: 0 (23.3/1.5)
            :       COLOC_SPLIT = 2: 0 (46.8/10.4)
            :       COLOC_SPLIT = 1:
            :       :...NON-Z-COEFF <= 1: 1 (8.6/0.3)
            :           NON-Z-COEFF > 1: 0 (43/8)
            AVG_NEIGH_DEPTH > 1.3278:
            :...SAD > 3836:
                :...MVD_MOD_INT > 0: 1 (5.6/0.3)
                :   MVD_MOD_INT <= 0:
                :   :...BITS <= 218: 0 (46.4/5.2)
                :       BITS > 218: 1 (6.9)
                SAD <= 3836:
                :...PU_SIZE = 1: 1 (35.9/6.2)
                    PU_SIZE = 2: 0 (24.5/11)
                    PU_SIZE = 4: 1 (7/3.4)
                    PU_SIZE = 5: 1 (16/2.2)
                    PU_SIZE = 6: 1 (15.1/5.7)
                    PU_SIZE = 7: 0 (13.3/2.7)
                    PU_SIZE = 0:
                    :...COST_MSM <= 15199.6: 0 (7.2)
                        COST_MSM > 15199.6:
                        :...RATIO_BEST-MSM <= 0.804479: 0 (4.6)
                            RATIO_BEST-MSM > 0.804479:
                            :...RATIO_BEST-MSM > 1.00763: 0 (4.2)
                                RATIO_BEST-MSM <= 1.00763:
                                :...MVD_MOD_INT > 1: 1 (4.7)
                                    MVD_MOD_INT <= 1:
                                    :...RATIO_BEST_2Nx2N > 1.0056: 1 (12)
                                        RATIO_BEST_2Nx2N <= 1.0056:
                                        :...NON-Z-COEFF <= 1: 0 (7)
                                            NON-Z-COEFF > 1:
                                            :...MVD_MOD_INT <= 0: 1 (37.1/7.8)
                                                MVD_MOD_INT > 0: 0 (5.8/1.2)

-----  Trial 6:  -----

Decision tree:

BITS > 32:
:...BITS > 151: 1 (112.1/12.7)
:   BITS <= 151:
:   :...SSE > 40298: 1 (50.6/4.5)
:       SSE <= 40298:
:       :...PREDMV_MOD_FRAC = 0.353553: 1 (12.7/6.4)
:           PREDMV_MOD_FRAC = 0.5: 1 (24.4/6.5)
:           PREDMV_MOD_FRAC = 0.559017: 0 (31.1/11.9)
:           PREDMV_MOD_FRAC = 0.707107: 1 (10.6/1.4)
:           PREDMV_MOD_FRAC = 0.75: 0 (16.5/8.1)
:           PREDMV_MOD_FRAC = 0.790569: 0 (22.7/9.4)
:           PREDMV_MOD_FRAC = 0.901388: 0 (20.9/1.8)
:           PREDMV_MOD_FRAC = 1.06066: 1 (12.2)
:           PREDMV_MOD_FRAC = 0:
:           :...BEST_COST <= 11185.9: 0 (15.6/2.6)
:           :   BEST_COST > 11185.9:
:           :   :...NON-Z-COEFF <= 11: 1 (96.6/12.2)
:           :       NON-Z-COEFF > 11: 0 (18.4/6.6)
:           PREDMV_MOD_FRAC = 0.25:
:           :...BEST_COST > 19496.4: 1 (30.4/5.7)
:               BEST_COST <= 19496.4:
:               :...FME = 0: 1 (2.9)
:                   FME = 1: 0 (1)
:                   FME = 2:
:                   :...TU_DEPTH = 2: 0 (0)
:                       TU_DEPTH = 0: 0 (29.3)
:                       TU_DEPTH = 1: 1 (16.4/7.1)
BITS <= 32:
:...RATIO_BEST-MSM > 1.00737: 0 (32.3)
    RATIO_BEST-MSM <= 1.00737:
    :...COST_MSM <= 10256.3: 0 (23.1)
        COST_MSM > 10256.3:
        :...BITS <= 3:
            :...SSE <= 25422: 0 (35.4)
            :   SSE > 25422: 1 (5.1)
            BITS > 3:
            :...RATIO_2Nx2N-MSM <= 0.61155: 0 (18.2)
                RATIO_2Nx2N-MSM > 0.61155:
                :...NON-Z-COEFF > 16: 0 (19.5/2.2)
                    NON-Z-COEFF <= 16:
                    :...PREDMV_MOD_FRAC = 0.353553: 0 (15.3/5.2)
                        PREDMV_MOD_FRAC = 0.5: 1 (27.8/10.1)
                        PREDMV_MOD_FRAC = 0.559017: 1 (11.1/4.2)
                        PREDMV_MOD_FRAC = 0.707107: 0 (3.7)
                        PREDMV_MOD_FRAC = 0.75: 1 (7/1.7)
                        PREDMV_MOD_FRAC = 0.790569: 0 (7.4/3.5)
                        PREDMV_MOD_FRAC = 0.901388: 1 (2.5)
                        PREDMV_MOD_FRAC = 1.06066: 0 (3.5/0.9)
                        PREDMV_MOD_FRAC = 0.25:
                        :...SAD <= 2793: 1 (25.2/2)
                        :   SAD > 2793:
                        :   :...RATIO_BEST-MSM > 1.00243: 0 (9.2)
                        :       RATIO_BEST-MSM <= 1.00243:
                        :       :...RATIO_BEST_2Nx2N <= 0.769631: 1 (11.5/1.7)
                        :           RATIO_BEST_2Nx2N > 0.769631:
                        :           :...RATIO_2Nx2N-MSM <= 1.01832: 1 (29.6/5)
                        :               RATIO_2Nx2N-MSM > 1.01832: 0 (22.6/6)
                        PREDMV_MOD_FRAC = 0:
                        :...TU_DEPTH = 2: 0 (0)
                            TU_DEPTH = 1: 0 (7)
                            TU_DEPTH = 0:
                            :...DISTORTION <= 13137: 0 (18.8)
                                DISTORTION > 13137:
                                :...BITS > 30: 1 (8.8)
                                    BITS <= 30:
                                    :...DISTORTION <= 13923: 1 (14.3/0.5)
                                        DISTORTION > 13923:
                                        :...NON-Z-COEFF > 13: 1 (4.5)
                                            NON-Z-COEFF <= 13:
                                            :...RATIO_BEST_2Nx2N <= 0.591266: 1 (4.8/0.2)
                                                RATIO_BEST_2Nx2N > 0.591266:
                                                :...SAD <= 4286: 0 (65.9/12.8)
                                                    SAD > 4286: 1 (5.4/0.2)

-----  Trial 7:  -----

Decision tree:

TU_DEPTH = 2:
:...RATIO_BEST_2Nx2N <= 0.504682: 0 (3)
:   RATIO_BEST_2Nx2N > 0.504682: 1 (40.8/1.5)
TU_DEPTH = 1:
:...BITS > 151: 1 (31.9)
:   BITS <= 151:
:   :...MVD_MOD_INT > 2: 0 (28.6/6.3)
:       MVD_MOD_INT <= 2:
:       :...MV_MOD_INT > 2.23607: 1 (29.4)
:           MV_MOD_INT <= 2.23607:
:           :...BEST_COST <= 14966.7:
:               :...BITS <= 113: 0 (37.1/8.3)
:               :   BITS > 113: 1 (12.5)
:               BEST_COST > 14966.7:
:               :...MV_MOD_INT > 0: 1 (25.9)
:                   MV_MOD_INT <= 0:
:                   :...BITS <= 35: 0 (4.3)
:                       BITS > 35:
:                       :...AVG_NEIGH_DEPTH <= 1.75866: 1 (29.3)
:                           AVG_NEIGH_DEPTH > 1.75866: 0 (11.7/2.5)
TU_DEPTH = 0:
:...RATIO_BEST-MSM <= 0.969257:
    :...RATIO_BEST-MSM > 0.876933:
    :   :...BEST_COST > 33044.5: 1 (41.1/0.7)
    :   :   BEST_COST <= 33044.5:
    :   :   :...AVG_NEIGH_DEPTH <= 1.07895: 0 (5.2)
    :   :       AVG_NEIGH_DEPTH > 1.07895:
    :   :       :...COST_MSM <= 30682.9: 1 (84.3/21.8)
    :   :           COST_MSM > 30682.9: 0 (10.6/2.1)
    :   RATIO_BEST-MSM <= 0.876933:
    :   :...RATIO_BEST_2Nx2N > 0.987065: 0 (56.3/4.4)
    :       RATIO_BEST_2Nx2N <= 0.987065:
    :       :...MVD_MOD_FRAC = 0.25: 0 (32/14.2)
    :           MVD_MOD_FRAC = 0.353553: 1 (3.5)
    :           MVD_MOD_FRAC = 0.5: 1 (5.7/1.7)
    :           MVD_MOD_FRAC = 0.559017: 1 (8.6/2.1)
    :           MVD_MOD_FRAC = 0.707107: 1 (7.6)
    :           MVD_MOD_FRAC = 0.75: 0 (11.1/5)
    :           MVD_MOD_FRAC = 0.790569: 1 (6.2)
    :           MVD_MOD_FRAC = 0.901388: 0 (6.6/0.2)
    :           MVD_MOD_FRAC = 1.06066: 1 (1.3)
    :           MVD_MOD_FRAC = 0:
    :           :...REF_IDX = 1: 0 (39.5/15.5)
    :               REF_IDX = -1:
    :               :...RATIO_BEST_2Nx2N <= 0.766475: 0 (18.8)
    :               :   RATIO_BEST_2Nx2N > 0.766475: 1 (33.4/12.9)
    :               REF_IDX = 0:
    :               :...SSE > 27136: 1 (25.1)
    :                   SSE <= 27136:
    :                   :...MVD_MOD_INT > 1: 0 (2.7)
    :                       MVD_MOD_INT <= 1:
    :                       :...SSE <= 22083: 1 (35.4/7.3)
    :                           SSE > 22083: 0 (15.4/2.1)
    RATIO_BEST-MSM > 0.969257:
    :...DISTORTION <= 10827: 0 (64.3)
        DISTORTION > 10827:
        :...PU_SIZE = 1: 1 (17.5/5.4)
            PU_SIZE = 2: 0 (14/6)
            PU_SIZE = 4: 0 (3.3)
            PU_SIZE = 5: 0 (6.9/2.4)
            PU_SIZE = 6: 0 (2.6)
            PU_SIZE = 7: 0 (2.7)
            PU_SIZE = 0:
            :...MVP_IDX = 0: 0 (12.4)
                MVP_IDX = 1: 0 (5.4/1.3)
                MVP_IDX = -1:
                :...RATIO_BEST_2Nx2N <= 0.912226: 0 (25.7/1.2)
                    RATIO_BEST_2Nx2N > 0.912226:
                    :...dQP = 2: 0 (0)
                        dQP = 3: 0 (17.7/4.3)
                        dQP = 1:
                        :...BITS <= 23: 1 (17.5/1.6)
                        :   BITS > 23: 0 (22.9/5)
                        dQP = 4:
                        :...RATIO_BEST-MSM <= 0.99332: 1 (3.8)
                            RATIO_BEST-MSM > 0.99332:
                            :...DISTORTION <= 22243: 0 (19.1)
                                DISTORTION > 22243: 1 (23/10)

-----  Trial 8:  -----

Decision tree:

TU_DEPTH = 2: 1 (36.7/5.4)
TU_DEPTH = 1:
:...BITS > 151: 1 (25.3)
:   BITS <= 151:
:   :...MVD_MOD_INT > 2: 0 (30.5/12.8)
:       MVD_MOD_INT <= 2:
:       :...MV_MOD_INT > 2.23607: 1 (23.4)
:           MV_MOD_INT <= 2.23607:
:           :...COST_2Nx2N <= 8841.15: 0 (6.4)
:               COST_2Nx2N > 8841.15:
:               :...MVP_IDX = 0: 0 (4.6/1.7)
:                   MVP_IDX = 1: 1 (9.2)
:                   MVP_IDX = -1:
:                   :...RATIO_BEST_2Nx2N > 0.991529: 1 (20.4)
:                       RATIO_BEST_2Nx2N <= 0.991529:
:                       :...NON-Z-COEFF > 16: 0 (5.5)
:                           NON-Z-COEFF <= 16:
:                           :...RATIO_BEST_2Nx2N > 0.991324: 0 (4.8)
:                               RATIO_BEST_2Nx2N <= 0.991324:
:                               :...BITS <= 32: 0 (4.6/0.1)
:                                   BITS > 32:
:                                   :...RATIO_2Nx2N-MSM <= 0.853623: 0 (8.7/3.7)
:                                       RATIO_2Nx2N-MSM > 0.853623: 1 (45.4/4.6)
TU_DEPTH = 0:
:...BEST_COST > 46947.6: 1 (67.2/6)
    BEST_COST <= 46947.6:
    :...BITS <= 8: 0 (89.5/12.7)
        BITS > 8:
        :...BITS > 274: 1 (26.1/3.2)
            BITS <= 274:
            :...RATIO_BEST_2Nx2N <= 0.912976:
                :...COLOC_SPLIT = 0: 0 (12)
                :   COLOC_SPLIT = 2:
                :   :...dQP in {1,2}: 1 (0)
                :   :   dQP = 3: 1 (36/3.5)
                :   :   dQP = 4:
                :   :   :...AVG_NEIGH_DEPTH > 1.85647: 0 (24.4/4.5)
                :   :       AVG_NEIGH_DEPTH <= 1.85647:
                :   :       :...AVG_NEIGH_DEPTH <= 1.46171: 0 (35.8/12.9)
                :   :           AVG_NEIGH_DEPTH > 1.46171: 1 (40.9/1.9)
                :   COLOC_SPLIT = 1:
                :   :...AVG_NEIGH_DEPTH > 2.18428: 0 (8.2)
                :       AVG_NEIGH_DEPTH <= 2.18428:
                :       :...AVG_NEIGH_DEPTH <= 0.907692: 0 (4.2)
                :           AVG_NEIGH_DEPTH > 0.907692:
                :           :...RATIO_BEST_2Nx2N <= 0.641388: 0 (4.7)
                :               RATIO_BEST_2Nx2N > 0.641388:
                :               :...COST_MSM <= 14273.6: 0 (3.5)
                :                   COST_MSM > 14273.6: 1 (48.3/6.7)
                RATIO_BEST_2Nx2N > 0.912976:
                :...RATIO_BEST-MSM <= 0.8571:
                    :...AVG_NEIGH_DEPTH <= 1: 1 (2.9/0.4)
                    :   AVG_NEIGH_DEPTH > 1: 0 (73.6/7)
                    RATIO_BEST-MSM > 0.8571:
                    :...COST_MSM <= 10030.5: 0 (17.4)
                        COST_MSM > 10030.5:
                        :...SAD <= 2340: 1 (16.3)
                            SAD > 2340:
                            :...AVG_NEIGH_DEPTH <= 1.07849: 0 (18.2)
                                AVG_NEIGH_DEPTH > 1.07849:
                                :...MV_MOD_FRAC = 1.06066: 0 (0)
                                    MV_MOD_FRAC = 0.353553: 0 (18/2.4)
                                    MV_MOD_FRAC = 0.5: 1 (5.6)
                                    MV_MOD_FRAC = 0.559017: 0 (7.6/1.3)
                                    MV_MOD_FRAC = 0.707107: 0 (11/1.7)
                                    MV_MOD_FRAC = 0.75: 0 (2.5)
                                    MV_MOD_FRAC = 0.790569: 1 (0.6)
                                    MV_MOD_FRAC = 0.901388: 1 (6.3/2.5)
                                    MV_MOD_FRAC = 0:
                                    :...BITS <= 35:
                                    :   :...DISTORTION <= 30473: 0 (36.1/5.7)
                                    :   :   DISTORTION > 30473: 1 (5.9)
                                    :   BITS > 35:
                                    :   :...COST_MSM <= 11486.6: 0 (4.2)
                                    :       COST_MSM > 11486.6: 1 (40.8/7.6)
                                    MV_MOD_FRAC = 0.25:
                                    :...BITS > 29: 0 (26.8/2.4)
                                        BITS <= 29:
                                        :...BITS <= 18: 0 (21.1/6.8)
                                            BITS > 18: 1 (22.6/3.1)

-----  Trial 9:  -----

Decision tree:

BEST_COST <= 14737.7:
:...RATIO_BEST-MSM <= 0.727367: 0 (22.3)
:   RATIO_BEST-MSM > 0.727367:
:   :...AVG_NEIGH_DEPTH > 2.10157: 0 (21)
:       AVG_NEIGH_DEPTH <= 2.10157:
:       :...BITS > 118: 1 (22/3.2)
:           BITS <= 118:
:           :...RATIO_2Nx2N-MSM > 1.03622: 0 (34.9)
:               RATIO_2Nx2N-MSM <= 1.03622:
:               :...SAD > 3108: 0 (19.2)
:                   SAD <= 3108:
:                   :...AVG_NEIGH_DEPTH <= 1.23868: 0 (30.5/4.3)
:                       AVG_NEIGH_DEPTH > 1.23868:
:                       :...COST_2Nx2N > 13333.5: 1 (17.5/0.6)
:                           COST_2Nx2N <= 13333.5:
:                           :...dQP in {2,4}: 0 (0)
:                               dQP = 3: 0 (4.2)
:                               dQP = 1:
:                               :...MV_MOD_INT > 1: 1 (11.8/0.8)
:                                   MV_MOD_INT <= 1:
:                                   :...MVD_MOD_INT > 0: 0 (5.5)
:                                       MVD_MOD_INT <= 0:
:                                       :...MVP_IDX = 0: 0 (6.2)
:                                           MVP_IDX = 1: 1 (2.7/0.1)
:                                           MVP_IDX = -1:
:                                           :...INTER_DIR in {0,
:                                               :             2}: 1 (0)
:                                               INTER_DIR = 1: 0 (3.5)
:                                               INTER_DIR = 3: [S1]
BEST_COST > 14737.7:
:...BEST_COST > 58035.8: 1 (29.7)
    BEST_COST <= 58035.8:
    :...AVG_NEIGH_DEPTH > 2.08931: 1 (90.9/10.4)
        AVG_NEIGH_DEPTH <= 2.08931:
        :...TU_DEPTH = 2: 1 (24.8/9.8)
            TU_DEPTH = 1:
            :...NON-Z-COEFF <= 2: 1 (30.7)
            :   NON-Z-COEFF > 2:
            :   :...RATIO_BEST_2Nx2N <= 0.774462: 0 (12.3/2.1)
            :       RATIO_BEST_2Nx2N > 0.774462:
            :       :...RATIO_BEST_2Nx2N <= 1: 1 (52.6/4.5)
            :           RATIO_BEST_2Nx2N > 1: 0 (10.1/2.4)
            TU_DEPTH = 0:
            :...COST_2Nx2N > 41091.3:
                :...BEST_COST <= 56412.1: 1 (112.9/26)
                :   BEST_COST > 56412.1: 0 (9.5/0.8)
                COST_2Nx2N <= 41091.3:
                :...BITS <= 3: 0 (18.7)
                    BITS > 3:
                    :...SAD > 3561:
                        :...NON-Z-COEFF <= 14: 0 (76.4/13.3)
                        :   NON-Z-COEFF > 14: 1 (13.8/3.1)
                        SAD <= 3561:
                        :...DISTORTION > 23554:
                            :...COST_2Nx2N <= 38244.7: 1 (53.6/5.9)
                            :   COST_2Nx2N > 38244.7: 0 (7.3/0.8)
                            DISTORTION <= 23554:
                            :...DISTORTION > 23092: 0 (12.3)
                                DISTORTION <= 23092:
                                :...DISTORTION > 22571: 1 (10.6)
                                    DISTORTION <= 22571:
                                    :...SSE <= 13121: 1 (34.5/8.1)
                                        SSE > 13121:
                                        :...COST_2Nx2N <= 21437:
                                            :...BEST_COST <= 15318.2: 1 (4/0.1)
                                            :   BEST_COST > 15318.2:
                                            :   :...DISTORTION <= 13923: 1 (4.6/1.5)
                                            :       DISTORTION > 13923: 0 (36.8)
                                            COST_2Nx2N > 21437:
                                            :...PRED_MODE = 3: 1 (0)
                                                PRED_MODE = 0: 0 (2.2)
                                                PRED_MODE = 2: 1 (14.7/1.3)
                                                PRED_MODE = 1:
                                                :...COST_MSM <= 22746.2: 1 (6.7)
                                                    COST_MSM > 22746.2:
                                                    :...BITS <= 19: 0 (20.8/1.3)
                                                        BITS > 19: 1 (32.9/13.7)

SubTree [S1]

MV_MOD_FRAC in {0.5,0.559017,0.707107,0.75,0.790569,0.901388,
:               1.06066}: 1 (0)
MV_MOD_FRAC = 0: 0 (17.7/4.3)
MV_MOD_FRAC = 0.25: 1 (20.5/3.1)
MV_MOD_FRAC = 0.353553: 0 (1)


Evaluation on training data (964 cases):

Trial	       Decision Tree       
-----	  -----------------------  
	  Size      Errors   Cost  

   0	    26   87( 9.0%)   0.09
   1	    30  122(12.7%)   0.13
   2	    48  129(13.4%)   0.13
   3	    52   83( 8.6%)   0.09
   4	    41  108(11.2%)   0.11
   5	    34  113(11.7%)   0.12
   6	    45  115(11.9%)   0.12
   7	    48  104(10.8%)   0.11
   8	    45   83( 8.6%)   0.09
   9	    41  104(10.8%)   0.11
boost	          1( 0.1%)   0.00   <<


	   (a)   (b)    <-classified as
	  ----  ----
	   503     1    (a): class 0
	         460    (b): class 1


	Attribute usage:

	    100%  BITS
	    100%  BEST_COST
	    100%  COST_MSM
	    100%  TU_DEPTH
	     93%  AVG_NEIGH_DEPTH
	     88%  RATIO_2Nx2N-MSM
	     86%  RATIO_BEST_2Nx2N
	     77%  SSE
	     76%  SAD
	     75%  RATIO_BEST-MSM
	     72%  dQP
	     67%  COST_2Nx2N
	     61%  DISTORTION
	     58%  NON-Z-COEFF
	     54%  PU_SIZE
	     51%  PREDMV_MOD_FRAC
	     42%  MVD_MOD_INT
	     39%  MVP_IDX
	     35%  MV_MOD_INT
	     27%  COLOC_SPLIT
	     27%  PRED_MODE
	     27%  INTER_DIR
	     26%  MV_MOD_FRAC
	     24%  MVD_MOD_FRAC
	     13%  FME
	      9%  REF_IDX
	      2%  CTX_SPLIT


Time: 0.1 secs
