
C5.0 [Release 2.07 GPL Edition]  	Thu Feb 16 08:53:03 2017
-------------------------------

    Options:
	Boosted classifiers
	Application `./ONLINE/BOOST/BasketballPass_d2_qp27'

Read 384 cases (28 attributes) from ./ONLINE/BOOST/BasketballPass_d2_qp27.data

-----  Trial 0:  -----

Decision tree:

BITS <= 10: 0 (188/14)
BITS > 10:
:...BITS > 153:
    :...dQP in {2,4}: 1 (0)
    :   dQP = 1: 1 (50/2)
    :   dQP = 3:
    :   :...SAD <= 1330: 0 (2)
    :       SAD > 1330: 1 (5)
    BITS <= 153:
    :...AVG_NEIGH_DEPTH > 2.14286: 0 (29/4)
        AVG_NEIGH_DEPTH <= 2.14286:
        :...MV_MOD_FRAC in {0.25,0.353553,0.707107,0.75,1.06066}: 0 (31/9)
            MV_MOD_FRAC = 0.901388: 1 (12/4)
            MV_MOD_FRAC = 0.5:
            :...AVG_NEIGH_DEPTH <= 1.62353: 1 (9)
            :   AVG_NEIGH_DEPTH > 1.62353: 0 (3/1)
            MV_MOD_FRAC = 0.559017:
            :...MVD_MOD_FRAC in {0.353553,0.707107,0.75,0.790569,0.901388,
            :   :                1.06066}: 1 (0)
            :   MVD_MOD_FRAC in {0,0.5}: 0 (4)
            :   MVD_MOD_FRAC in {0.25,0.559017}: 1 (6)
            MV_MOD_FRAC = 0.790569:
            :...RATIO_BEST_2Nx2N <= 0.879538: 1 (8/2)
            :   RATIO_BEST_2Nx2N > 0.879538: 0 (6)
            MV_MOD_FRAC = 0:
            :...MVD_MOD_INT > 0: 0 (3)
                MVD_MOD_INT <= 0:
                :...MVP_IDX = 1: 1 (0)
                    MVP_IDX = 0: 1 (3)
                    MVP_IDX = -1:
                    :...TU_DEPTH = 2: 1 (0)
                        TU_DEPTH = 1: 1 (8/1)
                        TU_DEPTH = 0:
                        :...RATIO_2Nx2N-MSM <= 1.08549: 0 (13/2)
                            RATIO_2Nx2N-MSM > 1.08549: 1 (4)

-----  Trial 1:  -----

Decision tree:

COST_MSM <= 6187.88:
:...BITS <= 4: 0 (94.2)
:   BITS > 4:
:   :...REF_IDX = -1: 1 (6.1/2.3)
:       REF_IDX = 1: 1 (2.3)
:       REF_IDX = 0:
:       :...MV_MOD_INT <= 4.47214: 0 (24.8/1.6)
:           MV_MOD_INT > 4.47214: 1 (9/3.1)
COST_MSM > 6187.88:
:...BITS > 276: 1 (22.6)
    BITS <= 276:
    :...MV_MOD_FRAC = 0.353553: 1 (12.9/6.1)
        MV_MOD_FRAC = 0.5: 1 (22.1/5.4)
        MV_MOD_FRAC = 0.559017: 1 (14.6/7)
        MV_MOD_FRAC = 0.707107: 1 (10.4/1.6)
        MV_MOD_FRAC = 1.06066: 0 (1.6)
        MV_MOD_FRAC = 0.25:
        :...COST_MSM <= 7027.06: 0 (3.1)
        :   COST_MSM > 7027.06: 1 (34.4/6.2)
        MV_MOD_FRAC = 0.75:
        :...SSE <= 34535: 0 (22.3/6.7)
        :   SSE > 34535: 1 (3)
        MV_MOD_FRAC = 0.790569:
        :...REF_IDX = -1: 0 (0)
        :   REF_IDX = 0: 0 (19.2/4.7)
        :   REF_IDX = 1: 1 (3)
        MV_MOD_FRAC = 0.901388:
        :...COST_MSM <= 11047.5: 1 (10)
        :   COST_MSM > 11047.5: 0 (12.8/3.1)
        MV_MOD_FRAC = 0:
        :...NON-Z-COEFF <= 1: 0 (12.9/0.8)
            NON-Z-COEFF > 1:
            :...RATIO_BEST-MSM <= 0.597813: 0 (6.2)
                RATIO_BEST-MSM > 0.597813:
                :...MV_MOD_INT <= 1: 1 (32.7/5.4)
                    MV_MOD_INT > 1: 0 (3.9/0.8)

-----  Trial 2:  -----

Decision tree:

BITS > 153: 1 (45.4/7.6)
BITS <= 153:
:...COLOC_SPLIT = 0: 0 (88.3/5.5)
    COLOC_SPLIT = 1:
    :...PU_SIZE = 1: 1 (21.1/10.3)
    :   PU_SIZE = 2: 1 (11.7/1.8)
    :   PU_SIZE = 4: 0 (10)
    :   PU_SIZE = 5: 1 (3.7)
    :   PU_SIZE = 6: 0 (6.1/0.6)
    :   PU_SIZE = 7: 1 (16.4/8.2)
    :   PU_SIZE = 0:
    :   :...MVD_MOD_FRAC in {0.559017,0.707107,1.06066}: 0 (0)
    :       MVD_MOD_FRAC = 0.25: 1 (2.3)
    :       MVD_MOD_FRAC = 0.353553: 0 (1.9)
    :       MVD_MOD_FRAC = 0.5: 0 (2.5)
    :       MVD_MOD_FRAC = 0.75: 0 (1.9)
    :       MVD_MOD_FRAC = 0.790569: 0 (2.3)
    :       MVD_MOD_FRAC = 0.901388: 0 (3/0.6)
    :       MVD_MOD_FRAC = 0:
    :       :...TU_DEPTH = 2: 0 (0)
    :           TU_DEPTH = 1: 1 (6/0.6)
    :           TU_DEPTH = 0:
    :           :...RATIO_BEST_2Nx2N <= 0.845287: 0 (43.9/2.3)
    :               RATIO_BEST_2Nx2N > 0.845287:
    :               :...DISTORTION <= 8069: 0 (22.4/9.4)
    :                   DISTORTION > 8069: 1 (13.4)
    COLOC_SPLIT = 2:
    :...INTER_DIR = 0: 1 (0)
        INTER_DIR = 1: 1 (4.2)
        INTER_DIR = 2: 1 (4.2)
        INTER_DIR = 3:
        :...MV_MOD_INT > 3: 1 (11.2)
            MV_MOD_INT <= 3:
            :...REF_IDX = -1: 0 (0)
                REF_IDX = 1: 1 (2.3)
                REF_IDX = 0:
                :...BITS > 59: 0 (7.5)
                    BITS <= 59:
                    :...COST_MSM > 53157.4: 1 (5.5)
                        COST_MSM <= 53157.4:
                        :...COST_MSM > 29813.2: 0 (9.1)
                            COST_MSM <= 29813.2:
                            :...MVP_IDX = -1: 0 (29.6/7.8)
                                MVP_IDX = 0: 1 (3.1)
                                MVP_IDX = 1: 1 (4.8/1.2)

-----  Trial 3:  -----

Decision tree:

RATIO_BEST-MSM > 1.0263: 0 (30.3)
RATIO_BEST-MSM <= 1.0263:
:...MV_MOD_INT > 2.82843:
    :...BITS > 201: 1 (13.2)
    :   BITS <= 201:
    :   :...AVG_NEIGH_DEPTH > 2.13691: 0 (11.1/1)
    :       AVG_NEIGH_DEPTH <= 2.13691:
    :       :...COST_MSM > 18656.5: 0 (9.5/1)
    :           COST_MSM <= 18656.5:
    :           :...COLOC_SPLIT = 0: 0 (3)
    :               COLOC_SPLIT = 1: 1 (37.5/8.8)
    :               COLOC_SPLIT = 2: 1 (9.4/0.5)
    MV_MOD_INT <= 2.82843:
    :...BEST_COST <= 3023.82: 0 (26.9)
        BEST_COST > 3023.82:
        :...PREDMV_MOD_FRAC = 0.353553: 0 (11.8/1.5)
            PREDMV_MOD_FRAC = 0.5: 1 (20.7/8.4)
            PREDMV_MOD_FRAC = 0.559017: 0 (14.7/3.7)
            PREDMV_MOD_FRAC = 0.707107: 1 (11.5/4.5)
            PREDMV_MOD_FRAC = 0.75: 1 (20.5/10.2)
            PREDMV_MOD_FRAC = 0.790569: 1 (17.8/7.6)
            PREDMV_MOD_FRAC = 1.06066: 0 (0.5)
            PREDMV_MOD_FRAC = 0.25:
            :...RATIO_BEST-MSM <= 1.00733: 0 (21.1/0.5)
            :   RATIO_BEST-MSM > 1.00733: 1 (4.2/0.5)
            PREDMV_MOD_FRAC = 0.901388:
            :...FME = 1: 1 (0)
            :   FME = 0: 0 (2.4)
            :   FME = 2:
            :   :...NON-Z-COEFF <= 2: 1 (11.3/0.5)
            :       NON-Z-COEFF > 2: 0 (11.9/3.4)
            PREDMV_MOD_FRAC = 0:
            :...FME = 1: 1 (0.5)
                FME = 2: 1 (3.4)
                FME = 0:
                :...PU_SIZE = 4: 0 (0)
                    PU_SIZE = 1: 1 (13.6/6.5)
                    PU_SIZE = 2: 0 (8.3/3)
                    PU_SIZE = 5: 1 (1)
                    PU_SIZE = 6: 0 (5.5/0.5)
                    PU_SIZE = 7: 0 (14.4/1)
                    PU_SIZE = 0:
                    :...RATIO_BEST_2Nx2N <= 0.880861: 0 (26/5.3)
                        RATIO_BEST_2Nx2N > 0.880861: 1 (22.4/5.4)

-----  Trial 4:  -----

Decision tree:

RATIO_2Nx2N-MSM > 1.3841: 0 (48.6/1.5)
RATIO_2Nx2N-MSM <= 1.3841:
:...BITS > 153:
    :...NON-Z-COEFF > 3: 1 (16.9)
    :   NON-Z-COEFF <= 3:
    :   :...SSE <= 5261: 1 (13.7)
    :       SSE > 5261: 0 (16.7/4.7)
    BITS <= 153:
    :...COLOC_SPLIT = 0:
        :...RATIO_BEST_2Nx2N <= 0.572718: 1 (3.3)
        :   RATIO_BEST_2Nx2N > 0.572718: 0 (48.2/6.9)
        COLOC_SPLIT = 2:
        :...INTER_DIR = 0: 1 (0)
        :   INTER_DIR = 1: 1 (2.7)
        :   INTER_DIR = 2: 1 (3.5)
        :   INTER_DIR = 3:
        :   :...PREDMV_MOD_INT <= 1:
        :       :...RATIO_BEST-MSM <= 1.0189: 0 (25.4/1.6)
        :       :   RATIO_BEST-MSM > 1.0189: 1 (3.7/0.4)
        :       PREDMV_MOD_INT > 1:
        :       :...COST_MSM > 24597.2: 0 (12.6/3.1)
        :           COST_MSM <= 24597.2:
        :           :...COST_MSM <= 7635.83: 0 (2.7/0.4)
        :               COST_MSM > 7635.83: 1 (23.5/0.4)
        COLOC_SPLIT = 1:
        :...RATIO_BEST-MSM <= 0.62053: 0 (15)
            RATIO_BEST-MSM > 0.62053:
            :...PU_SIZE = 2: 1 (9.3/1.9)
                PU_SIZE = 4: 0 (9)
                PU_SIZE = 5: 1 (2.4)
                PU_SIZE = 6: 0 (6.2/1.9)
                PU_SIZE = 7: 0 (20.7/6.9)
                PU_SIZE = 1:
                :...TU_DEPTH = 2: 0 (0)
                :   TU_DEPTH = 0: 0 (14.8/1.6)
                :   TU_DEPTH = 1: 1 (9.2/3.1)
                PU_SIZE = 0:
                :...MVP_IDX = 0: 1 (6.8/3.4)
                    MVP_IDX = 1: 0 (7.4)
                    MVP_IDX = -1:
                    :...TU_DEPTH = 2: 1 (0)
                        TU_DEPTH = 1: 1 (6.1)
                        TU_DEPTH = 0:
                        :...DISTORTION > 11282: 1 (5.6)
                            DISTORTION <= 11282:
                            :...AVG_NEIGH_DEPTH <= 1.44737: 0 (12.7)
                                AVG_NEIGH_DEPTH > 1.44737:
                                :...RATIO_BEST-MSM <= 1.01048: 0 (16.9/3.3)
                                    RATIO_BEST-MSM > 1.01048: 1 (20.3/2.8)

-----  Trial 5:  -----

Decision tree:

BITS > 276: 1 (26.3)
BITS <= 276:
:...RATIO_BEST-MSM > 1.0263: 0 (27)
    RATIO_BEST-MSM <= 1.0263:
    :...CTX_SPLIT = 6: 1 (2.3)
        CTX_SPLIT = 0:
        :...RATIO_2Nx2N-MSM <= 0.98548: 1 (10.4/2.5)
        :   RATIO_2Nx2N-MSM > 0.98548: 0 (21.5)
        CTX_SPLIT = 3:
        :...RATIO_2Nx2N-MSM <= 0.761401: 0 (7.2)
        :   RATIO_2Nx2N-MSM > 0.761401: 1 (65/18.6)
        CTX_SPLIT = 5:
        :...BITS <= 30: 1 (5.5)
        :   BITS > 30: 0 (18.7/4.4)
        CTX_SPLIT = 4:
        :...MV_MOD_INT > 4: 1 (6.4)
        :   MV_MOD_INT <= 4:
        :   :...COLOC_SPLIT = 0: 0 (0.3)
        :       COLOC_SPLIT = 1: 0 (19.1/1.5)
        :       COLOC_SPLIT = 2: 1 (10.1/2.7)
        CTX_SPLIT = 2:
        :...SSE > 31558: 1 (6.3)
        :   SSE <= 31558:
        :   :...NON-Z-COEFF > 4: 0 (11.6)
        :       NON-Z-COEFF <= 4:
        :       :...BITS > 58: 1 (8.5/0.3)
        :           BITS <= 58:
        :           :...FME = 0: 0 (7/1.5)
        :               FME = 1: 1 (9.9/3.4)
        :               FME = 2: 0 (26.1/3.4)
        CTX_SPLIT = 1:
        :...SSE > 12680: 1 (15.1/1.8)
            SSE <= 12680:
            :...INTER_DIR = 0: 1 (5.5)
                INTER_DIR = 1: 0 (10.5/2.7)
                INTER_DIR = 2: 0 (1.7)
                INTER_DIR = 3:
                :...MVP_IDX = 0: 1 (1.8)
                    MVP_IDX = 1: 0 (7.5)
                    MVP_IDX = -1:
                    :...PU_SIZE in {4,5,6}: 0 (0)
                        PU_SIZE = 1: 1 (3.4)
                        PU_SIZE = 2: 1 (1.7)
                        PU_SIZE = 7: 0 (6.2)
                        PU_SIZE = 0:
                        :...DISTORTION <= 9060: 0 (35.8/7.9)
                            DISTORTION > 9060: 1 (5.5/0.3)

-----  Trial 6:  -----

Decision tree:

BITS > 153: 1 (56.1/7.4)
BITS <= 153:
:...MVD_MOD_FRAC in {0.707107,1.06066}: 0 (0)
    MVD_MOD_FRAC = 0.353553: 0 (15.2/7.6)
    MVD_MOD_FRAC = 0.5: 0 (9.3/0.2)
    MVD_MOD_FRAC = 0.559017: 1 (7.8/2.4)
    MVD_MOD_FRAC = 0.75: 0 (5.9/1.6)
    MVD_MOD_FRAC = 0.790569: 1 (4.5/0.9)
    MVD_MOD_FRAC = 0.901388: 0 (7.4/2.4)
    MVD_MOD_FRAC = 0.25:
    :...RATIO_BEST-MSM <= 0.597813: 1 (7)
    :   RATIO_BEST-MSM > 0.597813: 0 (16.6/2.8)
    MVD_MOD_FRAC = 0:
    :...MV_MOD_INT > 4: 1 (17.6/2.5)
        MV_MOD_INT <= 4:
        :...RATIO_2Nx2N-MSM > 1.38541: 0 (34.1)
            RATIO_2Nx2N-MSM <= 1.38541:
            :...PREDMV_MOD_FRAC = 0.25: 0 (15.9/5.3)
                PREDMV_MOD_FRAC = 0.353553: 0 (2.9)
                PREDMV_MOD_FRAC = 0.5: 1 (12.7/4)
                PREDMV_MOD_FRAC = 0.559017: 0 (8.4/1.6)
                PREDMV_MOD_FRAC = 0.707107: 0 (9.1/3)
                PREDMV_MOD_FRAC = 0.790569: 0 (15.3/7.6)
                PREDMV_MOD_FRAC = 0.901388: 1 (13.6/2.8)
                PREDMV_MOD_FRAC = 1.06066: 0 (0.2)
                PREDMV_MOD_FRAC = 0.75:
                :...RATIO_2Nx2N-MSM <= 1.01501: 1 (6.2)
                :   RATIO_2Nx2N-MSM > 1.01501: 0 (22.4/1.6)
                PREDMV_MOD_FRAC = 0:
                :...MVD_MOD_INT > 1: 0 (6.3)
                    MVD_MOD_INT <= 1:
                    :...MVP_IDX = 1: 0 (0)
                        MVP_IDX = 0: 1 (8.2/1.2)
                        MVP_IDX = -1:
                        :...PU_SIZE = 1: 1 (11.5/3.2)
                            PU_SIZE = 2: 0 (2.8/1.3)
                            PU_SIZE = 4: 0 (0.2)
                            PU_SIZE = 5: 1 (1.6)
                            PU_SIZE = 6: 0 (6.3/0.7)
                            PU_SIZE = 7: 0 (9.1/2.4)
                            PU_SIZE = 0:
                            :...COLOC_SPLIT = 0: 0 (18.2)
                                COLOC_SPLIT = 2: 0 (0.2)
                                COLOC_SPLIT = 1:
                                :...DISTORTION <= 2412: 0 (11.4)
                                    DISTORTION > 2412: 1 (20.2/8.5)

-----  Trial 7:  -----

Decision tree:

BEST_COST <= 3023.82:
:...SAD <= 369: 1 (2.1/0.4)
:   SAD > 369: 0 (32.9)
BEST_COST > 3023.82:
:...BITS > 207:
    :...RATIO_BEST_2Nx2N <= 0.717052: 0 (3.7/0.6)
    :   RATIO_BEST_2Nx2N > 0.717052: 1 (24.9)
    BITS <= 207:
    :...MVD_MOD_FRAC in {0.707107,1.06066}: 0 (0)
        MVD_MOD_FRAC = 0.353553: 1 (17.1/6.2)
        MVD_MOD_FRAC = 0.5: 0 (8.6/1.3)
        MVD_MOD_FRAC = 0.559017: 0 (14/4.9)
        MVD_MOD_FRAC = 0.75: 0 (6.1/2.6)
        MVD_MOD_FRAC = 0.790569: 1 (5.5/2)
        MVD_MOD_FRAC = 0.901388: 1 (10.9/4.1)
        MVD_MOD_FRAC = 0.25:
        :...NON-Z-COEFF <= 2: 1 (9.6)
        :   NON-Z-COEFF > 2: 0 (13.8/4.2)
        MVD_MOD_FRAC = 0:
        :...PREDMV_MOD_INT > 4: 1 (12.9/1.8)
            PREDMV_MOD_INT <= 4:
            :...RATIO_2Nx2N-MSM > 1.38541: 0 (19.6)
                RATIO_2Nx2N-MSM <= 1.38541:
                :...RATIO_2Nx2N-MSM <= 0.805533: 0 (24/2.2)
                    RATIO_2Nx2N-MSM > 0.805533:
                    :...PREDMV_MOD_FRAC = 0.25: 1 (17.9/8.4)
                        PREDMV_MOD_FRAC = 0.353553: 0 (6.3)
                        PREDMV_MOD_FRAC = 0.5: 1 (10.4/4.8)
                        PREDMV_MOD_FRAC = 0.559017: 0 (8.1/2.6)
                        PREDMV_MOD_FRAC = 0.707107: 1 (7.6/2.4)
                        PREDMV_MOD_FRAC = 0.790569: 1 (16.8/4.9)
                        PREDMV_MOD_FRAC = 0.901388: 1 (11.9/3.1)
                        PREDMV_MOD_FRAC = 1.06066: 0 (0.2)
                        PREDMV_MOD_FRAC = 0.75:
                        :...RATIO_2Nx2N-MSM <= 1.01501: 1 (5)
                        :   RATIO_2Nx2N-MSM > 1.01501: 0 (19.8/3.3)
                        PREDMV_MOD_FRAC = 0:
                        :...MV_MOD_INT > 0: 0 (8.7)
                            MV_MOD_INT <= 0:
                            :...TU_DEPTH = 1: 1 (11.7/0.8)
                                TU_DEPTH = 2: 0 (2.4/0.6)
                                TU_DEPTH = 0:
                                :...AVG_NEIGH_DEPTH > 2.00893: 0 (21.2/3.8)
                                    AVG_NEIGH_DEPTH <= 2.00893:
                                    :...NON-Z-COEFF <= 3: 0 (9.5/2.1)
                                        NON-Z-COEFF > 3: 1 (20.8/0.4)

-----  Trial 8:  -----

Decision tree:

BEST_COST <= 3023.82: 0 (30.3/1.3)
BEST_COST > 3023.82:
:...BITS > 153:
    :...COST_2Nx2N <= 12361: 1 (23)
    :   COST_2Nx2N > 12361:
    :   :...BITS <= 276: 0 (12.9/3.6)
    :       BITS > 276: 1 (12)
    BITS <= 153:
    :...COLOC_SPLIT = 0:
        :...COST_MSM <= 25991.3: 0 (36.2/5.2)
        :   COST_MSM > 25991.3: 1 (3.9)
        COLOC_SPLIT = 2:
        :...INTER_DIR = 0: 1 (0)
        :   INTER_DIR = 1: 1 (4.3)
        :   INTER_DIR = 2: 1 (5.6)
        :   INTER_DIR = 3:
        :   :...MV_MOD_INT > 3: 1 (10.7)
        :       MV_MOD_INT <= 3:
        :       :...MVP_IDX = 0: 1 (9.6/1.6)
        :           MVP_IDX = 1: 1 (17.2/5.7)
        :           MVP_IDX = -1:
        :           :...SSE <= 34535: 0 (36.7/7)
        :               SSE > 34535: 1 (5.2/1)
        COLOC_SPLIT = 1:
        :...PU_SIZE = 2: 1 (13/6.1)
            PU_SIZE = 4: 0 (10.8)
            PU_SIZE = 5: 1 (3.9)
            PU_SIZE = 6: 1 (5.2/1.7)
            PU_SIZE = 7: 1 (17.4/5.5)
            PU_SIZE = 1:
            :...NON-Z-COEFF > 6: 1 (2.7)
            :   NON-Z-COEFF <= 6:
            :   :...AVG_NEIGH_DEPTH <= 1.70197: 0 (12.3)
            :       AVG_NEIGH_DEPTH > 1.70197: 1 (12.2/5.5)
            PU_SIZE = 0:
            :...TU_DEPTH = 1: 1 (9.4/3.8)
                TU_DEPTH = 2: 0 (1.6)
                TU_DEPTH = 0:
                :...RATIO_BEST_2Nx2N <= 0.845287: 0 (37.3/2.6)
                    RATIO_BEST_2Nx2N > 0.845287:
                    :...COST_2Nx2N > 9727.41: 1 (15.5)
                        COST_2Nx2N <= 9727.41:
                        :...BEST_COST <= 3567.46: 1 (5.2)
                            BEST_COST > 3567.46: 0 (29.9/5.8)

-----  Trial 9:  -----

Decision tree:

BITS > 153: 1 (43.9/7.4)
BITS <= 153:
:...COLOC_SPLIT = 0:
    :...RATIO_BEST-MSM > 0.969359: 0 (30)
    :   RATIO_BEST-MSM <= 0.969359:
    :   :...PREDMV_MOD_INT <= 1: 1 (17.9/4.4)
    :       PREDMV_MOD_INT > 1: 0 (5.7)
    COLOC_SPLIT = 2:
    :...INTER_DIR = 0: 1 (0)
    :   INTER_DIR = 1: 1 (3.4)
    :   INTER_DIR = 2: 1 (4.4)
    :   INTER_DIR = 3:
    :   :...MV_MOD_INT > 3: 1 (8.5)
    :       MV_MOD_INT <= 3:
    :       :...FME = 0: 0 (5.2)
    :           FME = 1: 1 (20.8/6.3)
    :           FME = 2:
    :           :...AVG_NEIGH_DEPTH <= 1.27353: 0 (12.3)
    :               AVG_NEIGH_DEPTH > 1.27353:
    :               :...RATIO_2Nx2N-MSM > 1.11621: 0 (8.2)
    :                   RATIO_2Nx2N-MSM <= 1.11621:
    :                   :...TU_DEPTH = 0: 1 (21.6/5.8)
    :                       TU_DEPTH = 1: 0 (7.8/1.3)
    :                       TU_DEPTH = 2: 1 (2.9)
    COLOC_SPLIT = 1:
    :...RATIO_BEST-MSM <= 0.62053: 0 (14.6)
        RATIO_BEST-MSM > 0.62053:
        :...PU_SIZE = 2: 1 (10.7/5.2)
            PU_SIZE = 4: 0 (8.7)
            PU_SIZE = 5: 1 (3.1)
            PU_SIZE = 6: 0 (11.4/2.8)
            PU_SIZE = 1:
            :...MV_MOD_INT <= 1: 1 (3.6)
            :   MV_MOD_INT > 1: 0 (21.7/3.8)
            PU_SIZE = 7:
            :...PREDMV_MOD_INT <= 0: 0 (19.4/5.2)
            :   PREDMV_MOD_INT > 0: 1 (4.2)
            PU_SIZE = 0:
            :...MVD_MOD_FRAC in {0.559017,0.707107,1.06066}: 0 (0)
                MVD_MOD_FRAC = 0.25: 1 (3.3)
                MVD_MOD_FRAC = 0.353553: 0 (2.9)
                MVD_MOD_FRAC = 0.5: 0 (1.2)
                MVD_MOD_FRAC = 0.75: 0 (0.7)
                MVD_MOD_FRAC = 0.790569: 0 (4.8)
                MVD_MOD_FRAC = 0.901388: 0 (3.3/1.4)
                MVD_MOD_FRAC = 0:
                :...TU_DEPTH = 2: 0 (0)
                    TU_DEPTH = 1: 1 (4.4)
                    TU_DEPTH = 0:
                    :...AVG_NEIGH_DEPTH <= 1.29126: 0 (11)
                        AVG_NEIGH_DEPTH > 1.29126:
                        :...RATIO_BEST_2Nx2N <= 0.737879: 0 (11.9)
                            RATIO_BEST_2Nx2N > 0.737879:
                            :...NON-Z-COEFF > 21: 0 (2.7)
                                NON-Z-COEFF <= 21:
                                :...RATIO_BEST-MSM > 1.02333: 0 (2.7)
                                    RATIO_BEST-MSM <= 1.02333:
                                    :...RATIO_BEST-MSM > 1.01666: 1 (10.5)
                                        RATIO_BEST-MSM <= 1.01666:
                                        :...BITS <= 1: 1 (10.5/0.8)
                                            BITS > 1: 0 (23.8/8.1)


Evaluation on training data (384 cases):

Trial	       Decision Tree       
-----	  -----------------------  
	  Size      Errors   Cost  

   0	    18   39(10.2%)   0.10
   1	    23   62(16.1%)   0.16
   2	    28   38( 9.9%)   0.10
   3	    29   86(22.4%)   0.22
   4	    28   40(10.4%)   0.10
   5	    30   53(13.8%)   0.14
   6	    33   57(14.8%)   0.15
   7	    31   59(15.4%)   0.15
   8	    27   39(10.2%)   0.10
   9	    37   34( 8.9%)   0.09
boost	          0( 0.0%)   0.00   <<


	   (a)   (b)    <-classified as
	  ----  ----
	   258          (a): class 0
	         126    (b): class 1


	Attribute usage:

	    100%  BITS
	    100%  BEST_COST
	    100%  COST_MSM
	    100%  RATIO_2Nx2N-MSM
	    100%  RATIO_BEST-MSM
	    100%  MV_MOD_INT
	     90%  MVD_MOD_FRAC
	     86%  COLOC_SPLIT
	     77%  CTX_SPLIT
	     67%  PREDMV_MOD_FRAC
	     64%  AVG_NEIGH_DEPTH
	     59%  PU_SIZE
	     59%  PREDMV_MOD_INT
	     59%  RATIO_BEST_2Nx2N
	     54%  MVP_IDX
	     54%  MV_MOD_FRAC
	     53%  NON-Z-COEFF
	     50%  SSE
	     43%  TU_DEPTH
	     41%  FME
	     35%  INTER_DIR
	     28%  REF_IDX
	     28%  MVD_MOD_INT
	     26%  SAD
	     21%  COST_2Nx2N
	     18%  DISTORTION
	     15%  dQP


Time: 0.0 secs
