
C5.0 [Release 2.07 GPL Edition]  	Thu Feb 16 08:53:00 2017
-------------------------------

    Options:
	Boosted classifiers
	Application `./ONLINE/BOOST/BasketballPass_d0_qp37'

Read 90 cases (28 attributes) from ./ONLINE/BOOST/BasketballPass_d0_qp37.data

-----  Trial 0:  -----

Decision tree:

COST_MSM <= 239459: 0 (44)
COST_MSM > 239459:
:...TU_DEPTH in {1,2}: 1 (13)
    TU_DEPTH = 0:
    :...MV_MOD_FRAC in {0.707107,0.75,1.06066}: 1 (0)
        MV_MOD_FRAC in {0.25,0.353553,0.5,0.559017}: 1 (11/2)
        MV_MOD_FRAC in {0.790569,0.901388}: 0 (2)
        MV_MOD_FRAC = 0:
        :...AVG_NEIGH_DEPTH <= 0.904211: 0 (9/1)
            AVG_NEIGH_DEPTH > 0.904211:
            :...COST_MSM <= 355264: 0 (3/1)
                COST_MSM > 355264: 1 (8)

-----  Trial 1:  -----

Decision tree:

COST_MSM <= 239459: 0 (33.5)
COST_MSM > 239459:
:...RATIO_2Nx2N-MSM <= 1.08802: 1 (40.4/6.1)
    RATIO_2Nx2N-MSM > 1.08802: 0 (16.1/0.8)

-----  Trial 2:  -----

Decision tree:

TU_DEPTH = 1: 1 (4.1)
TU_DEPTH = 2: 1 (3.5)
TU_DEPTH = 0:
:...BEST_COST <= 221512: 0 (26.4)
    BEST_COST > 221512:
    :...AVG_NEIGH_DEPTH <= 0.904211:
        :...SSE <= 159804: 1 (4.7)
        :   SSE > 159804: 0 (34.4/3.5)
        AVG_NEIGH_DEPTH > 0.904211:
        :...dQP in {1,2}: 1 (0)
            dQP = 3: 0 (5.8/2.3)
            dQP = 4: 1 (11.1)

-----  Trial 3:  -----

Decision tree:

COST_MSM <= 239459: 0 (19.8)
COST_MSM > 239459:
:...NON-Z-COEFF > 7: 1 (24/2.2)
    NON-Z-COEFF <= 7:
    :...COST_2Nx2N <= 261648: 1 (7.7)
        COST_2Nx2N > 261648:
        :...AVG_NEIGH_DEPTH <= 1.02477: 0 (28.7/6.4)
            AVG_NEIGH_DEPTH > 1.02477: 1 (9.7/2.2)

-----  Trial 4:  -----

Decision tree:

BEST_COST <= 212749: 0 (18.1)
BEST_COST > 212749:
:...PU_SIZE = 1: 1 (12.6)
    PU_SIZE = 4: 1 (2)
    PU_SIZE = 5: 0 (1.7)
    PU_SIZE = 6: 0 (4.6)
    PU_SIZE = 7: 1 (7/1.7)
    PU_SIZE = 0:
    :...RATIO_BEST_2Nx2N <= 0.918439: 0 (9.5/1.7)
    :   RATIO_BEST_2Nx2N > 0.918439: 1 (23.4/2.8)
    PU_SIZE = 2:
    :...AVG_NEIGH_DEPTH <= 0.9375: 0 (5.6)
        AVG_NEIGH_DEPTH > 0.9375: 1 (5.5)

-----  Trial 5:  -----

Decision tree:

COST_MSM <= 239459: 0 (21.9)
COST_MSM > 239459:
:...MVP_IDX = 0: 1 (3.7)
    MVP_IDX = 1: 1 (2.8)
    MVP_IDX = -1:
    :...RATIO_2Nx2N-MSM <= 0.969221: 0 (16.9/2.1)
        RATIO_2Nx2N-MSM > 0.969221:
        :...COLOC_SPLIT = 0: 1 (2.2)
            COLOC_SPLIT = 1:
            :...MV_MOD_INT <= 1.41421: 1 (4.4)
            :   MV_MOD_INT > 1.41421: 0 (7.4)
            COLOC_SPLIT = 2:
            :...NON-Z-COEFF <= 2: 0 (9.4/4)
                NON-Z-COEFF > 2: 1 (21.4/0.3)

-----  Trial 6:  -----

Decision tree:

COST_MSM <= 239459: 0 (16.8)
COST_MSM > 239459:
:...AVG_NEIGH_DEPTH > 0.904211:
    :...DISTORTION <= 197274: 0 (2.7)
    :   DISTORTION > 197274: 1 (37.5/1)
    AVG_NEIGH_DEPTH <= 0.904211:
    :...FME = 0: 0 (18.4/1.7)
        FME = 1: 1 (4/1.7)
        FME = 2:
        :...RATIO_BEST_2Nx2N <= 0.909871: 0 (2.1)
            RATIO_BEST_2Nx2N > 0.909871: 1 (8.5)

-----  Trial 7:  -----

Decision tree:

COST_MSM <= 239459: 0 (12.8)
COST_MSM > 239459:
:...SSE <= 177332: 1 (15)
    SSE > 177332:
    :...SAD <= 19279: 0 (15.9)
        SAD > 19279:
        :...COST_MSM > 355264: 1 (29.7/3.7)
            COST_MSM <= 355264:
            :...SAD <= 19559: 1 (3.5)
                SAD > 19559: 0 (13.1)

-----  Trial 8:  -----

Decision tree:

PU_SIZE = 1: 1 (6.1)
PU_SIZE = 4: 1 (0.7)
PU_SIZE = 5: 0 (5.9)
PU_SIZE = 6: 0 (9)
PU_SIZE = 7: 0 (7.2/3.4)
PU_SIZE = 2:
:...AVG_NEIGH_DEPTH <= 0.9375: 0 (17.7)
:   AVG_NEIGH_DEPTH > 0.9375: 1 (5.3)
PU_SIZE = 0:
:...dQP = 2: 0 (0)
    dQP = 1: 1 (2.8/1)
    dQP = 3: 0 (4)
    dQP = 4:
    :...RATIO_2Nx2N-MSM <= 1.08802:
        :...BITS <= 5: 1 (15.8/1.7)
        :   BITS > 5: 0 (2.3/0.1)
        RATIO_2Nx2N-MSM > 1.08802:
        :...COST_2Nx2N <= 424558: 0 (10.8)
            COST_2Nx2N > 424558: 1 (2.2)

-----  Trial 9:  -----

Decision tree:

COST_MSM <= 239459: 0 (22)
COST_MSM > 239459:
:...AVG_NEIGH_DEPTH <= 0.904211:
    :...SSE <= 177332: 1 (6.3)
    :   SSE > 177332: 0 (33.3/3.4)
    AVG_NEIGH_DEPTH > 0.904211:
    :...MV_MOD_INT <= 3: 1 (23/1.2)
        MV_MOD_INT > 3: 0 (5.4/0.8)


Evaluation on training data (90 cases):

Trial	       Decision Tree       
-----	  -----------------------  
	  Size      Errors   Cost  

   0	     7    4( 4.4%)   0.04
   1	     3    9(10.0%)   0.10
   2	     7   10(11.1%)   0.11
   3	     5    7( 7.8%)   0.08
   4	    10    6( 6.7%)   0.07
   5	     9    7( 7.8%)   0.08
   6	     7    3( 3.3%)   0.03
   7	     6    3( 3.3%)   0.03
   8	    13   14(15.6%)   0.16
   9	     5   10(11.1%)   0.11
boost	          0( 0.0%)   0.00   <<


	   (a)   (b)    <-classified as
	  ----  ----
	    58          (a): class 0
	          32    (b): class 1


	Attribute usage:

	    100%  PU_SIZE
	    100%  BEST_COST
	    100%  COST_MSM
	    100%  TU_DEPTH
	     81%  RATIO_2Nx2N-MSM
	     78%  dQP
	     66%  COST_2Nx2N
	     56%  AVG_NEIGH_DEPTH
	     54%  SSE
	     51%  NON-Z-COEFF
	     51%  MVP_IDX
	     44%  SAD
	     37%  MV_MOD_FRAC
	     33%  MV_MOD_INT
	     29%  DISTORTION
	     29%  RATIO_BEST_2Nx2N
	     29%  COLOC_SPLIT
	     22%  FME
	     12%  BITS


Time: 0.0 secs
