
C5.0 [Release 2.07 GPL Edition]  	Thu Feb 16 08:53:01 2017
-------------------------------

    Options:
	Boosted classifiers
	Application `./ONLINE/BOOST/BasketballPass_d2_qp32'

Read 252 cases (28 attributes) from ./ONLINE/BOOST/BasketballPass_d2_qp32.data

-----  Trial 0:  -----

Decision tree:

BITS <= 10: 0 (129/8)
BITS > 10:
:...DISTORTION <= 5535: 0 (20/1)
    DISTORTION > 5535:
    :...BITS > 155: 1 (30/1)
        BITS <= 155:
        :...PREDMV_MOD_FRAC = 1.06066: 1 (0)
            PREDMV_MOD_FRAC in {0.5,0.901388}: 1 (12/1)
            PREDMV_MOD_FRAC = 0.707107: 0 (4)
            PREDMV_MOD_FRAC = 0.25:
            :...PRED_MODE in {0,3}: 1 (0)
            :   PRED_MODE = 1: 1 (5)
            :   PRED_MODE = 2: 0 (3)
            PREDMV_MOD_FRAC = 0.353553:
            :...DISTORTION <= 35573: 0 (2)
            :   DISTORTION > 35573: 1 (3)
            PREDMV_MOD_FRAC = 0.559017:
            :...RATIO_BEST_2Nx2N <= 0.959812: 1 (2)
            :   RATIO_BEST_2Nx2N > 0.959812: 0 (2)
            PREDMV_MOD_FRAC = 0.75:
            :...NON-Z-COEFF <= 2: 0 (6/1)
            :   NON-Z-COEFF > 2: 1 (2)
            PREDMV_MOD_FRAC = 0.790569:
            :...AVG_NEIGH_DEPTH <= 1.77941: 1 (3)
            :   AVG_NEIGH_DEPTH > 1.77941: 0 (2)
            PREDMV_MOD_FRAC = 0:
            :...PRED_MODE = 0: 0 (0)
                PRED_MODE = 1: 0 (8/1)
                PRED_MODE = 2:
                :...COLOC_SPLIT in {0,2}: 0 (6/2)
                :   COLOC_SPLIT = 1: 1 (7/1)
                PRED_MODE = 3:
                :...TU_DEPTH in {0,2}: 1 (4)
                    TU_DEPTH = 1: 0 (2)

-----  Trial 1:  -----

Decision tree:

BITS <= 3:
:...REF_IDX = -1: 0 (3.1)
:   REF_IDX = 0: 0 (69.6/4.4)
:   REF_IDX = 1: 1 (6.7/2.3)
BITS > 3:
:...BITS > 136: 1 (28.2/5.2)
    BITS <= 136:
    :...INTER_DIR = 0: 0 (13/3.1)
        INTER_DIR = 1: 0 (20.5/4.6)
        INTER_DIR = 2: 1 (8.3/3.8)
        INTER_DIR = 3:
        :...MV_MOD_FRAC = 1.06066: 1 (0)
            MV_MOD_FRAC = 0.353553: 0 (5.4/1.5)
            MV_MOD_FRAC = 0.5: 1 (3.8/1.5)
            MV_MOD_FRAC = 0.559017: 1 (9/1.5)
            MV_MOD_FRAC = 0.707107: 0 (1.5)
            MV_MOD_FRAC = 0.75: 1 (13.5/4.6)
            MV_MOD_FRAC = 0.790569: 1 (10.6/3.8)
            MV_MOD_FRAC = 0.901388: 0 (7.7/2.3)
            MV_MOD_FRAC = 0.25:
            :...DISTORTION <= 10327: 0 (2.3)
            :   DISTORTION > 10327: 1 (16.4)
            MV_MOD_FRAC = 0:
            :...RATIO_BEST_2Nx2N > 0.876307: 0 (9.8/1.5)
                RATIO_BEST_2Nx2N <= 0.876307:
                :...BITS <= 10: 0 (3.8)
                    BITS > 10: 1 (18.7/2.3)

-----  Trial 2:  -----

Decision tree:

RATIO_BEST_2Nx2N <= 0.51587: 0 (23.4)
RATIO_BEST_2Nx2N > 0.51587:
:...TU_DEPTH = 2: 1 (15.6/1.2)
    TU_DEPTH = 1:
    :...PREDMV_MOD_INT > 2.23607: 1 (16.2/1.8)
    :   PREDMV_MOD_INT <= 2.23607:
    :   :...DISTORTION > 28581: 0 (3.3)
    :       DISTORTION <= 28581:
    :       :...dQP in {2,4}: 1 (0)
    :           dQP = 3: 1 (3.6)
    :           dQP = 1:
    :           :...NON-Z-COEFF <= 1: 1 (5.4)
    :               NON-Z-COEFF > 1: 0 (21.7/6.4)
    TU_DEPTH = 0:
    :...COST_2Nx2N > 42560: 1 (32.4/7.5)
        COST_2Nx2N <= 42560:
        :...PU_SIZE = 1: 1 (10.6/1.8)
            PU_SIZE = 2: 0 (4.2)
            PU_SIZE = 4: 1 (1.7)
            PU_SIZE = 5: 0 (1.2)
            PU_SIZE = 6: 0 (1.2)
            PU_SIZE = 7: 0 (3.3)
            PU_SIZE = 0:
            :...REF_IDX = 1: 1 (10/2.3)
                REF_IDX = -1:
                :...COST_2Nx2N <= 13803: 0 (10.7)
                :   COST_2Nx2N > 13803: 1 (6.2)
                REF_IDX = 0:
                :...RATIO_2Nx2N-MSM > 1.95281: 1 (6/0.6)
                    RATIO_2Nx2N-MSM <= 1.95281:
                    :...RATIO_2Nx2N-MSM > 1.04562: 0 (59.7)
                        RATIO_2Nx2N-MSM <= 1.04562:
                        :...NON-Z-COEFF <= 1: 1 (7.1)
                            NON-Z-COEFF > 1: 0 (8.3)

-----  Trial 3:  -----

Decision tree:

TU_DEPTH = 2:
:...dQP in {2,4}: 1 (0)
:   dQP = 1: 1 (13.8/2.7)
:   dQP = 3: 0 (2.7)
TU_DEPTH = 1:
:...MVD_MOD_FRAC in {0.25,0.790569,1.06066}: 1 (0)
:   MVD_MOD_FRAC = 0.353553: 1 (0.5)
:   MVD_MOD_FRAC = 0.5: 0 (8.6/1.8)
:   MVD_MOD_FRAC = 0.559017: 1 (1)
:   MVD_MOD_FRAC = 0.707107: 1 (1.3)
:   MVD_MOD_FRAC = 0.75: 1 (2.6)
:   MVD_MOD_FRAC = 0.901388: 1 (4.7)
:   MVD_MOD_FRAC = 0:
:   :...MV_MOD_FRAC in {0.25,0.559017,0.901388,1.06066}: 1 (0)
:       MV_MOD_FRAC = 0.353553: 1 (1.3)
:       MV_MOD_FRAC = 0.5: 1 (1)
:       MV_MOD_FRAC = 0.707107: 0 (0.5)
:       MV_MOD_FRAC = 0.75: 0 (1.3)
:       MV_MOD_FRAC = 0.790569: 0 (5.9/0.5)
:       MV_MOD_FRAC = 0:
:       :...RATIO_BEST-MSM <= 0.685754: 0 (14/5.4)
:           RATIO_BEST-MSM > 0.685754: 1 (19.1)
TU_DEPTH = 0:
:...INTER_DIR = 0: 1 (9.6/4.3)
    INTER_DIR = 1: 0 (16.6)
    INTER_DIR = 2: 0 (7.1)
    INTER_DIR = 3:
    :...RATIO_BEST_2Nx2N <= 0.90308: 0 (107.8/22)
        RATIO_BEST_2Nx2N > 0.90308:
        :...PU_SIZE in {2,5}: 1 (0)
            PU_SIZE = 1: 1 (3.1)
            PU_SIZE = 4: 1 (1.3)
            PU_SIZE = 6: 1 (0.5)
            PU_SIZE = 7: 1 (0.5)
            PU_SIZE = 0:
            :...FME = 0: 0 (5.7)
                FME = 1: 1 (5.9/2.7)
                FME = 2:
                :...PRED_MODE = 3: 1 (0)
                    PRED_MODE = 0: 1 (12.3/1.3)
                    PRED_MODE = 1: 0 (2.7/1)
                    PRED_MODE = 2: 0 (1)

-----  Trial 4:  -----

Decision tree:

BITS <= 2:
:...AVG_NEIGH_DEPTH <= 2: 0 (31.2)
:   AVG_NEIGH_DEPTH > 2: 1 (2.2)
BITS > 2:
:...DISTORTION <= 5535:
    :...PU_SIZE in {2,4,5,7}: 0 (0)
    :   PU_SIZE = 1: 1 (6.2/2.2)
    :   PU_SIZE = 6: 0 (0.4)
    :   PU_SIZE = 0:
    :   :...REF_IDX = -1: 0 (18.3)
    :       REF_IDX = 0: 0 (9.6)
    :       REF_IDX = 1: 1 (2.2)
    DISTORTION > 5535:
    :...INTER_DIR = 0: 1 (11.5/0.8)
        INTER_DIR = 2: 0 (6.3/2.2)
        INTER_DIR = 1:
        :...FME = 0: 1 (7.8/1.1)
        :   FME = 1: 1 (1.1)
        :   FME = 2:
        :   :...RATIO_2Nx2N-MSM <= 0.747238: 1 (3.2)
        :       RATIO_2Nx2N-MSM > 0.747238: 0 (24.4/2.9)
        INTER_DIR = 3:
        :...AVG_NEIGH_DEPTH <= 0.903101: 0 (11.7/1.1)
            AVG_NEIGH_DEPTH > 0.903101:
            :...PU_SIZE = 2: 1 (26.1/2.8)
                PU_SIZE = 4: 1 (1.4)
                PU_SIZE = 5: 0 (2.5)
                PU_SIZE = 6: 1 (3.2/0.4)
                PU_SIZE = 7: 1 (4/1.4)
                PU_SIZE = 1:
                :...BITS <= 65: 1 (20.7)
                :   BITS > 65: 0 (10.2/1.8)
                PU_SIZE = 0:
                :...NON-Z-COEFF > 3: 0 (9.5)
                    NON-Z-COEFF <= 3:
                    :...RATIO_BEST-MSM <= 1: 0 (9/3.6)
                        RATIO_BEST-MSM > 1:
                        :...MV_MOD_INT <= 1: 0 (13.3/2.6)
                            MV_MOD_INT > 1: 1 (16.1/0.4)

-----  Trial 5:  -----

Decision tree:

BITS > 155:
:...RATIO_2Nx2N-MSM <= 0.794022: 0 (3.4/0.9)
:   RATIO_2Nx2N-MSM > 0.794022: 1 (22)
BITS <= 155:
:...RATIO_BEST_2Nx2N <= 0.51587: 0 (17.6)
    RATIO_BEST_2Nx2N > 0.51587:
    :...MVD_MOD_FRAC = 0.25: 0 (7.6/3.4)
        MVD_MOD_FRAC = 0.353553: 0 (2.8/0.8)
        MVD_MOD_FRAC = 0.5: 0 (7.4/2)
        MVD_MOD_FRAC = 0.559017: 1 (2)
        MVD_MOD_FRAC = 0.707107: 1 (2.7)
        MVD_MOD_FRAC = 0.75: 1 (8.7/3.1)
        MVD_MOD_FRAC = 0.790569: 1 (3.7/0.3)
        MVD_MOD_FRAC = 0.901388: 1 (2.3)
        MVD_MOD_FRAC = 1.06066: 0 (2.5/0.8)
        MVD_MOD_FRAC = 0:
        :...PU_SIZE = 4: 0 (4.8/0.8)
            PU_SIZE = 5: 0 (8.9/3.9)
            PU_SIZE = 6: 1 (7.1/2.8)
            PU_SIZE = 7: 0 (5.2/1.7)
            PU_SIZE = 0:
            :...COST_MSM <= 37312: 0 (83.4/17.8)
            :   COST_MSM > 37312: 1 (6.9)
            PU_SIZE = 1:
            :...BITS <= 65: 1 (22.1/1.7)
            :   BITS > 65: 0 (5/0.8)
            PU_SIZE = 2:
            :...REF_IDX = -1: 1 (0)
                REF_IDX = 0: 1 (21.6/7.1)
                REF_IDX = 1: 0 (4.4/0.3)

-----  Trial 6:  -----

Decision tree:

BITS > 155: 1 (24.4/2.1)
BITS <= 155:
:...RATIO_BEST_2Nx2N <= 0.51587: 0 (14.2)
    RATIO_BEST_2Nx2N > 0.51587:
    :...DISTORTION <= 5649: 0 (30.1/5.5)
        DISTORTION > 5649:
        :...MVD_MOD_FRAC = 0.25: 1 (4.9/0.2)
            MVD_MOD_FRAC = 0.353553: 1 (3.6/1.6)
            MVD_MOD_FRAC = 0.5: 0 (7.4/3.2)
            MVD_MOD_FRAC = 0.559017: 1 (1.6)
            MVD_MOD_FRAC = 0.707107: 1 (2.2)
            MVD_MOD_FRAC = 0.75: 0 (10/4.5)
            MVD_MOD_FRAC = 0.790569: 1 (4.3/1.5)
            MVD_MOD_FRAC = 0.901388: 1 (1.9)
            MVD_MOD_FRAC = 1.06066: 1 (3.4/1.4)
            MVD_MOD_FRAC = 0:
            :...RATIO_BEST_2Nx2N > 0.979897: 0 (9.2)
                RATIO_BEST_2Nx2N <= 0.979897:
                :...RATIO_BEST_2Nx2N > 0.959812: 1 (14.4/0.2)
                    RATIO_BEST_2Nx2N <= 0.959812:
                    :...AVG_NEIGH_DEPTH <= 0.903101: 0 (14.3/1.6)
                        AVG_NEIGH_DEPTH > 0.903101:
                        :...MV_MOD_FRAC = 1.06066: 1 (0)
                            MV_MOD_FRAC = 0.25: 1 (8.7/0.2)
                            MV_MOD_FRAC = 0.353553: 0 (7.1/2.3)
                            MV_MOD_FRAC = 0.5: 0 (4.5/1.5)
                            MV_MOD_FRAC = 0.559017: 1 (14.5/3.6)
                            MV_MOD_FRAC = 0.707107: 0 (1.9)
                            MV_MOD_FRAC = 0.75: 1 (4.1/1.5)
                            MV_MOD_FRAC = 0.790569: 0 (9.7/3.7)
                            MV_MOD_FRAC = 0.901388: 1 (4.3/1.7)
                            MV_MOD_FRAC = 0:
                            :...NON-Z-COEFF > 4: 1 (10.7/0.2)
                                NON-Z-COEFF <= 4:
                                :...NON-Z-COEFF <= 1: 1 (9.7/1.4)
                                    NON-Z-COEFF > 1:
                                    :...RATIO_BEST-MSM <= 0.601611: 1 (4.5)
                                        RATIO_BEST-MSM > 0.601611:
                                        :...MVD_MOD_INT > 1: 1 (2)
                                            MVD_MOD_INT <= 1:
                                            :...COST_2Nx2N <= 13803: 1 (4.2/1)
                                                COST_2Nx2N > 13803: 0 (20)

-----  Trial 7:  -----

Decision tree:

BITS <= 4:
:...DISTORTION > 35573: 1 (3.1)
:   DISTORTION <= 35573:
:   :...REF_IDX = -1: 0 (0.8)
:       REF_IDX = 1: 0 (4.9/2.3)
:       REF_IDX = 0:
:       :...SAD <= 566: 1 (5.8/1.5)
:           SAD > 566: 0 (47.5)
BITS > 4:
:...TU_DEPTH = 2:
    :...SAD <= 1145: 0 (2)
    :   SAD > 1145: 1 (16.5/1.1)
    TU_DEPTH = 0:
    :...MVD_MOD_INT > 1.41421: 0 (7.7)
    :   MVD_MOD_INT <= 1.41421:
    :   :...INTER_DIR = 0: 0 (13.4/5.4)
    :       INTER_DIR = 1: 0 (10.3)
    :       INTER_DIR = 2: 0 (2.1)
    :       INTER_DIR = 3: 1 (75.2/29.1)
    TU_DEPTH = 1:
    :...RATIO_BEST_2Nx2N <= 0.605993: 0 (6.2)
        RATIO_BEST_2Nx2N > 0.605993:
        :...SSE <= 10155: 1 (25.7/1.1)
            SSE > 10155:
            :...DISTORTION <= 11150: 0 (7.6)
                DISTORTION > 11150:
                :...RATIO_2Nx2N-MSM <= 0.794022: 0 (4.6)
                    RATIO_2Nx2N-MSM > 0.794022: 1 (18.6/1.6)

-----  Trial 8:  -----

Decision tree:

BITS > 29:
:...RATIO_BEST_2Nx2N <= 0.605993: 0 (6.4/0.7)
:   RATIO_BEST_2Nx2N > 0.605993:
:   :...RATIO_BEST-MSM <= 0.947847: 1 (84.7/24.5)
:       RATIO_BEST-MSM > 0.947847: 0 (14.9/6.3)
BITS <= 29:
:...MVD_MOD_FRAC in {0.559017,0.707107,0.901388,1.06066}: 0 (0)
    MVD_MOD_FRAC = 0.25: 1 (5/2.1)
    MVD_MOD_FRAC = 0.353553: 0 (3.9)
    MVD_MOD_FRAC = 0.5: 0 (0.3)
    MVD_MOD_FRAC = 0.75: 0 (2.5)
    MVD_MOD_FRAC = 0.790569: 1 (1.8)
    MVD_MOD_FRAC = 0:
    :...FME = 0: 0 (43.7/2.3)
        FME = 1: 0 (12.9/3.3)
        FME = 2:
        :...DISTORTION > 35573: 1 (6.2)
            DISTORTION <= 35573:
            :...RATIO_BEST_2Nx2N <= 0.891153: 0 (56.5/9.1)
                RATIO_BEST_2Nx2N > 0.891153: 1 (13.1/3.3)

-----  Trial 9:  -----

Decision tree:

BEST_COST <= 9271.64: 0 (55.2/7.9)
BEST_COST > 9271.64:
:...MVD_MOD_FRAC = 0.25: 0 (4.2/1)
    MVD_MOD_FRAC = 0.353553: 0 (6/2.9)
    MVD_MOD_FRAC = 0.5: 0 (12.8/3.5)
    MVD_MOD_FRAC = 0.559017: 1 (2.1)
    MVD_MOD_FRAC = 0.707107: 1 (2)
    MVD_MOD_FRAC = 0.75: 1 (12.4/5.4)
    MVD_MOD_FRAC = 0.790569: 0 (4.4/1.4)
    MVD_MOD_FRAC = 0.901388: 1 (2.7)
    MVD_MOD_FRAC = 1.06066: 0 (3.9/1)
    MVD_MOD_FRAC = 0:
    :...SAD > 3494: 1 (9.8)
        SAD <= 3494:
        :...MV_MOD_FRAC = 1.06066: 0 (0)
            MV_MOD_FRAC = 0: 0 (50.9/17.9)
            MV_MOD_FRAC = 0.25: 1 (10.7/0.9)
            MV_MOD_FRAC = 0.353553: 0 (5.8/1)
            MV_MOD_FRAC = 0.5: 1 (8.6/2.9)
            MV_MOD_FRAC = 0.707107: 1 (6.6/2.2)
            MV_MOD_FRAC = 0.75: 0 (11.8/3.5)
            MV_MOD_FRAC = 0.790569: 1 (13.1/6.4)
            MV_MOD_FRAC = 0.901388: 0 (11.4/1.4)
            MV_MOD_FRAC = 0.559017:
            :...AVG_NEIGH_DEPTH <= 1.09: 0 (8.8)
                AVG_NEIGH_DEPTH > 1.09: 1 (8.9/0.1)


Evaluation on training data (252 cases):

Trial	       Decision Tree       
-----	  -----------------------  
	  Size      Errors   Cost  

   0	    20   16( 6.3%)   0.06
   1	    19   46(18.3%)   0.18
   2	    21   25( 9.9%)   0.10
   3	    28   32(12.7%)   0.13
   4	    25   31(12.3%)   0.12
   5	    22   32(12.7%)   0.13
   6	    29   48(19.0%)   0.19
   7	    17   45(17.9%)   0.18
   8	    13   35(13.9%)   0.14
   9	    21   58(23.0%)   0.23
boost	          0( 0.0%)   0.00   <<


	   (a)   (b)    <-classified as
	  ----  ----
	   174          (a): class 0
	          78    (b): class 1


	Attribute usage:

	    100%  BITS
	    100%  DISTORTION
	    100%  BEST_COST
	    100%  RATIO_BEST_2Nx2N
	    100%  TU_DEPTH
	    100%  INTER_DIR
	    100%  MVD_MOD_FRAC
	     80%  PU_SIZE
	     78%  SAD
	     75%  FME
	     72%  AVG_NEIGH_DEPTH
	     65%  COST_2Nx2N
	     64%  REF_IDX
	     62%  MV_MOD_FRAC
	     56%  RATIO_2Nx2N-MSM
	     49%  RATIO_BEST-MSM
	     49%  COST_MSM
	     39%  MVD_MOD_INT
	     38%  NON-Z-COEFF
	     29%  PREDMV_MOD_FRAC
	     17%  PRED_MODE
	     17%  dQP
	     15%  PREDMV_MOD_INT
	     15%  SSE
	      7%  MV_MOD_INT
	      5%  COLOC_SPLIT


Time: 0.0 secs
