
C5.0 [Release 2.07 GPL Edition]  	Thu Feb 16 11:20:15 2017
-------------------------------

    Options:
	Boosted classifiers
	Application `./ONLINE/BOOST/BasketballDrill_d1_qp22'

Read 1128 cases (28 attributes) from ./ONLINE/BOOST/BasketballDrill_d1_qp22.data

-----  Trial 0:  -----

Decision tree:

COST_2Nx2N > 10461.6:
:...BITS > 94: 1 (394/10)
:   BITS <= 94:
:   :...SSE > 11491: 1 (73/8)
:       SSE <= 11491:
:       :...COLOC_SPLIT in {0,1}: 1 (10/1)
:           COLOC_SPLIT = 2:
:           :...MVD_MOD_FRAC in {0.353553,0.5,0.707107,0.75,
:               :                0.790569}: 0 (0)
:               MVD_MOD_FRAC in {0,0.901388,1.06066}: 0 (34/9)
:               MVD_MOD_FRAC in {0.25,0.559017}: 1 (4)
COST_2Nx2N <= 10461.6:
:...TU_DEPTH = 0: 0 (510/44)
    TU_DEPTH = 2:
    :...RATIO_BEST-MSM <= 0.757534: 0 (2)
    :   RATIO_BEST-MSM > 0.757534: 1 (26/1)
    TU_DEPTH = 1:
    :...BITS > 219: 1 (17)
        BITS <= 219:
        :...MVD_MOD_FRAC in {0.559017,0.707107,0.75,0.790569,
            :                0.901388}: 1 (0)
            MVD_MOD_FRAC in {0.353553,1.06066}: 0 (3)
            MVD_MOD_FRAC = 0.5: 1 (1)
            MVD_MOD_FRAC = 0.25:
            :...COST_2Nx2N <= 8648.28: 0 (4)
            :   COST_2Nx2N > 8648.28: 1 (5/1)
            MVD_MOD_FRAC = 0:
            :...CTX_SPLIT = 6: 1 (0)
                CTX_SPLIT in {2,3}: 1 (16/1)
                CTX_SPLIT = 0:
                :...AVG_NEIGH_DEPTH <= 1.1996: 0 (3)
                :   AVG_NEIGH_DEPTH > 1.1996: 1 (3)
                CTX_SPLIT = 1:
                :...BITS <= 86: 0 (4)
                :   BITS > 86: 1 (6/1)
                CTX_SPLIT = 4:
                :...RATIO_2Nx2N-MSM <= 0.988066: 1 (2)
                :   RATIO_2Nx2N-MSM > 0.988066: 0 (4)
                CTX_SPLIT = 5:
                :...FME in {0,1}: 1 (4/1)
                    FME = 2: 0 (3)

-----  Trial 1:  -----

Decision tree:

BITS > 252: 1 (241.3/8)
BITS <= 252:
:...BITS <= 3:
    :...RATIO_BEST_2Nx2N <= 0.992386: 0 (84.8)
    :   RATIO_BEST_2Nx2N > 0.992386: 1 (5.7/1.5)
    BITS > 3:
    :...AVG_NEIGH_DEPTH <= 0.866667: 0 (33.8/0.8)
        AVG_NEIGH_DEPTH > 0.866667:
        :...COST_MSM <= 7931.39:
            :...RATIO_2Nx2N-MSM > 1.052: 0 (51.5/0.8)
            :   RATIO_2Nx2N-MSM <= 1.052:
            :   :...MV_MOD_FRAC = 0.901388: 0 (0)
            :       MV_MOD_FRAC = 0.353553: 1 (32.8/14.6)
            :       MV_MOD_FRAC = 0.5: 0 (12.6/4.9)
            :       MV_MOD_FRAC = 0.559017: 0 (4.6)
            :       MV_MOD_FRAC = 0.707107: 1 (7.2/3.1)
            :       MV_MOD_FRAC = 0.75: 1 (4.9)
            :       MV_MOD_FRAC = 0.790569: 0 (5.7/0.8)
            :       MV_MOD_FRAC = 1.06066: 1 (5.7)
            :       MV_MOD_FRAC = 0:
            :       :...BITS > 49: 1 (24.8/9.5)
            :       :   BITS <= 49:
            :       :   :...BITS <= 4: 1 (7.2/3.1)
            :       :       BITS > 4: 0 (56.9)
            :       MV_MOD_FRAC = 0.25:
            :       :...dQP = 2: 0 (0)
            :           dQP = 3: 0 (1.5)
            :           dQP = 4: 1 (22/5.4)
            :           dQP = 1:
            :           :...PREDMV_MOD_FRAC in {0,0.707107,0.75,0.790569,
            :               :                   0.901388,1.06066}: 0 (0)
            :               PREDMV_MOD_FRAC = 0.353553: 0 (2.3)
            :               PREDMV_MOD_FRAC = 0.5: 0 (3.8/0.8)
            :               PREDMV_MOD_FRAC = 0.559017: 1 (5.7/1.5)
            :               PREDMV_MOD_FRAC = 0.25:
            :               :...TU_DEPTH = 1: 1 (10.8/3.8)
            :                   TU_DEPTH = 2: 0 (5.7/1.5)
            :                   TU_DEPTH = 0:
            :                   :...RATIO_BEST-MSM <= 1.00181: 0 (50.3/4.2)
            :                       RATIO_BEST-MSM > 1.00181: 1 (11.4/3.1)
            COST_MSM > 7931.39:
            :...PREDMV_MOD_INT > 8.94427:
                :...RATIO_2Nx2N-MSM > 0.994313: 1 (9.2/0.8)
                :   RATIO_2Nx2N-MSM <= 0.994313:
                :   :...FME = 0: 1 (2.3)
                :       FME = 1: 1 (10.3/4.9)
                :       FME = 2: 0 (64.5/10)
                PREDMV_MOD_INT <= 8.94427:
                :...COST_2Nx2N > 22830.9: 1 (48.4)
                    COST_2Nx2N <= 22830.9:
                    :...MV_MOD_INT > 3.16228: 0 (19.4/6.9)
                        MV_MOD_INT <= 3.16228:
                        :...COLOC_SPLIT = 0: 0 (21.1/5.4)
                            COLOC_SPLIT = 1:
                            :...AVG_NEIGH_DEPTH > 2.02256: 1 (41.4)
                            :   AVG_NEIGH_DEPTH <= 2.02256:
                            :   :...COST_MSM <= 8612.24: 0 (6.9/0.8)
                            :       COST_MSM > 8612.24: 1 (58.3/12.3)
                            COLOC_SPLIT = 2:
                            :...RATIO_2Nx2N-MSM > 1.24668: 0 (9.9)
                                RATIO_2Nx2N-MSM <= 1.24668:
                                :...NON-Z-COEFF <= 24: 1 (133.9/18.4)
                                    NON-Z-COEFF > 24: 0 (9.2/3.1)

-----  Trial 2:  -----

Decision tree:

BITS > 136:
:...COST_MSM <= 8548.66: 0 (46.6/21.9)
:   COST_MSM > 8548.66: 1 (293.2/30.9)
BITS <= 136:
:...DISTORTION > 10518:
    :...TU_DEPTH = 1: 1 (22.6)
    :   TU_DEPTH = 2: 0 (3.9/0.6)
    :   TU_DEPTH = 0:
    :   :...dQP in {1,2}: 1 (0)
    :       dQP = 3: 1 (8.9)
    :       dQP = 4:
    :       :...RATIO_BEST_2Nx2N <= 0.991565: 1 (74.8/22.2)
    :           RATIO_BEST_2Nx2N > 0.991565: 0 (11.8/1.2)
    DISTORTION <= 10518:
    :...TU_DEPTH = 2: 1 (22.9/5.5)
        TU_DEPTH = 0:
        :...PU_SIZE = 0: 0 (322.5/41.3)
        :   PU_SIZE = 1: 0 (39.5/16.3)
        :   PU_SIZE = 4: 0 (33.1/6.5)
        :   PU_SIZE = 5: 0 (20.3/7.1)
        :   PU_SIZE = 6: 0 (32.6/16)
        :   PU_SIZE = 7: 0 (32.8/12.8)
        :   PU_SIZE = 2:
        :   :...NON-Z-COEFF > 5: 0 (16.8/0.6)
        :       NON-Z-COEFF <= 5:
        :       :...BITS <= 57: 0 (46.4/22.4)
        :           BITS > 57: 1 (16.3)
        TU_DEPTH = 1:
        :...SAD > 2843: 1 (20.4)
            SAD <= 2843:
            :...RATIO_BEST-MSM <= 0.721666: 1 (4)
                RATIO_BEST-MSM > 0.721666:
                :...SSE <= 4836: 1 (3.4)
                    SSE > 4836:
                    :...AVG_NEIGH_DEPTH <= 1.32041: 1 (6.9/1.8)
                        AVG_NEIGH_DEPTH > 1.32041: 0 (48.2/7.8)

-----  Trial 3:  -----

Decision tree:

BITS > 405: 1 (104.7)
BITS <= 405:
:...BITS <= 4: 0 (97.1/13)
    BITS > 4:
    :...TU_DEPTH = 2:
        :...RATIO_2Nx2N-MSM <= 0.802257: 0 (21.7/3.4)
        :   RATIO_2Nx2N-MSM > 0.802257:
        :   :...BEST_COST <= 5590.29: 0 (6.7/1.8)
        :       BEST_COST > 5590.29: 1 (54.4/2.6)
        TU_DEPTH = 1:
        :...MVD_MOD_INT > 3.16228: 0 (14.1/4.2)
        :   MVD_MOD_INT <= 3.16228:
        :   :...COST_2Nx2N > 12220.8: 1 (81.8/0.5)
        :       COST_2Nx2N <= 12220.8:
        :       :...BITS > 137:
        :           :...AVG_NEIGH_DEPTH <= 1.44989: 0 (3.1/0.5)
        :           :   AVG_NEIGH_DEPTH > 1.44989: 1 (57.3/2.3)
        :           BITS <= 137:
        :           :...AVG_NEIGH_DEPTH > 2.27163: 0 (7.3)
        :               AVG_NEIGH_DEPTH <= 2.27163:
        :               :...SAD > 2843: 1 (10.2)
        :                   SAD <= 2843:
        :                   :...SSE > 12087: 0 (6.3)
        :                       SSE <= 12087:
        :                       :...AVG_NEIGH_DEPTH <= 1.1996: 0 (6.8)
        :                           AVG_NEIGH_DEPTH > 1.1996: 1 (51.7/18.6)
        TU_DEPTH = 0:
        :...COST_MSM <= 6786.9:
            :...MV_MOD_INT > 2.23607: 1 (10.8/1)
            :   MV_MOD_INT <= 2.23607:
            :   :...SAD > 1939: 0 (71.1)
            :       SAD <= 1939:
            :       :...MVD_MOD_INT > 0: 0 (11.5)
            :           MVD_MOD_INT <= 0:
            :           :...FME = 0: 0 (29.1/2.6)
            :               FME = 1: 0 (4.7)
            :               FME = 2:
            :               :...DISTORTION <= 5010: 0 (16.9)
            :                   DISTORTION > 5010:
            :                   :...BITS <= 102: 1 (49.9/12.7)
            :                       BITS > 102: 0 (4.6)
            COST_MSM > 6786.9:
            :...BITS > 249: 0 (22.5/1.9)
                BITS <= 249:
                :...MV_MOD_INT > 9.21954: 0 (41/7.4)
                    MV_MOD_INT <= 9.21954:
                    :...MVD_MOD_FRAC = 0.25: 1 (36.5/10.7)
                        MVD_MOD_FRAC = 0.353553: 1 (16/2.8)
                        MVD_MOD_FRAC = 0.5: 0 (1/0.5)
                        MVD_MOD_FRAC = 0.559017: 0 (6.4/1.5)
                        MVD_MOD_FRAC = 0.707107: 1 (9.4)
                        MVD_MOD_FRAC = 0.75: 1 (5.4)
                        MVD_MOD_FRAC = 0.790569: 1 (0.5)
                        MVD_MOD_FRAC = 0.901388: 1 (0.5)
                        MVD_MOD_FRAC = 1.06066: 0 (4.9)
                        MVD_MOD_FRAC = 0:
                        :...MVP_IDX = 0: 0 (35.2/9)
                            MVP_IDX = 1: 0 (9.2/3.6)
                            MVP_IDX = -1:
                            :...SAD <= 1758: 1 (21.5/0.5)
                                SAD > 1758:
                                :...COST_MSM <= 7185.89: 0 (12)
                                    COST_MSM > 7185.89:
                                    :...COST_MSM > 15610.3: 1 (13.3)
                                        COST_MSM <= 15610.3:
                                        :...SAD > 2289: 0 (40.6/10.3)
                                            SAD <= 2289:
                                            :...MV_MOD_INT > 1: 1 (7.6)
                                                MV_MOD_INT <= 1: [S1]

SubTree [S1]

AVG_NEIGH_DEPTH > 2.23426: 1 (18.7/0.5)
AVG_NEIGH_DEPTH <= 2.23426:
:...COST_MSM > 12938.5: 0 (9.1)
    COST_MSM <= 12938.5:
    :...BITS > 54: 0 (5.3)
        BITS <= 54:
        :...COST_MSM > 12131.5: 1 (17.4)
            COST_MSM <= 12131.5:
            :...COST_MSM > 10129.9: 0 (13.7)
                COST_MSM <= 10129.9:
                :...dQP = 2: 1 (0)
                    dQP = 1: 1 (4.9)
                    dQP = 3: 0 (2.8)
                    dQP = 4: 1 (50.8/12.5)

-----  Trial 4:  -----

Decision tree:

BITS > 136:
:...PREDMV_MOD_INT > 29.8329: 0 (19.4/5.7)
:   PREDMV_MOD_INT <= 29.8329:
:   :...TU_DEPTH = 1: 1 (131.3/9.7)
:       TU_DEPTH = 2:
:       :...BITS <= 164: 0 (13.5/5.8)
:       :   BITS > 164: 1 (76.3)
:       TU_DEPTH = 0:
:       :...COST_2Nx2N <= 8577.67: 0 (10.8)
:           COST_2Nx2N > 8577.67:
:           :...RATIO_BEST-MSM <= 1.00123: 1 (49.4/10.9)
:               RATIO_BEST-MSM > 1.00123: 0 (5.6)
BITS <= 136:
:...COST_2Nx2N <= 10915:
    :...RATIO_2Nx2N-MSM > 1.06823: 0 (64.1)
    :   RATIO_2Nx2N-MSM <= 1.06823:
    :   :...MVD_MOD_FRAC = 0.901388: 0 (0)
    :       MVD_MOD_FRAC = 0.25: 0 (65.1/15.5)
    :       MVD_MOD_FRAC = 0.353553: 0 (23.8/3.8)
    :       MVD_MOD_FRAC = 0.5: 0 (4/0.4)
    :       MVD_MOD_FRAC = 0.559017: 0 (1.4)
    :       MVD_MOD_FRAC = 0.707107: 1 (4.2/0.4)
    :       MVD_MOD_FRAC = 0.75: 1 (3.8)
    :       MVD_MOD_FRAC = 0.790569: 0 (2.8)
    :       MVD_MOD_FRAC = 1.06066: 0 (2.5)
    :       MVD_MOD_FRAC = 0:
    :       :...MV_MOD_FRAC = 0.901388: 0 (0)
    :           MV_MOD_FRAC = 0.353553: 0 (40.6/15.6)
    :           MV_MOD_FRAC = 0.5: 1 (25/3.7)
    :           MV_MOD_FRAC = 0.559017: 0 (5.3)
    :           MV_MOD_FRAC = 0.707107: 0 (8.1/3.8)
    :           MV_MOD_FRAC = 0.75: 1 (4.2)
    :           MV_MOD_FRAC = 0.790569: 1 (1.4)
    :           MV_MOD_FRAC = 1.06066: 1 (3.8)
    :           MV_MOD_FRAC = 0:
    :           :...RATIO_BEST-MSM <= 0.779841: 1 (42.8/10.7)
    :           :   RATIO_BEST-MSM > 0.779841:
    :           :   :...BITS <= 46: 0 (114.2/10.7)
    :           :       BITS > 46: 1 (36.7/15.6)
    :           MV_MOD_FRAC = 0.25:
    :           :...MVP_IDX = 0: 0 (4.6)
    :               MVP_IDX = 1: 0 (4.2)
    :               MVP_IDX = -1:
    :               :...PRED_MODE = 3: 0 (0)
    :                   PRED_MODE = 0: 0 (19.4/3.8)
    :                   PRED_MODE = 1: 1 (29.9/6.8)
    :                   PRED_MODE = 2:
    :                   :...TU_DEPTH = 0: 0 (61.2/13.4)
    :                       TU_DEPTH = 1: 0 (27.2/8.9)
    :                       TU_DEPTH = 2: 1 (5.2)
    COST_2Nx2N > 10915:
    :...dQP in {1,2}: 1 (0)
        dQP = 3: 1 (23.3/0.4)
        dQP = 4:
        :...BEST_COST > 20702.7: 1 (19.3)
            BEST_COST <= 20702.7:
            :...COLOC_SPLIT = 0: 1 (7.9)
                COLOC_SPLIT = 1: 1 (22.2/2.1)
                COLOC_SPLIT = 2:
                :...COST_MSM <= 11953.8: 0 (12.2)
                    COST_MSM > 11953.8:
                    :...NON-Z-COEFF > 9: 1 (31.1/4.3)
                        NON-Z-COEFF <= 9:
                        :...RATIO_BEST_2Nx2N > 0.960586: 0 (18.6/0.8)
                            RATIO_BEST_2Nx2N <= 0.960586:
                            :...TU_DEPTH = 1: 1 (6)
                                TU_DEPTH = 2: 0 (8/0.4)
                                TU_DEPTH = 0:
                                :...BITS <= 46: 1 (48.9/12.8)
                                    BITS > 46: 0 (18.2/2.8)

-----  Trial 5:  -----

Decision tree:

BEST_COST > 12862.3:
:...BITS > 252: 1 (88.5)
:   BITS <= 252:
:   :...PREDMV_MOD_INT > 8.94427:
:       :...FME = 0: 1 (2.8)
:       :   FME = 1: 1 (4.8)
:       :   FME = 2: 0 (52.7/21.2)
:       PREDMV_MOD_INT <= 8.94427:
:       :...BITS > 122: 1 (43.9)
:           BITS <= 122:
:           :...BITS > 118: 0 (6.7)
:               BITS <= 118:
:               :...SAD <= 2385: 0 (4.6)
:                   SAD > 2385: 1 (61.2/5.6)
BEST_COST <= 12862.3:
:...BITS > 408: 1 (30.6)
    BITS <= 408:
    :...RATIO_BEST-MSM > 1.00612: 0 (31.3)
        RATIO_BEST-MSM <= 1.00612:
        :...TU_DEPTH = 2: 1 (33.3/8.3)
            TU_DEPTH = 1:
            :...BITS > 217: 1 (20.1)
            :   BITS <= 217:
            :   :...SAD > 2843: 1 (15.8)
            :       SAD <= 2843:
            :       :...COST_2Nx2N <= 5440.93: 1 (10.3/0.3)
            :           COST_2Nx2N > 5440.93:
            :           :...INTER_DIR = 0: 0 (0)
            :               INTER_DIR = 1: 0 (28.1/9.2)
            :               INTER_DIR = 2: 0 (18.2/1.4)
            :               INTER_DIR = 3:
            :               :...NON-Z-COEFF <= 6: 0 (45.4/13.6)
            :                   NON-Z-COEFF > 6: 1 (34.5/5.3)
            TU_DEPTH = 0:
            :...SAD > 2882: 0 (26.8)
                SAD <= 2882:
                :...MVD_MOD_FRAC = 0.901388: 0 (0)
                    MVD_MOD_FRAC = 0.353553: 0 (23.3/8.2)
                    MVD_MOD_FRAC = 0.5: 0 (2.9)
                    MVD_MOD_FRAC = 0.559017: 0 (3.3)
                    MVD_MOD_FRAC = 0.707107: 1 (6.9/2.2)
                    MVD_MOD_FRAC = 0.75: 1 (3.1)
                    MVD_MOD_FRAC = 0.790569: 0 (2.3)
                    MVD_MOD_FRAC = 1.06066: 0 (1.1)
                    MVD_MOD_FRAC = 0.25:
                    :...BEST_COST <= 7200.33: 0 (22.1)
                    :   BEST_COST > 7200.33: 1 (34.1/14.8)
                    MVD_MOD_FRAC = 0:
                    :...MV_MOD_INT > 1: 1 (37.1/12.2)
                        MV_MOD_INT <= 1:
                        :...BEST_COST <= 6443.3: 0 (133.2/23.7)
                            BEST_COST > 6443.3:
                            :...SAD <= 1729: 1 (24.1/2.9)
                                SAD > 1729:
                                :...COST_MSM <= 6583.3: 1 (25/5.1)
                                    COST_MSM > 6583.3:
                                    :...BITS <= 4: 0 (17.8)
                                        BITS > 4:
                                        :...AVG_NEIGH_DEPTH <= 1.69606:
                                            :...RATIO_BEST_2Nx2N <= 0.832571: 1 (12.2/2.3)
                                            :   RATIO_BEST_2Nx2N > 0.832571: 0 (79.7/9.2)
                                            AVG_NEIGH_DEPTH > 1.69606:
                                            :...SAD <= 1804: 1 (8.7)
                                                SAD > 1804:
                                                :...dQP = 2: 0 (0)
                                                    dQP = 1: 0 (24.6/7.6)
                                                    dQP = 3: 1 (35.7/8.5)
                                                    dQP = 4: [S1]

SubTree [S1]

NON-Z-COEFF <= 20: 0 (65.5/20.4)
NON-Z-COEFF > 20: 1 (5.7)

-----  Trial 6:  -----

Decision tree:

BEST_COST > 10389.1:
:...BITS > 347: 1 (65.8)
:   BITS <= 347:
:   :...COST_2Nx2N > 22830.9: 1 (84.4/7)
:       COST_2Nx2N <= 22830.9:
:       :...TU_DEPTH = 1: 1 (64.6/7.2)
:           TU_DEPTH = 2: 1 (28.2/12)
:           TU_DEPTH = 0:
:           :...RATIO_BEST_2Nx2N > 0.996892: 0 (17.8/1.1)
:               RATIO_BEST_2Nx2N <= 0.996892:
:               :...SAD > 2966: 0 (17.6/1.2)
:                   SAD <= 2966:
:                   :...COST_MSM <= 11228: 0 (7.2)
:                       COST_MSM > 11228:
:                       :...COLOC_SPLIT = 0: 1 (0)
:                           COLOC_SPLIT = 1: 1 (11.7)
:                           COLOC_SPLIT = 2:
:                           :...BITS <= 3: 0 (4.3)
:                               BITS > 3:
:                               :...BITS <= 118: 1 (76.1/17)
:                                   BITS > 118: 0 (5.1/0.2)
BEST_COST <= 10389.1:
:...TU_DEPTH = 2: 1 (28.2/11.2)
    TU_DEPTH = 1:
    :...MVD_MOD_FRAC in {0.707107,0.75,0.790569,0.901388}: 1 (0)
    :   MVD_MOD_FRAC = 0.25: 0 (18.2/8)
    :   MVD_MOD_FRAC = 0.353553: 0 (5/0.2)
    :   MVD_MOD_FRAC = 0.5: 1 (2.9)
    :   MVD_MOD_FRAC = 0.559017: 1 (0.2)
    :   MVD_MOD_FRAC = 1.06066: 0 (5.3)
    :   MVD_MOD_FRAC = 0:
    :   :...MVP_IDX = 1: 1 (0)
    :       MVP_IDX = 0: 1 (7.3)
    :       MVP_IDX = -1:
    :       :...SAD <= 2185: 1 (85.7/22.4)
    :           SAD > 2185: 0 (24.6/5.5)
    TU_DEPTH = 0:
    :...AVG_NEIGH_DEPTH <= 0.910784: 0 (25.5)
        AVG_NEIGH_DEPTH > 0.910784:
        :...AVG_NEIGH_DEPTH <= 1.02235: 1 (31/4)
            AVG_NEIGH_DEPTH > 1.02235:
            :...AVG_NEIGH_DEPTH <= 1.19643: 0 (40.5)
                AVG_NEIGH_DEPTH > 1.19643:
                :...MVD_MOD_FRAC = 0.901388: 0 (0)
                    MVD_MOD_FRAC = 0.25: 0 (49.7/14.9)
                    MVD_MOD_FRAC = 0.353553: 0 (11.8)
                    MVD_MOD_FRAC = 0.5: 0 (2.3)
                    MVD_MOD_FRAC = 0.559017: 0 (2.7)
                    MVD_MOD_FRAC = 0.707107: 1 (3.7)
                    MVD_MOD_FRAC = 0.75: 1 (2.4)
                    MVD_MOD_FRAC = 0.790569: 0 (1.8)
                    MVD_MOD_FRAC = 1.06066: 0 (0.9)
                    MVD_MOD_FRAC = 0:
                    :...MV_MOD_FRAC in {0.790569,0.901388}: 0 (0)
                        MV_MOD_FRAC = 0.353553: 1 (42.4/18.2)
                        MV_MOD_FRAC = 0.5: 0 (16)
                        MV_MOD_FRAC = 0.559017: 0 (4.8)
                        MV_MOD_FRAC = 0.707107: 0 (13.8/4.5)
                        MV_MOD_FRAC = 0.75: 1 (6.1)
                        MV_MOD_FRAC = 1.06066: 1 (2.4)
                        MV_MOD_FRAC = 0:
                        :...COST_MSM > 11056.2: 1 (42.6/18.1)
                        :   COST_MSM <= 11056.2:
                        :   :...AVG_NEIGH_DEPTH <= 1.21584: 1 (7.4/0.5)
                        :       AVG_NEIGH_DEPTH > 1.21584:
                        :       :...BITS <= 60: 0 (110.2/7)
                        :           BITS > 60: 1 (17.7/7)
                        MV_MOD_FRAC = 0.25:
                        :...RATIO_BEST-MSM <= 0.855046: 0 (11.9)
                            RATIO_BEST-MSM > 0.855046:
                            :...DISTORTION <= 5786: 0 (42.5/7.4)
                                DISTORTION > 5786:
                                :...SAD > 2019: 0 (22.8/3.7)
                                    SAD <= 2019:
                                    :...MVP_IDX = 0: 1 (0)
                                        MVP_IDX = -1: 1 (52.4/7)
                                        MVP_IDX = 1: 0 (2.4)

-----  Trial 7:  -----

Decision tree:

COST_2Nx2N > 12055.1:
:...BITS > 347: 1 (62.6)
:   BITS <= 347:
:   :...DISTORTION > 19121: 1 (23.8)
:       DISTORTION <= 19121:
:       :...COLOC_SPLIT = 0: 0 (7.2/3)
:           COLOC_SPLIT = 1: 1 (41.8/7.3)
:           COLOC_SPLIT = 2:
:           :...SSE <= 11491:
:               :...BITS > 217: 1 (7)
:               :   BITS <= 217:
:               :   :...COST_2Nx2N <= 13499.7: 1 (19.9/5.5)
:               :       COST_2Nx2N > 13499.7:
:               :       :...RATIO_BEST-MSM <= 1.00289: 0 (56.6/5.1)
:               :           RATIO_BEST-MSM > 1.00289: 1 (5.1)
:               SSE > 11491:
:               :...MV_MOD_INT <= 2.23607: 1 (42.4)
:                   MV_MOD_INT > 2.23607:
:                   :...FME = 0: 1 (2.7)
:                       FME = 1: 1 (9.4)
:                       FME = 2:
:                       :...RATIO_2Nx2N-MSM <= 0.9005: 0 (50.3/15.5)
:                           RATIO_2Nx2N-MSM > 0.9005: 1 (22/1.9)
COST_2Nx2N <= 12055.1:
:...RATIO_BEST-MSM > 1.00612: 0 (31.2)
    RATIO_BEST-MSM <= 1.00612:
    :...TU_DEPTH = 2: 0 (32/15.6)
        TU_DEPTH = 1:
        :...AVG_NEIGH_DEPTH > 2.29136: 0 (17.5/1.9)
        :   AVG_NEIGH_DEPTH <= 2.29136:
        :   :...BITS > 190: 1 (21.9)
        :       BITS <= 190:
        :       :...SAD > 2843: 1 (15.5)
        :           SAD <= 2843:
        :           :...BEST_COST <= 6779.22:
        :               :...RATIO_BEST-MSM <= 1.00087: 0 (46.3/8.9)
        :               :   RATIO_BEST-MSM > 1.00087: 1 (14.1/1.2)
        :               BEST_COST > 6779.22:
        :               :...SSE <= 12213: 1 (50.3/11.2)
        :                   SSE > 12213: 0 (4.1)
        TU_DEPTH = 0:
        :...COST_MSM > 12938.5: 0 (47.4/1.7)
            COST_MSM <= 12938.5:
            :...MVD_MOD_INT > 0:
                :...NON-Z-COEFF <= 1: 0 (12.1)
                :   NON-Z-COEFF > 1: 1 (41.3/10.5)
                MVD_MOD_INT <= 0:
                :...AVG_NEIGH_DEPTH <= 0.923077: 0 (25.9)
                    AVG_NEIGH_DEPTH > 0.923077:
                    :...BITS <= 3: 0 (42.6/3.5)
                        BITS > 3:
                        :...MV_MOD_FRAC = 0.790569: 0 (0)
                            MV_MOD_FRAC = 0.353553: 0 (53.3/19.3)
                            MV_MOD_FRAC = 0.5: 0 (16.3/6.4)
                            MV_MOD_FRAC = 0.559017: 0 (7)
                            MV_MOD_FRAC = 0.707107: 0 (7.4)
                            MV_MOD_FRAC = 0.75: 1 (4.9)
                            MV_MOD_FRAC = 0.901388: 0 (2.7)
                            MV_MOD_FRAC = 1.06066: 1 (1.9)
                            MV_MOD_FRAC = 0:
                            :...COST_MSM > 11056.2: 1 (18.2/2.1)
                            :   COST_MSM <= 11056.2:
                            :   :...RATIO_BEST_2Nx2N > 0.972678: 0 (51.6)
                            :       RATIO_BEST_2Nx2N <= 0.972678:
                            :       :...dQP = 2: 0 (0)
                            :           dQP = 1: 1 (9/4.2)
                            :           dQP = 3: 0 (25/2.3)
                            :           dQP = 4: 1 (43.1/17.8)
                            MV_MOD_FRAC = 0.25:
                            :...COST_2Nx2N > 10322.1: 1 (9.5)
                                COST_2Nx2N <= 10322.1:
                                :...SSE <= 5670: 1 (59/23.4)
                                    SSE > 5670:
                                    :...AVG_NEIGH_DEPTH <= 2.06966: 0 (42.9)
                                        AVG_NEIGH_DEPTH > 2.06966: 1 (23.1/11.2)

-----  Trial 8:  -----

Decision tree:

BITS > 137:
:...BITS > 405: 1 (69.8)
:   BITS <= 405:
:   :...DISTORTION <= 5761: 0 (44.6/13.7)
:       DISTORTION > 5761:
:       :...PRED_MODE in {0,1}: 1 (0)
:           PRED_MODE = 2: 1 (162.3/31.4)
:           PRED_MODE = 3: 0 (7.5/1.6)
BITS <= 137:
:...BEST_COST > 10417.4:
    :...COST_MSM > 31046.6: 1 (17.5)
    :   COST_MSM <= 31046.6:
    :   :...TU_DEPTH = 1: 1 (36.1/6.6)
    :       TU_DEPTH = 2: 0 (10.5/1.9)
    :       TU_DEPTH = 0:
    :       :...RATIO_BEST_2Nx2N > 0.991565: 0 (18.8/1.6)
    :           RATIO_BEST_2Nx2N <= 0.991565:
    :           :...RATIO_BEST-MSM <= 0.516601: 0 (6.3)
    :               RATIO_BEST-MSM > 0.516601: 1 (88.7/33.7)
    BEST_COST <= 10417.4:
    :...TU_DEPTH = 2: 1 (24.5/5.3)
        TU_DEPTH = 0:
        :...PU_SIZE = 0: 0 (288.2/49.9)
        :   PU_SIZE = 1: 0 (47.9/17.8)
        :   PU_SIZE = 4: 0 (36.2/6.5)
        :   PU_SIZE = 5: 1 (12.6/4.7)
        :   PU_SIZE = 6: 0 (36.3/11.7)
        :   PU_SIZE = 7: 0 (35.2/9.2)
        :   PU_SIZE = 2:
        :   :...NON-Z-COEFF > 5: 0 (15.6)
        :       NON-Z-COEFF <= 5:
        :       :...BITS <= 29: 0 (39/12.3)
        :           BITS > 29: 1 (26/1.8)
        TU_DEPTH = 1:
        :...SAD > 2843: 1 (10)
            SAD <= 2843:
            :...SAD <= 1798: 1 (7.6)
                SAD > 1798:
                :...INTER_DIR = 0: 0 (0)
                    INTER_DIR = 1: 0 (15.5/7.4)
                    INTER_DIR = 2: 0 (10.1)
                    INTER_DIR = 3:
                    :...RATIO_BEST_2Nx2N <= 0.986016: 1 (35.2/14.6)
                        RATIO_BEST_2Nx2N > 0.986016: 0 (24.7/1.8)

-----  Trial 9:  -----

Decision tree:

BEST_COST > 21901.7: 1 (49.4)
BEST_COST <= 21901.7:
:...TU_DEPTH = 2:
    :...RATIO_2Nx2N-MSM <= 0.802257: 0 (25.1/3.9)
    :   RATIO_2Nx2N-MSM > 0.802257:
    :   :...BEST_COST <= 5590.29: 0 (9.8/2.5)
    :       BEST_COST > 5590.29:
    :       :...DISTORTION <= 13921: 1 (68.2)
    :           DISTORTION > 13921: 0 (4.3/1.2)
    TU_DEPTH = 1:
    :...BITS > 84:
    :   :...RATIO_BEST-MSM > 1.00159: 0 (11.9/2.6)
    :   :   RATIO_BEST-MSM <= 1.00159:
    :   :   :...PREDMV_MOD_INT <= 53.6004: 1 (137.2/14.1)
    :   :       PREDMV_MOD_INT > 53.6004: 0 (11.1/3.8)
    :   BITS <= 84:
    :   :...SAD > 2843: 1 (9.3)
    :       SAD <= 2843:
    :       :...SAD <= 1718: 1 (4.6)
    :           SAD > 1718:
    :           :...AVG_NEIGH_DEPTH <= 1.80795: 0 (41.5/2.2)
    :               AVG_NEIGH_DEPTH > 1.80795: 1 (33.7/15.6)
    TU_DEPTH = 0:
    :...BITS <= 3: 0 (48.9)
        BITS > 3:
        :...COST_MSM <= 7931.39:
            :...DISTORTION <= 3107: 1 (14.8/4.2)
            :   DISTORTION > 3107: 0 (278.6/43.4)
            COST_MSM > 7931.39:
            :...SAD <= 1770: 1 (26.5/3.9)
                SAD > 1770:
                :...RATIO_BEST_2Nx2N > 1.00067: 0 (19.6)
                    RATIO_BEST_2Nx2N <= 1.00067:
                    :...MVD_MOD_FRAC = 0.901388: 0 (0)
                        MVD_MOD_FRAC = 0.25: 1 (29.3/10.3)
                        MVD_MOD_FRAC = 0.353553: 1 (6.3)
                        MVD_MOD_FRAC = 0.5: 1 (3.4)
                        MVD_MOD_FRAC = 0.559017: 1 (11.1/5.1)
                        MVD_MOD_FRAC = 0.707107: 0 (4.9/2.1)
                        MVD_MOD_FRAC = 0.75: 1 (3.5)
                        MVD_MOD_FRAC = 0.790569: 0 (4.8/1.3)
                        MVD_MOD_FRAC = 1.06066: 0 (10)
                        MVD_MOD_FRAC = 0:
                        :...BEST_COST > 14960.8: 1 (16.8)
                            BEST_COST <= 14960.8:
                            :...MVP_IDX = 0: 0 (23.7/2.9)
                                MVP_IDX = 1: 0 (4.8/0.8)
                                MVP_IDX = -1:
                                :...MV_MOD_FRAC in {0.790569,0.901388,
                                    :               1.06066}: 0 (0)
                                    MV_MOD_FRAC = 0.353553: 0 (9/3)
                                    MV_MOD_FRAC = 0.5: 1 (2.5)
                                    MV_MOD_FRAC = 0.559017: 0 (2.5)
                                    MV_MOD_FRAC = 0.707107: 0 (4.4/0.8)
                                    MV_MOD_FRAC = 0.75: 0 (5.7)
                                    MV_MOD_FRAC = 0.25:
                                    :...RATIO_2Nx2N-MSM <= 0.967026: 0 (13)
                                    :   RATIO_2Nx2N-MSM > 0.967026: 1 (46.5/12.2)
                                    MV_MOD_FRAC = 0:
                                    :...COST_MSM <= 9464.78: 0 (29.2/0.1)
                                        COST_MSM > 9464.78:
                                        :...RATIO_2Nx2N-MSM > 1.53629: 0 (5.1)
                                            RATIO_2Nx2N-MSM <= 1.53629:
                                            :...COST_2Nx2N > 14799.8: 1 (10.9)
                                                COST_2Nx2N <= 14799.8:
                                                :...COST_MSM <= 12938.5: 1 (38.5/9.9)
                                                    COST_MSM > 12938.5: 0 (39/6.4)


Evaluation on training data (1128 cases):

Trial	       Decision Tree       
-----	  -----------------------  
	  Size      Errors   Cost  

   0	    22   77( 6.8%)   0.07
   1	    37  147(13.0%)   0.13
   2	    22  105( 9.3%)   0.09
   3	    48  111( 9.8%)   0.10
   4	    44  108( 9.6%)   0.10
   5	    40  108( 9.6%)   0.10
   6	    46  108( 9.6%)   0.10
   7	    43  180(16.0%)   0.16
   8	    26  106( 9.4%)   0.09
   9	    40   99( 8.8%)   0.09
boost	         17( 1.5%)   0.02   <<


	   (a)   (b)    <-classified as
	  ----  ----
	   535     3    (a): class 0
	    14   576    (b): class 1


	Attribute usage:

	    100%  BITS
	    100%  BEST_COST
	    100%  COST_2Nx2N
	    100%  TU_DEPTH
	     98%  COST_MSM
	     87%  DISTORTION
	     80%  RATIO_BEST-MSM
	     77%  AVG_NEIGH_DEPTH
	     77%  RATIO_2Nx2N-MSM
	     65%  MV_MOD_INT
	     64%  MVD_MOD_FRAC
	     63%  SAD
	     60%  MVD_MOD_INT
	     60%  PREDMV_MOD_INT
	     52%  MV_MOD_FRAC
	     45%  PU_SIZE
	     41%  RATIO_BEST_2Nx2N
	     35%  SSE
	     33%  dQP
	     32%  COLOC_SPLIT
	     30%  MVP_IDX
	     28%  PRED_MODE
	     23%  NON-Z-COEFF
	     18%  FME
	      8%  PREDMV_MOD_FRAC
	      5%  INTER_DIR
	      4%  CTX_SPLIT


Time: 0.1 secs
