
C5.0 [Release 2.07 GPL Edition]  	Thu Feb 16 09:46:21 2017
-------------------------------

    Options:
	Boosted classifiers
	Application `./ONLINE/BOOST/ChinaSpeed_d1_qp32'

Read 2056 cases (28 attributes) from ./ONLINE/BOOST/ChinaSpeed_d1_qp32.data

-----  Trial 0:  -----

Decision tree:

BITS > 86:
:...PRED_MODE in {0,1}: 1 (0)
:   PRED_MODE = 2: 1 (318/3)
:   PRED_MODE = 3:
:   :...BITS > 186: 1 (67)
:       BITS <= 186:
:       :...TU_DEPTH = 0: 0 (5)
:           TU_DEPTH in {1,2}: 1 (13/4)
BITS <= 86:
:...COST_2Nx2N <= 57908.2:
    :...PU_SIZE in {0,6}: 0 (1045/81)
    :   PU_SIZE = 2:
    :   :...dQP = 2: 1 (0)
    :   :   dQP in {1,3}: 1 (24/6)
    :   :   dQP = 4: 0 (9)
    :   PU_SIZE = 5:
    :   :...CTX_SPLIT in {0,1,4,5}: 0 (17/2)
    :   :   CTX_SPLIT in {2,3,6}: 1 (14/4)
    :   PU_SIZE = 7:
    :   :...MVD_MOD_INT > 3.16228: 1 (4)
    :   :   MVD_MOD_INT <= 3.16228:
    :   :   :...DISTORTION <= 34098: 0 (8)
    :   :       DISTORTION > 34098: 1 (2)
    :   PU_SIZE = 1:
    :   :...MVP_IDX = 0: 1 (9/1)
    :   :   MVP_IDX = 1: 0 (5)
    :   :   MVP_IDX = -1:
    :   :   :...dQP = 2: 0 (0)
    :   :       dQP = 1: 1 (5/1)
    :   :       dQP = 3: 0 (12/1)
    :   :       dQP = 4:
    :   :       :...AVG_NEIGH_DEPTH <= 1.7168: 0 (7/1)
    :   :           AVG_NEIGH_DEPTH > 1.7168: 1 (5/1)
    :   PU_SIZE = 4:
    :   :...MVP_IDX = 0: 1 (6/1)
    :       MVP_IDX = 1: 0 (3)
    :       MVP_IDX = -1:
    :       :...AVG_NEIGH_DEPTH > 1.11436: 0 (23/8)
    :           AVG_NEIGH_DEPTH <= 1.11436:
    :           :...FME = 1: 1 (0)
    :               FME = 0: 1 (4)
    :               FME = 2: 0 (2)
    COST_2Nx2N > 57908.2:
    :...DISTORTION > 133520: 1 (59/5)
        DISTORTION <= 133520:
        :...AVG_NEIGH_DEPTH <= 1.11436:
            :...CTX_SPLIT = 5: 0 (0)
            :   CTX_SPLIT in {2,3,6}: 0 (24/4)
            :   CTX_SPLIT = 4: 1 (3)
            :   CTX_SPLIT = 0:
            :   :...TU_DEPTH = 2: 0 (0)
            :   :   TU_DEPTH = 0: 0 (19/1)
            :   :   TU_DEPTH = 1: 1 (2)
            :   CTX_SPLIT = 1:
            :   :...MV_MOD_INT <= 0: 0 (14)
            :       MV_MOD_INT > 0:
            :       :...NON-Z-COEFF <= 2: 0 (9/2)
            :           NON-Z-COEFF > 2: 1 (4)
            AVG_NEIGH_DEPTH > 1.11436:
            :...TU_DEPTH in {1,2}: 1 (26/2)
                TU_DEPTH = 0:
                :...dQP in {1,2}: 1 (0)
                    dQP = 3:
                    :...COLOC_SPLIT in {0,1}: 0 (9/3)
                    :   COLOC_SPLIT = 2: 1 (45/3)
                    dQP = 4:
                    :...PREDMV_MOD_FRAC in {0.353553,0.559017,0.790569,
                        :                   0.901388,1.06066}: 0 (33/5)
                        PREDMV_MOD_FRAC = 0.5: 1 (41/18)
                        PREDMV_MOD_FRAC = 0.707107:
                        :...PU_SIZE in {1,4,5,6,7}: 0 (0)
                        :   PU_SIZE = 0: 0 (5/1)
                        :   PU_SIZE = 2: 1 (3)
                        PREDMV_MOD_FRAC = 0.75:
                        :...PRED_MODE in {2,3}: 0 (0)
                        :   PRED_MODE = 0: 0 (4)
                        :   PRED_MODE = 1: 1 (4/1)
                        PREDMV_MOD_FRAC = 0:
                        :...CTX_SPLIT = 0: 1 (0)
                        :   CTX_SPLIT = 2: 0 (33/11)
                        :   CTX_SPLIT in {3,5,6}: 1 (63/20)
                        :   CTX_SPLIT = 1:
                        :   :...MV_MOD_INT <= 2.23607: 0 (5/1)
                        :   :   MV_MOD_INT > 2.23607: 1 (3)
                        :   CTX_SPLIT = 4:
                        :   :...RATIO_BEST-MSM <= 0.830429: 0 (4/1)
                        :       RATIO_BEST-MSM > 0.830429: 1 (8)
                        PREDMV_MOD_FRAC = 0.25:
                        :...COST_MSM <= 74247: 0 (6)
                            COST_MSM > 74247:
                            :...FME = 1: 1 (0)
                                FME = 0: 0 (2)
                                FME = 2: 1 (21/4)

-----  Trial 1:  -----

Decision tree:

BITS <= 55:
:...COST_MSM <= 7600.32:
:   :...TU_DEPTH = 1: 0 (12.5/4.7)
:   :   TU_DEPTH = 2: 1 (3.1)
:   :   TU_DEPTH = 0:
:   :   :...BITS <= 9: 0 (170.8)
:   :       BITS > 9:
:   :       :...DISTORTION > 4970: 1 (9.4/3.1)
:   :           DISTORTION <= 4970:
:   :           :...SAD <= 10538: 0 (90.9/10.9)
:   :               SAD > 10538: 1 (4.7/1.6)
:   COST_MSM > 7600.32:
:   :...COST_MSM > 272354: 1 (37.3/5.5)
:       COST_MSM <= 272354:
:       :...TU_DEPTH = 1: 1 (33.5/10.9)
:           TU_DEPTH = 2: 1 (3.9/0.8)
:           TU_DEPTH = 0:
:           :...BITS <= 2: 0 (234.6/35.1)
:               BITS > 2:
:               :...CTX_SPLIT = 0:
:                   :...COST_MSM <= 7962.22: 1 (10.9/1.6)
:                   :   COST_MSM > 7962.22: 0 (160.1/26.5)
:                   CTX_SPLIT = 1:
:                   :...BEST_COST <= 81146: 0 (127.4/21)
:                   :   BEST_COST > 81146: 1 (10.1/0.8)
:                   CTX_SPLIT = 3:
:                   :...NON-Z-COEFF > 24: 1 (9.4/1.6)
:                   :   NON-Z-COEFF <= 24:
:                   :   :...AVG_NEIGH_DEPTH <= 1.32727: 1 (35.1/13.2)
:                   :       AVG_NEIGH_DEPTH > 1.32727: 0 (109.8/21.8)
:                   CTX_SPLIT = 5:
:                   :...RATIO_BEST_2Nx2N <= 0.789408: 1 (30.4/3.1)
:                   :   RATIO_BEST_2Nx2N > 0.789408:
:                   :   :...SAD <= 2888: 1 (17.9/2.3)
:                   :       SAD > 2888: 0 (63.1/15.5)
:                   CTX_SPLIT = 6:
:                   :...COST_2Nx2N > 142875: 1 (10.9)
:                   :   COST_2Nx2N <= 142875:
:                   :   :...dQP in {1,2}: 1 (0)
:                   :       dQP = 3: 1 (23.3/5.5)
:                   :       dQP = 4:
:                   :       :...NON-Z-COEFF <= 3: 0 (35.1/7.8)
:                   :           NON-Z-COEFF > 3: 1 (18.7/4.7)
:                   CTX_SPLIT = 4:
:                   :...RATIO_BEST-MSM <= 0.713219: 0 (27.2/5.4)
:                   :   RATIO_BEST-MSM > 0.713219:
:                   :   :...SSE > 120089: 0 (6.2)
:                   :       SSE <= 120089:
:                   :       :...DISTORTION > 50376: 1 (25.7)
:                   :           DISTORTION <= 50376:
:                   :           :...COLOC_SPLIT = 0: 1 (25/2.3)
:                   :               COLOC_SPLIT = 1: 0 (27.2/9.4)
:                   :               COLOC_SPLIT = 2: 1 (22.6/10.1)
:                   CTX_SPLIT = 2:
:                   :...RATIO_BEST_2Nx2N <= 0.435921: 1 (13.3/0.8)
:                       RATIO_BEST_2Nx2N > 0.435921:
:                       :...MV_MOD_INT > 4.12311:
:                           :...AVG_NEIGH_DEPTH <= 1.62925: 0 (31.9)
:                           :   AVG_NEIGH_DEPTH > 1.62925: 1 (10.9/4.7)
:                           MV_MOD_INT <= 4.12311:
:                           :...MVD_MOD_INT > 0: 1 (20.3/4.7)
:                               MVD_MOD_INT <= 0:
:                               :...MVP_IDX = 0: 0 (2.3)
:                                   MVP_IDX = 1: 0 (5.5/0.8)
:                                   MVP_IDX = -1:
:                                   :...FME = 1: 0 (7.8/0.8)
:                                       FME = 2: 0 (14.8/4.7)
:                                       FME = 0:
:                                       :...COLOC_SPLIT = 0: 0 (12.4/3.1)
:                                           COLOC_SPLIT = 1: 1 (31.1/14)
:                                           COLOC_SPLIT = 2: 1 (50.7/17.9)
BITS > 55:
:...BITS > 186: 1 (219.7)
    BITS <= 186:
    :...DISTORTION > 153696: 1 (29.5)
        DISTORTION <= 153696:
        :...SSE > 272178: 0 (10.9/0.8)
            SSE <= 272178:
            :...COST_2Nx2N > 110496: 1 (37.3/0.8)
                COST_2Nx2N <= 110496:
                :...COST_MSM > 114046: 0 (11.7)
                    COST_MSM <= 114046:
                    :...dQP = 2: 1 (0)
                        dQP = 3: 1 (26.4/2.3)
                        dQP = 4: 0 (0.8)
                        dQP = 1:
                        :...SAD > 5104: 0 (23.4/7)
                            SAD <= 5104:
                            :...BITS > 106: 1 (21.7)
                                BITS <= 106:
                                :...NON-Z-COEFF > 4: 0 (21/7)
                                    NON-Z-COEFF <= 4:
                                    :...MVD_MOD_INT > 64.1327: 0 (3.9)
                                        MVD_MOD_INT <= 64.1327:
                                        :...SSE <= 30043: 1 (48.3/3.1)
                                            SSE > 30043: 0 (3.9)

-----  Trial 2:  -----

Decision tree:

BITS > 86:
:...BITS > 186: 1 (174.1)
:   BITS <= 186:
:   :...PRED_MODE in {0,1}: 1 (0)
:       PRED_MODE = 2: 1 (77.6/7.4)
:       PRED_MODE = 3: 0 (23.2/10.2)
BITS <= 86:
:...RATIO_2Nx2N-MSM > 1.257:
    :...PU_SIZE = 1: 1 (8.4/3.4)
    :   PU_SIZE = 2: 1 (4.6)
    :   PU_SIZE = 4: 0 (5.9/2.5)
    :   PU_SIZE = 5: 0 (2.8/0.6)
    :   PU_SIZE = 6: 1 (3.7)
    :   PU_SIZE = 7: 0 (2.5/1.2)
    :   PU_SIZE = 0:
    :   :...SSE <= 7300: 0 (160.9)
    :       SSE > 7300:
    :       :...RATIO_BEST-MSM > 1.04228: 1 (20.7/6.2)
    :           RATIO_BEST-MSM <= 1.04228:
    :           :...NON-Z-COEFF <= 16: 0 (188.1/25.1)
    :               NON-Z-COEFF > 16: 1 (11.3/4.3)
    RATIO_2Nx2N-MSM <= 1.257:
    :...AVG_NEIGH_DEPTH <= 1.25641:
        :...dQP = 2: 0 (0)
        :   dQP = 3:
        :   :...DISTORTION <= 10082: 1 (11.3/4.3)
        :   :   DISTORTION > 10082: 0 (99.6/1.8)
        :   dQP = 4:
        :   :...SSE <= 22674: 0 (18.2)
        :   :   SSE > 22674:
        :   :   :...SAD <= 3181: 1 (24.8/3.4)
        :   :       SAD > 3181:
        :   :       :...DISTORTION <= 44268:
        :   :           :...RATIO_2Nx2N-MSM <= 1.23402: 0 (38.9)
        :   :           :   RATIO_2Nx2N-MSM > 1.23402: 1 (7/2.5)
        :   :           DISTORTION > 44268:
        :   :           :...AVG_NEIGH_DEPTH <= 0.649123: 1 (12.9/3.7)
        :   :               AVG_NEIGH_DEPTH > 0.649123: 0 (79.1/30.9)
        :   dQP = 1:
        :   :...BEST_COST <= 3645.3: 0 (15.4)
        :       BEST_COST > 3645.3:
        :       :...RATIO_2Nx2N-MSM <= 0.928423: 0 (12.4)
        :           RATIO_2Nx2N-MSM > 0.928423:
        :           :...RATIO_2Nx2N-MSM <= 0.977405: 1 (19.7)
        :               RATIO_2Nx2N-MSM > 0.977405:
        :               :...MVD_MOD_FRAC in {0.25,0.353553,0.5,0.559017,
        :                   :                0.707107,0.75,
        :                   :                1.06066}: 0 (0)
        :                   MVD_MOD_FRAC = 0.790569: 1 (2.2)
        :                   MVD_MOD_FRAC = 0.901388: 0 (2.5)
        :                   MVD_MOD_FRAC = 0:
        :                   :...FME = 1: 0 (0)
        :                       FME = 2: 1 (20/4.3)
        :                       FME = 0:
        :                       :...NON-Z-COEFF > 5: 0 (24.7/0.6)
        :                           NON-Z-COEFF <= 5:
        :                           :...NON-Z-COEFF > 4: 1 (4.5)
        :                               NON-Z-COEFF <= 4:
        :                               :...TU_DEPTH = 2: 0 (0)
        :                                   TU_DEPTH = 1: 1 (5.7/1.2)
        :                                   TU_DEPTH = 0:
        :                                   :...MV_MOD_INT <= 37.6962: 0 (40.3/9.8)
        :                                       MV_MOD_INT > 37.6962: 1 (2.2)
        AVG_NEIGH_DEPTH > 1.25641:
        :...COST_2Nx2N > 221388: 1 (26.5/2.5)
            COST_2Nx2N <= 221388:
            :...TU_DEPTH = 1: 1 (50.1/15.9)
                TU_DEPTH = 2: 1 (13.2/1.8)
                TU_DEPTH = 0:
                :...MVP_IDX = 1:
                    :...SAD > 5599: 0 (32/4.6)
                    :   SAD <= 5599:
                    :   :...INTER_DIR in {0,2}: 1 (0)
                    :       INTER_DIR = 3: 1 (46.1/16.1)
                    :       INTER_DIR = 1:
                    :       :...SSE <= 50685: 0 (29.1/3.7)
                    :           SSE > 50685: 1 (16.7/4.3)
                    MVP_IDX = 0:
                    :...REF_IDX = -1: 1 (0)
                    :   REF_IDX = 1: 1 (28.3/5.6)
                    :   REF_IDX = 0:
                    :   :...PRED_MODE in {0,3}: 1 (0)
                    :       PRED_MODE = 2: 0 (10.2/2.8)
                    :       PRED_MODE = 1:
                    :       :...dQP = 2: 1 (0)
                    :           dQP = 1: 1 (5.3/0.6)
                    :           dQP = 3: 1 (32.4/7.4)
                    :           dQP = 4:
                    :           :...RATIO_BEST-MSM <= 0.839011: 0 (31.5/10.5)
                    :               RATIO_BEST-MSM > 0.839011: 1 (20.4/3.7)
                    MVP_IDX = -1:
                    :...DISTORTION > 96999: 1 (26.9/2.8)
                        DISTORTION <= 96999:
                        :...AVG_NEIGH_DEPTH > 2.25904: 1 (63.9/17.6)
                            AVG_NEIGH_DEPTH <= 2.25904:
                            :...PU_SIZE = 1: 1 (36.5/13.9)
                                PU_SIZE = 4: 1 (37.1/17)
                                PU_SIZE = 5: 1 (14.5/4.9)
                                PU_SIZE = 6: 0 (32.2/9.8)
                                PU_SIZE = 7: 1 (25.1/8)
                                PU_SIZE = 2:
                                :...BITS <= 33: 0 (38.6/10.5)
                                :   BITS > 33: 1 (9.3)
                                PU_SIZE = 0:
                                :...SAD > 5082: 0 (25.9/1.2)
                                    SAD <= 5082:
                                    :...SSE <= 6852: 0 (40/4.5)
                                        SSE > 6852:
                                        :...SAD <= 2099: 1 (35.8/7.4)
                                            SAD > 2099:
                                            :...INTER_DIR = 0: 0 (17.2/7)
                                                INTER_DIR = 1: 0 (3.1)
                                                INTER_DIR = 2: 1 (18.9/6.5)
                                                INTER_DIR = 3: [S1]

SubTree [S1]

RATIO_2Nx2N-MSM > 1.23638: 1 (15.5/1.8)
RATIO_2Nx2N-MSM <= 1.23638:
:...REF_IDX = -1: 0 (0)
    REF_IDX = 1: 1 (18.2/6.2)
    REF_IDX = 0:
    :...COLOC_SPLIT = 0: 0 (27/11.9)
        COLOC_SPLIT = 1: 0 (33.6/4.6)
        COLOC_SPLIT = 2:
        :...BITS <= 2: 1 (20.5/4.9)
            BITS > 2:
            :...NON-Z-COEFF > 8: 1 (4.6)
                NON-Z-COEFF <= 8:
                :...SSE <= 64972: 0 (36/2.2)
                    SSE > 64972: 1 (9/2.2)

-----  Trial 3:  -----

Decision tree:

BITS > 123: 1 (194.7/8.6)
BITS <= 123:
:...RATIO_BEST_2Nx2N <= 0.363265: 0 (38.1)
    RATIO_BEST_2Nx2N > 0.363265:
    :...AVG_NEIGH_DEPTH <= 0.5:
        :...MVD_MOD_FRAC in {0.25,0.353553,0.5,0.559017,0.707107,0.901388,
        :   :                1.06066}: 0 (0)
        :   MVD_MOD_FRAC = 0: 0 (84.9/7.1)
        :   MVD_MOD_FRAC = 0.75: 0 (0.5)
        :   MVD_MOD_FRAC = 0.790569: 1 (2.5/0.5)
        AVG_NEIGH_DEPTH > 0.5:
        :...COST_2Nx2N > 59555:
            :...COST_2Nx2N > 253405: 1 (29.7)
            :   COST_2Nx2N <= 253405:
            :   :...RATIO_2Nx2N-MSM <= 0.808684:
            :       :...MV_MOD_INT <= 1: 0 (41.6/1.5)
            :       :   MV_MOD_INT > 1:
            :       :   :...MVD_MOD_INT <= 0: 1 (28.8/5.4)
            :       :       MVD_MOD_INT > 0:
            :       :       :...TU_DEPTH = 2: 0 (0)
            :       :           TU_DEPTH = 1: 1 (4.1)
            :       :           TU_DEPTH = 0:
            :       :           :...NON-Z-COEFF <= 1: 0 (39.7/5.7)
            :       :               NON-Z-COEFF > 1:
            :       :               :...BITS <= 44: 1 (25.4/6.2)
            :       :                   BITS > 44: 0 (22.1/5)
            :       RATIO_2Nx2N-MSM > 0.808684:
            :       :...COLOC_SPLIT = 0: 0 (14.3/1.8)
            :           COLOC_SPLIT = 1: 1 (96.1/26.1)
            :           COLOC_SPLIT = 2:
            :           :...PREDMV_MOD_INT > 10.4403: 0 (24.7/3.9)
            :               PREDMV_MOD_INT <= 10.4403:
            :               :...dQP in {1,2}: 1 (0)
            :                   dQP = 3: 1 (40/3.6)
            :                   dQP = 4:
            :                   :...CTX_SPLIT in {0,1}: 1 (0)
            :                       CTX_SPLIT = 3: 1 (45.5/15.6)
            :                       CTX_SPLIT = 4: 1 (25/7.4)
            :                       CTX_SPLIT = 5: 1 (49.8/17.4)
            :                       CTX_SPLIT = 6: 1 (43.5/13.8)
            :                       CTX_SPLIT = 2:
            :                       :...RATIO_BEST-MSM <= 0.673258: 1 (13.1/1.7)
            :                           RATIO_BEST-MSM > 0.673258: 0 (82.9/26)
            COST_2Nx2N <= 59555:
            :...RATIO_2Nx2N-MSM > 1.55731: 0 (107/4.5)
                RATIO_2Nx2N-MSM <= 1.55731:
                :...TU_DEPTH = 2: 1 (28.2/7.3)
                    TU_DEPTH = 1:
                    :...MV_MOD_INT <= 2.23607: 0 (52.5/17.9)
                    :   MV_MOD_INT > 2.23607: 1 (14.9)
                    TU_DEPTH = 0:
                    :...MVD_MOD_FRAC = 0.25: 0 (17.3/7.5)
                        MVD_MOD_FRAC = 0.353553: 1 (3)
                        MVD_MOD_FRAC = 0.5: 1 (11.7/3.2)
                        MVD_MOD_FRAC = 0.559017: 1 (9.9/2)
                        MVD_MOD_FRAC = 0.707107: 0 (4.8)
                        MVD_MOD_FRAC = 0.75: 1 (19.8/9)
                        MVD_MOD_FRAC = 0.790569: 0 (17.8/4.5)
                        MVD_MOD_FRAC = 0.901388: 0 (4.7)
                        MVD_MOD_FRAC = 1.06066: 0 (10.8/3.5)
                        MVD_MOD_FRAC = 0:
                        :...COST_2Nx2N <= 4607.67: 0 (30.5)
                            COST_2Nx2N > 4607.67:
                            :...MV_MOD_FRAC = 0.353553: 0 (10.6)
                                MV_MOD_FRAC = 0.5: 0 (32.5/9.8)
                                MV_MOD_FRAC = 0.559017: 0 (14.8/5.6)
                                MV_MOD_FRAC = 0.707107: 0 (12.8)
                                MV_MOD_FRAC = 0.75: 1 (22.6/7.7)
                                MV_MOD_FRAC = 0.790569: 0 (11.6/3.6)
                                MV_MOD_FRAC = 0.901388: 0 (9.7/2)
                                MV_MOD_FRAC = 1.06066: 0 (1)
                                MV_MOD_FRAC = 0.25:
                                :...AVG_NEIGH_DEPTH <= 0.988722: 1 (14.9/2.3)
                                :   AVG_NEIGH_DEPTH > 0.988722: 0 (37.6/9.8)
                                MV_MOD_FRAC = 0:
                                :...SAD > 4043:
                                    :...RATIO_2Nx2N-MSM > 1.33502: 1 (18.6/7.7)
                                    :   RATIO_2Nx2N-MSM <= 1.33502:
                                    :   :...AVG_NEIGH_DEPTH <= 0.512821: 1 (5.6/2.2)
                                    :       AVG_NEIGH_DEPTH > 0.512821: 0 (105.1/8.2)
                                    SAD <= 4043:
                                    :...BITS > 52: 1 (28.3/6.4)
                                        BITS <= 52:
                                        :...BEST_COST <= 5461: 0 (24.5/2)
                                            BEST_COST > 5461:
                                            :...COST_MSM > 51366.1: 0 (47.8/4.7)
                                                COST_MSM <= 51366.1:
                                                :...SSE > 30264: [S1]
                                                    SSE <= 30264:
                                                    :...PU_SIZE = 1: 0 (13.8/5)
                                                        PU_SIZE = 2: 1 (18/6.1)
                                                        PU_SIZE = 4: 1 (19.9/5.3)
                                                        PU_SIZE = 5: 0 (6.7/2.2)
                                                        PU_SIZE = 6: 0 (1.5)
                                                        PU_SIZE = 7: 1 (4/0.5)
                                                        PU_SIZE = 0:
                                                        :...SAD > 3082: 0 (60.8)
                                                            SAD <= 3082: [S2]

SubTree [S1]

COST_2Nx2N <= 19081: 0 (3.5)
COST_2Nx2N > 19081:
:...RATIO_BEST_2Nx2N <= 0.814599: 0 (7.8/1.7)
    RATIO_BEST_2Nx2N > 0.814599: 1 (51.3/8.5)

SubTree [S2]

RATIO_BEST_2Nx2N <= 0.666585: 1 (9.8/0.5)
RATIO_BEST_2Nx2N > 0.666585:
:...RATIO_2Nx2N-MSM > 1.21923: 0 (37.7/2)
    RATIO_2Nx2N-MSM <= 1.21923:
    :...COLOC_SPLIT = 1: 0 (46.6/15.6)
        COLOC_SPLIT = 2: 1 (21/5.8)
        COLOC_SPLIT = 0:
        :...RATIO_BEST_2Nx2N <= 0.827473: 1 (14.4/1.5)
            RATIO_BEST_2Nx2N > 0.827473: 0 (61.4/16.8)

-----  Trial 4:  -----

Decision tree:

BITS > 186: 1 (112)
BITS <= 186:
:...TU_DEPTH = 1:
    :...RATIO_2Nx2N-MSM <= 0.839707: 0 (41.1/17)
    :   RATIO_2Nx2N-MSM > 0.839707:
    :   :...RATIO_BEST_2Nx2N <= 0.591547: 0 (5/0.4)
    :       RATIO_BEST_2Nx2N > 0.591547: 1 (120.3/26.5)
    TU_DEPTH = 2:
    :...RATIO_BEST_2Nx2N > 0.904524: 1 (22.1)
    :   RATIO_BEST_2Nx2N <= 0.904524:
    :   :...FME = 0: 0 (37.8/14.6)
    :       FME = 1: 1 (1.2)
    :       FME = 2: 1 (3.4)
    TU_DEPTH = 0:
    :...COST_2Nx2N > 132855:
        :...dQP in {1,2}: 1 (0)
        :   dQP = 3: 1 (11)
        :   dQP = 4:
        :   :...COLOC_SPLIT = 0: 0 (0.4)
        :       COLOC_SPLIT = 1: 1 (7.8)
        :       COLOC_SPLIT = 2:
        :       :...COST_2Nx2N > 253405: 1 (16.1)
        :           COST_2Nx2N <= 253405:
        :           :...SAD <= 5924: 1 (66.3/17.3)
        :               SAD > 5924: 0 (41.8/9.3)
        COST_2Nx2N <= 132855:
        :...RATIO_BEST_2Nx2N <= 0.417149: 0 (48.9)
            RATIO_BEST_2Nx2N > 0.417149:
            :...CTX_SPLIT = 6:
                :...SAD > 5686: 0 (18.8/2.6)
                :   SAD <= 5686:
                :   :...SSE <= 52664: 0 (41.6/15.4)
                :       SSE > 52664: 1 (28.2/3.3)
                CTX_SPLIT = 4:
                :...MV_MOD_INT > 24.0832: 1 (23.4/3.1)
                :   MV_MOD_INT <= 24.0832:
                :   :...PRED_MODE = 2: 0 (23.8/5.6)
                :       PRED_MODE = 3: 0 (4.8)
                :       PRED_MODE = 0:
                :       :...REF_IDX = -1: 0 (1.4)
                :       :   REF_IDX = 1: 1 (6.1)
                :       :   REF_IDX = 0:
                :       :   :...COLOC_SPLIT = 0: 1 (19.6/3.2)
                :       :       COLOC_SPLIT = 1: 1 (18.9/9.1)
                :       :       COLOC_SPLIT = 2: 0 (18.5/6.5)
                :       PRED_MODE = 1:
                :       :...COST_MSM <= 38643.7: 1 (17.2/0.4)
                :           COST_MSM > 38643.7:
                :           :...SAD <= 3831: 0 (32/3.6)
                :               SAD > 3831: 1 (28.3/7.9)
                CTX_SPLIT = 5:
                :...RATIO_BEST_2Nx2N <= 0.679614: 1 (18.2)
                :   RATIO_BEST_2Nx2N > 0.679614:
                :   :...SAD <= 1739: 1 (13)
                :       SAD > 1739:
                :       :...MVP_IDX = 0: 1 (33.5/12.3)
                :           MVP_IDX = 1: 0 (15.9/2.2)
                :           MVP_IDX = -1:
                :           :...RATIO_BEST-MSM <= 1.05253: 0 (76.7/17.7)
                :               RATIO_BEST-MSM > 1.05253: 1 (3.3)
                CTX_SPLIT = 0:
                :...BITS <= 2: 0 (75.6)
                :   BITS > 2:
                :   :...COST_MSM > 30998.6: 0 (58.9/5.8)
                :       COST_MSM <= 30998.6:
                :       :...DISTORTION <= 4970: 0 (63.2/3.3)
                :           DISTORTION > 4970:
                :           :...RATIO_BEST_2Nx2N <= 0.655869: 0 (19.9)
                :               RATIO_BEST_2Nx2N > 0.655869:
                :               :...MV_MOD_INT > 1.41421: 1 (21.9/7)
                :                   MV_MOD_INT <= 1.41421:
                :                   :...COST_MSM <= 8118.83: 1 (15.7/1.4)
                :                       COST_MSM > 8118.83: 0 (60.5/17.9)
                CTX_SPLIT = 1:
                :...MVD_MOD_FRAC = 0.353553: 0 (0)
                :   MVD_MOD_FRAC = 0.25: 0 (3.6)
                :   MVD_MOD_FRAC = 0.5: 0 (5.3)
                :   MVD_MOD_FRAC = 0.559017: 0 (1.8)
                :   MVD_MOD_FRAC = 0.707107: 0 (1.8)
                :   MVD_MOD_FRAC = 0.75: 1 (6.1/1.8)
                :   MVD_MOD_FRAC = 0.790569: 1 (5.2/2.2)
                :   MVD_MOD_FRAC = 0.901388: 0 (3.4)
                :   MVD_MOD_FRAC = 1.06066: 0 (1.4)
                :   MVD_MOD_FRAC = 0:
                :   :...MVP_IDX = 0: 1 (6.9/2)
                :       MVP_IDX = 1: 0 (0.8)
                :       MVP_IDX = -1:
                :       :...RATIO_2Nx2N-MSM <= 1.03783:
                :           :...AVG_NEIGH_DEPTH <= 1.17414: 1 (29.7/6.9)
                :           :   AVG_NEIGH_DEPTH > 1.17414: 0 (21.5/3.6)
                :           RATIO_2Nx2N-MSM > 1.03783:
                :           :...COLOC_SPLIT = 2: 0 (0)
                :               COLOC_SPLIT = 0: 0 (30.1)
                :               COLOC_SPLIT = 1:
                :               :...RATIO_2Nx2N-MSM > 2.06296: 1 (5.7/1.2)
                :                   RATIO_2Nx2N-MSM <= 2.06296:
                :                   :...SAD <= 1127: 1 (6.9/2.4)
                :                       SAD > 1127: 0 (96.9/10.3)
                CTX_SPLIT = 3:
                :...RATIO_BEST_2Nx2N > 0.984914: 0 (23.1/0.4)
                :   RATIO_BEST_2Nx2N <= 0.984914:
                :   :...MVD_MOD_INT > 1.41421: 1 (13.7/3)
                :       MVD_MOD_INT <= 1.41421:
                :       :...COST_MSM > 127315: 0 (18.6/0.4)
                :           COST_MSM <= 127315:
                :           :...MVD_MOD_INT > 0: 0 (16.1/2.8)
                :               MVD_MOD_INT <= 0:
                :               :...BITS > 10:
                :                   :...NON-Z-COEFF > 8: 0 (6.8)
                :                   :   NON-Z-COEFF <= 8:
                :                   :   :...RATIO_2Nx2N-MSM > 1.05423: 1 (31.6/3.4)
                :                   :       RATIO_2Nx2N-MSM <= 1.05423:
                :                   :       :...BITS <= 27: 0 (24.7/5.3)
                :                   :           BITS > 27: 1 (23.6/3.8)
                :                   BITS <= 10:
                :                   :...REF_IDX = -1: 0 (9.8)
                :                       REF_IDX = 1: 0 (0.8)
                :                       REF_IDX = 0:
                :                       :...PU_SIZE in {1,4,6}: 0 (0)
                :                           PU_SIZE = 2: 1 (2.7)
                :                           PU_SIZE = 5: 1 (0.4)
                :                           PU_SIZE = 7: 0 (1.8/0.4)
                :                           PU_SIZE = 0:
                :                           :...SSE <= 28288: 0 (24.6)
                :                               SSE > 28288:
                :                               :...NON-Z-COEFF <= 5: 0 (32.3/8.5)
                :                                   NON-Z-COEFF > 5: 1 (13.7/2.2)
                CTX_SPLIT = 2:
                :...RATIO_BEST-MSM > 1.02202: 0 (16.2)
                    RATIO_BEST-MSM <= 1.02202:
                    :...MVD_MOD_FRAC = 0.707107: 0 (0)
                        MVD_MOD_FRAC = 0.25: 1 (18.2/8.9)
                        MVD_MOD_FRAC = 0.353553: 1 (3.4/1.4)
                        MVD_MOD_FRAC = 0.5: 1 (8.7/2)
                        MVD_MOD_FRAC = 0.559017: 0 (9.5/3.2)
                        MVD_MOD_FRAC = 0.75: 0 (4.3/2.2)
                        MVD_MOD_FRAC = 0.790569: 0 (3.4)
                        MVD_MOD_FRAC = 0.901388: 0 (3.2)
                        MVD_MOD_FRAC = 1.06066: 0 (5.8)
                        MVD_MOD_FRAC = 0:
                        :...PREDMV_MOD_INT > 7: 0 (16.2)
                            PREDMV_MOD_INT <= 7:
                            :...PU_SIZE = 1: 1 (18.1/8.6)
                                PU_SIZE = 2: 1 (14/3.4)
                                PU_SIZE = 4: 1 (6.4/3.1)
                                PU_SIZE = 5: 1 (12.9/2.9)
                                PU_SIZE = 6: 1 (7.3/2.8)
                                PU_SIZE = 7: 0 (1.4)
                                PU_SIZE = 0:
                                :...COST_2Nx2N <= 13420.5: 0 (23.1)
                                    COST_2Nx2N > 13420.5:
                                    :...MV_MOD_FRAC in {0.353553,0.901388,
                                        :               1.06066}: 0 (0)
                                        MV_MOD_FRAC = 0.25: 0 (2.4)
                                        MV_MOD_FRAC = 0.5: 1 (9.9/2)
                                        MV_MOD_FRAC = 0.559017: 1 (1.8/0.4)
                                        MV_MOD_FRAC = 0.707107: 0 (0.4)
                                        MV_MOD_FRAC = 0.75: 0 (0.4)
                                        MV_MOD_FRAC = 0.790569: 0 (0.8)
                                        MV_MOD_FRAC = 0:
                                        :...MV_MOD_INT > 1.41421: 0 (8.5)
                                            MV_MOD_INT <= 1.41421:
                                            :...INTER_DIR = 0: 1 (6.4/3.2)
                                                INTER_DIR = 1: 1 (5.1/0.4)
                                                INTER_DIR = 2: 0 (14.3/6.5)
                                                INTER_DIR = 3:
                                                :...dQP = 2: 0 (0)
                                                    dQP = 1: 0 (6.4)
                                                    dQP = 3: 0 (4.3)
                                                    dQP = 4:
                                                    :...COLOC_SPLIT = 0: 1 (10.1/3.2)
                                                        COLOC_SPLIT = 1: 0 (15.3/2.9)
                                                        COLOC_SPLIT = 2: 1 (32.5/12.5)

-----  Trial 5:  -----

Decision tree:

BITS > 86:
:...PRED_MODE in {0,1}: 1 (0)
:   PRED_MODE = 2: 1 (150/8.6)
:   PRED_MODE = 3:
:   :...SSE <= 87728: 0 (24.5/9.1)
:       SSE > 87728: 1 (33.6/1.7)
BITS <= 86:
:...RATIO_2Nx2N-MSM > 1.257:
    :...TU_DEPTH = 1: 1 (7.6/1.6)
    :   TU_DEPTH = 2: 1 (5.3/1.1)
    :   TU_DEPTH = 0:
    :   :...PU_SIZE = 1: 1 (10.7/4.4)
    :       PU_SIZE = 2: 1 (2.4)
    :       PU_SIZE = 4: 0 (6.7/2.3)
    :       PU_SIZE = 5: 1 (2.3/1.1)
    :       PU_SIZE = 6: 1 (3.2)
    :       PU_SIZE = 7: 1 (1.8/0.6)
    :       PU_SIZE = 0:
    :       :...SSE <= 7300: 0 (100.1)
    :           SSE > 7300:
    :           :...RATIO_BEST-MSM > 1.0572: 1 (18/5.7)
    :               RATIO_BEST-MSM <= 1.0572:
    :               :...SAD > 11184: 1 (9.3/2.8)
    :                   SAD <= 11184:
    :                   :...SAD <= 1668: 1 (9.6/3.6)
    :                       SAD > 1668: 0 (164.7/17.9)
    RATIO_2Nx2N-MSM <= 1.257:
    :...COST_2Nx2N > 153681:
        :...PRED_MODE = 3: 1 (0)
        :   PRED_MODE = 0: 0 (4.2/0.3)
        :   PRED_MODE = 2: 1 (21.5/2.7)
        :   PRED_MODE = 1:
        :   :...MVD_MOD_INT <= 5.83095: 1 (61/14.2)
        :       MVD_MOD_INT > 5.83095: 0 (4.2/0.3)
        COST_2Nx2N <= 153681:
        :...AVG_NEIGH_DEPTH <= 1.02906:
            :...BITS <= 31: 0 (181.9/30.3)
            :   BITS > 31:
            :   :...DISTORTION > 78048: 1 (9.1/2.2)
            :       DISTORTION <= 78048:
            :       :...SAD <= 1699: 1 (9.2/0.3)
            :           SAD > 1699: 0 (53.4/16.3)
            AVG_NEIGH_DEPTH > 1.02906:
            :...RATIO_2Nx2N-MSM > 1.22994:
                :...MV_MOD_INT <= 7.61577: 1 (40.1/7.2)
                :   MV_MOD_INT > 7.61577: 0 (2.9)
                RATIO_2Nx2N-MSM <= 1.22994:
                :...COST_MSM <= 9000.77:
                    :...SAD <= 1449: 1 (35.9/17.1)
                    :   SAD > 1449:
                    :   :...TU_DEPTH = 0: 0 (61.6/4.2)
                    :       TU_DEPTH = 1: 0 (12.1)
                    :       TU_DEPTH = 2: 1 (2.8)
                    COST_MSM > 9000.77:
                    :...dQP = 2: 0 (0)
                        dQP = 1:
                        :...SSE <= 25837: 1 (127.9/40.8)
                        :   SSE > 25837:
                        :   :...BEST_COST <= 47186.9: 0 (60.3/9.2)
                        :       BEST_COST > 47186.9: 1 (4.9)
                        dQP = 3:
                        :...AVG_NEIGH_DEPTH <= 1.27696: 0 (21.9/2.4)
                        :   AVG_NEIGH_DEPTH > 1.27696:
                        :   :...DISTORTION > 68242: 1 (21.4)
                        :       DISTORTION <= 68242:
                        :       :...MV_MOD_INT > 32.0156: 1 (18.8)
                        :           MV_MOD_INT <= 32.0156:
                        :           :...MV_MOD_INT > 21.095: 0 (12.1)
                        :               MV_MOD_INT <= 21.095:
                        :               :...MV_MOD_INT > 8.06226: 1 (33.9/4.7)
                        :                   MV_MOD_INT <= 8.06226:
                        :                   :...COLOC_SPLIT = 0: 1 (15/7.2)
                        :                       COLOC_SPLIT = 1: 0 (46.2/9.2)
                        :                       COLOC_SPLIT = 2: [S1]
                        dQP = 4:
                        :...TU_DEPTH = 1: 1 (11.5/1.4)
                            TU_DEPTH = 2: 1 (0.3)
                            TU_DEPTH = 0:
                            :...PREDMV_MOD_FRAC = 0.353553: 0 (26.8/1.3)
                                PREDMV_MOD_FRAC = 0.559017: 0 (19.5/7.7)
                                PREDMV_MOD_FRAC = 0.707107: 0 (15.3/5.6)
                                PREDMV_MOD_FRAC = 0.75: 0 (11.9/2.3)
                                PREDMV_MOD_FRAC = 0.790569: 1 (2.1/0.9)
                                PREDMV_MOD_FRAC = 0.901388: 0 (17.3/2.6)
                                PREDMV_MOD_FRAC = 1.06066: 0 (2.4)
                                PREDMV_MOD_FRAC = 0.25:
                                :...FME = 1: 1 (0)
                                :   FME = 0: 0 (2.6)
                                :   FME = 2:
                                :   :...BITS <= 16: 0 (36.8/12.1)
                                :       BITS > 16: 1 (15.8/0.3)
                                PREDMV_MOD_FRAC = 0.5:
                                :...COST_MSM > 151768: 0 (15.8)
                                :   COST_MSM <= 151768:
                                :   :...SSE > 55530: 1 (31.6/1.6)
                                :       SSE <= 55530:
                                :       :...PREDMV_MOD_INT <= 25.1794: 0 (40.8/10.8)
                                :           PREDMV_MOD_INT > 25.1794: 1 (3.7)
                                PREDMV_MOD_FRAC = 0:
                                :...FME = 1: 1 (8.9/2.4)
                                    FME = 2: 0 (6.1)
                                    FME = 0:
                                    :...BEST_COST > 124070: 0 (21/0.6)
                                        BEST_COST <= 124070:
                                        :...RATIO_2Nx2N-MSM <= 0.61226: 1 (16.3/1.3)
                                            RATIO_2Nx2N-MSM > 0.61226:
                                            :...RATIO_2Nx2N-MSM <= 0.816092: 0 (39/1.1)
                                                RATIO_2Nx2N-MSM > 0.816092:
                                                :...PU_SIZE = 1: 1 (28.1/11.3)
                                                    PU_SIZE = 2: 0 (14.1/3.7)
                                                    PU_SIZE = 4: 1 (9.5/2.3)
                                                    PU_SIZE = 5: 1 (5.7)
                                                    PU_SIZE = 6: 0 (9/2.3)
                                                    PU_SIZE = 7: 1 (10.1)
                                                    PU_SIZE = 0:
                                                    :...COLOC_SPLIT = 0: 0 (20.6/5.6)
                                                        COLOC_SPLIT = 1: 0 (20.9/3.8)
                                                        COLOC_SPLIT = 2:
                                                        :...SAD > 5197: 0 (11.3)
                                                            SAD <= 5197: [S2]

SubTree [S1]

AVG_NEIGH_DEPTH <= 1.73596: 1 (26.8/2.6)
AVG_NEIGH_DEPTH > 1.73596:
:...RATIO_2Nx2N-MSM <= 0.703169: 0 (11.6)
    RATIO_2Nx2N-MSM > 0.703169:
    :...BITS <= 26: 0 (34.4/14.2)
        BITS > 26: 1 (16.5)

SubTree [S2]

RATIO_2Nx2N-MSM <= 1.13778: 1 (38.1/11.7)
RATIO_2Nx2N-MSM > 1.13778: 0 (41.8/11.2)

-----  Trial 6:  -----

Decision tree:

BITS > 86:
:...BITS > 186: 1 (80.1)
:   BITS <= 186:
:   :...SSE <= 276791: 1 (89.9/16)
:       SSE > 276791: 0 (21.8/8.5)
BITS <= 86:
:...SSE > 20262:
    :...SAD <= 2985:
    :   :...SAD <= 1705: 0 (9.8/1.9)
    :   :   SAD > 1705:
    :   :   :...MVD_MOD_FRAC in {0.25,0.707107,0.901388}: 1 (0)
    :   :       MVD_MOD_FRAC = 0.353553: 1 (0.3)
    :   :       MVD_MOD_FRAC = 0.5: 0 (4.2/1.9)
    :   :       MVD_MOD_FRAC = 0.559017: 1 (9.3)
    :   :       MVD_MOD_FRAC = 0.75: 1 (1.3)
    :   :       MVD_MOD_FRAC = 0.790569: 1 (4.6/0.3)
    :   :       MVD_MOD_FRAC = 1.06066: 1 (2.2/0.3)
    :   :       MVD_MOD_FRAC = 0:
    :   :       :...RATIO_BEST_2Nx2N <= 0.952594: 1 (90.4/16.7)
    :   :           RATIO_BEST_2Nx2N > 0.952594: 0 (26/9.2)
    :   SAD > 2985:
    :   :...DISTORTION > 44232:
    :       :...AVG_NEIGH_DEPTH > 1.72355: 1 (229.1/75.7)
    :       :   AVG_NEIGH_DEPTH <= 1.72355:
    :       :   :...TU_DEPTH = 1: 1 (33.1/12.2)
    :       :       TU_DEPTH = 2: 1 (0.8)
    :       :       TU_DEPTH = 0:
    :       :       :...MVD_MOD_FRAC = 0.25: 0 (34.5/11.2)
    :       :           MVD_MOD_FRAC = 0.353553: 0 (13.2/0.3)
    :       :           MVD_MOD_FRAC = 0.5: 0 (15.8/5.4)
    :       :           MVD_MOD_FRAC = 0.559017: 0 (12.1/4.4)
    :       :           MVD_MOD_FRAC = 0.707107: 0 (1.1)
    :       :           MVD_MOD_FRAC = 0.75: 0 (11.5/4.8)
    :       :           MVD_MOD_FRAC = 0.790569: 1 (9.3/2)
    :       :           MVD_MOD_FRAC = 0.901388: 0 (5.9/1.9)
    :       :           MVD_MOD_FRAC = 1.06066: 0 (8.1/2.1)
    :       :           MVD_MOD_FRAC = 0:
    :       :           :...PREDMV_MOD_INT > 10.4403: 0 (11.7)
    :       :               PREDMV_MOD_INT <= 10.4403:
    :       :               :...INTER_DIR = 0: 1 (4.7/1.1)
    :       :                   INTER_DIR = 1: 1 (27.6/7.8)
    :       :                   INTER_DIR = 2: 0 (30.3/13.8)
    :       :                   INTER_DIR = 3:
    :       :                   :...DISTORTION <= 58093: 1 (57.2/16.9)
    :       :                       DISTORTION > 58093: 0 (82.5/20.7)
    :       DISTORTION <= 44232:
    :       :...MV_MOD_FRAC = 0.25: 1 (25.9/7.4)
    :           MV_MOD_FRAC = 0.353553: 0 (10.7)
    :           MV_MOD_FRAC = 0.5: 0 (28.9/11.5)
    :           MV_MOD_FRAC = 0.559017: 0 (7.9/3.1)
    :           MV_MOD_FRAC = 0.707107: 0 (10.4)
    :           MV_MOD_FRAC = 0.75: 0 (19.3/4.4)
    :           MV_MOD_FRAC = 0.790569: 0 (15.1/2.9)
    :           MV_MOD_FRAC = 0.901388: 1 (7.9/2.1)
    :           MV_MOD_FRAC = 1.06066: 0 (4.5)
    :           MV_MOD_FRAC = 0:
    :           :...BITS <= 25: 0 (173.2/29.5)
    :               BITS > 25:
    :               :...MV_MOD_INT > 7.61577: 1 (9.8)
    :                   MV_MOD_INT <= 7.61577:
    :                   :...NON-Z-COEFF > 6:
    :                       :...NON-Z-COEFF <= 23: 0 (38.1/1.4)
    :                       :   NON-Z-COEFF > 23: 1 (14.1/4.5)
    :                       NON-Z-COEFF <= 6:
    :                       :...DISTORTION > 36184: 0 (9.7)
    :                           DISTORTION <= 36184:
    :                           :...INTER_DIR = 1: 0 (3.3/1.1)
    :                               INTER_DIR = 2: 0 (14.2/4.7)
    :                               INTER_DIR = 3: 1 (29.9/7.3)
    :                               INTER_DIR = 0:
    :                               :...COST_2Nx2N <= 20104.2: 1 (31.1/3.8)
    :                                   COST_2Nx2N > 20104.2: 0 (28.5/8.3)
    SSE <= 20262:
    :...COST_MSM <= 3656.55: 0 (61.1)
        COST_MSM > 3656.55:
        :...BITS <= 5: 0 (203.4/22.2)
            BITS > 5:
            :...SSE <= 3134: 1 (25.8/5.1)
                SSE > 3134:
                :...SAD > 3196: 0 (20.4)
                    SAD <= 3196:
                    :...MVP_IDX = 1: 0 (29.8/1.9)
                        MVP_IDX = 0:
                        :...TU_DEPTH = 2: 0 (0)
                        :   TU_DEPTH = 1: 1 (3.4)
                        :   TU_DEPTH = 0:
                        :   :...RATIO_2Nx2N-MSM > 0.996595: 1 (6.4)
                        :       RATIO_2Nx2N-MSM <= 0.996595:
                        :       :...AVG_NEIGH_DEPTH <= 0.609375: 1 (2.9/0.3)
                        :           AVG_NEIGH_DEPTH > 0.609375: 0 (41/4.4)
                        MVP_IDX = -1:
                        :...dQP = 2: 0 (0)
                            dQP = 4: 1 (24.8/7.7)
                            dQP = 3:
                            :...NON-Z-COEFF <= 13: 0 (52.4/10)
                            :   NON-Z-COEFF > 13: 1 (3.7)
                            dQP = 1:
                            :...BITS <= 29: 0 (76.7/13.9)
                                BITS > 29:
                                :...SAD <= 1829: 1 (33.3/5.9)
                                    SAD > 1829:
                                    :...DISTORTION <= 5295: 0 (16.4)
                                        DISTORTION > 5295:
                                        :...PU_SIZE in {1,5,6,7}: 0 (0)
                                            PU_SIZE = 0: 0 (38.2/15.5)
                                            PU_SIZE = 2: 1 (1.8)
                                            PU_SIZE = 4: 1 (3.5)

-----  Trial 7:  -----

Decision tree:

BITS > 86:
:...BITS > 186: 1 (65.2)
:   BITS <= 186:
:   :...PRED_MODE in {0,1}: 1 (0)
:       PRED_MODE = 2:
:       :...SAD <= 13912: 1 (69.1/8.9)
:       :   SAD > 13912: 0 (4.2/1.2)
:       PRED_MODE = 3:
:       :...TU_DEPTH = 0: 0 (10.3)
:           TU_DEPTH = 1: 1 (11.8/3.2)
:           TU_DEPTH = 2: 1 (21.7/9.2)
BITS <= 86:
:...SSE <= 6694:
    :...BITS <= 9: 0 (98.6)
    :   BITS > 9:
    :   :...RATIO_BEST-MSM <= 0.373959: 1 (7.7/1.3)
    :       RATIO_BEST-MSM > 0.373959:
    :       :...MVD_MOD_FRAC in {0.25,0.353553,0.5,0.707107}: 0 (0)
    :           MVD_MOD_FRAC = 0.559017: 0 (3.2)
    :           MVD_MOD_FRAC = 0.75: 0 (4.5/0.7)
    :           MVD_MOD_FRAC = 0.790569: 0 (8.3)
    :           MVD_MOD_FRAC = 0.901388: 1 (0.8)
    :           MVD_MOD_FRAC = 1.06066: 1 (1.6)
    :           MVD_MOD_FRAC = 0:
    :           :...SSE > 5120: 0 (38.3/2)
    :               SSE <= 5120:
    :               :...DISTORTION <= 4855: 0 (75.8/22.4)
    :                   DISTORTION > 4855: 1 (7.8)
    SSE > 6694:
    :...COST_2Nx2N > 57908.2:
        :...COST_2Nx2N > 242513: 1 (28/2)
        :   COST_2Nx2N <= 242513:
        :   :...dQP in {1,2}: 1 (0)
        :       dQP = 3:
        :       :...COLOC_SPLIT = 0: 1 (5.5/2.5)
        :       :   COLOC_SPLIT = 1: 0 (28.9/9.5)
        :       :   COLOC_SPLIT = 2:
        :       :   :...BITS > 67: 0 (7.7/1.3)
        :       :       BITS <= 67:
        :       :       :...COST_MSM <= 66936.3: 0 (8.9/3.2)
        :       :           COST_MSM > 66936.3: 1 (61/3.4)
        :       dQP = 4:
        :       :...MV_MOD_FRAC = 0.353553: 0 (12.9/0.2)
        :           MV_MOD_FRAC = 0.5: 1 (41.6/12.3)
        :           MV_MOD_FRAC = 0.559017: 0 (28.6/12.8)
        :           MV_MOD_FRAC = 0.707107: 0 (15.9/6)
        :           MV_MOD_FRAC = 0.75: 1 (29.5/10.4)
        :           MV_MOD_FRAC = 0.790569: 1 (24.5/4)
        :           MV_MOD_FRAC = 0.901388: 1 (3.4/1.2)
        :           MV_MOD_FRAC = 1.06066: 0 (9.6/0.7)
        :           MV_MOD_FRAC = 0:
        :           :...NON-Z-COEFF <= 4:
        :           :   :...REF_IDX = 1: 1 (14.8/6)
        :           :   :   REF_IDX = -1:
        :           :   :   :...RATIO_2Nx2N-MSM <= 0.848573: 0 (25.3/2.1)
        :           :   :   :   RATIO_2Nx2N-MSM > 0.848573: 1 (40.9/8.4)
        :           :   :   REF_IDX = 0:
        :           :   :   :...COST_MSM <= 47668.8: 1 (6.7)
        :           :   :       COST_MSM > 47668.8: 0 (116.2/27.3)
        :           :   NON-Z-COEFF > 4:
        :           :   :...RATIO_BEST_2Nx2N > 0.908966: 0 (50.5/19.7)
        :           :       RATIO_BEST_2Nx2N <= 0.908966:
        :           :       :...DISTORTION <= 29122: 0 (2.7)
        :           :           DISTORTION > 29122: 1 (44.9/5.2)
        :           MV_MOD_FRAC = 0.25:
        :           :...RATIO_BEST-MSM > 1.0146: 0 (9.4)
        :               RATIO_BEST-MSM <= 1.0146:
        :               :...COST_2Nx2N > 169434: 0 (21.2/2.3)
        :                   COST_2Nx2N <= 169434:
        :                   :...SSE <= 48895: 0 (14.9/2.7)
        :                       SSE > 48895: 1 (76.4/21)
        COST_2Nx2N <= 57908.2:
        :...RATIO_BEST_2Nx2N <= 0.587813: 0 (53/3.2)
            RATIO_BEST_2Nx2N > 0.587813:
            :...BITS <= 2:
                :...BEST_COST > 42136: 0 (31.9)
                :   BEST_COST <= 42136:
                :   :...AVG_NEIGH_DEPTH > 2.24797: 1 (5.8)
                :       AVG_NEIGH_DEPTH <= 2.24797:
                :       :...BEST_COST > 41174.3: 1 (4.6)
                :           BEST_COST <= 41174.3:
                :           :...SAD <= 1148: 1 (3.9)
                :               SAD > 1148:
                :               :...NON-Z-COEFF > 1: 0 (27.2)
                :                   NON-Z-COEFF <= 1:
                :                   :...FME = 0: 0 (51.2/7)
                :                       FME = 1: 1 (4.5/0.4)
                :                       FME = 2: 0 (5.6)
                BITS > 2:
                :...SAD <= 2204:
                    :...RATIO_2Nx2N-MSM > 1.29849: 0 (20.1/2.9)
                    :   RATIO_2Nx2N-MSM <= 1.29849:
                    :   :...BEST_COST <= 7300.31: 0 (9.7/1.7)
                    :       BEST_COST > 7300.31:
                    :       :...dQP = 2: 1 (0)
                    :           dQP = 1: 1 (50.6/6.3)
                    :           dQP = 3: 1 (37/6.4)
                    :           dQP = 4: 0 (21.8/9)
                    SAD > 2204:
                    :...RATIO_BEST-MSM > 1.04228: 1 (25.2/3.7)
                        RATIO_BEST-MSM <= 1.04228:
                        :...MVP_IDX = 1: 0 (37.4/5.1)
                            MVP_IDX = 0:
                            :...AVG_NEIGH_DEPTH > 2.10582: 1 (13.9)
                            :   AVG_NEIGH_DEPTH <= 2.10582:
                            :   :...REF_IDX = -1: 0 (0)
                            :       REF_IDX = 0: 0 (35.7/10.9)
                            :       REF_IDX = 1: 1 (12.4/2.1)
                            MVP_IDX = -1:
                            :...SSE <= 13401: 0 (35.1/0.7)
                                SSE > 13401:
                                :...MV_MOD_FRAC = 1.06066: 0 (0)
                                    MV_MOD_FRAC = 0.25: 1 (15/6.3)
                                    MV_MOD_FRAC = 0.353553: 0 (10.5)
                                    MV_MOD_FRAC = 0.5: 0 (13.4/0.9)
                                    MV_MOD_FRAC = 0.559017: 0 (1)
                                    MV_MOD_FRAC = 0.707107: 0 (4.9/0.8)
                                    MV_MOD_FRAC = 0.75: 0 (7/2)
                                    MV_MOD_FRAC = 0.790569: 0 (4)
                                    MV_MOD_FRAC = 0.901388: 0 (10.9/3.2)
                                    MV_MOD_FRAC = 0:
                                    :...DISTORTION > 44818: 1 (21.1/4.5)
                                        DISTORTION <= 44818:
                                        :...BITS <= 10: 0 (55/3.8)
                                            BITS > 10:
                                            :...CTX_SPLIT = 2: 1 (32.7/12)
                                                CTX_SPLIT = 3: 0 (36.2/16.7)
                                                CTX_SPLIT = 4: 0 (31.6/7.6)
                                                CTX_SPLIT = 5: 0 (13.7)
                                                CTX_SPLIT = 6: 1 (8.6)
                                                CTX_SPLIT = 0:
                                                :...BITS <= 25: 0 (17.9)
                                                :   BITS > 25: [S1]
                                                CTX_SPLIT = 1:
                                                :...MV_MOD_INT > 0: 0 (3.8)
                                                    MV_MOD_INT <= 0: [S2]

SubTree [S1]

AVG_NEIGH_DEPTH > 1.52775: 1 (10.7)
AVG_NEIGH_DEPTH <= 1.52775:
:...PU_SIZE in {1,2,5,6,7}: 0 (0)
    PU_SIZE = 0: 0 (43.8/12.8)
    PU_SIZE = 4: 1 (4.3)

SubTree [S2]

NON-Z-COEFF > 33: 1 (11.2/0.4)
NON-Z-COEFF <= 33:
:...NON-Z-COEFF <= 6: 1 (35.9/12.7)
    NON-Z-COEFF > 6: 0 (17.1)

-----  Trial 8:  -----

Decision tree:

DISTORTION > 141256: 1 (90.9/11.7)
DISTORTION <= 141256:
:...TU_DEPTH = 2:
    :...RATIO_2Nx2N-MSM <= 0.565153: 0 (4.7/0.2)
    :   RATIO_2Nx2N-MSM > 0.565153: 1 (74.8/14.5)
    TU_DEPTH = 1:
    :...BITS > 125: 1 (33)
    :   BITS <= 125:
    :   :...PRED_MODE in {0,1}: 1 (0)
    :       PRED_MODE = 3: 0 (30.6/5.9)
    :       PRED_MODE = 2:
    :       :...RATIO_2Nx2N-MSM > 1.10265: 1 (21)
    :           RATIO_2Nx2N-MSM <= 1.10265:
    :           :...RATIO_2Nx2N-MSM > 1.04933: 0 (12.4/0.5)
    :               RATIO_2Nx2N-MSM <= 1.04933:
    :               :...COST_MSM > 323057: 0 (3.8)
    :                   COST_MSM <= 323057:
    :                   :...MV_MOD_INT > 0: 1 (26.9)
    :                       MV_MOD_INT <= 0:
    :                       :...RATIO_2Nx2N-MSM <= 0.816944: 0 (13.9/1.6)
    :                           RATIO_2Nx2N-MSM > 0.816944: 1 (34.9/6.6)
    TU_DEPTH = 0:
    :...RATIO_BEST-MSM <= 0.99636:
        :...PREDMV_MOD_FRAC = 0.353553: 0 (29/3)
        :   PREDMV_MOD_FRAC = 0.559017: 1 (24.3/11.8)
        :   PREDMV_MOD_FRAC = 0.75: 1 (27.8/10.2)
        :   PREDMV_MOD_FRAC = 0.790569: 0 (15.2/7.2)
        :   PREDMV_MOD_FRAC = 0.901388: 0 (31.3/9.8)
        :   PREDMV_MOD_FRAC = 1.06066: 0 (3.7)
        :   PREDMV_MOD_FRAC = 0.5:
        :   :...MVP_IDX = -1: 1 (11.4/5.1)
        :   :   MVP_IDX = 0: 1 (69.5/18.8)
        :   :   MVP_IDX = 1: 0 (56.2/17.3)
        :   PREDMV_MOD_FRAC = 0.707107:
        :   :...COLOC_SPLIT = 0: 0 (6.6/3.1)
        :   :   COLOC_SPLIT = 1: 0 (15.7/0.8)
        :   :   COLOC_SPLIT = 2: 1 (20.5/3.7)
        :   PREDMV_MOD_FRAC = 0.25:
        :   :...FME = 0: 0 (4.7)
        :   :   FME = 1: 1 (5/2.2)
        :   :   FME = 2:
        :   :   :...SSE <= 25837: 0 (8.1)
        :   :       SSE > 25837:
        :   :       :...DISTORTION > 112704: 0 (6.8)
        :   :           DISTORTION <= 112704:
        :   :           :...RATIO_BEST_2Nx2N <= 0.812861: 0 (11.4/4.3)
        :   :               RATIO_BEST_2Nx2N > 0.812861: 1 (32.3/1.7)
        :   PREDMV_MOD_FRAC = 0:
        :   :...MV_MOD_FRAC in {0.790569,0.901388,1.06066}: 1 (0)
        :       MV_MOD_FRAC = 0.25: 0 (3.9/0.6)
        :       MV_MOD_FRAC = 0.353553: 0 (1.8)
        :       MV_MOD_FRAC = 0.5: 1 (10)
        :       MV_MOD_FRAC = 0.559017: 1 (4.3)
        :       MV_MOD_FRAC = 0.707107: 0 (2.7)
        :       MV_MOD_FRAC = 0.75: 0 (3.1)
        :       MV_MOD_FRAC = 0:
        :       :...COST_MSM <= 7260.64: 0 (35.9/4.1)
        :           COST_MSM > 7260.64:
        :           :...RATIO_BEST_2Nx2N > 0.998257: 0 (55.5/14.9)
        :               RATIO_BEST_2Nx2N <= 0.998257:
        :               :...RATIO_BEST-MSM > 0.764846:
        :                   :...CTX_SPLIT = 1: 1 (33.5/16.7)
        :                   :   CTX_SPLIT = 2: 1 (28.8/13.4)
        :                   :   CTX_SPLIT = 4: 1 (32.1/10.8)
        :                   :   CTX_SPLIT = 5: 1 (37.9/10)
        :                   :   CTX_SPLIT = 6: 1 (17.9)
        :                   :   CTX_SPLIT = 0:
        :                   :   :...dQP = 2: 1 (0)
        :                   :   :   dQP = 1: 1 (27.6/5.1)
        :                   :   :   dQP = 3: 0 (14.6)
        :                   :   :   dQP = 4: 0 (2.5)
        :                   :   CTX_SPLIT = 3:
        :                   :   :...AVG_NEIGH_DEPTH <= 1.16436: 0 (4)
        :                   :       AVG_NEIGH_DEPTH > 1.16436: 1 (59.5/8.3)
        :                   RATIO_BEST-MSM <= 0.764846:
        :                   :...COST_2Nx2N > 154325: 1 (10.6)
        :                       COST_2Nx2N <= 154325:
        :                       :...RATIO_BEST_2Nx2N > 0.977942: 1 (13.3/1.3)
        :                           RATIO_BEST_2Nx2N <= 0.977942:
        :                           :...PREDMV_MOD_INT <= 5.09902: 0 (118.2/30.8)
        :                               PREDMV_MOD_INT > 5.09902: 1 (13.8/3.3)
        RATIO_BEST-MSM > 0.99636:
        :...PU_SIZE = 6: 0 (0)
            PU_SIZE = 1: 1 (3.6)
            PU_SIZE = 2: 0 (1.4)
            PU_SIZE = 4: 1 (13.3/4.5)
            PU_SIZE = 5: 1 (3.4)
            PU_SIZE = 7: 0 (0.2)
            PU_SIZE = 0:
            :...AVG_NEIGH_DEPTH <= 0.526667: 0 (51.3)
                AVG_NEIGH_DEPTH > 0.526667:
                :...SSE <= 7002: 0 (116.8/7.9)
                    SSE > 7002:
                    :...CTX_SPLIT = 1: 0 (108.1/14.9)
                        CTX_SPLIT = 6:
                        :...FME = 0: 1 (28.8/7.9)
                        :   FME = 1: 0 (4.1)
                        :   FME = 2: 0 (10)
                        CTX_SPLIT = 0:
                        :...SAD > 2930: 0 (59.7/3.6)
                        :   SAD <= 2930:
                        :   :...NON-Z-COEFF <= 1: 0 (15.6)
                        :       NON-Z-COEFF > 1: 1 (36.7/12.1)
                        CTX_SPLIT = 4:
                        :...COST_2Nx2N > 61442.5: 1 (26.6/1.6)
                        :   COST_2Nx2N <= 61442.5:
                        :   :...RATIO_BEST_2Nx2N <= 0.772346: 0 (13)
                        :       RATIO_BEST_2Nx2N > 0.772346: 1 (35.1/11.8)
                        CTX_SPLIT = 5:
                        :...RATIO_BEST-MSM > 1.05253: 1 (6.3)
                        :   RATIO_BEST-MSM <= 1.05253:
                        :   :...COST_2Nx2N <= 61800.3: 0 (21.7)
                        :       COST_2Nx2N > 61800.3: 1 (20.9/7.2)
                        CTX_SPLIT = 3:
                        :...REF_IDX = -1: 0 (6.9)
                        :   REF_IDX = 1: 0 (0.6)
                        :   REF_IDX = 0:
                        :   :...RATIO_2Nx2N-MSM <= 1.06386: 0 (13.8)
                        :       RATIO_2Nx2N-MSM > 1.06386:
                        :       :...RATIO_BEST-MSM > 1.01338: 0 (12.8)
                        :           RATIO_BEST-MSM <= 1.01338:
                        :           :...RATIO_2Nx2N-MSM <= 1.23973: 1 (30.1/7.8)
                        :               RATIO_2Nx2N-MSM > 1.23973: 0 (14.9/2.3)
                        CTX_SPLIT = 2:
                        :...INTER_DIR = 0: 0 (0)
                            INTER_DIR = 1: 1 (7.4/1.6)
                            INTER_DIR = 2: 0 (6)
                            INTER_DIR = 3:
                            :...PRED_MODE in {1,3}: 0 (0)
                                PRED_MODE = 2: 0 (14.7)
                                PRED_MODE = 0:
                                :...RATIO_2Nx2N-MSM > 1.26679: 0 (16.6)
                                    RATIO_2Nx2N-MSM <= 1.26679:
                                    :...SAD <= 2193: 1 (10.7/0.6)
                                        SAD > 2193:
                                        :...SSE <= 32108: 0 (19.6)
                                            SSE > 32108:
                                            :...SSE <= 44860: 1 (24.4/2.7)
                                                SSE > 44860: 0 (40.2/11.6)

-----  Trial 9:  -----

Decision tree:

TU_DEPTH = 2:
:...RATIO_BEST_2Nx2N > 0.889947: 1 (31.1)
:   RATIO_BEST_2Nx2N <= 0.889947:
:   :...RATIO_BEST_2Nx2N <= 0.679925: 0 (9.6/0.8)
:       RATIO_BEST_2Nx2N > 0.679925: 1 (37.4/10.4)
TU_DEPTH = 1:
:...BITS > 125: 1 (39.9)
:   BITS <= 125:
:   :...MVD_MOD_INT > 0: 1 (11.6)
:       MVD_MOD_INT <= 0:
:       :...PRED_MODE in {0,1}: 1 (0)
:           PRED_MODE = 3: 0 (29/9)
:           PRED_MODE = 2:
:           :...RATIO_2Nx2N-MSM > 1.10265: 1 (16.5)
:               RATIO_2Nx2N-MSM <= 1.10265:
:               :...AVG_NEIGH_DEPTH <= 1.22756: 0 (33.8/9.1)
:                   AVG_NEIGH_DEPTH > 1.22756:
:                   :...MV_MOD_INT > 18.4391: 0 (3.1)
:                       MV_MOD_INT <= 18.4391:
:                       :...NON-Z-COEFF <= 41: 1 (41.8/3.6)
:                           NON-Z-COEFF > 41: 0 (4.2/0.1)
TU_DEPTH = 0:
:...COST_MSM > 96457.6:
    :...MVD_MOD_INT > 0:
    :   :...COST_MSM > 393052: 1 (10.9)
    :   :   COST_MSM <= 393052:
    :   :   :...MV_MOD_INT > 22.4722: 1 (10.8/1)
    :   :       MV_MOD_INT <= 22.4722:
    :   :       :...SAD <= 4339: 1 (37.3/11.8)
    :   :           SAD > 4339:
    :   :           :...MVP_IDX = -1: 0 (0)
    :   :               MVP_IDX = 0:
    :   :               :...AVG_NEIGH_DEPTH <= 1.14912: 1 (6)
    :   :               :   AVG_NEIGH_DEPTH > 1.14912: 0 (39.7/12)
    :   :               MVP_IDX = 1:
    :   :               :...MV_MOD_INT <= 11.7047: 0 (42.7/2.3)
    :   :                   MV_MOD_INT > 11.7047: 1 (3.8)
    :   MVD_MOD_INT <= 0:
    :   :...RATIO_BEST_2Nx2N <= 0.640709: 1 (23.1)
    :       RATIO_BEST_2Nx2N > 0.640709:
    :       :...dQP = 2: 1 (0)
    :           dQP = 1: 0 (0.8/0.3)
    :           dQP = 3: 1 (19.6/1)
    :           dQP = 4:
    :           :...MVD_MOD_FRAC in {0.707107,0.790569,0.901388,
    :               :                1.06066}: 1 (0)
    :               MVD_MOD_FRAC = 0.25: 1 (8.2/1.4)
    :               MVD_MOD_FRAC = 0.353553: 0 (6.3/0.8)
    :               MVD_MOD_FRAC = 0.5: 0 (4.5/0.5)
    :               MVD_MOD_FRAC = 0.559017: 1 (7.4)
    :               MVD_MOD_FRAC = 0.75: 1 (1.2)
    :               MVD_MOD_FRAC = 0:
    :               :...REF_IDX = -1: 1 (34.2/14.8)
    :                   REF_IDX = 1: 1 (14.3)
    :                   REF_IDX = 0:
    :                   :...NON-Z-COEFF <= 2:
    :                       :...SAD <= 3625: 1 (6.1)
    :                       :   SAD > 3625: 0 (38.2/10)
    :                       NON-Z-COEFF > 2:
    :                       :...BEST_COST <= 101557: 0 (18.1/6.1)
    :                           BEST_COST > 101557: 1 (38.8/0.9)
    COST_MSM <= 96457.6:
    :...COST_MSM <= 4844.41: 0 (62.3)
        COST_MSM > 4844.41:
        :...MVD_MOD_FRAC = 0.25: 0 (32.1/13.7)
            MVD_MOD_FRAC = 0.353553: 0 (8.6/1.4)
            MVD_MOD_FRAC = 0.5: 1 (23.8/4.4)
            MVD_MOD_FRAC = 0.559017: 1 (19.7/8.6)
            MVD_MOD_FRAC = 0.707107: 0 (8.7)
            MVD_MOD_FRAC = 0.75: 0 (35.2/13.4)
            MVD_MOD_FRAC = 0.901388: 0 (10.8/2.4)
            MVD_MOD_FRAC = 1.06066: 1 (9/2.7)
            MVD_MOD_FRAC = 0.790569:
            :...RATIO_BEST-MSM <= 0.823678: 0 (14)
            :   RATIO_BEST-MSM > 0.823678: 1 (31.7/11.5)
            MVD_MOD_FRAC = 0:
            :...SAD > 5197: 0 (129.8/12.9)
                SAD <= 5197:
                :...COST_2Nx2N > 61205.6:
                    :...MV_MOD_INT > 10: 0 (17.2/1.3)
                    :   MV_MOD_INT <= 10:
                    :   :...COST_MSM > 92099.4: 0 (9.4)
                    :       COST_MSM <= 92099.4:
                    :       :...CTX_SPLIT = 0: 0 (5.8)
                    :           CTX_SPLIT = 1: 1 (11.4/3.3)
                    :           CTX_SPLIT = 3: 1 (38.3/16.2)
                    :           CTX_SPLIT = 4: 1 (24.8/4.1)
                    :           CTX_SPLIT = 5: 1 (22.3)
                    :           CTX_SPLIT = 6: 1 (19.4/4.1)
                    :           CTX_SPLIT = 2:
                    :           :...dQP in {1,2}: 0 (0)
                    :               dQP = 3: 1 (6.2)
                    :               dQP = 4:
                    :               :...RATIO_BEST_2Nx2N <= 0.635442: 1 (8.9)
                    :                   RATIO_BEST_2Nx2N > 0.635442:
                    :                   :...SAD <= 2778: 1 (5)
                    :                       SAD > 2778:
                    :                       :...BITS <= 1: 1 (4.5)
                    :                           BITS > 1: 0 (38.6/1.8)
                    COST_2Nx2N <= 61205.6:
                    :...BITS <= 8:
                        :...CTX_SPLIT = 0: 0 (100.2/7)
                        :   CTX_SPLIT = 1: 0 (53.6)
                        :   CTX_SPLIT = 3: 0 (40.3/8.4)
                        :   CTX_SPLIT = 5: 0 (22.1/5.1)
                        :   CTX_SPLIT = 6: 0 (11.3/3)
                        :   CTX_SPLIT = 2:
                        :   :...SSE <= 33837: 0 (53.7/8.1)
                        :   :   SSE > 33837: 1 (14.6/1.6)
                        :   CTX_SPLIT = 4:
                        :   :...COLOC_SPLIT = 0: 1 (17.9/5.6)
                        :       COLOC_SPLIT = 1: 0 (21.1/1.9)
                        :       COLOC_SPLIT = 2: 0 (22.7/2.3)
                        BITS > 8:
                        :...MV_MOD_FRAC = 1.06066: 0 (0)
                            MV_MOD_FRAC = 0.25: 1 (14.8/5.6)
                            MV_MOD_FRAC = 0.353553: 0 (3.6)
                            MV_MOD_FRAC = 0.5: 0 (9/3.5)
                            MV_MOD_FRAC = 0.559017: 0 (1)
                            MV_MOD_FRAC = 0.707107: 0 (4.2)
                            MV_MOD_FRAC = 0.75: 1 (12.6/4.5)
                            MV_MOD_FRAC = 0.790569: 1 (7.1/2.2)
                            MV_MOD_FRAC = 0.901388: 0 (9.7/3.8)
                            MV_MOD_FRAC = 0:
                            :...COST_MSM <= 7408.62: 0 (35.6/3.3)
                                COST_MSM > 7408.62:
                                :...SSE <= 5025: 1 (18.1/2.4)
                                    SSE > 5025:
                                    :...CTX_SPLIT = 1: 0 (69/21.3)
                                        CTX_SPLIT = 5: 0 (25/8.3)
                                        CTX_SPLIT = 6: 1 (10.5)
                                        CTX_SPLIT = 2:
                                        :...COST_2Nx2N <= 13420.5: 0 (17.7)
                                        :   COST_2Nx2N > 13420.5: 1 (29.6/10.6)
                                        CTX_SPLIT = 4:
                                        :...DISTORTION <= 40608: 0 (47.9/13.4)
                                        :   DISTORTION > 40608: 1 (5.7)
                                        CTX_SPLIT = 3:
                                        :...RATIO_BEST_2Nx2N > 0.918372: 0 (17.7)
                                        :   RATIO_BEST_2Nx2N <= 0.918372:
                                        :   :...COST_MSM <= 50524.3: 1 (39.7/5.8)
                                        :       COST_MSM > 50524.3: 0 (4)
                                        CTX_SPLIT = 0:
                                        :...NON-Z-COEFF > 17: 1 (4.9/0.1)
                                            NON-Z-COEFF <= 17:
                                            :...dQP = 2: 0 (0)
                                                dQP = 3: 0 (11.1)
                                                dQP = 4: 0 (7.7)
                                                dQP = 1:
                                                :...COST_MSM > 20111.4: 1 (4.8/0.3)
                                                    COST_MSM <= 20111.4:
                                                    :...INTER_DIR = 2: 0 (0)
                                                        INTER_DIR = 0: 1 (16.7/7.1)
                                                        INTER_DIR = 1: 1 (2.8)
                                                        INTER_DIR = 3: 0 (27.3/5.8)


Evaluation on training data (2056 cases):

Trial	       Decision Tree       
-----	  -----------------------  
	  Size      Errors   Cost  

   0	    49  196( 9.5%)   0.10
   1	    54  262(12.7%)   0.13
   2	    68  292(14.2%)   0.14
   3	    68  262(12.7%)   0.13
   4	   106  280(13.6%)   0.14
   5	    76  255(12.4%)   0.12
   6	    67  311(15.1%)   0.15
   7	    85  241(11.7%)   0.12
   8	    85  242(11.8%)   0.12
   9	    94  230(11.2%)   0.11
boost	         29( 1.4%)   0.01   <<


	   (a)   (b)    <-classified as
	  ----  ----
	  1247     8    (a): class 0
	    21   780    (b): class 1


	Attribute usage:

	    100%  BITS
	    100%  DISTORTION
	    100%  TU_DEPTH
	     94%  RATIO_BEST_2Nx2N
	     93%  RATIO_2Nx2N-MSM
	     90%  SSE
	     85%  COST_2Nx2N
	     84%  COST_MSM
	     83%  AVG_NEIGH_DEPTH
	     81%  SAD
	     77%  RATIO_BEST-MSM
	     74%  CTX_SPLIT
	     72%  MVD_MOD_FRAC
	     69%  PU_SIZE
	     61%  dQP
	     59%  MV_MOD_FRAC
	     53%  MVP_IDX
	     47%  NON-Z-COEFF
	     41%  COLOC_SPLIT
	     41%  MV_MOD_INT
	     40%  BEST_COST
	     39%  PRED_MODE
	     36%  PREDMV_MOD_FRAC
	     28%  MVD_MOD_INT
	     24%  FME
	     24%  PREDMV_MOD_INT
	     23%  REF_IDX
	     23%  INTER_DIR


Time: 0.2 secs
