
C5.0 [Release 2.07 GPL Edition]  	Thu Feb 16 09:46:48 2017
-------------------------------

    Options:
	Boosted classifiers
	Application `./ONLINE/BOOST/ChinaSpeed_d1_qp27'

Read 2496 cases (28 attributes) from ./ONLINE/BOOST/ChinaSpeed_d1_qp27.data

-----  Trial 0:  -----

Decision tree:

BITS > 138:
:...TU_DEPTH in {1,2}: 1 (561/2)
:   TU_DEPTH = 0:
:   :...BITS > 284: 1 (10)
:       BITS <= 284:
:       :...MVD_MOD_INT > 1: 1 (3)
:           MVD_MOD_INT <= 1:
:           :...PU_SIZE in {2,5,6}: 0 (0)
:               PU_SIZE in {0,4}: 0 (38/8)
:               PU_SIZE in {1,7}: 1 (3)
BITS <= 138:
:...DISTORTION > 26922:
    :...COLOC_SPLIT = 0: 0 (17/8)
    :   COLOC_SPLIT = 2: 1 (271/28)
    :   COLOC_SPLIT = 1:
    :   :...BEST_COST > 42509.4: 1 (11/2)
    :       BEST_COST <= 42509.4:
    :       :...BEST_COST <= 28863.4: 1 (2)
    :           BEST_COST > 28863.4: 0 (20/2)
    DISTORTION <= 26922:
    :...TU_DEPTH = 2:
        :...CTX_SPLIT in {0,1}: 0 (7)
        :   CTX_SPLIT in {2,3,5,6}: 1 (9/1)
        :   CTX_SPLIT = 4:
        :   :...DISTORTION <= 14293: 0 (2)
        :       DISTORTION > 14293: 1 (4)
        TU_DEPTH = 1:
        :...COLOC_SPLIT = 2: 1 (31/3)
        :   COLOC_SPLIT = 0:
        :   :...MVP_IDX = 0: 0 (2)
        :   :   MVP_IDX = 1: 1 (2)
        :   :   MVP_IDX = -1:
        :   :   :...MV_MOD_FRAC in {0.25,0.559017,0.75,0.901388,
        :   :       :               1.06066}: 0 (0)
        :   :       MV_MOD_FRAC in {0.353553,0.707107,0.790569}: 1 (6/1)
        :   :       MV_MOD_FRAC = 0.5: 0 (1)
        :   :       MV_MOD_FRAC = 0:
        :   :       :...PU_SIZE in {2,5,6}: 0 (0)
        :   :           PU_SIZE in {0,1}: 0 (24/6)
        :   :           PU_SIZE in {4,7}: 1 (3)
        :   COLOC_SPLIT = 1:
        :   :...BITS > 87: 1 (16)
        :       BITS <= 87:
        :       :...AVG_NEIGH_DEPTH <= 1: 1 (15/1)
        :           AVG_NEIGH_DEPTH > 1:
        :           :...PREDMV_MOD_FRAC in {0.25,0.559017,0.901388,
        :               :                   1.06066}: 0 (0)
        :               PREDMV_MOD_FRAC in {0,0.5}: 0 (19/5)
        :               PREDMV_MOD_FRAC in {0.353553,0.707107,0.75,
        :                                   0.790569}: 1 (4)
        TU_DEPTH = 0:
        :...PU_SIZE = 0: 0 (1109/104)
            PU_SIZE = 1:
            :...CTX_SPLIT in {5,6}: 1 (18/3)
            :   CTX_SPLIT = 0:
            :   :...AVG_NEIGH_DEPTH <= 1.15455: 0 (5)
            :   :   AVG_NEIGH_DEPTH > 1.15455: 1 (2)
            :   CTX_SPLIT = 1:
            :   :...AVG_NEIGH_DEPTH <= 0.961623: 1 (3)
            :   :   AVG_NEIGH_DEPTH > 0.961623: 0 (8)
            :   CTX_SPLIT = 2:
            :   :...dQP = 2: 0 (0)
            :   :   dQP = 1: 1 (2)
            :   :   dQP in {3,4}: 0 (21/5)
            :   CTX_SPLIT = 3:
            :   :...RATIO_BEST-MSM <= 0.306583: 0 (3)
            :   :   RATIO_BEST-MSM > 0.306583: 1 (11/1)
            :   CTX_SPLIT = 4:
            :   :...dQP = 2: 0 (0)
            :       dQP in {1,3}: 1 (5)
            :       dQP = 4: 0 (11/3)
            PU_SIZE = 6:
            :...MVD_MOD_FRAC in {0.353553,0.707107,0.75,0.901388,
            :   :                1.06066}: 0 (0)
            :   MVD_MOD_FRAC in {0.25,0.5,0.790569}: 0 (4)
            :   MVD_MOD_FRAC = 0.559017: 1 (3/1)
            :   MVD_MOD_FRAC = 0:
            :   :...SSE <= 14763: 0 (12/4)
            :       SSE > 14763: 1 (9/2)
            PU_SIZE = 7:
            :...CTX_SPLIT in {0,1,3}: 0 (8)
            :   CTX_SPLIT in {4,5,6}: 1 (19/5)
            :   CTX_SPLIT = 2:
            :   :...MV_MOD_FRAC in {0.353553,0.5,0.559017,0.707107,0.790569,
            :       :               0.901388,1.06066}: 0 (0)
            :       MV_MOD_FRAC in {0,0.25}: 0 (8/1)
            :       MV_MOD_FRAC = 0.75: 1 (2)
            PU_SIZE = 5:
            :...COLOC_SPLIT in {0,1}: 0 (18/1)
            :   COLOC_SPLIT = 2:
            :   :...RATIO_BEST_2Nx2N <= 0.824083: 1 (9)
            :       RATIO_BEST_2Nx2N > 0.824083:
            :       :...INTER_DIR = 0: 0 (0)
            :           INTER_DIR = 1: 1 (3)
            :           INTER_DIR in {2,3}: 0 (10/1)
            PU_SIZE = 2:
            :...PREDMV_MOD_FRAC in {0.353553,0.75}: 1 (0)
            :   PREDMV_MOD_FRAC in {0.25,0.901388}: 0 (3)
            :   PREDMV_MOD_FRAC in {0.559017,0.707107,0.790569,
            :   :                   1.06066}: 1 (10/1)
            :   PREDMV_MOD_FRAC = 0.5:
            :   :...MV_MOD_INT <= 9: 1 (6)
            :   :   MV_MOD_INT > 9: 0 (2)
            :   PREDMV_MOD_FRAC = 0:
            :   :...NON-Z-COEFF <= 1: 0 (12/1)
            :       NON-Z-COEFF > 1:
            :       :...INTER_DIR = 0: 1 (0)
            :           INTER_DIR = 2: 0 (8/3)
            :           INTER_DIR = 3: 1 (7)
            :           INTER_DIR = 1:
            :           :...BITS <= 19: 1 (5)
            :               BITS > 19: 0 (2)
            PU_SIZE = 4:
            :...COST_MSM > 49876.1: 0 (5)
                COST_MSM <= 49876.1:
                :...COLOC_SPLIT = 0: 1 (6/1)
                    COLOC_SPLIT = 1:
                    :...dQP = 2: 0 (0)
                    :   dQP = 3: 1 (3)
                    :   dQP = 4: 0 (11/3)
                    :   dQP = 1:
                    :   :...CTX_SPLIT in {0,3,4,6}: 0 (0)
                    :       CTX_SPLIT in {1,2}: 0 (4/1)
                    :       CTX_SPLIT = 5: 1 (2)
                    COLOC_SPLIT = 2:
                    :...PRED_MODE in {0,3}: 1 (0)
                        PRED_MODE = 2: 0 (2)
                        PRED_MODE = 1:
                        :...REF_IDX = 1: 1 (0)
                            REF_IDX = 0: 1 (20/1)
                            REF_IDX = -1:
                            :...DISTORTION <= 14553: 1 (2)
                                DISTORTION > 14553: 0 (2)

-----  Trial 1:  -----

Decision tree:

BITS > 138:
:...TU_DEPTH = 1: 1 (185.9/3.5)
:   TU_DEPTH = 2: 1 (253.1/3.5)
:   TU_DEPTH = 0:
:   :...COLOC_SPLIT = 0: 0 (15.9/4.3)
:       COLOC_SPLIT = 1: 1 (37.9/9.3)
:       COLOC_SPLIT = 2: 1 (9.7/2.3)
BITS <= 138:
:...RATIO_2Nx2N-MSM > 1.40269:
    :...PU_SIZE = 4: 0 (0)
    :   PU_SIZE = 1: 0 (1.5/0.8)
    :   PU_SIZE = 2: 1 (0.8)
    :   PU_SIZE = 5: 0 (0.8)
    :   PU_SIZE = 6: 1 (3.5)
    :   PU_SIZE = 7: 0 (2.3/0.8)
    :   PU_SIZE = 0:
    :   :...DISTORTION <= 13597: 0 (208.7/0.8)
    :       DISTORTION > 13597: 1 (19/8.5)
    RATIO_2Nx2N-MSM <= 1.40269:
    :...BITS <= 1:
        :...MV_MOD_INT <= 3.16228: 0 (57.2)
        :   MV_MOD_INT > 3.16228: 1 (4.3/0.8)
        BITS > 1:
        :...COST_2Nx2N > 56671.1: 1 (138.4/19.7)
            COST_2Nx2N <= 56671.1:
            :...SAD > 5520:
                :...AVG_NEIGH_DEPTH <= 2.47947: 0 (71.1/2.3)
                :   AVG_NEIGH_DEPTH > 2.47947: 1 (4.3)
                SAD <= 5520:
                :...COLOC_SPLIT = 2:
                    :...MV_MOD_FRAC = 0.353553: 1 (11.6/4.3)
                    :   MV_MOD_FRAC = 0.707107: 1 (7.3/0.8)
                    :   MV_MOD_FRAC = 0.790569: 1 (16.6/6.6)
                    :   MV_MOD_FRAC = 0.901388: 0 (11.2/5.4)
                    :   MV_MOD_FRAC = 1.06066: 1 (6.6)
                    :   MV_MOD_FRAC = 0.5:
                    :   :...INTER_DIR in {0,2}: 1 (0)
                    :   :   INTER_DIR = 1: 0 (10.1/1.5)
                    :   :   INTER_DIR = 3: 1 (34/8.5)
                    :   MV_MOD_FRAC = 0.559017:
                    :   :...COST_MSM <= 39326: 1 (8.9)
                    :   :   COST_MSM > 39326: 0 (25.6/3.1)
                    :   MV_MOD_FRAC = 0.75:
                    :   :...RATIO_2Nx2N-MSM <= 0.518969: 0 (4.3)
                    :   :   RATIO_2Nx2N-MSM > 0.518969: 1 (34/6.2)
                    :   MV_MOD_FRAC = 0.25:
                    :   :...NON-Z-COEFF <= 1: 1 (17.4/1.5)
                    :   :   NON-Z-COEFF > 1:
                    :   :   :...NON-Z-COEFF > 8: 1 (4.6)
                    :   :       NON-Z-COEFF <= 8:
                    :   :       :...RATIO_BEST-MSM <= 1.05804: 0 (33.3/6.2)
                    :   :           RATIO_BEST-MSM > 1.05804: 1 (3.5)
                    :   MV_MOD_FRAC = 0:
                    :   :...COST_2Nx2N > 46194.1: 1 (31.3/7.7)
                    :       COST_2Nx2N <= 46194.1:
                    :       :...MVD_MOD_INT > 0: 1 (30.6/5.8)
                    :           MVD_MOD_INT <= 0:
                    :           :...COST_2Nx2N > 43985.4: 0 (12/1.5)
                    :               COST_2Nx2N <= 43985.4:
                    :               :...dQP in {1,2}: 1 (0)
                    :                   dQP = 3:
                    :                   :...COST_2Nx2N > 20539.2: 1 (31.3/1.5)
                    :                   :   COST_2Nx2N <= 20539.2:
                    :                   :   :...SAD <= 2656: 1 (31.7/10)
                    :                   :       SAD > 2656: 0 (8.9/0.8)
                    :                   dQP = 4:
                    :                   :...SAD <= 1519: 1 (27.5/5.4)
                    :                       SAD > 1519:
                    :                       :...INTER_DIR = 0: 0 (0)
                    :                           INTER_DIR = 1: 0 (16.2/2.3)
                    :                           INTER_DIR = 2:
                    :                           :...COST_2Nx2N <= 36216.6: 0 (33.7/8.9)
                    :                           :   COST_2Nx2N > 36216.6: 1 (5.4/0.8)
                    :                           INTER_DIR = 3:
                    :                           :...NON-Z-COEFF <= 1: 0 (24.7/3.9)
                    :                               NON-Z-COEFF > 1: 1 (50.7/5.4)
                    COLOC_SPLIT = 0:
                    :...DISTORTION > 28278: 1 (23.2/2.3)
                    :   DISTORTION <= 28278:
                    :   :...TU_DEPTH = 1: 1 (48.4/19.7)
                    :       TU_DEPTH = 2: 0 (1.5/0.8)
                    :       TU_DEPTH = 0:
                    :       :...NON-Z-COEFF > 28: 1 (18.6/4.6)
                    :           NON-Z-COEFF <= 28:
                    :           :...PU_SIZE = 1: 1 (17/7.7)
                    :               PU_SIZE = 2: 0 (3.9/1.5)
                    :               PU_SIZE = 4: 1 (10.8/3.5)
                    :               PU_SIZE = 5: 0 (5.4)
                    :               PU_SIZE = 6: 0 (0.8)
                    :               PU_SIZE = 7: 0 (2.3/0.8)
                    :               PU_SIZE = 0:
                    :               :...MV_MOD_INT <= 0:
                    :                   :...SSE <= 2300: 1 (19/8.5)
                    :                   :   SSE > 2300: 0 (177/7)
                    :                   MV_MOD_INT > 0:
                    :                   :...PREDMV_MOD_INT > 14.5602: 0 (17)
                    :                       PREDMV_MOD_INT <= 14.5602:
                    :                       :...PREDMV_MOD_INT > 12: 1 (19.7/2.3)
                    :                           PREDMV_MOD_INT <= 12: [S1]
                    COLOC_SPLIT = 1:
                    :...BITS > 41:
                        :...AVG_NEIGH_DEPTH <= 1.03504: 1 (39.1/1.5)
                        :   AVG_NEIGH_DEPTH > 1.03504:
                        :   :...CTX_SPLIT in {0,6}: 1 (0)
                        :       CTX_SPLIT = 2: 1 (33.7/8.5)
                        :       CTX_SPLIT = 3: 1 (31.7/5.4)
                        :       CTX_SPLIT = 4: 1 (22.4/5.8)
                        :       CTX_SPLIT = 5: 1 (23.2/2.3)
                        :       CTX_SPLIT = 1:
                        :       :...SAD > 3124: 0 (26.3)
                        :           SAD <= 3124:
                        :           :...TU_DEPTH = 0: 0 (25.9/11.2)
                        :               TU_DEPTH = 1: 1 (14.3/1.5)
                        :               TU_DEPTH = 2: 0 (0.8)
                        BITS <= 41:
                        :...FME = 1: 0 (17.4)
                            FME = 2:
                            :...MVD_MOD_INT <= 3.16228: 1 (65.4/27.8)
                            :   MVD_MOD_INT > 3.16228: 0 (5.8)
                            FME = 0:
                            :...SAD > 2499: 0 (53/6.6)
                                SAD <= 2499:
                                :...DISTORTION > 15126: 1 (24/0.8)
                                    DISTORTION <= 15126:
                                    :...BITS <= 5: 0 (18.5)
                                        BITS > 5:
                                        :...MVP_IDX = 0: 0 (14.7/3.5)
                                            MVP_IDX = 1: 0 (3.9)
                                            MVP_IDX = -1:
                                            :...dQP = 2: 1 (0)
                                                dQP = 3: 0 (12.4/1.5)
                                                dQP = 4: 1 (31.3/12.4)
                                                dQP = 1:
                                                :...NON-Z-COEFF > 6: 0 (6.6)
                                                    NON-Z-COEFF <= 6:
                                                    :...BITS <= 32: 1 (31.4/5.4)
                                                        BITS > 32: 0 (5.4/0.8)

SubTree [S1]

PREDMV_MOD_INT > 4.47214: 0 (15.5)
PREDMV_MOD_INT <= 4.47214:
:...BEST_COST <= 23793.1: 0 (54.5/17.4)
    BEST_COST > 23793.1: 1 (7)

-----  Trial 2:  -----

Decision tree:

BITS > 249: 1 (287.7/5.5)
BITS <= 249:
:...COST_2Nx2N > 36084.8:
    :...COST_MSM > 128953: 1 (31)
    :   COST_MSM <= 128953:
    :   :...BITS > 133: 1 (44.3/3.4)
    :       BITS <= 133:
    :       :...COLOC_SPLIT = 1:
    :           :...RATIO_BEST_2Nx2N <= 0.886154: 0 (27.1/2.4)
    :           :   RATIO_BEST_2Nx2N > 0.886154: 1 (25.1/9.2)
    :           COLOC_SPLIT = 0:
    :           :...DISTORTION <= 23221: 0 (19.4)
    :           :   DISTORTION > 23221:
    :           :   :...COST_MSM <= 42096.2: 1 (28.4/5.9)
    :           :       COST_MSM > 42096.2: 0 (5.6)
    :           COLOC_SPLIT = 2:
    :           :...MV_MOD_FRAC = 0.353553: 0 (7.4/2.4)
    :               MV_MOD_FRAC = 0.5: 1 (20.6/7.7)
    :               MV_MOD_FRAC = 0.707107: 1 (2.4)
    :               MV_MOD_FRAC = 0.75: 1 (21.4/5)
    :               MV_MOD_FRAC = 0.790569: 1 (14.7/4.9)
    :               MV_MOD_FRAC = 0.901388: 1 (17.5)
    :               MV_MOD_FRAC = 1.06066: 1 (1.8)
    :               MV_MOD_FRAC = 0.25:
    :               :...COST_MSM <= 114508: 1 (44.2/8.2)
    :               :   COST_MSM > 114508: 0 (4.9)
    :               MV_MOD_FRAC = 0.559017:
    :               :...dQP in {1,2}: 0 (0)
    :               :   dQP = 3: 1 (4.4)
    :               :   dQP = 4: 0 (32.9/9.3)
    :               MV_MOD_FRAC = 0:
    :               :...dQP in {1,2}: 1 (0)
    :                   dQP = 3: 1 (6.4)
    :                   dQP = 4:
    :                   :...BEST_COST > 55643.3: 1 (15.2)
    :                       BEST_COST <= 55643.3:
    :                       :...BITS <= 39: 1 (34.4/5.6)
    :                           BITS > 39:
    :                           :...SSE > 77973: 1 (7.9)
    :                               SSE <= 77973:
    :                               :...MVD_MOD_INT > 1: 1 (3.7)
    :                                   MVD_MOD_INT <= 1:
    :                                   :...BITS <= 96: 0 (38.4/4.9)
    :                                       BITS > 96: 1 (3)
    COST_2Nx2N <= 36084.8:
    :...RATIO_2Nx2N-MSM > 1.40269:
        :...TU_DEPTH = 2: 0 (0)
        :   TU_DEPTH = 1: 1 (3.4/0.6)
        :   TU_DEPTH = 0:
        :   :...PU_SIZE in {2,4}: 0 (0)
        :       PU_SIZE = 0: 0 (186.9/5.5)
        :       PU_SIZE = 1: 0 (0.6)
        :       PU_SIZE = 5: 0 (0.6)
        :       PU_SIZE = 6: 1 (2.7)
        :       PU_SIZE = 7: 1 (2.8/0.6)
        RATIO_2Nx2N-MSM <= 1.40269:
        :...DISTORTION <= 1100: 0 (26.9)
            DISTORTION > 1100:
            :...TU_DEPTH = 2: 1 (23.3/4.3)
                TU_DEPTH = 1:
                :...BITS <= 27: 0 (25.7/3)
                :   BITS > 27:
                :   :...MV_MOD_INT > 35.0571: 0 (10.6/1.2)
                :       MV_MOD_INT <= 35.0571:
                :       :...NON-Z-COEFF <= 6: 1 (70.2/11.9)
                :           NON-Z-COEFF > 6:
                :           :...MVP_IDX = 0: 1 (9.2/2.2)
                :               MVP_IDX = 1: 0 (2.7)
                :               MVP_IDX = -1:
                :               :...REF_IDX = -1: 1 (4.9/0.6)
                :                   REF_IDX = 0: 1 (20/7.8)
                :                   REF_IDX = 1: 0 (14.4/0.6)
                TU_DEPTH = 0:
                :...SSE > 32511:
                    :...AVG_NEIGH_DEPTH > 2.5183: 1 (8.2)
                    :   AVG_NEIGH_DEPTH <= 2.5183:
                    :   :...PRED_MODE = 0: 0 (0)
                    :       PRED_MODE = 1: 1 (6.2/0.6)
                    :       PRED_MODE = 2: 0 (58.9/4)
                    :       PRED_MODE = 3: 0 (63.9/2.7)
                    SSE <= 32511:
                    :...AVG_NEIGH_DEPTH <= 0.589744:
                        :...COST_2Nx2N <= 18488.8: 0 (35)
                        :   COST_2Nx2N > 18488.8: 1 (2.7)
                        AVG_NEIGH_DEPTH > 0.589744:
                        :...MVD_MOD_FRAC = 0.25: 1 (26.5/10.8)
                            MVD_MOD_FRAC = 0.353553: 1 (10.1/3.4)
                            MVD_MOD_FRAC = 0.5: 0 (7.7/2.4)
                            MVD_MOD_FRAC = 0.559017: 1 (12.6/4)
                            MVD_MOD_FRAC = 0.707107: 0 (7.7/2.7)
                            MVD_MOD_FRAC = 0.75: 0 (15.2/4.3)
                            MVD_MOD_FRAC = 0.790569: 0 (14.9/4.6)
                            MVD_MOD_FRAC = 0.901388: 0 (9.2/4)
                            MVD_MOD_FRAC = 1.06066: 0 (5.2/0.6)
                            MVD_MOD_FRAC = 0:
                            :...MV_MOD_FRAC = 0.353553: 0 (31/9.5)
                                MV_MOD_FRAC = 0.559017: 0 (18/7.9)
                                MV_MOD_FRAC = 0.707107: 0 (13.5/3.4)
                                MV_MOD_FRAC = 0.790569: 0 (31.4/4)
                                MV_MOD_FRAC = 0.901388: 0 (12.4/2.2)
                                MV_MOD_FRAC = 1.06066: 1 (12.3/2.8)
                                MV_MOD_FRAC = 0.25:
                                :...NON-Z-COEFF <= 2: 1 (42.6/16.7)
                                :   NON-Z-COEFF > 2: 0 (20.8/2.7)
                                MV_MOD_FRAC = 0.75:
                                :...RATIO_BEST_2Nx2N > 0.915616: 1 (6.1)
                                :   RATIO_BEST_2Nx2N <= 0.915616:
                                :   :...AVG_NEIGH_DEPTH <= 1.16: 1 (6.1)
                                :       AVG_NEIGH_DEPTH > 1.16: 0 (32/0.6)
                                MV_MOD_FRAC = 0.5:
                                :...BITS > 38: 1 (5.5)
                                :   BITS <= 38:
                                :   :...RATIO_BEST_2Nx2N <= 0.717096: 1 (6.8)
                                :       RATIO_BEST_2Nx2N > 0.717096:
                                :       :...RATIO_BEST-MSM <= 0.508916: 1 (2.7)
                                :           RATIO_BEST-MSM > 0.508916: 0 (44.3/11.6)
                                MV_MOD_FRAC = 0:
                                :...COLOC_SPLIT = 2:
                                    :...NON-Z-COEFF > 15: 1 (17.2/0.6)
                                    :   NON-Z-COEFF <= 15:
                                    :   :...CTX_SPLIT in {0,1}: 0 (0)
                                    :       CTX_SPLIT = 4:
                                    :       :...COST_2Nx2N <= 6203.91: 0 (4.4)
                                    :       :   COST_2Nx2N > 6203.91: 1 (30.6/3.7)
                                    :       CTX_SPLIT = 5:
                                    :       :...SAD <= 3300: 0 (33.2/9.1)
                                    :       :   SAD > 3300: 1 (8.3)
                                    :       CTX_SPLIT = 6:
                                    :       :...RATIO_2Nx2N-MSM <= 1.1064: 0 (27.6/7.5)
                                    :       :   RATIO_2Nx2N-MSM > 1.1064: 1 (7.8)
                                    :       CTX_SPLIT = 3:
                                    :       :...BEST_COST <= 6387.62: 1 (5.2)
                                    :       :   BEST_COST > 6387.62: [S1]
                                    :       CTX_SPLIT = 2:
                                    :       :...COST_MSM > 54381.4: 1 (4.9)
                                    :           COST_MSM <= 54381.4:
                                    :           :...SAD > 3984: 1 (5)
                                    :               SAD <= 3984:
                                    :               :...MVP_IDX = -1: 0 (30.3/6.1)
                                    :                   MVP_IDX = 0: 0 (2.2)
                                    :                   MVP_IDX = 1: 1 (2.7)
                                    COLOC_SPLIT = 1:
                                    :...RATIO_BEST_2Nx2N <= 0.655228: 0 (25/0.6)
                                    :   RATIO_BEST_2Nx2N > 0.655228:
                                    :   :...BITS > 27:
                                    :       :...PU_SIZE = 1: 1 (8/1.8)
                                    :       :   PU_SIZE = 2: 1 (3.4/0.6)
                                    :       :   PU_SIZE = 4: 1 (8.9)
                                    :       :   PU_SIZE = 5: 0 (4.6)
                                    :       :   PU_SIZE = 6: 0 (1.2/0.6)
                                    :       :   PU_SIZE = 7: 0 (4.6/1.2)
                                    :       :   PU_SIZE = 0:
                                    :       :   :...NON-Z-COEFF <= 9: 1 (100.4/30.7)
                                    :       :       NON-Z-COEFF > 9: 0 (28.8/10.4)
                                    :       BITS <= 27:
                                    :       :...RATIO_2Nx2N-MSM > 1.12573: 0 (18.4)
                                    :           RATIO_2Nx2N-MSM <= 1.12573:
                                    :           :...INTER_DIR = 0: 0 (0.6)
                                    :               INTER_DIR = 1: 0 (16.4/0.6)
                                    :               INTER_DIR = 2: 0 (32/11)
                                    :               INTER_DIR = 3:
                                    :               :...SSE > 16026: 1 (23/4.3)
                                    :                   SSE <= 16026:
                                    :                   :...SSE <= 9284: 1 (28.7/12.7)
                                    :                       SSE > 9284: 0 (13.6)
                                    COLOC_SPLIT = 0:
                                    :...PU_SIZE in {6,7}: 0 (0)
                                        PU_SIZE = 1: 0 (9.4/2.7)
                                        PU_SIZE = 2: 1 (4.4)
                                        PU_SIZE = 4: 1 (9.5)
                                        PU_SIZE = 5: 0 (1.8)
                                        PU_SIZE = 0:
                                        :...BEST_COST > 28905.9: 1 (8.8/0.6)
                                            BEST_COST <= 28905.9:
                                            :...COST_2Nx2N > 7888.08: 0 (79.7)
                                                COST_2Nx2N <= 7888.08: [S2]

SubTree [S1]

RATIO_BEST_2Nx2N <= 0.4634: 1 (3.4)
RATIO_BEST_2Nx2N > 0.4634: 0 (38.6/7.3)

SubTree [S2]

RATIO_BEST_2Nx2N <= 0.827716: 0 (30.8)
RATIO_BEST_2Nx2N > 0.827716:
:...COST_MSM > 8088.14: 1 (4.9)
    COST_MSM <= 8088.14:
    :...RATIO_BEST-MSM > 1.03525: 1 (4.9)
        RATIO_BEST-MSM <= 1.03525:
        :...NON-Z-COEFF <= 24: 0 (70.4/15.9)
            NON-Z-COEFF > 24: 1 (7.7/2.2)

-----  Trial 3:  -----

Decision tree:

BITS > 249:
:...RATIO_2Nx2N-MSM <= 1.0158: 1 (197.8)
:   RATIO_2Nx2N-MSM > 1.0158:
:   :...RATIO_2Nx2N-MSM <= 1.01702: 0 (6.6)
:       RATIO_2Nx2N-MSM > 1.01702: 1 (27.6/2.2)
BITS <= 249:
:...BEST_COST > 44773.2:
    :...SAD <= 4513: 1 (73.9)
    :   SAD > 4513:
    :   :...INTER_DIR = 0: 0 (4.4)
    :       INTER_DIR = 1: 1 (24.9/3.9)
    :       INTER_DIR = 2: 1 (8.2)
    :       INTER_DIR = 3:
    :       :...NON-Z-COEFF > 5: 1 (14.3)
    :           NON-Z-COEFF <= 5:
    :           :...TU_DEPTH = 0: 0 (20.8/4.6)
    :               TU_DEPTH = 1: 1 (23.3/10)
    :               TU_DEPTH = 2: 1 (7.1)
    BEST_COST <= 44773.2:
    :...RATIO_2Nx2N-MSM > 1.40269:
        :...PU_SIZE = 4: 0 (0)
        :   PU_SIZE = 1: 1 (2.2/0.5)
        :   PU_SIZE = 2: 1 (0.5)
        :   PU_SIZE = 5: 0 (0.5)
        :   PU_SIZE = 6: 1 (2.2)
        :   PU_SIZE = 7: 0 (4.5/1.7)
        :   PU_SIZE = 0:
        :   :...COST_2Nx2N <= 15749.7: 0 (122.1)
        :       COST_2Nx2N > 15749.7:
        :       :...dQP = 2: 0 (0)
        :           dQP = 1: 1 (1.7)
        :           dQP = 3: 0 (4.6)
        :           dQP = 4:
        :           :...SSE <= 12317: 1 (17/6.1)
        :               SSE > 12317: 0 (18.2)
        RATIO_2Nx2N-MSM <= 1.40269:
        :...BITS <= 1:
            :...MV_MOD_FRAC in {0.353553,0.5,0.559017,0.790569,
            :   :               1.06066}: 0 (0)
            :   MV_MOD_FRAC = 0: 0 (41.7)
            :   MV_MOD_FRAC = 0.25: 1 (2.2)
            :   MV_MOD_FRAC = 0.707107: 0 (0.5)
            :   MV_MOD_FRAC = 0.75: 0 (1.7)
            :   MV_MOD_FRAC = 0.901388: 0 (0.5)
            BITS > 1:
            :...COLOC_SPLIT = 0:
                :...AVG_NEIGH_DEPTH <= 0.75641: 0 (37.8)
                :   AVG_NEIGH_DEPTH > 0.75641:
                :   :...SAD > 5520: 0 (35.3)
                :       SAD <= 5520:
                :       :...CTX_SPLIT in {5,6}: 0 (0)
                :           CTX_SPLIT = 4: 0 (14.9/6.4)
                :           CTX_SPLIT = 3:
                :           :...BITS <= 72: 0 (24.3/5.9)
                :           :   BITS > 72: 1 (10.9/0.5)
                :           CTX_SPLIT = 1:
                :           :...SAD <= 1092:
                :           :   :...BITS <= 2: 0 (3.2)
                :           :   :   BITS > 2: 1 (32.9/2.7)
                :           :   SAD > 1092:
                :           :   :...SAD <= 3743: 0 (34.1/0.5)
                :           :       SAD > 3743: 1 (13.8/5.1)
                :           CTX_SPLIT = 2:
                :           :...SSE > 26362: 0 (15.7)
                :           :   SSE <= 26362:
                :           :   :...RATIO_2Nx2N-MSM <= 1.02502: 0 (10.3)
                :           :       RATIO_2Nx2N-MSM > 1.02502: 1 (55.4/14.3)
                :           CTX_SPLIT = 0:
                :           :...NON-Z-COEFF <= 1:
                :               :...RATIO_2Nx2N-MSM <= 0.992216: 1 (6.3/1.9)
                :               :   RATIO_2Nx2N-MSM > 0.992216: 0 (49.9/0.5)
                :               NON-Z-COEFF > 1:
                :               :...SAD > 5421: 1 (7/0.5)
                :                   SAD <= 5421:
                :                   :...AVG_NEIGH_DEPTH > 1.15505: 0 (62.9/7.2)
                :                       AVG_NEIGH_DEPTH <= 1.15505:
                :                       :...AVG_NEIGH_DEPTH <= 0.825321: 1 (6.6/0.5)
                :                           AVG_NEIGH_DEPTH > 0.825321: 0 (64.1/21.8)
                COLOC_SPLIT = 1:
                :...AVG_NEIGH_DEPTH > 2.46238: 1 (27.1/3.5)
                :   AVG_NEIGH_DEPTH <= 2.46238:
                :   :...FME = 1: 0 (22.8/2.2)
                :       FME = 2:
                :       :...BITS > 71: 1 (24/2.7)
                :       :   BITS <= 71:
                :       :   :...RATIO_BEST_2Nx2N <= 0.747035: 1 (10.6/1.7)
                :       :       RATIO_BEST_2Nx2N > 0.747035:
                :       :       :...AVG_NEIGH_DEPTH <= 2.31524: 0 (120.8/24.2)
                :       :           AVG_NEIGH_DEPTH > 2.31524: 1 (6.2/1.7)
                :       FME = 0:
                :       :...AVG_NEIGH_DEPTH <= 1.06224:
                :           :...BITS <= 17: 0 (22.1/1.8)
                :           :   BITS > 17:
                :           :   :...MV_MOD_INT > 1.41421: 1 (11/2.2)
                :           :       MV_MOD_INT <= 1.41421:
                :           :       :...PU_SIZE in {5,6}: 1 (0)
                :           :           PU_SIZE = 1: 1 (5/1.7)
                :           :           PU_SIZE = 2: 0 (2.2)
                :           :           PU_SIZE = 4: 0 (0.5)
                :           :           PU_SIZE = 7: 1 (5/0.5)
                :           :           PU_SIZE = 0:
                :           :           :...SSE <= 9248: 0 (9/0.5)
                :           :               SSE > 9248: 1 (49.7/13.5)
                :           AVG_NEIGH_DEPTH > 1.06224:
                :           :...SAD > 2485:
                :               :...AVG_NEIGH_DEPTH <= 1.92598: 0 (108.2/5.3)
                :               :   AVG_NEIGH_DEPTH > 1.92598:
                :               :   :...SAD <= 3970: 0 (35.5/6.4)
                :               :       SAD > 3970: 1 (19.4/3.2)
                :               SAD <= 2485:
                :               :...SSE > 15219: 1 (29.5/4)
                :                   SSE <= 15219:
                :                   :...AVG_NEIGH_DEPTH > 2.13123:
                :                       :...MV_MOD_INT <= 11.4018: 0 (39.8/0.5)
                :                       :   MV_MOD_INT > 11.4018: 1 (2.7)
                :                       AVG_NEIGH_DEPTH <= 2.13123:
                :                       :...PU_SIZE = 1: 1 (10.1/1.8)
                :                           PU_SIZE = 2: 1 (13.3/4.5)
                :                           PU_SIZE = 4: 0 (10.4/1)
                :                           PU_SIZE = 5: 0 (2.7)
                :                           PU_SIZE = 6: 1 (3.1/1)
                :                           PU_SIZE = 7: 0 (8.3)
                :                           PU_SIZE = 0:
                :                           :...BITS <= 5: 0 (11.6)
                :                               BITS > 5:
                :                               :...CTX_SPLIT in {0,
                :                                   :             6}: 0 (0)
                :                                   CTX_SPLIT = 2: 1 (10.1/1)
                :                                   CTX_SPLIT = 3: 1 (20.3/7.2)
                :                                   CTX_SPLIT = 4: 0 (18.8/9.2)
                :                                   CTX_SPLIT = 5: 1 (7.5/2.2)
                :                                   CTX_SPLIT = 1:
                :                                   :...BITS <= 95: 0 (33.4/2.2)
                :                                       BITS > 95: 1 (13.7/5)
                COLOC_SPLIT = 2:
                :...TU_DEPTH = 1: 1 (43.4/10.9)
                    TU_DEPTH = 2: 0 (19.7/8.7)
                    TU_DEPTH = 0:
                    :...SAD > 3519:
                        :...AVG_NEIGH_DEPTH <= 1.94457: 0 (61.5/9.5)
                        :   AVG_NEIGH_DEPTH > 1.94457:
                        :   :...DISTORTION <= 16798: 0 (5.2)
                        :       DISTORTION > 16798:
                        :       :...BITS <= 18: 0 (11.4/2.7)
                        :           BITS > 18: 1 (27.7/2.7)
                        SAD <= 3519:
                        :...MV_MOD_INT > 3.16228:
                            :...MV_MOD_INT > 26.3059: 1 (12.1)
                            :   MV_MOD_INT <= 26.3059:
                            :   :...NON-Z-COEFF > 17: 0 (21.8)
                            :       NON-Z-COEFF <= 17:
                            :       :...NON-Z-COEFF > 8: 1 (7.9)
                            :           NON-Z-COEFF <= 8:
                            :           :...BITS > 45: 1 (10.3)
                            :               BITS <= 45:
                            :               :...MVD_MOD_INT <= 5.38516: 0 (99.4/32.7)
                            :                   MVD_MOD_INT > 5.38516: 1 (7.1)
                            MV_MOD_INT <= 3.16228:
                            :...MV_MOD_FRAC = 0.25: 1 (20.8/4.4)
                                MV_MOD_FRAC = 0.353553: 1 (8.4/1.7)
                                MV_MOD_FRAC = 0.5: 1 (26.9/8.7)
                                MV_MOD_FRAC = 0.559017: 1 (11.6/0.5)
                                MV_MOD_FRAC = 0.707107: 1 (8.4/1.7)
                                MV_MOD_FRAC = 0.75: 1 (22.1/7.9)
                                MV_MOD_FRAC = 0.790569: 1 (4.5/1.7)
                                MV_MOD_FRAC = 0.901388: 1 (7)
                                MV_MOD_FRAC = 1.06066: 1 (4.4)
                                MV_MOD_FRAC = 0:
                                :...NON-Z-COEFF > 13: 1 (33.3/6)
                                    NON-Z-COEFF <= 13:
                                    :...MV_MOD_INT > 2.23607: 1 (20.9/5.5)
                                        MV_MOD_INT <= 2.23607:
                                        :...RATIO_BEST_2Nx2N > 0.987722: 0 (12.9)
                                            RATIO_BEST_2Nx2N <= 0.987722:
                                            :...COST_MSM > 25965.3: 1 (49.9/7.7)
                                                COST_MSM <= 25965.3:
                                                :...PRED_MODE = 3: 0 (0)
                                                    PRED_MODE = 1: 1 (41.7/12.5)
                                                    PRED_MODE = 2: 0 (10.6/1)
                                                    PRED_MODE = 0: [S1]

SubTree [S1]

AVG_NEIGH_DEPTH <= 1.65928: 1 (18.5/1)
AVG_NEIGH_DEPTH > 1.65928:
:...RATIO_BEST-MSM <= 1.03373: 0 (31.2/4.4)
    RATIO_BEST-MSM > 1.03373: 1 (6.6)

-----  Trial 4:  -----

Decision tree:

BITS > 135:
:...TU_DEPTH = 1: 1 (108.6/3.1)
:   TU_DEPTH = 2: 1 (152.4/5.2)
:   TU_DEPTH = 0:
:   :...MVP_IDX = 0: 1 (5)
:       MVP_IDX = 1: 1 (0.4)
:       MVP_IDX = -1:
:       :...INTER_DIR = 1: 0 (1.4)
:           INTER_DIR = 2: 1 (10.1)
:           INTER_DIR = 3: 0 (14.9/2.1)
:           INTER_DIR = 0:
:           :...DISTORTION > 27646: 1 (3.8)
:               DISTORTION <= 27646:
:               :...RATIO_BEST-MSM <= 0.904844: 1 (30.4/13)
:                   RATIO_BEST-MSM > 0.904844: 0 (19.7)
BITS <= 135:
:...RATIO_2Nx2N-MSM > 1.40269:
    :...PU_SIZE = 4: 0 (0)
    :   PU_SIZE = 1: 0 (3.5/1.4)
    :   PU_SIZE = 2: 1 (0.4)
    :   PU_SIZE = 5: 0 (0.4)
    :   PU_SIZE = 6: 1 (1.7)
    :   PU_SIZE = 7: 1 (5.5/2.2)
    :   PU_SIZE = 0:
    :   :...SSE <= 10966: 0 (109.9)
    :       SSE > 10966:
    :       :...SAD <= 2599: 1 (6.9)
    :           SAD > 2599: 0 (29.2/3.1)
    RATIO_2Nx2N-MSM <= 1.40269:
    :...BITS <= 1: 0 (36.8/1.7)
        BITS > 1:
        :...DISTORTION > 36250:
            :...MV_MOD_INT > 10.198: 0 (31.3/13.1)
            :   MV_MOD_INT <= 10.198:
            :   :...NON-Z-COEFF > 1: 1 (82.7/5.2)
            :       NON-Z-COEFF <= 1:
            :       :...RATIO_BEST_2Nx2N <= 0.923102: 1 (16.9)
            :           RATIO_BEST_2Nx2N > 0.923102: 0 (22.6/5.7)
            DISTORTION <= 36250:
            :...COLOC_SPLIT = 0:
                :...PU_SIZE = 1: 0 (32.1/12.5)
                :   PU_SIZE = 2: 1 (10.7/4.3)
                :   PU_SIZE = 4: 1 (27.3/3.1)
                :   PU_SIZE = 5: 0 (4.7)
                :   PU_SIZE = 6: 0 (2.1)
                :   PU_SIZE = 7: 1 (5.6/2.2)
                :   PU_SIZE = 0:
                :   :...RATIO_BEST-MSM <= 1.00495:
                :       :...COST_2Nx2N <= 51434.2: 0 (257.6/47.6)
                :       :   COST_2Nx2N > 51434.2: 1 (3.8)
                :       RATIO_BEST-MSM > 1.00495:
                :       :...TU_DEPTH = 2: 0 (0)
                :           TU_DEPTH = 1: 1 (18.8/1.4)
                :           TU_DEPTH = 0:
                :           :...RATIO_BEST_2Nx2N <= 0.789497: 0 (21)
                :               RATIO_BEST_2Nx2N > 0.789497:
                :               :...SSE <= 2377: 1 (39.5/15.7)
                :                   SSE > 2377:
                :                   :...BEST_COST <= 29036.3: 0 (57.5/10.4)
                :                       BEST_COST > 29036.3: 1 (8.6)
                COLOC_SPLIT = 1:
                :...MVD_MOD_FRAC = 0.707107: 0 (0)
                :   MVD_MOD_FRAC = 0.25: 0 (17.2/7.9)
                :   MVD_MOD_FRAC = 0.353553: 1 (6.9/1.4)
                :   MVD_MOD_FRAC = 0.5: 1 (9.4/2.1)
                :   MVD_MOD_FRAC = 0.559017: 0 (7.7/0.4)
                :   MVD_MOD_FRAC = 0.75: 0 (14.8/6)
                :   MVD_MOD_FRAC = 0.790569: 1 (3.8/1.8)
                :   MVD_MOD_FRAC = 0.901388: 0 (5.4)
                :   MVD_MOD_FRAC = 1.06066: 0 (4.6/0.8)
                :   MVD_MOD_FRAC = 0:
                :   :...CTX_SPLIT in {0,6}: 0 (0)
                :       CTX_SPLIT = 4:
                :       :...REF_IDX = -1: 1 (19.1/5.9)
                :       :   REF_IDX = 0: 0 (46.8/8)
                :       :   REF_IDX = 1: 1 (6.3/0.8)
                :       CTX_SPLIT = 3:
                :       :...AVG_NEIGH_DEPTH > 2.12549: 0 (18.6)
                :       :   AVG_NEIGH_DEPTH <= 2.12549:
                :       :   :...REF_IDX = -1: 1 (16.6/2.1)
                :       :       REF_IDX = 0: 0 (33.2/12.2)
                :       :       REF_IDX = 1: 1 (7.7/2.2)
                :       CTX_SPLIT = 5:
                :       :...DISTORTION <= 2893: 0 (9.4/0.8)
                :       :   DISTORTION > 2893:
                :       :   :...BITS <= 29: 0 (31.5/12.4)
                :       :       BITS > 29: 1 (22.2)
                :       CTX_SPLIT = 1:
                :       :...RATIO_2Nx2N-MSM > 1.06627: 0 (74.3/7.6)
                :       :   RATIO_2Nx2N-MSM <= 1.06627:
                :       :   :...RATIO_BEST-MSM > 1.00374: 1 (12.4/2.1)
                :       :       RATIO_BEST-MSM <= 1.00374:
                :       :       :...AVG_NEIGH_DEPTH <= 0.939692: 1 (35.9/12.7)
                :       :           AVG_NEIGH_DEPTH > 0.939692:
                :       :           :...AVG_NEIGH_DEPTH <= 2.03422: 0 (110.9/16.3)
                :       :               AVG_NEIGH_DEPTH > 2.03422: 1 (11/2.2)
                :       CTX_SPLIT = 2:
                :       :...MVD_MOD_INT > 2.23607: 1 (4.8)
                :           MVD_MOD_INT <= 2.23607:
                :           :...MVP_IDX = 0: 0 (9.9/0.4)
                :               MVP_IDX = 1: 0 (4.2)
                :               MVP_IDX = -1:
                :               :...NON-Z-COEFF > 31: 0 (11.6)
                :                   NON-Z-COEFF <= 31:
                :                   :...NON-Z-COEFF > 20: 1 (5.9)
                :                       NON-Z-COEFF <= 20:
                :                       :...NON-Z-COEFF > 6: 0 (10.4)
                :                           NON-Z-COEFF <= 6:
                :                           :...RATIO_BEST_2Nx2N <= 0.992276: 0 (61.8/22.2)
                :                               RATIO_BEST_2Nx2N > 0.992276: 1 (6.9)
                COLOC_SPLIT = 2:
                :...dQP in {1,2}: 1 (0)
                    dQP = 3:
                    :...MVD_MOD_FRAC in {0.353553,1.06066}: 1 (0)
                    :   MVD_MOD_FRAC = 0.25: 0 (11/5.4)
                    :   MVD_MOD_FRAC = 0.5: 0 (3.5/0.4)
                    :   MVD_MOD_FRAC = 0.559017: 1 (9.5/3.6)
                    :   MVD_MOD_FRAC = 0.707107: 0 (3.1)
                    :   MVD_MOD_FRAC = 0.75: 1 (8.1/3.8)
                    :   MVD_MOD_FRAC = 0.790569: 1 (6)
                    :   MVD_MOD_FRAC = 0.901388: 1 (1.8)
                    :   MVD_MOD_FRAC = 0:
                    :   :...FME = 1: 1 (11.1)
                    :       FME = 2: 1 (17.4)
                    :       FME = 0:
                    :       :...BEST_COST > 19778.8: 1 (32.6/1.4)
                    :           BEST_COST <= 19778.8:
                    :           :...RATIO_BEST_2Nx2N <= 0.7431: 1 (18.6/3.1)
                    :               RATIO_BEST_2Nx2N > 0.7431: 0 (45.9/11.6)
                    dQP = 4:
                    :...DISTORTION <= 13040:
                        :...SAD <= 925: 1 (8.8)
                        :   SAD > 925:
                        :   :...MVD_MOD_INT > 1.41421: 1 (15.3/4.4)
                        :       MVD_MOD_INT <= 1.41421:
                        :       :...MV_MOD_INT > 1: 0 (49.2/7.6)
                        :           MV_MOD_INT <= 1:
                        :           :...MV_MOD_INT <= 0: 0 (53.9/10.1)
                        :               MV_MOD_INT > 0: 1 (7)
                        DISTORTION > 13040:
                        :...SAD <= 2746:
                            :...PU_SIZE = 1: 1 (24.5/5.2)
                            :   PU_SIZE = 2: 1 (26.6/1.8)
                            :   PU_SIZE = 4: 1 (8.7/3.8)
                            :   PU_SIZE = 5: 1 (5.3/1.8)
                            :   PU_SIZE = 6: 1 (5.3/1.8)
                            :   PU_SIZE = 7: 1 (6.4/2.5)
                            :   PU_SIZE = 0:
                            :   :...SSE <= 14272: 0 (11)
                            :       SSE > 14272:
                            :       :...RATIO_BEST_2Nx2N <= 1.01523: 1 (43.3/2.9)
                            :           RATIO_BEST_2Nx2N > 1.01523: 0 (4.7)
                            SAD > 2746:
                            :...DISTORTION <= 17081: 0 (19.4/0.8)
                                DISTORTION > 17081:
                                :...PREDMV_MOD_INT > 14.2127: 1 (15.9/1.4)
                                    PREDMV_MOD_INT <= 14.2127:
                                    :...SAD <= 2779: 0 (11.5)
                                        SAD > 2779:
                                        :...DISTORTION <= 20434: 1 (28.1/3.8)
                                            DISTORTION > 20434:
                                            :...SSE <= 23344: 0 (22/0.4)
                                                SSE > 23344:
                                                :...SSE > 51843: 1 (8.6)
                                                    SSE <= 51843:
                                                    :...PU_SIZE = 0: 0 (29.3/10)
                                                        PU_SIZE = 1: 0 (25.4/10)
                                                        PU_SIZE = 2: 0 (15.5/2.7)
                                                        PU_SIZE = 4: 1 (19.7/3)
                                                        PU_SIZE = 5: 1 (5.9)
                                                        PU_SIZE = 6: 1 (7.6/3.8)
                                                        PU_SIZE = 7: 0 (23.7/9.5)

-----  Trial 5:  -----

Decision tree:

BITS > 274: 1 (141.7/6.7)
BITS <= 274:
:...BEST_COST > 42437.1:
    :...CTX_SPLIT = 0: 0 (2.5)
    :   CTX_SPLIT = 1: 0 (2.8)
    :   CTX_SPLIT = 2: 1 (26.6/7.1)
    :   CTX_SPLIT = 4: 1 (41.6/6)
    :   CTX_SPLIT = 5: 1 (33.1)
    :   CTX_SPLIT = 6: 1 (67.5/4.9)
    :   CTX_SPLIT = 3:
    :   :...NON-Z-COEFF <= 3: 1 (16.8)
    :       NON-Z-COEFF > 3: 0 (23.7/8.1)
    BEST_COST <= 42437.1:
    :...RATIO_2Nx2N-MSM > 1.40269:
        :...TU_DEPTH = 1: 1 (4.6/1.4)
        :   TU_DEPTH = 2: 0 (1.1)
        :   TU_DEPTH = 0:
        :   :...COST_MSM <= 14117.3: 0 (94.9/1.4)
        :       COST_MSM > 14117.3:
        :       :...RATIO_BEST_2Nx2N <= 0.665477: 1 (17.4/3.1)
        :           RATIO_BEST_2Nx2N > 0.665477: 0 (16.7)
        RATIO_2Nx2N-MSM <= 1.40269:
        :...SAD > 4548:
            :...RATIO_BEST_2Nx2N <= 0.641809: 1 (12.4/3.3)
            :   RATIO_BEST_2Nx2N > 0.641809: 0 (158.2/23.7)
            SAD <= 4548:
            :...TU_DEPTH = 2:
                :...BITS > 133: 1 (27.2)
                :   BITS <= 133:
                :   :...BITS > 120: 0 (6.1)
                :       BITS <= 120:
                :       :...RATIO_2Nx2N-MSM <= 0.546759: 0 (3.1)
                :           RATIO_2Nx2N-MSM > 0.546759:
                :           :...COST_MSM <= 51411.1: 1 (30.9/4.2)
                :               COST_MSM > 51411.1: 0 (4.1)
                TU_DEPTH = 1:
                :...BITS <= 21: 0 (14.7/1.4)
                :   BITS > 21:
                :   :...RATIO_2Nx2N-MSM <= 0.680331: 0 (10.3/1.5)
                :       RATIO_2Nx2N-MSM > 0.680331:
                :       :...PREDMV_MOD_FRAC = 0.25: 0 (4.8/2.3)
                :           PREDMV_MOD_FRAC = 0.353553: 1 (9.5)
                :           PREDMV_MOD_FRAC = 0.5: 1 (22.6/11.1)
                :           PREDMV_MOD_FRAC = 0.559017: 1 (3.7/1.1)
                :           PREDMV_MOD_FRAC = 0.707107: 1 (5.9)
                :           PREDMV_MOD_FRAC = 0.75: 1 (2.8)
                :           PREDMV_MOD_FRAC = 0.790569: 1 (10.9)
                :           PREDMV_MOD_FRAC = 0.901388: 1 (1.7)
                :           PREDMV_MOD_FRAC = 1.06066: 1 (0.3)
                :           PREDMV_MOD_FRAC = 0:
                :           :...RATIO_BEST-MSM > 1.00278: 1 (22.2)
                :               RATIO_BEST-MSM <= 1.00278:
                :               :...RATIO_2Nx2N-MSM <= 0.950894: 1 (22.6)
                :                   RATIO_2Nx2N-MSM > 0.950894:
                :                   :...NON-Z-COEFF > 26: 1 (7.9)
                :                       NON-Z-COEFF <= 26:
                :                       :...NON-Z-COEFF > 6: 0 (25.2/4.4)
                :                           NON-Z-COEFF <= 6:
                :                           :...SAD <= 1168: 0 (5.6)
                :                               SAD > 1168:
                :                               :...BITS > 95: 1 (13.8)
                :                                   BITS <= 95:
                :                                   :...MVP_IDX = 0: 1 (0)
                :                                       MVP_IDX = -1: 1 (33.1/11.5)
                :                                       MVP_IDX = 1: 0 (3)
                TU_DEPTH = 0:
                :...BEST_COST > 24758.3:
                    :...RATIO_BEST-MSM > 1.00793: 1 (21.7)
                    :   RATIO_BEST-MSM <= 1.00793:
                    :   :...MVD_MOD_FRAC = 1.06066: 1 (0)
                    :       MVD_MOD_FRAC = 0.25: 1 (28.8/10.8)
                    :       MVD_MOD_FRAC = 0.353553: 0 (19/8.6)
                    :       MVD_MOD_FRAC = 0.5: 1 (17/5.5)
                    :       MVD_MOD_FRAC = 0.559017: 1 (9.2/2.5)
                    :       MVD_MOD_FRAC = 0.707107: 0 (4.6)
                    :       MVD_MOD_FRAC = 0.75: 0 (13.5/4.8)
                    :       MVD_MOD_FRAC = 0.790569: 1 (6.3/3)
                    :       MVD_MOD_FRAC = 0.901388: 0 (3.3)
                    :       MVD_MOD_FRAC = 0:
                    :       :...NON-Z-COEFF > 15: 1 (30.2/2.2)
                    :           NON-Z-COEFF <= 15:
                    :           :...RATIO_BEST_2Nx2N > 0.959438:
                    :               :...BEST_COST <= 31622.2: 1 (38.7/3.1)
                    :               :   BEST_COST > 31622.2: 0 (13.8/6.1)
                    :               RATIO_BEST_2Nx2N <= 0.959438:
                    :               :...COST_MSM <= 31526: 0 (27.6/1.7)
                    :                   COST_MSM > 31526:
                    :                   :...AVG_NEIGH_DEPTH <= 1.16266: 0 (7.3)
                    :                       AVG_NEIGH_DEPTH > 1.16266:
                    :                       :...COLOC_SPLIT = 0: 1 (10.6)
                    :                           COLOC_SPLIT = 1: 0 (5.6)
                    :                           COLOC_SPLIT = 2:
                    :                           :...NON-Z-COEFF > 2: 0 (35.5/14.7)
                    :                               NON-Z-COEFF <= 2: [S1]
                    BEST_COST <= 24758.3:
                    :...AVG_NEIGH_DEPTH <= 0.775183:
                        :...BITS > 48: 1 (7.7/0.6)
                        :   BITS <= 48:
                        :   :...SSE <= 30803: 0 (61.1)
                        :       SSE > 30803: 1 (3.4/0.9)
                        AVG_NEIGH_DEPTH > 0.775183:
                        :...SAD > 3240:
                            :...COST_MSM > 29255.1: 1 (10.5/2.5)
                            :   COST_MSM <= 29255.1:
                            :   :...NON-Z-COEFF <= 54: 0 (90.5/7.1)
                            :       NON-Z-COEFF > 54: 1 (3.3)
                            SAD <= 3240:
                            :...AVG_NEIGH_DEPTH > 2.43607: 1 (25.9/4.7)
                                AVG_NEIGH_DEPTH <= 2.43607:
                                :...PU_SIZE = 7: 0 (30/14.4)
                                    PU_SIZE = 6:
                                    :...NON-Z-COEFF <= 2: 0 (23/3.2)
                                    :   NON-Z-COEFF > 2: 1 (20.8/5.5)
                                    PU_SIZE = 2:
                                    :...NON-Z-COEFF > 24: 0 (7)
                                    :   NON-Z-COEFF <= 24:
                                    :   :...COST_2Nx2N <= 7649.53: 0 (8.4)
                                    :       COST_2Nx2N > 7649.53:
                                    :       :...MV_MOD_INT <= 7.61577: 1 (43.5/7.3)
                                    :           MV_MOD_INT > 7.61577: 0 (10.2/1.1)
                                    PU_SIZE = 4:
                                    :...COST_MSM > 35397.9: 0 (6.3)
                                    :   COST_MSM <= 35397.9:
                                    :   :...NON-Z-COEFF > 4: 1 (23.9)
                                    :       NON-Z-COEFF <= 4:
                                    :       :...RATIO_2Nx2N-MSM <= 0.941762: 1 (16/0.3)
                                    :           RATIO_2Nx2N-MSM > 0.941762: 0 (28.7/8.9)
                                    PU_SIZE = 5:
                                    :...COST_MSM > 42859.9: 0 (5.5)
                                    :   COST_MSM <= 42859.9:
                                    :   :...SSE > 11176: 0 (7.9/2.5)
                                    :       SSE <= 11176:
                                    :       :...COST_2Nx2N <= 5314.04: 0 (2.2)
                                    :           COST_2Nx2N > 5314.04: 1 (33.7/0.3)
                                    PU_SIZE = 1:
                                    :...COST_MSM <= 11130.1:
                                    :   :...BITS <= 10: 0 (3.3/0.6)
                                    :   :   BITS > 10: 1 (31.5/1.1)
                                    :   COST_MSM > 11130.1:
                                    :   :...DISTORTION > 17864: 1 (8.2)
                                    :       DISTORTION <= 17864:
                                    :       :...BITS > 47: 1 (5.1)
                                    :           BITS <= 47: [S2]
                                    PU_SIZE = 0:
                                    :...BITS <= 40:
                                        :...BITS > 31: 0 (37.2/2.8)
                                        :   BITS <= 31:
                                        :   :...SAD > 2919: 0 (21.9)
                                        :       SAD <= 2919:
                                        :       :...SSE > 13735:
                                        :           :...dQP = 2: 1 (0)
                                        :           :   dQP = 1: 0 (1.4)
                                        :           :   dQP = 3: 0 (6.1)
                                        :           :   dQP = 4: [S3]
                                        :           SSE <= 13735: [S4]
                                        BITS > 40:
                                        :...MV_MOD_FRAC in {0.25,
                                            :               0.901388}: 1 (0)
                                            MV_MOD_FRAC = 0.353553: 0 (4.5/1.4)
                                            MV_MOD_FRAC = 0.5: 1 (4.6)
                                            MV_MOD_FRAC = 0.559017: 0 (0.3)
                                            MV_MOD_FRAC = 0.707107: 0 (0.3)
                                            MV_MOD_FRAC = 0.75: 1 (8.7/2.3)
                                            MV_MOD_FRAC = 0.790569: 1 (10.9/2.9)
                                            MV_MOD_FRAC = 1.06066: 1 (8.1/1.7)
                                            MV_MOD_FRAC = 0:
                                            :...RATIO_2Nx2N-MSM <= 0.810303: 1 (13.3/1.1)
                                                RATIO_2Nx2N-MSM > 0.810303:
                                                :...MV_MOD_INT > 12.0416: 1 (6.3/0.3)
                                                    MV_MOD_INT <= 12.0416: [S5]

SubTree [S1]

DISTORTION <= 27124: 0 (7.2/2.4)
DISTORTION > 27124: 1 (28.4/1.4)

SubTree [S2]

MVD_MOD_FRAC in {0.353553,0.559017,0.707107,0.75,0.790569,
:                0.901388}: 0 (0)
MVD_MOD_FRAC = 0.25: 0 (1.4)
MVD_MOD_FRAC = 0.5: 1 (3.1)
MVD_MOD_FRAC = 1.06066: 0 (1.4)
MVD_MOD_FRAC = 0:
:...RATIO_2Nx2N-MSM > 1.14647: 1 (7.9/1.1)
    RATIO_2Nx2N-MSM <= 1.14647:
    :...SAD <= 1524: 1 (11.5/4.9)
        SAD > 1524: 0 (37.4)

SubTree [S3]

REF_IDX = -1: 0 (2.2)
REF_IDX = 1: 0 (5.3)
REF_IDX = 0:
:...BITS <= 2: 0 (8.4/3.2)
    BITS > 2: 1 (49.2/6.4)

SubTree [S4]

COST_2Nx2N > 14654.1: 0 (38.7)
COST_2Nx2N <= 14654.1:
:...CTX_SPLIT = 0: 0 (26.5)
    CTX_SPLIT = 3: 0 (38.3/15.6)
    CTX_SPLIT = 5: 1 (30.9/11.8)
    CTX_SPLIT = 6: 0 (13/1.4)
    CTX_SPLIT = 2:
    :...RATIO_BEST_2Nx2N <= 0.724988: 1 (2.8)
    :   RATIO_BEST_2Nx2N > 0.724988: 0 (60.2/11.2)
    CTX_SPLIT = 4:
    :...REF_IDX = -1: 1 (8/3.2)
    :   REF_IDX = 0: 0 (26.7/6.9)
    :   REF_IDX = 1: 1 (3.6/0.6)
    CTX_SPLIT = 1:
    :...RATIO_BEST-MSM <= 1.0032: 0 (35.4)
        RATIO_BEST-MSM > 1.0032:
        :...DISTORTION <= 6372: 1 (31.9/6.2)
            DISTORTION > 6372: 0 (5.8)

SubTree [S5]

MV_MOD_INT > 0: 0 (7.4)
MV_MOD_INT <= 0:
:...RATIO_BEST-MSM <= 0.808789: 0 (14.8)
    RATIO_BEST-MSM > 0.808789:
    :...INTER_DIR = 0: 1 (28.4/11.4)
        INTER_DIR = 1: 0 (3.3)
        INTER_DIR = 2: 0 (4)
        INTER_DIR = 3:
        :...DISTORTION > 9810: 1 (13.3/0.9)
            DISTORTION <= 9810:
            :...SAD <= 2169: 1 (32.7/10.8)
                SAD > 2169: 0 (19.5)

-----  Trial 6:  -----

Decision tree:

BITS > 138:
:...TU_DEPTH = 1: 1 (88.8/3.6)
:   TU_DEPTH = 2: 1 (101.2/8.3)
:   TU_DEPTH = 0:
:   :...MVP_IDX = 0: 1 (3.1)
:       MVP_IDX = 1: 1 (0.2)
:       MVP_IDX = -1:
:       :...AVG_NEIGH_DEPTH > 2.5183: 1 (6.5)
:           AVG_NEIGH_DEPTH <= 2.5183:
:           :...PU_SIZE in {2,6}: 0 (0)
:               PU_SIZE = 0: 0 (53.5/13.2)
:               PU_SIZE = 1: 1 (1.5)
:               PU_SIZE = 4: 0 (7.1/3.5)
:               PU_SIZE = 5: 1 (0.2)
:               PU_SIZE = 7: 1 (2.6)
BITS <= 138:
:...RATIO_2Nx2N-MSM > 1.40269: 0 (118.8/16.8)
    RATIO_2Nx2N-MSM <= 1.40269:
    :...COST_2Nx2N > 27310.8:
        :...COLOC_SPLIT = 1:
        :   :...TU_DEPTH = 1: 1 (20.6/2.5)
        :   :   TU_DEPTH = 2: 0 (6.1)
        :   :   TU_DEPTH = 0:
        :   :   :...RATIO_BEST_2Nx2N <= 0.963186: 0 (57/11.6)
        :   :       RATIO_BEST_2Nx2N > 0.963186: 1 (18.4/4.5)
        :   COLOC_SPLIT = 0:
        :   :...REF_IDX = -1: 0 (22.2/3.7)
        :   :   REF_IDX = 1: 0 (2.6)
        :   :   REF_IDX = 0:
        :   :   :...PREDMV_MOD_INT > 15.8114: 0 (6.8)
        :   :       PREDMV_MOD_INT <= 15.8114:
        :   :       :...AVG_NEIGH_DEPTH <= 0.939692: 0 (4.4)
        :   :           AVG_NEIGH_DEPTH > 0.939692: 1 (35.9/8.4)
        :   COLOC_SPLIT = 2:
        :   :...SSE <= 16884: 1 (25)
        :       SSE > 16884:
        :       :...RATIO_BEST-MSM <= 0.447599:
        :           :...PRED_MODE in {0,3}: 0 (0)
        :           :   PRED_MODE = 2: 1 (3.8)
        :           :   PRED_MODE = 1:
        :           :   :...MVD_MOD_INT <= 2.23607: 0 (33.5/6.1)
        :           :       MVD_MOD_INT > 2.23607: 1 (7)
        :           RATIO_BEST-MSM > 0.447599:
        :           :...PU_SIZE = 6: 1 (20.5)
        :               PU_SIZE = 4:
        :               :...RATIO_BEST_2Nx2N <= 0.480345: 0 (3.6)
        :               :   RATIO_BEST_2Nx2N > 0.480345: 1 (44)
        :               PU_SIZE = 5:
        :               :...MV_MOD_INT <= 51.0882: 1 (30.7/8)
        :               :   MV_MOD_INT > 51.0882: 0 (4.6)
        :               PU_SIZE = 7:
        :               :...BEST_COST > 40303.1: 1 (27.5)
        :               :   BEST_COST <= 40303.1:
        :               :   :...BEST_COST <= 37726.4: 1 (24.6/1.3)
        :               :       BEST_COST > 37726.4: 0 (13.4)
        :               PU_SIZE = 1:
        :               :...COST_MSM > 59401.4: 1 (34.5)
        :               :   COST_MSM <= 59401.4:
        :               :   :...RATIO_BEST_2Nx2N > 0.953783: 0 (5.4)
        :               :       RATIO_BEST_2Nx2N <= 0.953783:
        :               :       :...COST_MSM <= 51817: 1 (32.7/4.9)
        :               :           COST_MSM > 51817: 0 (3.3)
        :               PU_SIZE = 2:
        :               :...BITS <= 20: 0 (13.1/1.1)
        :               :   BITS > 20:
        :               :   :...RATIO_BEST_2Nx2N > 0.95263: 1 (18.4)
        :               :       RATIO_BEST_2Nx2N <= 0.95263:
        :               :       :...RATIO_BEST_2Nx2N > 0.939948: 0 (6.3)
        :               :           RATIO_BEST_2Nx2N <= 0.939948:
        :               :           :...BITS <= 42: 1 (22.2)
        :               :               BITS > 42:
        :               :               :...BITS <= 66: 0 (23.7/5.6)
        :               :                   BITS > 66: 1 (18.9/3.5)
        :               PU_SIZE = 0:
        :               :...dQP in {1,2}: 1 (0)
        :                   dQP = 3: 1 (6.4)
        :                   dQP = 4:
        :                   :...PREDMV_MOD_INT > 18.0278: 1 (11.1)
        :                       PREDMV_MOD_INT <= 18.0278:
        :                       :...RATIO_BEST-MSM > 1.00365: 1 (19.4/1.3)
        :                           RATIO_BEST-MSM <= 1.00365:
        :                           :...SSE > 66187: 1 (6.5)
        :                               SSE <= 66187:
        :                               :...SAD <= 3092: 1 (5.5)
        :                                   SAD > 3092:
        :                                   :...RATIO_BEST_2Nx2N <= 0.930643: 1 (8.8/3.3)
        :                                       RATIO_BEST_2Nx2N > 0.930643: 0 (31.3)
        COST_2Nx2N <= 27310.8:
        :...DISTORTION <= 1100: 0 (26.2)
            DISTORTION > 1100:
            :...AVG_NEIGH_DEPTH <= 0.589744: 0 (35.6/2.2)
                AVG_NEIGH_DEPTH > 0.589744:
                :...TU_DEPTH = 2: 1 (21.7/10.3)
                    TU_DEPTH = 1:
                    :...MVP_IDX = 0: 1 (21.3/7.7)
                    :   MVP_IDX = 1: 0 (13.9/5.4)
                    :   MVP_IDX = -1:
                    :   :...BITS > 95: 1 (16.8)
                    :       BITS <= 95:
                    :       :...RATIO_BEST-MSM > 1.00402: 1 (22.8/4.5)
                    :           RATIO_BEST-MSM <= 1.00402:
                    :           :...DISTORTION <= 8954: 0 (48.6/9.5)
                    :               DISTORTION > 8954:
                    :               :...RATIO_2Nx2N-MSM <= 1.00407: 0 (7.5/0.5)
                    :                   RATIO_2Nx2N-MSM > 1.00407: 1 (31.6/4.7)
                    TU_DEPTH = 0:
                    :...COLOC_SPLIT = 0:
                        :...NON-Z-COEFF > 29: 1 (20.2/6.8)
                        :   NON-Z-COEFF <= 29:
                        :   :...DISTORTION <= 1237: 1 (17/4.1)
                        :       DISTORTION > 1237:
                        :       :...MV_MOD_FRAC = 0.25: 0 (16.4/5.9)
                        :           MV_MOD_FRAC = 0.353553: 0 (15.3/3.3)
                        :           MV_MOD_FRAC = 0.5: 1 (19.3/4.8)
                        :           MV_MOD_FRAC = 0.559017: 1 (2.4/1.1)
                        :           MV_MOD_FRAC = 0.707107: 0 (8.9)
                        :           MV_MOD_FRAC = 0.75: 0 (24.3/5.3)
                        :           MV_MOD_FRAC = 0.790569: 0 (19.4)
                        :           MV_MOD_FRAC = 0.901388: 0 (3.1)
                        :           MV_MOD_FRAC = 1.06066: 1 (3.9)
                        :           MV_MOD_FRAC = 0:
                        :           :...PU_SIZE in {6,7}: 0 (0)
                        :               PU_SIZE = 0: 0 (185.9/15.2)
                        :               PU_SIZE = 1: 1 (7.5/3.6)
                        :               PU_SIZE = 2: 1 (3)
                        :               PU_SIZE = 4: 1 (2.6)
                        :               PU_SIZE = 5: 0 (3.5)
                        COLOC_SPLIT = 1:
                        :...MV_MOD_FRAC = 0.25: 1 (43.7/17.7)
                        :   MV_MOD_FRAC = 0.353553: 0 (8/3)
                        :   MV_MOD_FRAC = 0.5: 0 (10)
                        :   MV_MOD_FRAC = 0.559017: 0 (11.1/3.9)
                        :   MV_MOD_FRAC = 0.707107: 0 (5.8)
                        :   MV_MOD_FRAC = 0.75: 1 (20.9/7.4)
                        :   MV_MOD_FRAC = 0.790569: 1 (12.6/6.3)
                        :   MV_MOD_FRAC = 0.901388: 1 (8.3/4)
                        :   MV_MOD_FRAC = 1.06066: 1 (13.4/6.7)
                        :   MV_MOD_FRAC = 0:
                        :   :...CTX_SPLIT in {0,6}: 0 (0)
                        :       CTX_SPLIT = 3:
                        :       :...RATIO_BEST_2Nx2N <= 0.832134: 0 (12.6/0.2)
                        :       :   RATIO_BEST_2Nx2N > 0.832134: 1 (34.3/14.6)
                        :       CTX_SPLIT = 5:
                        :       :...MV_MOD_INT > 1: 0 (7.4/1.1)
                        :       :   MV_MOD_INT <= 1:
                        :       :   :...RATIO_2Nx2N-MSM <= 0.881747: 0 (8.7/1.1)
                        :       :       RATIO_2Nx2N-MSM > 0.881747: 1 (28.7/4.6)
                        :       CTX_SPLIT = 4:
                        :       :...DISTORTION <= 2360: 1 (9.4/1.3)
                        :       :   DISTORTION > 2360:
                        :       :   :...SSE > 19987: 1 (4.1)
                        :       :       SSE <= 19987:
                        :       :       :...SAD <= 987: 1 (7.3/1.3)
                        :       :           SAD > 987: 0 (27.2)
                        :       CTX_SPLIT = 2:
                        :       :...NON-Z-COEFF > 4: 0 (12.7)
                        :       :   NON-Z-COEFF <= 4:
                        :       :   :...RATIO_2Nx2N-MSM <= 0.553534: 0 (5.5)
                        :       :       RATIO_2Nx2N-MSM > 0.553534:
                        :       :       :...MVD_MOD_INT > 1.41421: 1 (7.1)
                        :       :           MVD_MOD_INT <= 1.41421:
                        :       :           :...MVP_IDX = -1: 1 (44.2/11.9)
                        :       :               MVP_IDX = 0: 0 (2.5)
                        :       :               MVP_IDX = 1: 0 (1.3)
                        :       CTX_SPLIT = 1:
                        :       :...RATIO_2Nx2N-MSM <= 0.812897: 1 (7.9/2.2)
                        :           RATIO_2Nx2N-MSM > 0.812897:
                        :           :...INTER_DIR = 0: 0 (14.7/1.1)
                        :               INTER_DIR = 1: 0 (13.1)
                        :               INTER_DIR = 2: 0 (11.4)
                        :               INTER_DIR = 3:
                        :               :...RATIO_BEST-MSM <= 0.869561: 1 (5.3)
                        :                   RATIO_BEST-MSM > 0.869561:
                        :                   :...AVG_NEIGH_DEPTH > 1.25101: 0 (24.3)
                        :                       AVG_NEIGH_DEPTH <= 1.25101: [S1]
                        COLOC_SPLIT = 2:
                        :...dQP in {1,2}: 0 (0)
                            dQP = 3:
                            :...FME = 1: 1 (10.1)
                            :   FME = 2: 1 (21.2/3.7)
                            :   FME = 0:
                            :   :...MV_MOD_INT > 4: 0 (12.5/1.1)
                            :       MV_MOD_INT <= 4:
                            :       :...SSE > 14138: 0 (7.6/0.2)
                            :           SSE <= 14138:
                            :           :...REF_IDX = -1: 0 (9.5/2.2)
                            :               REF_IDX = 1: 1 (1.3)
                            :               REF_IDX = 0:
                            :               :...BITS > 57: 0 (3.6)
                            :                   BITS <= 57:
                            :                   :...COST_2Nx2N <= 21830.2: 1 (37.9/3.1)
                            :                       COST_2Nx2N > 21830.2: 0 (2.3)
                            dQP = 4:
                            :...BEST_COST <= 6387.62: 1 (23.1/4.2)
                                BEST_COST > 6387.62:
                                :...MV_MOD_FRAC = 0.25: 1 (13.2/5.2)
                                    MV_MOD_FRAC = 0.353553: 1 (4.3/2.1)
                                    MV_MOD_FRAC = 0.5: 0 (25.7/6.6)
                                    MV_MOD_FRAC = 0.559017: 1 (8.2/1.5)
                                    MV_MOD_FRAC = 0.707107: 0 (4.3)
                                    MV_MOD_FRAC = 0.75: 0 (21.3/7)
                                    MV_MOD_FRAC = 0.790569: 0 (4.7)
                                    MV_MOD_FRAC = 0.901388: 0 (4.3)
                                    MV_MOD_FRAC = 1.06066: 1 (2.2)
                                    MV_MOD_FRAC = 0:
                                    :...RATIO_BEST-MSM > 0.834592:
                                        :...NON-Z-COEFF <= 13: 0 (70.5/9.9)
                                        :   NON-Z-COEFF > 13: 1 (3.2)
                                        RATIO_BEST-MSM <= 0.834592:
                                        :...MVP_IDX = 0: 1 (9.6)
                                            MVP_IDX = 1: 1 (13.1/3.3)
                                            MVP_IDX = -1:
                                            :...MV_MOD_INT > 2: 0 (6.6)
                                                MV_MOD_INT <= 2:
                                                :...BITS <= 25: 0 (28/11.9)
                                                    BITS > 25: 1 (6.8)

SubTree [S1]

AVG_NEIGH_DEPTH <= 1.24242: 0 (48.6/12.9)
AVG_NEIGH_DEPTH > 1.24242: 1 (6.8)

-----  Trial 7:  -----

Decision tree:

BITS > 274: 1 (91.4)
BITS <= 274:
:...COST_2Nx2N > 42361.6:
    :...RATIO_BEST-MSM <= 0.997885: 1 (296.1/65.3)
    :   RATIO_BEST-MSM > 0.997885: 0 (29.6/12.5)
    COST_2Nx2N <= 42361.6:
    :...TU_DEPTH = 2:
        :...BITS > 133: 1 (15.8)
        :   BITS <= 133:
        :   :...COST_MSM <= 8902.63: 1 (4.1)
        :       COST_MSM > 8902.63: 0 (30.2/7.1)
        TU_DEPTH = 1:
        :...MVD_MOD_FRAC = 0.707107: 1 (0)
        :   MVD_MOD_FRAC = 0.25: 0 (6.3/2.6)
        :   MVD_MOD_FRAC = 0.353553: 1 (1.7)
        :   MVD_MOD_FRAC = 0.5: 1 (8.4/3.5)
        :   MVD_MOD_FRAC = 0.559017: 1 (6.4)
        :   MVD_MOD_FRAC = 0.75: 1 (16.1/8)
        :   MVD_MOD_FRAC = 0.790569: 1 (3.3)
        :   MVD_MOD_FRAC = 0.901388: 0 (7.8)
        :   MVD_MOD_FRAC = 1.06066: 1 (3.1)
        :   MVD_MOD_FRAC = 0:
        :   :...MVP_IDX = 0: 1 (10.2)
        :       MVP_IDX = 1: 0 (2.3/0.4)
        :       MVP_IDX = -1:
        :       :...MV_MOD_FRAC in {0.25,0.901388}: 1 (0)
        :           MV_MOD_FRAC = 0.353553: 1 (9.9/1.5)
        :           MV_MOD_FRAC = 0.5: 0 (9.9/1.6)
        :           MV_MOD_FRAC = 0.559017: 1 (3.7)
        :           MV_MOD_FRAC = 0.707107: 1 (1.9)
        :           MV_MOD_FRAC = 0.75: 1 (3.1)
        :           MV_MOD_FRAC = 0.790569: 1 (3.4)
        :           MV_MOD_FRAC = 1.06066: 1 (0.2)
        :           MV_MOD_FRAC = 0:
        :           :...BITS <= 27: 0 (16.5/1.9)
        :               BITS > 27:
        :               :...RATIO_BEST-MSM > 1.00263: 1 (15.2)
        :                   RATIO_BEST-MSM <= 1.00263:
        :                   :...PU_SIZE = 1: 1 (17/5.6)
        :                       PU_SIZE = 2: 1 (10.9/4.5)
        :                       PU_SIZE = 4: 1 (6.1)
        :                       PU_SIZE = 5: 0 (3.9)
        :                       PU_SIZE = 6: 1 (3.2)
        :                       PU_SIZE = 7: 1 (7.8/3.2)
        :                       PU_SIZE = 0:
        :                       :...DISTORTION > 14035: 0 (16.2/1.9)
        :                           DISTORTION <= 14035:
        :                           :...DISTORTION <= 1343: 0 (4.8)
        :                               DISTORTION > 1343:
        :                               :...RATIO_BEST-MSM <= 1.0022: 1 (55.8/9.8)
        :                                   RATIO_BEST-MSM > 1.0022: 0 (3.9)
        TU_DEPTH = 0:
        :...COST_MSM <= 3828.27: 0 (244/38.9)
            COST_MSM > 3828.27:
            :...SAD > 5511: 0 (77.6/8.5)
                SAD <= 5511:
                :...COLOC_SPLIT = 1:
                    :...BITS <= 41:
                    :   :...BEST_COST <= 4214.66: 1 (28.9/7.8)
                    :   :   BEST_COST > 4214.66: 0 (338.1/81.2)
                    :   BITS > 41:
                    :   :...AVG_NEIGH_DEPTH <= 0.939692: 1 (13.7)
                    :       AVG_NEIGH_DEPTH > 0.939692:
                    :       :...CTX_SPLIT in {0,6}: 0 (0)
                    :           CTX_SPLIT = 1: 0 (60.7/15.1)
                    :           CTX_SPLIT = 2: 1 (34.6/15.8)
                    :           CTX_SPLIT = 3: 1 (30.3/13.4)
                    :           CTX_SPLIT = 4: 1 (20.6/3.6)
                    :           CTX_SPLIT = 5: 1 (28.7/6.6)
                    COLOC_SPLIT = 0:
                    :...PU_SIZE = 1: 0 (24.1/7.4)
                    :   PU_SIZE = 2: 0 (7.7/3.2)
                    :   PU_SIZE = 4: 1 (16.9/2.9)
                    :   PU_SIZE = 5: 0 (8.2)
                    :   PU_SIZE = 6: 1 (4.6)
                    :   PU_SIZE = 7: 1 (7.6/3.3)
                    :   PU_SIZE = 0:
                    :   :...AVG_NEIGH_DEPTH > 1: 0 (160.6/21.1)
                    :       AVG_NEIGH_DEPTH <= 1:
                    :       :...INTER_DIR = 0: 0 (9.7)
                    :           INTER_DIR = 1: 0 (7.1)
                    :           INTER_DIR = 2: 0 (2.1)
                    :           INTER_DIR = 3:
                    :           :...AVG_NEIGH_DEPTH <= 0.733333: 0 (8.3)
                    :               AVG_NEIGH_DEPTH > 0.733333:
                    :               :...BITS <= 2: 0 (5.6)
                    :                   BITS > 2:
                    :                   :...PREDMV_MOD_INT <= 31.3847: 1 (53.4/15.9)
                    :                       PREDMV_MOD_INT > 31.3847: 0 (3.1)
                    COLOC_SPLIT = 2:
                    :...RATIO_2Nx2N-MSM <= 0.434368: 0 (31.7/6.9)
                        RATIO_2Nx2N-MSM > 0.434368:
                        :...dQP in {1,2}: 1 (0)
                            dQP = 3: 1 (100.5/30)
                            dQP = 4:
                            :...PREDMV_MOD_FRAC = 0.353553: 0 (9.3/2.8)
                                PREDMV_MOD_FRAC = 0.559017: 1 (9.2)
                                PREDMV_MOD_FRAC = 0.707107: 1 (18.7/5.9)
                                PREDMV_MOD_FRAC = 0.75: 1 (20.4/8.7)
                                PREDMV_MOD_FRAC = 0.790569: 1 (18.4/6.2)
                                PREDMV_MOD_FRAC = 0.901388: 1 (9.1/2.9)
                                PREDMV_MOD_FRAC = 1.06066: 1 (3.4)
                                PREDMV_MOD_FRAC = 0.25:
                                :...AVG_NEIGH_DEPTH <= 1.77712: 0 (11.1)
                                :   AVG_NEIGH_DEPTH > 1.77712: 1 (28.2/9.8)
                                PREDMV_MOD_FRAC = 0.5:
                                :...COST_2Nx2N <= 11798.9: 0 (7.4)
                                :   COST_2Nx2N > 11798.9:
                                :   :...RATIO_2Nx2N-MSM <= 0.620315: 0 (8.5)
                                :       RATIO_2Nx2N-MSM > 0.620315:
                                :       :...INTER_DIR in {0,2}: 1 (0)
                                :           INTER_DIR = 1: 1 (5.7)
                                :           INTER_DIR = 3:
                                :           :...PRED_MODE = 3: 1 (0)
                                :               PRED_MODE = 0: 1 (16.4/3.5)
                                :               PRED_MODE = 2: 0 (0.7)
                                :               PRED_MODE = 1:
                                :               :...MVD_MOD_INT <= 1: 0 (44.8/17.7)
                                :                   MVD_MOD_INT > 1: 1 (4.6)
                                PREDMV_MOD_FRAC = 0:
                                :...NON-Z-COEFF <= 2:
                                    :...FME = 2: 0 (0)
                                    :   FME = 1: 0 (6.3)
                                    :   FME = 0:
                                    :   :...RATIO_BEST-MSM > 1.02856: 1 (11.2/0.9)
                                    :       RATIO_BEST-MSM <= 1.02856:
                                    :       :...DISTORTION <= 27124: 0 (73.9/15.6)
                                    :           DISTORTION > 27124: 1 (19.5/4.6)
                                    NON-Z-COEFF > 2:
                                    :...MVD_MOD_INT > 0: 1 (13/0.2)
                                        MVD_MOD_INT <= 0:
                                        :...PRED_MODE = 3: 1 (0)
                                            PRED_MODE = 0: 1 (16.5/6.3)
                                            PRED_MODE = 2: 0 (4.3)
                                            PRED_MODE = 1:
                                            :...COST_MSM <= 22737.4: 1 (22.4)
                                                COST_MSM > 22737.4:
                                                :...DISTORTION <= 12772: 0 (8.5)
                                                    DISTORTION > 12772:
                                                    :...REF_IDX = 1: 1 (0)
                                                        REF_IDX = -1: 0 (21/9.6)
                                                        REF_IDX = 0: 1 (27.4/3.4)

-----  Trial 8:  -----

Decision tree:

BITS > 249: 1 (85.3/1.6)
BITS <= 249:
:...COST_MSM > 28841.9:
    :...COLOC_SPLIT = 0:
    :   :...MVD_MOD_FRAC in {0.25,0.353553,0.559017,0.790569}: 0 (0)
    :   :   MVD_MOD_FRAC = 0.5: 1 (2.1)
    :   :   MVD_MOD_FRAC = 0.707107: 0 (2)
    :   :   MVD_MOD_FRAC = 0.75: 0 (1.5)
    :   :   MVD_MOD_FRAC = 0.901388: 0 (2.3)
    :   :   MVD_MOD_FRAC = 1.06066: 0 (0.2)
    :   :   MVD_MOD_FRAC = 0:
    :   :   :...INTER_DIR = 0: 0 (20.5/3.2)
    :   :       INTER_DIR = 1: 0 (6)
    :   :       INTER_DIR = 2: 0 (6.9)
    :   :       INTER_DIR = 3: 1 (41.2/15.5)
    :   COLOC_SPLIT = 1:
    :   :...SAD > 4821: 0 (34/3.6)
    :   :   SAD <= 4821:
    :   :   :...TU_DEPTH = 1: 1 (15.8)
    :   :       TU_DEPTH = 2: 0 (4.3/0.3)
    :   :       TU_DEPTH = 0:
    :   :       :...MV_MOD_INT > 14.5602: 0 (6.6)
    :   :           MV_MOD_INT <= 14.5602:
    :   :           :...MVD_MOD_FRAC in {0.353553,0.707107,0.75,0.790569,
    :   :               :                0.901388,1.06066}: 1 (0)
    :   :               MVD_MOD_FRAC = 0.25: 0 (2.1/0.2)
    :   :               MVD_MOD_FRAC = 0.5: 1 (5.4)
    :   :               MVD_MOD_FRAC = 0.559017: 1 (2.5)
    :   :               MVD_MOD_FRAC = 0:
    :   :               :...COST_MSM > 62726.4: 0 (6.9)
    :   :                   COST_MSM <= 62726.4:
    :   :                   :...AVG_NEIGH_DEPTH <= 1.37413: 0 (24.7/6.7)
    :   :                       AVG_NEIGH_DEPTH > 1.37413:
    :   :                       :...RATIO_BEST-MSM <= 1.00482: 1 (41.1/5.6)
    :   :                           RATIO_BEST-MSM > 1.00482: 0 (4.2)
    :   COLOC_SPLIT = 2:
    :   :...BITS > 129:
    :       :...COST_MSM <= 33634.8: 0 (3.6/1)
    :       :   COST_MSM > 33634.8: 1 (36.1)
    :       BITS <= 129:
    :       :...MV_MOD_FRAC = 0.353553: 1 (11.1/4.5)
    :           MV_MOD_FRAC = 0.707107: 1 (2.8)
    :           MV_MOD_FRAC = 0.790569: 1 (19.6/4.1)
    :           MV_MOD_FRAC = 0.901388: 1 (16.4/5.8)
    :           MV_MOD_FRAC = 1.06066: 1 (6)
    :           MV_MOD_FRAC = 0.5:
    :           :...INTER_DIR in {0,2}: 1 (0)
    :           :   INTER_DIR = 1: 0 (7.6/1.8)
    :           :   INTER_DIR = 3: 1 (28.8/3.4)
    :           MV_MOD_FRAC = 0.75:
    :           :...RATIO_BEST_2Nx2N <= 0.493064: 0 (4.2)
    :           :   RATIO_BEST_2Nx2N > 0.493064:
    :           :   :...RATIO_2Nx2N-MSM <= 0.614024: 0 (7.6/3.3)
    :           :       RATIO_2Nx2N-MSM > 0.614024: 1 (31.1)
    :           MV_MOD_FRAC = 0.559017:
    :           :...COST_MSM <= 39326: 1 (5.6)
    :           :   COST_MSM > 39326:
    :           :   :...RATIO_BEST_2Nx2N <= 0.844444: 1 (4)
    :           :       RATIO_BEST_2Nx2N > 0.844444:
    :           :       :...PREDMV_MOD_INT <= 13.1529: 0 (43.4/4)
    :           :           PREDMV_MOD_INT > 13.1529: 1 (2.9)
    :           MV_MOD_FRAC = 0.25:
    :           :...NON-Z-COEFF <= 1: 1 (15.3)
    :           :   NON-Z-COEFF > 1:
    :           :   :...RATIO_BEST_2Nx2N <= 0.62378: 1 (15.1)
    :           :       RATIO_BEST_2Nx2N > 0.62378:
    :           :       :...NON-Z-COEFF > 8: 1 (5.5)
    :           :           NON-Z-COEFF <= 8:
    :           :           :...COST_2Nx2N <= 42669.5: 0 (24)
    :           :               COST_2Nx2N > 42669.5: 1 (21.6/10.1)
    :           MV_MOD_FRAC = 0:
    :           :...COST_2Nx2N > 70489.3: 1 (26.1)
    :               COST_2Nx2N <= 70489.3:
    :               :...MVD_MOD_FRAC in {0.790569,1.06066}: 1 (0)
    :                   MVD_MOD_FRAC = 0.25: 0 (3.6/0.3)
    :                   MVD_MOD_FRAC = 0.353553: 1 (2.3)
    :                   MVD_MOD_FRAC = 0.5: 1 (4.1/1.3)
    :                   MVD_MOD_FRAC = 0.559017: 1 (2.3)
    :                   MVD_MOD_FRAC = 0.707107: 1 (6.7/2.8)
    :                   MVD_MOD_FRAC = 0.75: 0 (2.8)
    :                   MVD_MOD_FRAC = 0.901388: 0 (2.8)
    :                   MVD_MOD_FRAC = 0:
    :                   :...MVP_IDX = 0: 1 (30.4/4.5)
    :                       MVP_IDX = 1: 0 (16.6/5.7)
    :                       MVP_IDX = -1:
    :                       :...dQP in {1,2}: 1 (0)
    :                           dQP = 3: 1 (12.8/0.8)
    :                           dQP = 4:
    :                           :...SAD <= 4184:
    :                               :...DISTORTION <= 17924: 0 (18.5/4.9)
    :                               :   DISTORTION > 17924: 1 (73.3/9.1)
    :                               SAD > 4184:
    :                               :...TU_DEPTH = 0: 0 (21.2/2.5)
    :                                   TU_DEPTH = 1: 1 (8.4/3)
    :                                   TU_DEPTH = 2: 1 (4.6/2.1)
    COST_MSM <= 28841.9:
    :...AVG_NEIGH_DEPTH > 2.48636: 1 (25.8/4.4)
        AVG_NEIGH_DEPTH <= 2.48636:
        :...PU_SIZE = 5:
            :...SSE <= 11176: 1 (28.1/4.5)
            :   SSE > 11176: 0 (28.1/5.5)
            PU_SIZE = 6:
            :...TU_DEPTH = 1: 1 (3.5)
            :   TU_DEPTH = 2: 1 (2.3)
            :   TU_DEPTH = 0:
            :   :...PREDMV_MOD_INT <= 4.47214: 1 (28.9/8.7)
            :       PREDMV_MOD_INT > 4.47214: 0 (17.9/1.7)
            PU_SIZE = 7:
            :...RATIO_BEST-MSM > 0.872851: 0 (18.4/1.6)
            :   RATIO_BEST-MSM <= 0.872851:
            :   :...COST_2Nx2N <= 21572.3: 0 (21/8.3)
            :       COST_2Nx2N > 21572.3: 1 (13.4)
            PU_SIZE = 2:
            :...COST_2Nx2N <= 7649.53: 0 (14.7/0.2)
            :   COST_2Nx2N > 7649.53:
            :   :...RATIO_2Nx2N-MSM <= 0.913084: 1 (22.5)
            :       RATIO_2Nx2N-MSM > 0.913084:
            :       :...DISTORTION <= 6935: 1 (8.4)
            :           DISTORTION > 6935: 0 (30.2/5.8)
            PU_SIZE = 4:
            :...SAD > 3159: 0 (7.8)
            :   SAD <= 3159:
            :   :...NON-Z-COEFF > 1: 1 (41.1/3)
            :       NON-Z-COEFF <= 1:
            :       :...RATIO_BEST-MSM <= 0.969683: 1 (32.4/9.4)
            :           RATIO_BEST-MSM > 0.969683: 0 (8)
            PU_SIZE = 1:
            :...BEST_COST > 23629.3: 0 (9.1)
            :   BEST_COST <= 23629.3:
            :   :...MVD_MOD_INT > 0: 1 (15.6/0.7)
            :       MVD_MOD_INT <= 0:
            :       :...RATIO_2Nx2N-MSM <= 0.654307: 0 (9.3)
            :           RATIO_2Nx2N-MSM > 0.654307:
            :           :...MVD_MOD_FRAC in {0.353553,0.559017,0.707107,0.75,
            :               :                0.790569,0.901388,
            :               :                1.06066}: 1 (0)
            :               MVD_MOD_FRAC = 0.25: 1 (7.1)
            :               MVD_MOD_FRAC = 0.5: 1 (3.3)
            :               MVD_MOD_FRAC = 0:
            :               :...SSE <= 5240: 1 (17.4)
            :                   SSE > 5240:
            :                   :...DISTORTION > 17313: 1 (13.4)
            :                       DISTORTION <= 17313:
            :                       :...MVP_IDX = 0: 0 (5)
            :                           MVP_IDX = 1: 1 (2.2)
            :                           MVP_IDX = -1:
            :                           :...RATIO_2Nx2N-MSM > 1.1786: 1 (13.1/2.6)
            :                               RATIO_2Nx2N-MSM <= 1.1786:
            :                               :...dQP = 2: 0 (0)
            :                                   dQP = 1: 0 (16.8/5.8)
            :                                   dQP = 3: 1 (6.8/0.7)
            :                                   dQP = 4: 0 (19.5)
            PU_SIZE = 0:
            :...MVD_MOD_FRAC = 0.707107: 0 (0)
                MVD_MOD_FRAC = 0.25: 1 (16.5/7.2)
                MVD_MOD_FRAC = 0.353553: 1 (11.1/4.2)
                MVD_MOD_FRAC = 0.5: 0 (10)
                MVD_MOD_FRAC = 0.559017: 0 (6.7)
                MVD_MOD_FRAC = 0.75: 0 (15.7)
                MVD_MOD_FRAC = 0.790569: 0 (9.4/1.4)
                MVD_MOD_FRAC = 0.901388: 0 (11.2/2.8)
                MVD_MOD_FRAC = 1.06066: 0 (6.1)
                MVD_MOD_FRAC = 0:
                :...TU_DEPTH = 2: 0 (15.5/7.3)
                    TU_DEPTH = 1:
                    :...MV_MOD_FRAC in {0.25,0.559017,0.75,0.901388,
                    :   :               1.06066}: 1 (0)
                    :   MV_MOD_FRAC = 0.353553: 1 (6.4/2.8)
                    :   MV_MOD_FRAC = 0.5: 0 (5)
                    :   MV_MOD_FRAC = 0.707107: 1 (1.6)
                    :   MV_MOD_FRAC = 0.790569: 1 (2.7)
                    :   MV_MOD_FRAC = 0:
                    :   :...BITS <= 27: 0 (11.8)
                    :       BITS > 27:
                    :       :...RATIO_BEST_2Nx2N > 0.989427: 0 (24.8/7.4)
                    :           RATIO_BEST_2Nx2N <= 0.989427:
                    :           :...NON-Z-COEFF > 40: 0 (2.9)
                    :               NON-Z-COEFF <= 40:
                    :               :...RATIO_BEST-MSM <= 0.270453: 0 (2.8)
                    :                   RATIO_BEST-MSM > 0.270453:
                    :                   :...DISTORTION <= 1343: 0 (3.9)
                    :                       DISTORTION > 1343: 1 (43.5/4.8)
                    TU_DEPTH = 0:
                    :...RATIO_BEST_2Nx2N > 0.947171:
                        :...RATIO_BEST-MSM > 1.02342: 1 (18.1/0.3)
                        :   RATIO_BEST-MSM <= 1.02342:
                        :   :...INTER_DIR = 0: 1 (13.7/2)
                        :       INTER_DIR = 2: 0 (20.7/0.6)
                        :       INTER_DIR = 1:
                        :       :...COST_MSM <= 26242.5: 0 (39.8/3.3)
                        :       :   COST_MSM > 26242.5: 1 (4.6/0.2)
                        :       INTER_DIR = 3:
                        :       :...PRED_MODE = 3: 0 (0)
                        :           PRED_MODE = 1: 0 (6.6)
                        :           PRED_MODE = 0:
                        :           :...SSE > 18400: 1 (10.2/2)
                        :           :   SSE <= 18400:
                        :           :   :...BITS > 9: 1 (4.3)
                        :           :       BITS <= 9:
                        :           :       :...AVG_NEIGH_DEPTH <= 2.42983: 0 (56/7.2)
                        :           :           AVG_NEIGH_DEPTH > 2.42983: 1 (2.4)
                        :           PRED_MODE = 2:
                        :           :...AVG_NEIGH_DEPTH <= 1.01857:
                        :               :...BITS <= 17: 0 (3.1)
                        :               :   BITS > 17: 1 (37.7/5)
                        :               AVG_NEIGH_DEPTH > 1.01857:
                        :               :...AVG_NEIGH_DEPTH > 1.83955: 1 (17/1.4)
                        :                   AVG_NEIGH_DEPTH <= 1.83955:
                        :                   :...BITS <= 15: 1 (9.2/0.9)
                        :                       BITS > 15: 0 (55.6/10.1)
                        RATIO_BEST_2Nx2N <= 0.947171:
                        :...SAD > 2749: 0 (199.9/15.9)
                            SAD <= 2749:
                            :...SSE > 11118:
                                :...AVG_NEIGH_DEPTH > 1.72635: 0 (30/11.8)
                                :   AVG_NEIGH_DEPTH <= 1.72635:
                                :   :...PRED_MODE = 1: 1 (0)
                                :       PRED_MODE = 0: 1 (29.8/1.4)
                                :       PRED_MODE = 2: 0 (8.8/1.7)
                                :       PRED_MODE = 3: 0 (2.7)
                                SSE <= 11118:
                                :...RATIO_2Nx2N-MSM > 1.39648: 0 (56.3)
                                    RATIO_2Nx2N-MSM <= 1.39648:
                                    :...AVG_NEIGH_DEPTH > 2.24204: 0 (40.4)
                                        AVG_NEIGH_DEPTH <= 2.24204:
                                        :...MV_MOD_INT > 10.4403: 1 (18.4/4.3)
                                            MV_MOD_INT <= 10.4403:
                                            :...RATIO_BEST-MSM <= 0.679732: 1 (10.8/1)
                                                RATIO_BEST-MSM > 0.679732:
                                                :...NON-Z-COEFF > 1: 0 (113.9/10.6)
                                                    NON-Z-COEFF <= 1: [S1]

SubTree [S1]

MV_MOD_INT > 6: 0 (9.3)
MV_MOD_INT <= 6:
:...RATIO_BEST-MSM <= 1.01049:
    :...RATIO_BEST_2Nx2N <= 0.690267: 1 (3.2)
    :   RATIO_BEST_2Nx2N > 0.690267: 0 (50.7/5.2)
    RATIO_BEST-MSM > 1.01049:
    :...AVG_NEIGH_DEPTH > 2.04719: 0 (10.7)
        AVG_NEIGH_DEPTH <= 2.04719:
        :...RATIO_2Nx2N-MSM > 1.37425: 0 (4.7)
            RATIO_2Nx2N-MSM <= 1.37425:
            :...BEST_COST <= 1418.41: 0 (2.8)
                BEST_COST > 1418.41: 1 (38.2/3.7)

-----  Trial 9:  -----

Decision tree:

COST_MSM > 76142:
:...BEST_COST <= 35960: 0 (13/4.4)
:   BEST_COST > 35960: 1 (131.1/10.8)
COST_MSM <= 76142:
:...BITS > 138:
    :...TU_DEPTH = 1: 1 (55.6/3.4)
    :   TU_DEPTH = 2: 1 (50)
    :   TU_DEPTH = 0:
    :   :...RATIO_BEST-MSM <= 0.424828: 0 (8.6)
    :       RATIO_BEST-MSM > 0.424828:
    :       :...INTER_DIR = 1: 0 (2.9/1.4)
    :           INTER_DIR = 2: 1 (12.2)
    :           INTER_DIR = 3: 0 (14.4/3.7)
    :           INTER_DIR = 0:
    :           :...AVG_NEIGH_DEPTH <= 2.39067: 0 (27.7/9.1)
    :               AVG_NEIGH_DEPTH > 2.39067: 1 (8.3)
    BITS <= 138:
    :...COLOC_SPLIT = 0:
        :...AVG_NEIGH_DEPTH <= 0.733333: 0 (40.3)
        :   AVG_NEIGH_DEPTH > 0.733333:
        :   :...PU_SIZE = 2: 0 (14.8/5.6)
        :       PU_SIZE = 4: 1 (17.3/3.3)
        :       PU_SIZE = 5: 0 (9)
        :       PU_SIZE = 6: 1 (4.7/1.7)
        :       PU_SIZE = 7: 1 (10.5/4.6)
        :       PU_SIZE = 1:
        :       :...NON-Z-COEFF <= 2: 1 (26.1/8)
        :       :   NON-Z-COEFF > 2: 0 (16.3)
        :       PU_SIZE = 0:
        :       :...RATIO_BEST-MSM <= 1.00048: 0 (271.2/42.9)
        :           RATIO_BEST-MSM > 1.00048:
        :           :...TU_DEPTH = 0: 0 (166.9/52.8)
        :               TU_DEPTH = 1: 1 (16/4.4)
        :               TU_DEPTH = 2: 1 (3.7)
        COLOC_SPLIT = 2:
        :...TU_DEPTH = 2: 1 (32.9/12.5)
        :   TU_DEPTH = 1:
        :   :...MVP_IDX = -1: 1 (32/7.2)
        :   :   MVP_IDX = 0: 1 (8.8)
        :   :   MVP_IDX = 1: 0 (11.3/4.1)
        :   TU_DEPTH = 0:
        :   :...MVD_MOD_FRAC = 0.353553: 0 (21.2/9.1)
        :       MVD_MOD_FRAC = 0.5: 0 (24.9/7)
        :       MVD_MOD_FRAC = 0.559017: 1 (20.3/8.6)
        :       MVD_MOD_FRAC = 0.707107: 0 (10.6/2.3)
        :       MVD_MOD_FRAC = 0.75: 1 (18.2/2.2)
        :       MVD_MOD_FRAC = 0.790569: 0 (23.1/11)
        :       MVD_MOD_FRAC = 0.901388: 1 (16.4/6.3)
        :       MVD_MOD_FRAC = 1.06066: 1 (0.6)
        :       MVD_MOD_FRAC = 0.25:
        :       :...RATIO_2Nx2N-MSM <= 0.578677: 0 (6.9)
        :       :   RATIO_2Nx2N-MSM > 0.578677:
        :       :   :...PRED_MODE in {0,3}: 1 (0)
        :       :       PRED_MODE = 2: 0 (3.9/0.8)
        :       :       PRED_MODE = 1:
        :       :       :...DISTORTION <= 29842: 1 (25)
        :       :           DISTORTION > 29842: 0 (12.6/4.2)
        :       MVD_MOD_FRAC = 0:
        :       :...NON-Z-COEFF > 15:
        :           :...RATIO_2Nx2N-MSM > 1.31181: 0 (4.6)
        :           :   RATIO_2Nx2N-MSM <= 1.31181:
        :           :   :...BITS <= 3: 0 (2.4)
        :           :       BITS > 3: 1 (32.5/1.7)
        :           NON-Z-COEFF <= 15:
        :           :...CTX_SPLIT in {0,1}: 0 (0)
        :               CTX_SPLIT = 3:
        :               :...FME = 1: 1 (10.6/0.4)
        :               :   FME = 2: 0 (3.7/1)
        :               :   FME = 0:
        :               :   :...BEST_COST <= 6387.62: 1 (4.8/0.1)
        :               :       BEST_COST > 6387.62:
        :               :       :...RATIO_BEST_2Nx2N <= 0.4634: 1 (3.7)
        :               :           RATIO_BEST_2Nx2N > 0.4634: 0 (53.4/8.3)
        :               CTX_SPLIT = 2:
        :               :...MVP_IDX = 0: 0 (9.2)
        :               :   MVP_IDX = 1: 1 (4.8)
        :               :   MVP_IDX = -1:
        :               :   :...DISTORTION > 28325: 1 (14.7/2.3)
        :               :       DISTORTION <= 28325:
        :               :       :...FME = 1: 0 (7.6)
        :               :           FME = 2: 0 (20.6/8.8)
        :               :           FME = 0:
        :               :           :...COST_MSM > 55467.8: 1 (3.6)
        :               :               COST_MSM <= 55467.8:
        :               :               :...SAD <= 1357: 1 (7.7/1.4)
        :               :                   SAD > 1357: 0 (38.2/6.2)
        :               CTX_SPLIT = 4:
        :               :...RATIO_BEST_2Nx2N > 0.994227: 0 (12.4)
        :               :   RATIO_BEST_2Nx2N <= 0.994227:
        :               :   :...COST_2Nx2N > 43907: 0 (12.9/2.4)
        :               :       COST_2Nx2N <= 43907:
        :               :       :...SAD <= 1006: 0 (5.7)
        :               :           SAD > 1006:
        :               :           :...NON-Z-COEFF > 2: 1 (36.1)
        :               :               NON-Z-COEFF <= 2:
        :               :               :...MV_MOD_INT <= 5: 1 (30.9/9.3)
        :               :                   MV_MOD_INT > 5: 0 (6.2)
        :               CTX_SPLIT = 5:
        :               :...REF_IDX = -1: 0 (12.4/0.8)
        :               :   REF_IDX = 1: 1 (1.2)
        :               :   REF_IDX = 0:
        :               :   :...MVP_IDX = 0: 1 (12.5/1.4)
        :               :       MVP_IDX = 1: 0 (4.2)
        :               :       MVP_IDX = -1:
        :               :       :...SSE <= 6058: 0 (10.4)
        :               :           SSE > 6058:
        :               :           :...RATIO_BEST-MSM <= 0.998868: 1 (26)
        :               :               RATIO_BEST-MSM > 0.998868:
        :               :               :...FME = 0: 0 (15.1/5.7)
        :               :                   FME = 1: 1 (5.3)
        :               :                   FME = 2: 0 (20.2/3.8)
        :               CTX_SPLIT = 6:
        :               :...RATIO_BEST_2Nx2N <= 0.787397: 1 (13.6)
        :                   RATIO_BEST_2Nx2N > 0.787397:
        :                   :...COST_MSM > 56619: 0 (11.4/0.2)
        :                       COST_MSM <= 56619:
        :                       :...BEST_COST > 29360.4: 1 (16)
        :                           BEST_COST <= 29360.4:
        :                           :...DISTORTION > 18925: 0 (12.7)
        :                               DISTORTION <= 18925:
        :                               :...FME = 0: 1 (23/7.8)
        :                                   FME = 1: 0 (2.4)
        :                                   FME = 2: 1 (12.2/2.3)
        COLOC_SPLIT = 1:
        :...TU_DEPTH = 2: 1 (17.3/7.5)
            TU_DEPTH = 1:
            :...MV_MOD_INT > 29.7321: 0 (6.2)
            :   MV_MOD_INT <= 29.7321:
            :   :...BITS > 70: 1 (34.6)
            :       BITS <= 70:
            :       :...AVG_NEIGH_DEPTH <= 1: 1 (23.8/2.1)
            :           AVG_NEIGH_DEPTH > 1:
            :           :...MVD_MOD_FRAC in {0.25,0.353553,0.5,0.559017,
            :               :                0.707107,0.901388,
            :               :                1.06066}: 0 (0)
            :               MVD_MOD_FRAC = 0.75: 0 (4.7)
            :               MVD_MOD_FRAC = 0.790569: 1 (1.9)
            :               MVD_MOD_FRAC = 0:
            :               :...FME = 1: 0 (0)
            :                   FME = 0: 0 (32.1/5.3)
            :                   FME = 2: 1 (7.5)
            TU_DEPTH = 0:
            :...RATIO_2Nx2N-MSM > 1.36447: 0 (30.2)
                RATIO_2Nx2N-MSM <= 1.36447:
                :...MV_MOD_FRAC = 0.353553: 0 (10.7/3)
                    MV_MOD_FRAC = 0.5: 0 (16.8/0.8)
                    MV_MOD_FRAC = 0.559017: 1 (13.6/5.3)
                    MV_MOD_FRAC = 0.707107: 0 (9.8/2.5)
                    MV_MOD_FRAC = 0.75: 1 (25.3/9.4)
                    MV_MOD_FRAC = 0.790569: 0 (31.5/10.3)
                    MV_MOD_FRAC = 0.901388: 1 (13.3/5.7)
                    MV_MOD_FRAC = 1.06066: 0 (12.4/5)
                    MV_MOD_FRAC = 0.25:
                    :...BITS <= 3: 1 (8.1)
                    :   BITS > 3: 0 (49.1/17.6)
                    MV_MOD_FRAC = 0:
                    :...MVP_IDX = 0: 0 (35.1/12.2)
                        MVP_IDX = 1: 0 (13.8/1.7)
                        MVP_IDX = -1:
                        :...SAD > 2499:
                            :...RATIO_2Nx2N-MSM > 1.26932: 1 (8.1)
                            :   RATIO_2Nx2N-MSM <= 1.26932:
                            :   :...AVG_NEIGH_DEPTH <= 0.733333: 1 (8.5/1.2)
                            :       AVG_NEIGH_DEPTH > 0.733333:
                            :       :...CTX_SPLIT in {0,6}: 0 (0)
                            :           CTX_SPLIT = 1: 0 (41.4/2.4)
                            :           CTX_SPLIT = 2: 0 (25.9)
                            :           CTX_SPLIT = 3: 0 (30.3/5.3)
                            :           CTX_SPLIT = 4: 0 (18.2/3.6)
                            :           CTX_SPLIT = 5: 1 (20.1/7.2)
                            SAD <= 2499:
                            :...SSE > 10920: 1 (52.6/5.9)
                                SSE <= 10920:
                                :...MV_MOD_INT > 10.6301: 1 (11.9/1.7)
                                    MV_MOD_INT <= 10.6301:
                                    :...PU_SIZE = 1: 1 (13.4/2.6)
                                        PU_SIZE = 2: 0 (9.3/3.6)
                                        PU_SIZE = 4: 0 (10.2/1.7)
                                        PU_SIZE = 5: 0 (3.5)
                                        PU_SIZE = 6: 0 (10.2/2.6)
                                        PU_SIZE = 7: 0 (2.9)
                                        PU_SIZE = 0:
                                        :...COST_2Nx2N > 8379.24: 0 (21.6)
                                            COST_2Nx2N <= 8379.24:
                                            :...BEST_COST > 6517.63: 1 (17/0.1)
                                                BEST_COST <= 6517.63:
                                                :...BITS <= 116: 0 (66.9/12.8)
                                                    BITS > 116: 1 (3.9)


Evaluation on training data (2496 cases):

Trial	       Decision Tree       
-----	  -----------------------  
	  Size      Errors   Cost  

   0	    68  209( 8.4%)   0.08
   1	    83  320(12.8%)   0.13
   2	   114  274(11.0%)   0.11
   3	   107  284(11.4%)   0.11
   4	   106  280(11.2%)   0.11
   5	   129  279(11.2%)   0.11
   6	   133  282(11.3%)   0.11
   7	    88  291(11.7%)   0.12
   8	   140  220( 8.8%)   0.09
   9	   116  247( 9.9%)   0.10
boost	         22( 0.9%)   0.01   <<


	   (a)   (b)    <-classified as
	  ----  ----
	  1290     5    (a): class 0
	    17  1184    (b): class 1


	Attribute usage:

	    100%  BITS
	    100%  COST_MSM
	     98%  RATIO_2Nx2N-MSM
	     96%  TU_DEPTH
	     91%  BEST_COST
	     82%  COST_2Nx2N
	     82%  COLOC_SPLIT
	     82%  SAD
	     79%  DISTORTION
	     76%  PU_SIZE
	     73%  MVD_MOD_FRAC
	     72%  SSE
	     69%  AVG_NEIGH_DEPTH
	     67%  RATIO_BEST_2Nx2N
	     67%  RATIO_BEST-MSM
	     60%  MV_MOD_FRAC
	     57%  NON-Z-COEFF
	     57%  CTX_SPLIT
	     50%  MV_MOD_INT
	     33%  INTER_DIR
	     29%  MVP_IDX
	     27%  FME
	     27%  dQP
	     22%  MVD_MOD_INT
	     19%  PRED_MODE
	     16%  PREDMV_MOD_FRAC
	     14%  PREDMV_MOD_INT
	     14%  REF_IDX


Time: 0.3 secs
