
C5.0 [Release 2.07 GPL Edition]  	Thu Feb 16 09:45:59 2017
-------------------------------

    Options:
	Boosted classifiers
	Application `./ONLINE/BOOST/ChinaSpeed_d0_qp37'

Read 960 cases (28 attributes) from ./ONLINE/BOOST/ChinaSpeed_d0_qp37.data

-----  Trial 0:  -----

Decision tree:

BITS <= 12:
:...AVG_NEIGH_DEPTH <= 0.776667: 0 (440/13)
:   AVG_NEIGH_DEPTH > 0.776667:
:   :...COST_2Nx2N <= 298859: 0 (40/2)
:       COST_2Nx2N > 298859:
:       :...MV_MOD_FRAC = 1.06066: 0 (0)
:           MV_MOD_FRAC in {0.25,0.5,0.559017,0.790569}: 0 (9/1)
:           MV_MOD_FRAC in {0.353553,0.707107,0.75,0.901388}: 1 (12/1)
:           MV_MOD_FRAC = 0:
:           :...NON-Z-COEFF > 4: 1 (4)
:               NON-Z-COEFF <= 4:
:               :...BITS <= 0: 1 (4/1)
:                   BITS > 0:
:                   :...DISTORTION <= 640564: 0 (21/4)
:                       DISTORTION > 640564: 1 (3)
BITS > 12:
:...BITS > 66:
    :...RATIO_2Nx2N-MSM <= 1.04437: 1 (158/3)
    :   RATIO_2Nx2N-MSM > 1.04437:
    :   :...AVG_NEIGH_DEPTH > 1.294: 1 (14)
    :       AVG_NEIGH_DEPTH <= 1.294:
    :       :...PU_SIZE in {2,4,5,6,7}: 0 (0)
    :           PU_SIZE = 1: 1 (3)
    :           PU_SIZE = 0:
    :           :...REF_IDX = 1: 0 (0)
    :               REF_IDX = 0: 0 (3)
    :               REF_IDX = -1:
    :               :...SAD <= 17436: 0 (3)
    :                   SAD > 17436: 1 (5/1)
    BITS <= 66:
    :...AVG_NEIGH_DEPTH > 1.10769:
        :...COLOC_SPLIT = 0: 0 (3)
        :   COLOC_SPLIT = 2: 1 (57/6)
        :   COLOC_SPLIT = 1:
        :   :...SAD <= 17232: 1 (5)
        :       SAD > 17232: 0 (6/1)
        AVG_NEIGH_DEPTH <= 1.10769:
        :...PU_SIZE = 7: 0 (0)
            PU_SIZE in {1,5}: 1 (26/8)
            PU_SIZE = 6: 0 (3/1)
            PU_SIZE = 2:
            :...MV_MOD_FRAC in {0.901388,1.06066}: 0 (0)
            :   MV_MOD_FRAC in {0,0.75}: 1 (17/5)
            :   MV_MOD_FRAC in {0.25,0.353553,0.5,0.559017,0.707107,
            :                   0.790569}: 0 (11/2)
            PU_SIZE = 4:
            :...NON-Z-COEFF <= 1: 0 (2)
            :   NON-Z-COEFF > 1: 1 (4)
            PU_SIZE = 0:
            :...RATIO_BEST_2Nx2N <= 0.904078: 0 (45/3)
                RATIO_BEST_2Nx2N > 0.904078:
                :...TU_DEPTH = 2: 0 (0)
                    TU_DEPTH = 0: 0 (28/5)
                    TU_DEPTH = 1:
                    :...INTER_DIR = 0: 0 (3/1)
                        INTER_DIR in {1,2}: 1 (7/1)
                        INTER_DIR = 3:
                        :...RATIO_BEST-MSM > 1.00442: 1 (5)
                            RATIO_BEST-MSM <= 1.00442:
                            :...CTX_SPLIT in {5,6}: 0 (0)
                                CTX_SPLIT = 0: 1 (2)
                                CTX_SPLIT in {1,2}: 0 (9/1)
                                CTX_SPLIT = 3:
                                :...DISTORTION <= 222244: 1 (2)
                                :   DISTORTION > 222244: 0 (2)
                                CTX_SPLIT = 4:
                                :...SAD <= 28477: 0 (2)
                                    SAD > 28477: 1 (2)

-----  Trial 1:  -----

Decision tree:

AVG_NEIGH_DEPTH > 0.798246:
:...BITS > 42:
:   :...BITS > 139: 1 (82)
:   :   BITS <= 139:
:   :   :...BITS > 137: 0 (4.5)
:   :       BITS <= 137:
:   :       :...BEST_COST <= 37145: 0 (4.6/0.8)
:   :           BEST_COST > 37145: 1 (73.3/6.8)
:   BITS <= 42:
:   :...MV_MOD_FRAC = 0.25: 0 (12.3/2.3)
:       MV_MOD_FRAC = 0.353553: 1 (4.6/1.5)
:       MV_MOD_FRAC = 0.5: 1 (23.5/9.9)
:       MV_MOD_FRAC = 0.559017: 0 (14.4/6)
:       MV_MOD_FRAC = 0.707107: 1 (9.9/0.8)
:       MV_MOD_FRAC = 0.75: 1 (19.7/6)
:       MV_MOD_FRAC = 0.790569: 0 (10.6/1.5)
:       MV_MOD_FRAC = 0.901388: 1 (2.3/0.8)
:       MV_MOD_FRAC = 1.06066: 0 (4.5)
:       MV_MOD_FRAC = 0:
:       :...PREDMV_MOD_FRAC in {0.353553,0.559017,0.707107,
:           :                   0.901388}: 1 (0)
:           PREDMV_MOD_FRAC = 0.25: 1 (0.8)
:           PREDMV_MOD_FRAC = 0.5: 1 (0.8)
:           PREDMV_MOD_FRAC = 0.75: 0 (4.5)
:           PREDMV_MOD_FRAC = 0.790569: 1 (0.8)
:           PREDMV_MOD_FRAC = 1.06066: 1 (0.8)
:           PREDMV_MOD_FRAC = 0:
:           :...CTX_SPLIT = 0: 1 (0)
:               CTX_SPLIT = 1: 0 (4.6)
:               CTX_SPLIT = 2: 0 (25/11.4)
:               CTX_SPLIT = 3: 1 (12.2/4.6)
:               CTX_SPLIT = 4: 0 (25.1/8.3)
:               CTX_SPLIT = 6: 1 (9.9/0.8)
:               CTX_SPLIT = 5:
:               :...RATIO_BEST-MSM <= 1.00411: 1 (21.2/3.1)
:                   RATIO_BEST-MSM > 1.00411: 0 (7.7/0.8)
AVG_NEIGH_DEPTH <= 0.798246:
:...AVG_NEIGH_DEPTH <= 0: 0 (159.5/0.8)
    AVG_NEIGH_DEPTH > 0:
    :...PREDMV_MOD_FRAC = 0.25: 0 (19.7/6)
        PREDMV_MOD_FRAC = 0.353553: 0 (3.8/0.8)
        PREDMV_MOD_FRAC = 0.5: 0 (13.7/6)
        PREDMV_MOD_FRAC = 0.559017: 1 (11.4/5.4)
        PREDMV_MOD_FRAC = 0.707107: 1 (11.3/0.8)
        PREDMV_MOD_FRAC = 0.75: 1 (12.9/4.6)
        PREDMV_MOD_FRAC = 0.901388: 0 (3.1)
        PREDMV_MOD_FRAC = 1.06066: 0 (18.1)
        PREDMV_MOD_FRAC = 0.790569:
        :...SSE <= 237264: 0 (13.8)
        :   SSE > 237264: 1 (14.3/0.8)
        PREDMV_MOD_FRAC = 0:
        :...MV_MOD_INT > 0:
            :...MVD_MOD_INT > 1.41421: 0 (6)
            :   MVD_MOD_INT <= 1.41421:
            :   :...DISTORTION <= 162813: 0 (11.5/3.1)
            :       DISTORTION > 162813: 1 (15/0.8)
            MV_MOD_INT <= 0:
            :...TU_DEPTH = 2: 1 (3.8/1.5)
                TU_DEPTH = 1:
                :...NON-Z-COEFF <= 48: 0 (78.2/19.1)
                :   NON-Z-COEFF > 48: 1 (7.6/0.8)
                TU_DEPTH = 0:
                :...SAD > 18834: 0 (44.2)
                    SAD <= 18834:
                    :...SAD > 18186: 1 (12.1/3.1)
                        SAD <= 18186:
                        :...NON-Z-COEFF <= 1: 0 (63.5/5.3)
                            NON-Z-COEFF > 1:
                            :...RATIO_2Nx2N-MSM <= 1.14836: 1 (28.1/12.3)
                                RATIO_2Nx2N-MSM > 1.14836: 0 (29.1)

-----  Trial 2:  -----

Decision tree:

BITS <= 10:
:...AVG_NEIGH_DEPTH <= 0: 0 (115.9)
:   AVG_NEIGH_DEPTH > 0:
:   :...COST_2Nx2N <= 315940:
:       :...SAD > 13786: 0 (89.3)
:       :   SAD <= 13786:
:       :   :...SSE > 131572: 1 (18.8/3.9)
:       :       SSE <= 131572:
:       :       :...SAD <= 5380: 1 (23.7/8.5)
:       :           SAD > 5380: 0 (96/7.1)
:       COST_2Nx2N > 315940:
:       :...COLOC_SPLIT = 0: 0 (8.2)
:           COLOC_SPLIT = 1: 0 (22/7.1)
:           COLOC_SPLIT = 2:
:           :...RATIO_2Nx2N-MSM <= 1.01068: 0 (9.1)
:               RATIO_2Nx2N-MSM > 1.01068:
:               :...dQP in {1,2}: 1 (0)
:                   dQP = 3: 1 (6.9)
:                   dQP = 4:
:                   :...PRED_MODE in {2,3}: 1 (0)
:                       PRED_MODE = 1: 0 (2.1)
:                       PRED_MODE = 0:
:                       :...RATIO_2Nx2N-MSM <= 1.04918: 0 (16.8/4.5)
:                           RATIO_2Nx2N-MSM > 1.04918: 1 (49.9/13.6)
BITS > 10:
:...BITS > 146: 1 (66.4)
    BITS <= 146:
    :...DISTORTION > 885463: 1 (23.2/0.6)
        DISTORTION <= 885463:
        :...COST_MSM > 954416:
            :...RATIO_BEST_2Nx2N <= 0.941447: 1 (4.2/0.6)
            :   RATIO_BEST_2Nx2N > 0.941447: 0 (32.5/1.8)
            COST_MSM <= 954416:
            :...PREDMV_MOD_FRAC = 0.25: 0 (15.6/6.6)
                PREDMV_MOD_FRAC = 0.353553: 0 (7.2/2.7)
                PREDMV_MOD_FRAC = 0.5: 1 (38.4/7.8)
                PREDMV_MOD_FRAC = 0.559017: 1 (21.3/8.4)
                PREDMV_MOD_FRAC = 0.707107: 1 (14.4/4.2)
                PREDMV_MOD_FRAC = 0.75: 0 (16.3/6.7)
                PREDMV_MOD_FRAC = 0.790569: 1 (12.5)
                PREDMV_MOD_FRAC = 0.901388: 0 (2.4/0.6)
                PREDMV_MOD_FRAC = 1.06066: 0 (11.9/1.2)
                PREDMV_MOD_FRAC = 0:
                :...CTX_SPLIT = 0: 0 (11.5/4.2)
                    CTX_SPLIT = 6: 1 (6.7)
                    CTX_SPLIT = 1:
                    :...SAD <= 45611: 0 (37.1/7.2)
                    :   SAD > 45611: 1 (4.2)
                    CTX_SPLIT = 4:
                    :...RATIO_BEST_2Nx2N <= 0.670301: 0 (6)
                    :   RATIO_BEST_2Nx2N > 0.670301: 1 (39.5/7)
                    CTX_SPLIT = 5:
                    :...SSE <= 308073: 0 (17.4/6.3)
                    :   SSE > 308073: 1 (9)
                    CTX_SPLIT = 2:
                    :...NON-Z-COEFF > 5: 1 (15.9/0.6)
                    :   NON-Z-COEFF <= 5:
                    :   :...RATIO_BEST-MSM <= 1.00084: 0 (30.6/4.5)
                    :       RATIO_BEST-MSM > 1.00084: 1 (9/0.6)
                    CTX_SPLIT = 3:
                    :...RATIO_2Nx2N-MSM <= 0.99034: 0 (8.3/0.6)
                        RATIO_2Nx2N-MSM > 0.99034:
                        :...TU_DEPTH = 0: 1 (6)
                            TU_DEPTH = 2: 0 (0.6)
                            TU_DEPTH = 1:
                            :...BITS <= 22: 0 (3.3)
                                BITS > 22: 1 (29.9/4.9)

-----  Trial 3:  -----

Decision tree:

BITS <= 4:
:...AVG_NEIGH_DEPTH <= 0: 0 (88.3)
:   AVG_NEIGH_DEPTH > 0:
:   :...RATIO_BEST_2Nx2N <= 0.750381: 0 (57.1/0.5)
:       RATIO_BEST_2Nx2N > 0.750381:
:       :...MV_MOD_FRAC in {0.707107,0.901388}: 0 (0)
:           MV_MOD_FRAC = 0.25: 0 (11/4.6)
:           MV_MOD_FRAC = 0.353553: 1 (0.5)
:           MV_MOD_FRAC = 0.5: 0 (7.2)
:           MV_MOD_FRAC = 0.559017: 0 (12.1/5)
:           MV_MOD_FRAC = 0.75: 1 (5.9)
:           MV_MOD_FRAC = 0.790569: 0 (9.4)
:           MV_MOD_FRAC = 1.06066: 0 (0.5)
:           MV_MOD_FRAC = 0:
:           :...MV_MOD_INT > 0: 1 (21.3/8.7)
:               MV_MOD_INT <= 0:
:               :...SAD <= 5395: 1 (7.4)
:                   SAD > 5395:
:                   :...BITS > 1: 0 (40.9/0.5)
:                       BITS <= 1:
:                       :...SSE <= 133561: 0 (26.7)
:                           SSE > 133561:
:                           :...RATIO_BEST_2Nx2N <= 0.881397: 1 (12.2)
:                               RATIO_BEST_2Nx2N > 0.881397:
:                               :...SAD <= 11203: 1 (2.8)
:                                   SAD > 11203:
:                                   :...AVG_NEIGH_DEPTH <= 0.955357: 0 (41.9)
:                                       AVG_NEIGH_DEPTH > 0.955357: 1 (11.2/3)
BITS > 4:
:...COST_2Nx2N > 1069530: 1 (34.2)
    COST_2Nx2N <= 1069530:
    :...BITS > 66:
        :...BEST_COST > 987694: 0 (5.1/0.5)
        :   BEST_COST <= 987694:
        :   :...DISTORTION <= 33406: 0 (8.4/2.6)
        :       DISTORTION > 33406: 1 (101.4/8.6)
        BITS <= 66:
        :...MV_MOD_INT > 15:
            :...REF_IDX = -1: 0 (0)
            :   REF_IDX = 1: 1 (2)
            :   REF_IDX = 0:
            :   :...AVG_NEIGH_DEPTH <= 1.58139: 0 (38.8/1)
            :       AVG_NEIGH_DEPTH > 1.58139: 1 (2.1)
            MV_MOD_INT <= 15:
            :...PU_SIZE = 4: 1 (7.5/2)
                PU_SIZE = 5: 1 (7.6)
                PU_SIZE = 6: 1 (7.1/1)
                PU_SIZE = 7: 0 (3)
                PU_SIZE = 1:
                :...SSE <= 232273: 1 (17.6)
                :   SSE > 232273:
                :   :...BITS > 57: 0 (5.6)
                :       BITS <= 57:
                :       :...TU_DEPTH = 2: 1 (0)
                :           TU_DEPTH = 1: 1 (8.7)
                :           TU_DEPTH = 0:
                :           :...MVP_IDX = 0: 1 (6.2)
                :               MVP_IDX = 1: 1 (2.6)
                :               MVP_IDX = -1:
                :               :...NON-Z-COEFF <= 4: 0 (26/6.8)
                :                   NON-Z-COEFF > 4: 1 (4.6)
                PU_SIZE = 2:
                :...REF_IDX = -1: 0 (5.6)
                :   REF_IDX = 1: 0 (4.3/2.1)
                :   REF_IDX = 0:
                :   :...AVG_NEIGH_DEPTH > 1.05095: 1 (14.8)
                :       AVG_NEIGH_DEPTH <= 1.05095:
                :       :...NON-Z-COEFF > 4: 1 (10.3/0.5)
                :           NON-Z-COEFF <= 4:
                :           :...SAD > 37691: 1 (3.3)
                :               SAD <= 37691:
                :               :...RATIO_BEST-MSM <= 0.991862: 0 (31/3.3)
                :                   RATIO_BEST-MSM > 0.991862: 1 (2)
                PU_SIZE = 0:
                :...MVD_MOD_INT > 3.60555: 1 (14.1/0.5)
                    MVD_MOD_INT <= 3.60555:
                    :...SSE <= 43509:
                        :...AVG_NEIGH_DEPTH <= 0: 0 (3.3)
                        :   AVG_NEIGH_DEPTH > 0: 1 (36.7/6.4)
                        SSE > 43509:
                        :...MV_MOD_FRAC = 0.353553: 0 (0)
                            MV_MOD_FRAC = 0.25: 0 (9.7/1.7)
                            MV_MOD_FRAC = 0.5: 0 (14/0.5)
                            MV_MOD_FRAC = 0.559017: 0 (6.4)
                            MV_MOD_FRAC = 0.707107: 1 (5.3)
                            MV_MOD_FRAC = 0.75: 1 (20.8/8.9)
                            MV_MOD_FRAC = 0.790569: 0 (10.2/2.8)
                            MV_MOD_FRAC = 0.901388: 1 (0.5)
                            MV_MOD_FRAC = 1.06066: 1 (2.8)
                            MV_MOD_FRAC = 0:
                            :...NON-Z-COEFF > 5: 1 (24/6.7)
                                NON-Z-COEFF <= 5:
                                :...NON-Z-COEFF > 1:
                                    :...SSE <= 2513557: 0 (33.1)
                                    :   SSE > 2513557: 1 (2.1/0.5)
                                    NON-Z-COEFF <= 1:
                                    :...COST_2Nx2N > 337626: 1 (8)
                                        COST_2Nx2N <= 337626:
                                        :...MV_MOD_INT > 7.28011: 1 (2.8)
                                            MV_MOD_INT <= 7.28011:
                                            :...TU_DEPTH = 0: 0 (9.9)
                                                TU_DEPTH = 2: 0 (1.7)
                                                TU_DEPTH = 1:
                                                :...SSE <= 107966: 0 (9.5)
                                                    SSE > 107966:
                                                    :...SAD <= 22183: 1 (14.7/2.4)
                                                        SAD > 22183: 0 (13.9/1.7)

-----  Trial 4:  -----

Decision tree:

BITS <= 3: 0 (272.6/41)
BITS > 3:
:...BITS > 146: 1 (43.3)
    BITS <= 146:
    :...AVG_NEIGH_DEPTH > 0.512821:
        :...PU_SIZE = 4: 1 (14.2/4.3)
        :   PU_SIZE = 5: 1 (2.7)
        :   PU_SIZE = 6: 1 (12.1/3.7)
        :   PU_SIZE = 7: 0 (3.9/1.9)
        :   PU_SIZE = 1:
        :   :...RATIO_BEST_2Nx2N <= 0.94419: 1 (52.4/2.2)
        :   :   RATIO_BEST_2Nx2N > 0.94419:
        :   :   :...PREDMV_MOD_INT <= 5.38516: 0 (28.2/9.8)
        :   :       PREDMV_MOD_INT > 5.38516: 1 (6.8)
        :   PU_SIZE = 2:
        :   :...RATIO_BEST_2Nx2N <= 0.631753: 0 (5.5)
        :   :   RATIO_BEST_2Nx2N > 0.631753:
        :   :   :...dQP = 2: 1 (0)
        :   :       dQP = 1: 1 (13.4/3.4)
        :   :       dQP = 3: 1 (19.7)
        :   :       dQP = 4:
        :   :       :...INTER_DIR = 0: 1 (0)
        :   :           INTER_DIR = 1: 1 (8)
        :   :           INTER_DIR = 2: 1 (4.4)
        :   :           INTER_DIR = 3:
        :   :           :...AVG_NEIGH_DEPTH <= 1.01669: 0 (23.5/6.7)
        :   :               AVG_NEIGH_DEPTH > 1.01669: 1 (9.4)
        :   PU_SIZE = 0:
        :   :...SSE <= 315788:
        :       :...NON-Z-COEFF > 9: 0 (10.9)
        :       :   NON-Z-COEFF <= 9:
        :       :   :...NON-Z-COEFF > 5: 1 (8.9)
        :       :       NON-Z-COEFF <= 5:
        :       :       :...BITS <= 36:
        :       :           :...RATIO_2Nx2N-MSM <= 1.3226: 0 (86.5/10.5)
        :       :           :   RATIO_2Nx2N-MSM > 1.3226: 1 (9.8/2)
        :       :           BITS > 36:
        :       :           :...SAD <= 19997: 1 (27.4/6.6)
        :       :               SAD > 19997: 0 (6.4/0.4)
        :       SSE > 315788:
        :       :...MVP_IDX = 1: 0 (19/5.3)
        :           MVP_IDX = 0:
        :           :...BITS <= 24: 0 (3.6)
        :           :   BITS > 24: 1 (26.7/1.6)
        :           MVP_IDX = -1:
        :           :...BITS > 133: 0 (4.9)
        :               BITS <= 133:
        :               :...COST_2Nx2N > 561547: 1 (19.4/0.4)
        :                   COST_2Nx2N <= 561547:
        :                   :...FME = 0: 1 (23.6/9.8)
        :                       FME = 1: 0 (2.7)
        :                       FME = 2: 1 (0.4)
        AVG_NEIGH_DEPTH <= 0.512821:
        :...MVD_MOD_FRAC in {0.559017,0.707107,0.901388,1.06066}: 0 (0)
            MVD_MOD_FRAC = 0.25: 1 (7.1/2.3)
            MVD_MOD_FRAC = 0.353553: 0 (1.9)
            MVD_MOD_FRAC = 0.5: 0 (1.9)
            MVD_MOD_FRAC = 0.75: 0 (2.7)
            MVD_MOD_FRAC = 0.790569: 1 (0.4)
            MVD_MOD_FRAC = 0:
            :...RATIO_2Nx2N-MSM > 1.06036:
                :...RATIO_BEST-MSM <= 1.04438: 0 (87.5/6.1)
                :   RATIO_BEST-MSM > 1.04438: 1 (5.5/1.9)
                RATIO_2Nx2N-MSM <= 1.06036:
                :...AVG_NEIGH_DEPTH > 0.482456: 0 (16/0.4)
                    AVG_NEIGH_DEPTH <= 0.482456:
                    :...NON-Z-COEFF > 177: 0 (4.5)
                        NON-Z-COEFF <= 177:
                        :...MVD_MOD_INT > 5: 0 (3.3)
                            MVD_MOD_INT <= 5:
                            :...DISTORTION > 360829: 1 (7.8)
                                DISTORTION <= 360829:
                                :...BITS <= 12: 0 (7.2)
                                    BITS > 12:
                                    :...NON-Z-COEFF > 8: 1 (8.8)
                                        NON-Z-COEFF <= 8:
                                        :...BITS <= 42: 1 (24.3/6.2)
                                            BITS > 42: 0 (10.9/1.3)

-----  Trial 5:  -----

Decision tree:

COST_2Nx2N > 629461:
:...NON-Z-COEFF <= 22: 1 (114.6/17.9)
:   NON-Z-COEFF > 22: 0 (6.3/2.3)
COST_2Nx2N <= 629461:
:...AVG_NEIGH_DEPTH <= 0: 0 (80/2.2)
    AVG_NEIGH_DEPTH > 0:
    :...BITS > 61:
        :...MV_MOD_INT > 0: 1 (31.6)
        :   MV_MOD_INT <= 0:
        :   :...PU_SIZE in {5,6,7}: 1 (0)
        :       PU_SIZE = 1: 1 (5.7)
        :       PU_SIZE = 2: 1 (3.5/1.7)
        :       PU_SIZE = 4: 1 (1.8)
        :       PU_SIZE = 0:
        :       :...NON-Z-COEFF > 10: 0 (12.1/1.2)
        :           NON-Z-COEFF <= 10:
        :           :...RATIO_BEST-MSM <= 0.928498: 0 (24/9.8)
        :               RATIO_BEST-MSM > 0.928498: 1 (16.8)
        BITS <= 61:
        :...COST_MSM <= 190760:
            :...SAD > 10553: 0 (117.7/17.7)
            :   SAD <= 10553:
            :   :...RATIO_BEST_2Nx2N <= 0.764119: 0 (55.7/5.5)
            :       RATIO_BEST_2Nx2N > 0.764119:
            :       :...NON-Z-COEFF > 8: 0 (6.2)
            :           NON-Z-COEFF <= 8:
            :           :...PREDMV_MOD_FRAC in {0.353553,0.559017,0.707107,
            :               :                   0.901388,1.06066}: 1 (0)
            :               PREDMV_MOD_FRAC = 0.25: 0 (11.1/4.3)
            :               PREDMV_MOD_FRAC = 0.5: 0 (2.2)
            :               PREDMV_MOD_FRAC = 0.75: 1 (8.3)
            :               PREDMV_MOD_FRAC = 0.790569: 0 (0.6)
            :               PREDMV_MOD_FRAC = 0:
            :               :...SAD <= 5327: 1 (10.6)
            :                   SAD > 5327:
            :                   :...SSE > 96259: 1 (10.2/0.3)
            :                       SSE <= 96259:
            :                       :...NON-Z-COEFF <= 6: 0 (48/8.7)
            :                           NON-Z-COEFF > 6: 1 (3.2)
            COST_MSM > 190760:
            :...COLOC_SPLIT = 0:
                :...RATIO_BEST-MSM <= 0.98116: 1 (3.2)
                :   RATIO_BEST-MSM > 0.98116: 0 (25)
                COLOC_SPLIT = 1:
                :...BEST_COST > 407997: 0 (17.9)
                :   BEST_COST <= 407997:
                :   :...COST_MSM > 390192: 1 (13.4)
                :       COST_MSM <= 390192:
                :       :...MVD_MOD_FRAC in {0.5,0.559017,0.707107,0.790569,
                :           :                0.901388,1.06066}: 0 (0)
                :           MVD_MOD_FRAC = 0.25: 1 (9.2/2.3)
                :           MVD_MOD_FRAC = 0.353553: 0 (1.2)
                :           MVD_MOD_FRAC = 0.75: 0 (2.2)
                :           MVD_MOD_FRAC = 0:
                :           :...FME = 1: 0 (1)
                :               FME = 2: 0 (7)
                :               FME = 0:
                :               :...RATIO_BEST_2Nx2N <= 0.879319: 1 (13.5/1.2)
                :                   RATIO_BEST_2Nx2N > 0.879319:
                :                   :...SSE > 467469: 1 (23.7/6.3)
                :                       SSE <= 467469:
                :                       :...PU_SIZE in {4,5,6,7}: 0 (0)
                :                           PU_SIZE = 0: 0 (22.8)
                :                           PU_SIZE = 1: 0 (6.8)
                :                           PU_SIZE = 2: 1 (2.2)
                COLOC_SPLIT = 2:
                :...RATIO_2Nx2N-MSM > 1.2768: 1 (13.8)
                    RATIO_2Nx2N-MSM <= 1.2768:
                    :...INTER_DIR = 0: 1 (2.8/1.2)
                        INTER_DIR = 1: 1 (5.9/0.3)
                        INTER_DIR = 2: 0 (14.2/3.6)
                        INTER_DIR = 3:
                        :...MVD_MOD_FRAC in {0.559017,0.707107,
                            :                0.901388}: 1 (0)
                            MVD_MOD_FRAC = 0.25: 0 (16.1/3.9)
                            MVD_MOD_FRAC = 0.353553: 0 (12.7/4.8)
                            MVD_MOD_FRAC = 0.5: 1 (1.3)
                            MVD_MOD_FRAC = 0.75: 0 (10.6/1.7)
                            MVD_MOD_FRAC = 0.790569: 1 (2.2/1)
                            MVD_MOD_FRAC = 1.06066: 1 (2/0.3)
                            MVD_MOD_FRAC = 0:
                            :...MV_MOD_FRAC = 0.25: 0 (16/5.9)
                                MV_MOD_FRAC = 0.353553: 1 (2.6/0.3)
                                MV_MOD_FRAC = 0.5: 0 (8.6/0.9)
                                MV_MOD_FRAC = 0.559017: 0 (2.3/1)
                                MV_MOD_FRAC = 0.707107: 1 (3.8)
                                MV_MOD_FRAC = 0.75: 1 (19.5/3.8)
                                MV_MOD_FRAC = 0.790569: 1 (16.2/4.9)
                                MV_MOD_FRAC = 0.901388: 1 (2.3)
                                MV_MOD_FRAC = 1.06066: 0 (4.4)
                                MV_MOD_FRAC = 0:
                                :...PU_SIZE in {6,7}: 1 (0)
                                    PU_SIZE = 1: 1 (6.5)
                                    PU_SIZE = 2: 1 (5.9/1.7)
                                    PU_SIZE = 4: 1 (0.6)
                                    PU_SIZE = 5: 1 (2.2)
                                    PU_SIZE = 0:
                                    :...NON-Z-COEFF > 18: 0 (3.8)
                                        NON-Z-COEFF <= 18:
                                        :...NON-Z-COEFF > 4: 1 (9.1)
                                            NON-Z-COEFF <= 4:
                                            :...COST_2Nx2N > 392522: 0 (12.9)
                                                COST_2Nx2N <= 392522:
                                                :...COST_2Nx2N <= 334846: 0 (21.7/8.2)
                                                    COST_2Nx2N > 334846: 1 (20.6/1)

-----  Trial 6:  -----

Decision tree:

BITS > 66:
:...BITS > 146: 1 (60.4)
:   BITS <= 146:
:   :...MV_MOD_INT > 0: 1 (29.1)
:       MV_MOD_INT <= 0:
:       :...MVP_IDX = 0: 0 (3.7/0.2)
:           MVP_IDX = 1: 0 (4.5)
:           MVP_IDX = -1:
:           :...BITS > 128: 0 (8.1/0.2)
:               BITS <= 128:
:               :...DISTORTION <= 17857: 0 (4.6)
:                   DISTORTION > 17857: 1 (49.5/5.9)
BITS <= 66:
:...PU_SIZE = 4: 1 (20.2/9.5)
    PU_SIZE = 5: 1 (5.2/1.3)
    PU_SIZE = 6: 0 (13.8/5)
    PU_SIZE = 7: 0 (3.2)
    PU_SIZE = 1:
    :...AVG_NEIGH_DEPTH <= 0.272727: 0 (6.5/1.7)
    :   AVG_NEIGH_DEPTH > 0.272727: 1 (76.8/14.5)
    PU_SIZE = 2:
    :...NON-Z-COEFF > 8: 1 (10.6)
    :   NON-Z-COEFF <= 8:
    :   :...dQP = 2: 0 (0)
    :       dQP = 1: 0 (13/3.8)
    :       dQP = 3: 1 (16/1.3)
    :       dQP = 4:
    :       :...AVG_NEIGH_DEPTH > 1.01669: 1 (8)
    :           AVG_NEIGH_DEPTH <= 1.01669:
    :           :...COST_2Nx2N <= 411068: 1 (8.7/1.9)
    :               COST_2Nx2N > 411068:
    :               :...RATIO_BEST_2Nx2N <= 0.861448: 1 (9.9/4.3)
    :                   RATIO_BEST_2Nx2N > 0.861448: 0 (28.7)
    PU_SIZE = 0:
    :...AVG_NEIGH_DEPTH <= 0: 0 (62.7/3.9)
        AVG_NEIGH_DEPTH > 0:
        :...MV_MOD_FRAC = 0.353553: 0 (4.6/1.8)
            MV_MOD_FRAC = 0.5: 0 (25.4/8.9)
            MV_MOD_FRAC = 0.559017: 0 (19.8/7.1)
            MV_MOD_FRAC = 0.707107: 1 (6.2)
            MV_MOD_FRAC = 0.901388: 1 (10/2.7)
            MV_MOD_FRAC = 1.06066: 0 (2.7/1.3)
            MV_MOD_FRAC = 0.790569:
            :...RATIO_BEST_2Nx2N <= 0.750381: 1 (5.3/1.8)
            :   RATIO_BEST_2Nx2N > 0.750381: 0 (25.7)
            MV_MOD_FRAC = 0.75:
            :...COLOC_SPLIT = 0: 1 (0)
            :   COLOC_SPLIT = 1: 0 (4.4)
            :   COLOC_SPLIT = 2:
            :   :...RATIO_BEST-MSM <= 0.913548: 0 (10.8/1)
            :       RATIO_BEST-MSM > 0.913548: 1 (18.4)
            MV_MOD_FRAC = 0.25:
            :...RATIO_BEST_2Nx2N <= 0.946554: 0 (12.6)
            :   RATIO_BEST_2Nx2N > 0.946554:
            :   :...NON-Z-COEFF > 19: 0 (4)
            :       NON-Z-COEFF <= 19:
            :       :...BEST_COST > 777121: 0 (2.9)
            :           BEST_COST <= 777121:
            :           :...BITS <= 44: 1 (28.8/5.3)
            :               BITS > 44: 0 (2.1)
            MV_MOD_FRAC = 0:
            :...COLOC_SPLIT = 0:
                :...RATIO_BEST-MSM <= 1.00551: 0 (37.7)
                :   RATIO_BEST-MSM > 1.00551: 1 (22.4/7.9)
                COLOC_SPLIT = 1:
                :...BITS > 30:
                :   :...RATIO_BEST_2Nx2N <= 0.550707: 1 (9.9)
                :   :   RATIO_BEST_2Nx2N > 0.550707:
                :   :   :...RATIO_BEST_2Nx2N <= 0.781986: 0 (13.5)
                :   :       RATIO_BEST_2Nx2N > 0.781986: 1 (25.7/8.2)
                :   BITS <= 30:
                :   :...AVG_NEIGH_DEPTH > 0.327273: 0 (62.4/0.2)
                :       AVG_NEIGH_DEPTH <= 0.327273:
                :       :...DISTORTION <= 116188: 0 (16.9)
                :           DISTORTION > 116188:
                :           :...SAD <= 11457: 1 (14.7/0.5)
                :               SAD > 11457: 0 (20.1/7.2)
                COLOC_SPLIT = 2:
                :...BEST_COST <= 195077: 0 (20/1.8)
                    BEST_COST > 195077:
                    :...MV_MOD_INT > 9.21954: 1 (5.8)
                        MV_MOD_INT <= 9.21954:
                        :...MV_MOD_INT > 0: 0 (14.3/2.3)
                            MV_MOD_INT <= 0:
                            :...CTX_SPLIT in {0,1}: 1 (0)
                                CTX_SPLIT = 3: 0 (6/2)
                                CTX_SPLIT = 4: 1 (7.3/0.5)
                                CTX_SPLIT = 5: 1 (6.7/2.5)
                                CTX_SPLIT = 6: 1 (7.8)
                                CTX_SPLIT = 2:
                                :...RATIO_BEST_2Nx2N <= 0.883458: 1 (12.5/1)
                                    RATIO_BEST_2Nx2N > 0.883458: 0 (29.4/10.1)

-----  Trial 7:  -----

Decision tree:

AVG_NEIGH_DEPTH > 1.529:
:...NON-Z-COEFF > 4: 1 (39.1)
:   NON-Z-COEFF <= 4:
:   :...RATIO_BEST_2Nx2N <= 0.982473: 1 (75.6/6.7)
:       RATIO_BEST_2Nx2N > 0.982473:
:       :...PREDMV_MOD_INT <= 5: 0 (16.9/1.3)
:           PREDMV_MOD_INT > 5: 1 (13.5/1.9)
AVG_NEIGH_DEPTH <= 1.529:
:...RATIO_BEST_2Nx2N <= 0.664515:
    :...BITS <= 2: 0 (49.7)
    :   BITS > 2:
    :   :...MVP_IDX = 1: 0 (0)
    :       MVP_IDX = 0: 0 (6.2)
    :       MVP_IDX = -1:
    :       :...COST_2Nx2N > 409963: 1 (5.5)
    :           COST_2Nx2N <= 409963:
    :           :...RATIO_BEST_2Nx2N <= 0.577425: 1 (25.3/11.6)
    :               RATIO_BEST_2Nx2N > 0.577425: 0 (31.2)
    RATIO_BEST_2Nx2N > 0.664515:
    :...BITS > 66:
        :...FME = 1: 1 (2.3)
        :   FME = 2: 1 (11.5)
        :   FME = 0:
        :   :...MVP_IDX = 0: 0 (4.7/1.9)
        :       MVP_IDX = 1: 0 (3.7/0.2)
        :       MVP_IDX = -1:
        :       :...dQP = 2: 1 (0)
        :           dQP = 1: 1 (26.1/2.5)
        :           dQP = 3: 0 (13.3/3.1)
        :           dQP = 4: 1 (6.1)
        BITS <= 66:
        :...MVD_MOD_FRAC = 0.353553: 1 (10.2/3.8)
            MVD_MOD_FRAC = 0.5: 1 (3.7/1)
            MVD_MOD_FRAC = 0.559017: 0 (2.3)
            MVD_MOD_FRAC = 0.707107: 1 (0.2)
            MVD_MOD_FRAC = 0.75: 0 (19.3/4.5)
            MVD_MOD_FRAC = 0.790569: 0 (10.2/3.9)
            MVD_MOD_FRAC = 0.901388: 1 (5)
            MVD_MOD_FRAC = 1.06066: 0 (10/3.2)
            MVD_MOD_FRAC = 0.25:
            :...MVD_MOD_INT <= 2: 0 (22/1.4)
            :   MVD_MOD_INT > 2: 1 (6)
            MVD_MOD_FRAC = 0:
            :...DISTORTION > 539346:
                :...SAD <= 26346: 1 (25.9/0.4)
                :   SAD > 26346: 0 (13.9/5.3)
                DISTORTION <= 539346:
                :...MV_MOD_FRAC = 0.353553: 0 (1.6)
                    MV_MOD_FRAC = 0.5: 1 (11.2/4.3)
                    MV_MOD_FRAC = 0.559017: 1 (12/5.2)
                    MV_MOD_FRAC = 0.707107: 0 (8.9/3.4)
                    MV_MOD_FRAC = 0.75: 1 (24.4/8.8)
                    MV_MOD_FRAC = 0.901388: 1 (1.4)
                    MV_MOD_FRAC = 1.06066: 0 (10.4)
                    MV_MOD_FRAC = 0.25:
                    :...SAD <= 8128: 1 (8.8/2.8)
                    :   SAD > 8128: 0 (17.6)
                    MV_MOD_FRAC = 0.790569:
                    :...RATIO_BEST-MSM <= 0.967523: 1 (7.9)
                    :   RATIO_BEST-MSM > 0.967523: 0 (19.9/2.8)
                    MV_MOD_FRAC = 0:
                    :...PU_SIZE = 4: 0 (11.3/1.8)
                        PU_SIZE = 5: 1 (2.1)
                        PU_SIZE = 6: 0 (8.8/3.9)
                        PU_SIZE = 7: 0 (0.2)
                        PU_SIZE = 1:
                        :...BITS <= 51: 1 (30.2/8.9)
                        :   BITS > 51: 0 (5.8)
                        PU_SIZE = 2:
                        :...BITS <= 27: 1 (14/0.2)
                        :   BITS > 27: 0 (12.3/1.8)
                        PU_SIZE = 0:
                        :...CTX_SPLIT = 3: 0 (34.1/5.1)
                            CTX_SPLIT = 5: 0 (22.5/2.1)
                            CTX_SPLIT = 6: 1 (5.8)
                            CTX_SPLIT = 0:
                            :...dQP = 2: 0 (0)
                            :   dQP = 1: 1 (6.8/1.1)
                            :   dQP = 3: 0 (0.9)
                            :   dQP = 4: 0 (23.3)
                            CTX_SPLIT = 4:
                            :...MVP_IDX = 1: 0 (0)
                            :   MVP_IDX = -1: 0 (33.2/8.9)
                            :   MVP_IDX = 0: 1 (2.8)
                            CTX_SPLIT = 1:
                            :...SSE > 980621: 1 (6.4)
                            :   SSE <= 980621:
                            :   :...BITS > 1: 0 (27.6)
                            :       BITS <= 1:
                            :       :...MV_MOD_INT > 0: 1 (6.1)
                            :           MV_MOD_INT <= 0:
                            :           :...NON-Z-COEFF <= 1: 0 (12.7)
                            :               NON-Z-COEFF > 1: 1 (20.3/8.8)
                            CTX_SPLIT = 2:
                            :...MV_MOD_INT > 7.28011: 1 (4.6)
                                MV_MOD_INT <= 7.28011:
                                :...SAD <= 7332: 1 (7.3)
                                    SAD > 7332:
                                    :...AVG_NEIGH_DEPTH > 0.895183: 1 (15.9/2.4)
                                        AVG_NEIGH_DEPTH <= 0.895183:
                                        :...NON-Z-COEFF <= 67: 0 (58.3/7.1)
                                            NON-Z-COEFF > 67: 1 (3.1)

-----  Trial 8:  -----

Decision tree:

COST_2Nx2N > 667058:
:...RATIO_BEST_2Nx2N <= 1.00235: 1 (99/11.3)
:   RATIO_BEST_2Nx2N > 1.00235: 0 (8.5/1.5)
COST_2Nx2N <= 667058:
:...AVG_NEIGH_DEPTH > 1.0864:
    :...RATIO_2Nx2N-MSM > 1.09751:
    :   :...RATIO_BEST_2Nx2N <= 0.556224: 1 (3.8)
    :   :   RATIO_BEST_2Nx2N > 0.556224:
    :   :   :...PU_SIZE in {4,5,6}: 0 (0)
    :   :       PU_SIZE = 0: 0 (43.6/5.4)
    :   :       PU_SIZE = 1: 0 (5.7/1.7)
    :   :       PU_SIZE = 2: 1 (2.3)
    :   :       PU_SIZE = 7: 1 (1.7)
    :   RATIO_2Nx2N-MSM <= 1.09751:
    :   :...BEST_COST > 240411: 1 (98.9/10.9)
    :       BEST_COST <= 240411:
    :       :...TU_DEPTH = 0: 0 (13.5/0.6)
    :           TU_DEPTH = 2: 1 (0.8)
    :           TU_DEPTH = 1:
    :           :...NON-Z-COEFF <= 2: 0 (24.5/11.6)
    :               NON-Z-COEFF > 2: 1 (20.9)
    AVG_NEIGH_DEPTH <= 1.0864:
    :...RATIO_BEST_2Nx2N <= 0.51938: 0 (51.1)
        RATIO_BEST_2Nx2N > 0.51938:
        :...TU_DEPTH = 2: 0 (4.1/1.9)
            TU_DEPTH = 0:
            :...MV_MOD_INT > 15: 0 (33.8)
            :   MV_MOD_INT <= 15:
            :   :...MV_MOD_FRAC = 0.353553: 0 (6.1/1.2)
            :       MV_MOD_FRAC = 0.5: 0 (14.6)
            :       MV_MOD_FRAC = 0.559017: 0 (14/5.3)
            :       MV_MOD_FRAC = 0.707107: 0 (4.8/2)
            :       MV_MOD_FRAC = 0.790569: 0 (27.4/6.6)
            :       MV_MOD_FRAC = 0.901388: 0 (0.1)
            :       MV_MOD_FRAC = 1.06066: 1 (4.5)
            :       MV_MOD_FRAC = 0.25:
            :       :...COST_2Nx2N <= 506622: 0 (24.8/1.4)
            :       :   COST_2Nx2N > 506622: 1 (6.6)
            :       MV_MOD_FRAC = 0.75:
            :       :...SAD <= 24776: 0 (24.4/8.2)
            :       :   SAD > 24776: 1 (9.2)
            :       MV_MOD_FRAC = 0:
            :       :...DISTORTION > 336904: 0 (37.7)
            :           DISTORTION <= 336904:
            :           :...COST_2Nx2N <= 341604: 0 (159.7/32.6)
            :               COST_2Nx2N > 341604: 1 (14.3/2.6)
            TU_DEPTH = 1:
            :...PU_SIZE in {5,7}: 1 (0)
                PU_SIZE = 1: 1 (14.6/2.5)
                PU_SIZE = 2: 1 (16.9/6.1)
                PU_SIZE = 4: 1 (13.1/3.9)
                PU_SIZE = 6: 0 (2.4)
                PU_SIZE = 0:
                :...INTER_DIR = 1: 1 (7.9/2.3)
                    INTER_DIR = 2: 1 (6.7)
                    INTER_DIR = 0:
                    :...BITS <= 33: 0 (10.5)
                    :   BITS > 33:
                    :   :...COLOC_SPLIT = 2: 1 (0)
                    :       COLOC_SPLIT = 0: 0 (7.8/1.8)
                    :       COLOC_SPLIT = 1:
                    :       :...RATIO_BEST-MSM <= 0.827574: 0 (3.8/1.2)
                    :           RATIO_BEST-MSM > 0.827574: 1 (23.3/1.8)
                    INTER_DIR = 3:
                    :...RATIO_BEST_2Nx2N <= 0.895655: 0 (25.3/4.2)
                        RATIO_BEST_2Nx2N > 0.895655:
                        :...BITS <= 20: 1 (7.8)
                            BITS > 20:
                            :...RATIO_BEST-MSM <= 1.00387: 0 (47.4/12.9)
                                RATIO_BEST-MSM > 1.00387: 1 (12.2/2.9)

-----  Trial 9:  -----

Decision tree:

BITS > 66:
:...DISTORTION <= 29059: 0 (11.2/3.5)
:   DISTORTION > 29059: 1 (137.3/15.8)
BITS <= 66:
:...AVG_NEIGH_DEPTH <= 0.582168:
    :...MV_MOD_INT > 11: 0 (29.7)
    :   MV_MOD_INT <= 11:
    :   :...PU_SIZE = 1: 1 (18.1/5.1)
    :       PU_SIZE = 2: 0 (13.9/2.6)
    :       PU_SIZE = 4: 0 (5.5)
    :       PU_SIZE = 5: 1 (5)
    :       PU_SIZE = 6: 0 (1)
    :       PU_SIZE = 7: 0 (1.1)
    :       PU_SIZE = 0:
    :       :...MV_MOD_FRAC in {0.707107,0.901388,1.06066}: 0 (0)
    :           MV_MOD_FRAC = 0: 0 (198.7/49.8)
    :           MV_MOD_FRAC = 0.353553: 0 (0.1)
    :           MV_MOD_FRAC = 0.5: 0 (9.3)
    :           MV_MOD_FRAC = 0.559017: 1 (10/3.1)
    :           MV_MOD_FRAC = 0.75: 1 (4.9/0.4)
    :           MV_MOD_FRAC = 0.790569: 0 (14.8)
    :           MV_MOD_FRAC = 0.25:
    :           :...COST_MSM <= 308179: 0 (25.7/6)
    :               COST_MSM > 308179: 1 (6.8)
    AVG_NEIGH_DEPTH > 0.582168:
    :...BITS > 12:
        :...CTX_SPLIT = 0: 1 (0)
        :   CTX_SPLIT = 1: 0 (10.9/1.8)
        :   CTX_SPLIT = 6: 1 (22.5/0.7)
        :   CTX_SPLIT = 3:
        :   :...RATIO_BEST_2Nx2N <= 0.989888: 1 (48.3/7.6)
        :   :   RATIO_BEST_2Nx2N > 0.989888: 0 (9.4/0.5)
        :   CTX_SPLIT = 5:
        :   :...SAD <= 17232: 1 (16.1)
        :   :   SAD > 17232:
        :   :   :...MVP_IDX = -1: 0 (17/8)
        :   :       MVP_IDX = 0: 1 (7.6/1.8)
        :   :       MVP_IDX = 1: 0 (10.3/0.2)
        :   CTX_SPLIT = 2:
        :   :...REF_IDX = 1: 1 (0)
        :   :   REF_IDX = -1: 0 (5.8)
        :   :   REF_IDX = 0:
        :   :   :...MVD_MOD_INT > 7: 0 (3.9)
        :   :       MVD_MOD_INT <= 7:
        :   :       :...COST_MSM <= 774899: 1 (40.5/10.9)
        :   :           COST_MSM > 774899: 0 (7.1)
        :   CTX_SPLIT = 4:
        :   :...RATIO_BEST_2Nx2N <= 0.670301: 0 (7.9)
        :       RATIO_BEST_2Nx2N > 0.670301:
        :       :...MV_MOD_INT > 17.1172: 0 (3.8)
        :           MV_MOD_INT <= 17.1172:
        :           :...RATIO_BEST-MSM <= 0.994097: 1 (61.9/10.7)
        :               RATIO_BEST-MSM > 0.994097: 0 (17/5.7)
        BITS <= 12:
        :...AVG_NEIGH_DEPTH > 1.72357: 0 (11.7)
            AVG_NEIGH_DEPTH <= 1.72357:
            :...COST_2Nx2N <= 306662: 0 (58.6/12.2)
                COST_2Nx2N > 306662:
                :...NON-Z-COEFF > 14: 0 (7.5/0.4)
                    NON-Z-COEFF <= 14:
                    :...REF_IDX = -1: 1 (2.2/0.5)
                        REF_IDX = 1: 1 (4.8/1)
                        REF_IDX = 0:
                        :...SAD > 27324: 0 (3.9)
                            SAD <= 27324:
                            :...NON-Z-COEFF > 4: 1 (11.2)
                                NON-Z-COEFF <= 4:
                                :...SAD <= 14862: 1 (10.6)
                                    SAD > 14862:
                                    :...BITS <= 0: 1 (8.3)
                                        BITS > 0:
                                        :...AVG_NEIGH_DEPTH <= 1.44093: 0 (36.4/5.3)
                                            AVG_NEIGH_DEPTH > 1.44093: 1 (21.6/3.9)


Evaluation on training data (960 cases):

Trial	       Decision Tree       
-----	  -----------------------  
	  Size      Errors   Cost  

   0	    35   60( 6.2%)   0.06
   1	    47  129(13.4%)   0.13
   2	    41  125(13.0%)   0.13
   3	    63   70( 7.3%)   0.07
   4	    45   91( 9.5%)   0.09
   5	    63  104(10.8%)   0.11
   6	    55   95( 9.9%)   0.10
   7	    65  134(14.0%)   0.14
   8	    43  100(10.4%)   0.10
   9	    44   78( 8.1%)   0.08
boost	          4( 0.4%)   0.00   <<


	   (a)   (b)    <-classified as
	  ----  ----
	   621     1    (a): class 0
	     3   335    (b): class 1


	Attribute usage:

	    100%  BITS
	    100%  COST_2Nx2N
	    100%  AVG_NEIGH_DEPTH
	     98%  RATIO_BEST_2Nx2N
	     92%  MV_MOD_INT
	     92%  PU_SIZE
	     88%  DISTORTION
	     79%  MV_MOD_FRAC
	     69%  TU_DEPTH
	     69%  NON-Z-COEFF
	     67%  COST_MSM
	     64%  MVD_MOD_FRAC
	     62%  PREDMV_MOD_FRAC
	     60%  RATIO_2Nx2N-MSM
	     59%  CTX_SPLIT
	     53%  SAD
	     52%  COLOC_SPLIT
	     51%  SSE
	     42%  BEST_COST
	     32%  RATIO_BEST-MSM
	     28%  dQP
	     28%  INTER_DIR
	     23%  MVD_MOD_INT
	     23%  MVP_IDX
	     18%  FME
	     17%  REF_IDX
	      5%  PRED_MODE
	      4%  PREDMV_MOD_INT


Time: 0.1 secs
