
C5.0 [Release 2.07 GPL Edition]  	Thu Feb 16 09:45:59 2017
-------------------------------

    Options:
	Boosted classifiers
	Application `./ONLINE/BOOST/ChinaSpeed_d1_qp37'

Read 1352 cases (28 attributes) from ./ONLINE/BOOST/ChinaSpeed_d1_qp37.data

-----  Trial 0:  -----

Decision tree:

BITS > 38:
:...BEST_COST <= 44197.8:
:   :...PU_SIZE = 7: 0 (0)
:   :   PU_SIZE = 1: 0 (1)
:   :   PU_SIZE in {2,4,5,6}: 1 (9/1)
:   :   PU_SIZE = 0:
:   :   :...RATIO_BEST-MSM <= 1.00405: 0 (20/1)
:   :       RATIO_BEST-MSM > 1.00405: 1 (4/1)
:   BEST_COST > 44197.8:
:   :...BITS > 138: 1 (162/1)
:       BITS <= 138:
:       :...DISTORTION > 378941: 1 (44)
:           DISTORTION <= 378941:
:           :...PRED_MODE = 0: 1 (0)
:               PRED_MODE = 2:
:               :...NON-Z-COEFF <= 23: 1 (72/7)
:               :   NON-Z-COEFF > 23: 0 (5/1)
:               PRED_MODE = 3:
:               :...RATIO_BEST_2Nx2N <= 0.779065: 0 (2)
:               :   RATIO_BEST_2Nx2N > 0.779065: 1 (15/1)
:               PRED_MODE = 1:
:               :...COLOC_SPLIT = 0: 1 (0)
:                   COLOC_SPLIT = 1: 0 (7/1)
:                   COLOC_SPLIT = 2:
:                   :...BITS > 61: 0 (3)
:                       BITS <= 61:
:                       :...PREDMV_MOD_INT <= 12.0416: 1 (12)
:                           PREDMV_MOD_INT > 12.0416: 0 (7/2)
BITS <= 38:
:...DISTORTION <= 104331:
    :...TU_DEPTH = 0: 0 (801/67)
    :   TU_DEPTH = 2: 1 (1)
    :   TU_DEPTH = 1:
    :   :...PRED_MODE in {0,1}: 0 (0)
    :       PRED_MODE = 2: 1 (2)
    :       PRED_MODE = 3: 0 (5)
    DISTORTION > 104331:
    :...COLOC_SPLIT = 0:
        :...SAD <= 5471: 1 (3)
        :   SAD > 5471: 0 (17/1)
        COLOC_SPLIT = 1:
        :...BITS > 31: 1 (5)
        :   BITS <= 31:
        :   :...dQP = 2: 0 (0)
        :       dQP = 1: 1 (1)
        :       dQP = 4: 0 (28/2)
        :       dQP = 3:
        :       :...RATIO_BEST_2Nx2N > 0.960445: 0 (8)
        :           RATIO_BEST_2Nx2N <= 0.960445:
        :           :...NON-Z-COEFF <= 2: 1 (7/1)
        :               NON-Z-COEFF > 2: 0 (2)
        COLOC_SPLIT = 2:
        :...MVD_MOD_FRAC in {0.707107,1.06066}: 1 (0)
            MVD_MOD_FRAC in {0.353553,0.559017,0.790569}: 1 (8/2)
            MVD_MOD_FRAC in {0.5,0.75,0.901388}: 0 (10/2)
            MVD_MOD_FRAC = 0.25:
            :...MVP_IDX = -1: 0 (0)
            :   MVP_IDX = 0: 0 (4)
            :   MVP_IDX = 1:
            :   :...SAD <= 8957: 1 (2)
            :       SAD > 8957: 0 (2)
            MVD_MOD_FRAC = 0:
            :...PU_SIZE in {2,4,5}: 1 (15/1)
                PU_SIZE = 1:
                :...SSE <= 117156: 0 (2)
                :   SSE > 117156: 1 (11/1)
                PU_SIZE = 6:
                :...AVG_NEIGH_DEPTH <= 1.52397: 0 (4/1)
                :   AVG_NEIGH_DEPTH > 1.52397: 1 (2)
                PU_SIZE = 7:
                :...REF_IDX = 1: 1 (0)
                :   REF_IDX = 0: 1 (6)
                :   REF_IDX = -1:
                :   :...SSE <= 196180: 0 (2)
                :       SSE > 196180: 1 (2)
                PU_SIZE = 0:
                :...INTER_DIR = 0: 1 (1)
                    INTER_DIR in {1,2}: 0 (7)
                    INTER_DIR = 3:
                    :...dQP in {1,2}: 1 (0)
                        dQP = 3: 1 (7/1)
                        dQP = 4:
                        :...MV_MOD_FRAC in {0.353553,0.901388,
                            :               1.06066}: 0 (0)
                            MV_MOD_FRAC in {0.25,0.707107}: 1 (4/1)
                            MV_MOD_FRAC in {0.5,0.559017,0.75,
                            :               0.790569}: 0 (5/1)
                            MV_MOD_FRAC = 0:
                            :...AVG_NEIGH_DEPTH <= 1.02564: 0 (5)
                                AVG_NEIGH_DEPTH > 1.02564: 1 (10/3)

-----  Trial 1:  -----

Decision tree:

SSE <= 7058: 0 (96.2)
SSE > 7058:
:...BITS <= 10:
    :...PU_SIZE in {4,5}: 0 (0)
    :   PU_SIZE = 1: 1 (1.5)
    :   PU_SIZE = 2: 1 (11.6/3.8)
    :   PU_SIZE = 6: 1 (3.9)
    :   PU_SIZE = 7: 0 (3.1)
    :   PU_SIZE = 0:
    :   :...COLOC_SPLIT = 0: 0 (198.7/9.3)
    :       COLOC_SPLIT = 1:
    :       :...CTX_SPLIT in {0,6}: 0 (0)
    :       :   CTX_SPLIT = 2: 0 (25.4/0.8)
    :       :   CTX_SPLIT = 3: 0 (27/8.5)
    :       :   CTX_SPLIT = 4: 1 (22.4/10)
    :       :   CTX_SPLIT = 5: 1 (10.1/2.3)
    :       :   CTX_SPLIT = 1:
    :       :   :...NON-Z-COEFF <= 36: 0 (70.1/7.8)
    :       :       NON-Z-COEFF > 36: 1 (3.9)
    :       COLOC_SPLIT = 2:
    :       :...dQP in {1,2}: 0 (0)
    :           dQP = 3: 1 (30.2/6.2)
    :           dQP = 4:
    :           :...BITS > 5: 1 (7.7/1.5)
    :               BITS <= 5:
    :               :...AVG_NEIGH_DEPTH <= 0.782051: 1 (5.4/0.8)
    :                   AVG_NEIGH_DEPTH > 0.782051: 0 (46.3/3.8)
    BITS > 10:
    :...BITS > 132: 1 (133.2/4.6)
        BITS <= 132:
        :...COST_MSM <= 18728.4:
            :...COLOC_SPLIT = 2: 0 (0)
            :   COLOC_SPLIT = 1: 1 (12.4/4.6)
            :   COLOC_SPLIT = 0:
            :   :...PU_SIZE in {1,2,6}: 0 (0)
            :       PU_SIZE = 0: 0 (43.9)
            :       PU_SIZE = 4: 0 (1.5)
            :       PU_SIZE = 5: 0 (3.1)
            :       PU_SIZE = 7: 1 (3.9)
            COST_MSM > 18728.4:
            :...DISTORTION > 281935: 1 (71.7/6.2)
                DISTORTION <= 281935:
                :...SAD <= 3214: 1 (81.3/12.3)
                    SAD > 3214:
                    :...CTX_SPLIT = 6: 1 (18.6/5.4)
                        CTX_SPLIT = 4:
                        :...MV_MOD_INT <= 22.0227: 1 (57.9/15.4)
                        :   MV_MOD_INT > 22.0227: 0 (10.1/1.5)
                        CTX_SPLIT = 5:
                        :...SSE <= 40456: 0 (6.2)
                        :   SSE > 40456: 1 (54.1/14.7)
                        CTX_SPLIT = 0:
                        :...TU_DEPTH = 2: 0 (0)
                        :   TU_DEPTH = 1: 1 (3.1)
                        :   TU_DEPTH = 0:
                        :   :...RATIO_BEST_2Nx2N <= 0.9878: 0 (28.5)
                        :       RATIO_BEST_2Nx2N > 0.9878: 1 (21.7/9.3)
                        CTX_SPLIT = 2:
                        :...PREDMV_MOD_INT > 17.2047: 1 (13.2/0.8)
                        :   PREDMV_MOD_INT <= 17.2047:
                        :   :...BITS <= 19: 1 (20.9/6.2)
                        :       BITS > 19: 0 (50.2/13.1)
                        CTX_SPLIT = 3:
                        :...NON-Z-COEFF <= 1: 0 (21.6/5.4)
                        :   NON-Z-COEFF > 1:
                        :   :...SAD <= 6647: 0 (11.5/3.8)
                        :       SAD > 6647: 1 (34.8/3.8)
                        CTX_SPLIT = 1:
                        :...SSE <= 48969: 1 (23.2/6.9)
                            SSE > 48969:
                            :...COLOC_SPLIT = 2: 0 (0)
                                COLOC_SPLIT = 0: 0 (10)
                                COLOC_SPLIT = 1:
                                :...AVG_NEIGH_DEPTH <= 0.77193: 0 (12.3)
                                    AVG_NEIGH_DEPTH > 0.77193:
                                    :...MVD_MOD_INT > 8.24621: 0 (4.6)
                                        MVD_MOD_INT <= 8.24621:
                                        :...SSE <= 81018: 0 (11.5/0.8)
                                            SSE > 81018: 1 (23.2/7.7)

-----  Trial 2:  -----

Decision tree:

BITS > 89: 1 (155.5/14)
BITS <= 89:
:...SSE <= 7058: 0 (75.8)
    SSE > 7058:
    :...RATIO_2Nx2N-MSM > 1.39197: 0 (150.6/13.4)
        RATIO_2Nx2N-MSM <= 1.39197:
        :...TU_DEPTH = 2: 1 (9.6)
            TU_DEPTH = 1:
            :...FME = 0: 0 (26.9/13)
            :   FME = 1: 0 (3.1)
            :   FME = 2: 1 (9.4/1.2)
            TU_DEPTH = 0:
            :...DISTORTION > 260133:
                :...FME = 0: 1 (23.3/3.7)
                :   FME = 1: 1 (4.9)
                :   FME = 2:
                :   :...MV_MOD_INT <= 1: 0 (7.5/0.6)
                :       MV_MOD_INT > 1: 1 (34.4/11)
                DISTORTION <= 260133:
                :...SAD <= 2125: 1 (31.7/6.1)
                    SAD > 2125:
                    :...DISTORTION <= 8666: 0 (26.3)
                        DISTORTION > 8666:
                        :...PU_SIZE = 4: 1 (24.2/7.8)
                            PU_SIZE = 5: 1 (25.9/10.8)
                            PU_SIZE = 6:
                            :...RATIO_BEST_2Nx2N <= 0.957513: 0 (24.6/4.9)
                            :   RATIO_BEST_2Nx2N > 0.957513: 1 (9.8/0.6)
                            PU_SIZE = 7:
                            :...RATIO_BEST-MSM <= 0.816723: 0 (26.7/9.4)
                            :   RATIO_BEST-MSM > 0.816723: 1 (12.8/2.4)
                            PU_SIZE = 1:
                            :...SAD <= 3230: 1 (18.3)
                            :   SAD > 3230:
                            :   :...RATIO_BEST-MSM <= 0.891833: 0 (23.1/3)
                            :       RATIO_BEST-MSM > 0.891833: 1 (15.2/3.3)
                            PU_SIZE = 2:
                            :...SAD <= 4402: 0 (27.8/0.6)
                            :   SAD > 4402:
                            :   :...MV_MOD_INT > 20.2485: 0 (7.2)
                            :       MV_MOD_INT <= 20.2485:
                            :       :...SAD > 7612: 0 (10.3/1.8)
                            :           SAD <= 7612:
                            :           :...RATIO_BEST_2Nx2N <= 0.967342: 1 (40.6/1.2)
                            :               RATIO_BEST_2Nx2N > 0.967342: 0 (3.9)
                            PU_SIZE = 0:
                            :...SAD <= 2710: 0 (35.1)
                                SAD > 2710:
                                :...MVD_MOD_FRAC = 0.25: 0 (3.9)
                                    MVD_MOD_FRAC = 0.353553: 1 (3.1)
                                    MVD_MOD_FRAC = 0.5: 1 (15.2/6)
                                    MVD_MOD_FRAC = 0.559017: 0 (9.1/2.7)
                                    MVD_MOD_FRAC = 0.707107: 0 (0.6)
                                    MVD_MOD_FRAC = 0.75: 0 (21.7/8.2)
                                    MVD_MOD_FRAC = 0.790569: 0 (7/0.6)
                                    MVD_MOD_FRAC = 0.901388: 0 (6.2)
                                    MVD_MOD_FRAC = 1.06066: 0 (1.2)
                                    MVD_MOD_FRAC = 0:
                                    :...CTX_SPLIT = 6: 1 (6.4/2.7)
                                        CTX_SPLIT = 4:
                                        :...AVG_NEIGH_DEPTH <= 2.22545: 0 (44.6/11.8)
                                        :   AVG_NEIGH_DEPTH > 2.22545: 1 (10.4)
                                        CTX_SPLIT = 5:
                                        :...RATIO_2Nx2N-MSM <= 1.30573: 0 (33.5/4.3)
                                        :   RATIO_2Nx2N-MSM > 1.30573: 1 (6.1)
                                        CTX_SPLIT = 0:
                                        :...BITS <= 12: 0 (60.9)
                                        :   BITS > 12:
                                        :   :...FME = 0: 0 (36.3/6.7)
                                        :       FME = 1: 1 (3.1)
                                        :       FME = 2: 0 (0.6)
                                        CTX_SPLIT = 3:
                                        :...RATIO_BEST_2Nx2N <= 0.790045: 0 (9.4)
                                        :   RATIO_BEST_2Nx2N > 0.790045:
                                        :   :...RATIO_2Nx2N-MSM <= 1.00776: 0 (5.7)
                                        :       RATIO_2Nx2N-MSM > 1.00776: 1 (44.9/10.6)
                                        CTX_SPLIT = 2:
                                        :...PREDMV_MOD_INT > 3.16228: 0 (17.9)
                                        :   PREDMV_MOD_INT <= 3.16228:
                                        :   :...BITS > 17: 1 (5.1)
                                        :       BITS <= 17:
                                        :       :...BITS <= 0: 1 (3.1)
                                        :           BITS > 0: 0 (50.6/13.6)
                                        CTX_SPLIT = 1:
                                        :...RATIO_BEST_2Nx2N > 1.02375: 1 (6.1)
                                            RATIO_BEST_2Nx2N <= 1.02375:
                                            :...FME = 1: 0 (1.2)
                                                FME = 2: 0 (13)
                                                FME = 0:
                                                :...NON-Z-COEFF > 31: 1 (3.7/0.6)
                                                    NON-Z-COEFF <= 31:
                                                    :...MVP_IDX = 0: 0 (4.8)
                                                        MVP_IDX = 1: 0 (3.3)
                                                        MVP_IDX = -1: [S1]

SubTree [S1]

MV_MOD_INT > 1.41421: 1 (7/1.8)
MV_MOD_INT <= 1.41421:
:...AVG_NEIGH_DEPTH <= 0.269231: 1 (3.1)
    AVG_NEIGH_DEPTH > 0.269231: 0 (38.9/4.3)

-----  Trial 3:  -----

Decision tree:

TU_DEPTH = 2: 1 (65.4/11.5)
TU_DEPTH = 1:
:...NON-Z-COEFF > 26: 0 (8.3/2.2)
:   NON-Z-COEFF <= 26:
:   :...NON-Z-COEFF > 3: 1 (35.8)
:       NON-Z-COEFF <= 3:
:       :...RATIO_BEST-MSM > 0.93028: 1 (25.8)
:           RATIO_BEST-MSM <= 0.93028:
:           :...RATIO_BEST-MSM > 0.879735: 0 (15.9/3.8)
:               RATIO_BEST-MSM <= 0.879735:
:               :...BITS <= 44: 0 (3.6)
:                   BITS > 44: 1 (42.6/2.9)
TU_DEPTH = 0:
:...SSE <= 7058: 0 (59.8)
    SSE > 7058:
    :...BITS > 22:
        :...COST_2Nx2N <= 22202.3:
        :   :...COST_MSM <= 45333.4: 0 (29.8/2.4)
        :   :   COST_MSM > 45333.4: 1 (2.4)
        :   COST_2Nx2N > 22202.3:
        :   :...PREDMV_MOD_FRAC = 0.25: 1 (12.9/5.7)
        :       PREDMV_MOD_FRAC = 0.353553: 0 (11.7/5.1)
        :       PREDMV_MOD_FRAC = 0.707107: 1 (16.8/1.6)
        :       PREDMV_MOD_FRAC = 0.75: 1 (20.5/7.5)
        :       PREDMV_MOD_FRAC = 0.790569: 0 (10.9/1)
        :       PREDMV_MOD_FRAC = 0.901388: 1 (6.7/2.1)
        :       PREDMV_MOD_FRAC = 1.06066: 0 (7.2/2.2)
        :       PREDMV_MOD_FRAC = 0.559017:
        :       :...REF_IDX = -1: 1 (0)
        :       :   REF_IDX = 0: 1 (29/8.8)
        :       :   REF_IDX = 1: 0 (7.4)
        :       PREDMV_MOD_FRAC = 0.5:
        :       :...REF_IDX = -1: 0 (0)
        :       :   REF_IDX = 1: 1 (15.3)
        :       :   REF_IDX = 0:
        :       :   :...NON-Z-COEFF > 11: 1 (4.7)
        :       :       NON-Z-COEFF <= 11:
        :       :       :...BITS <= 64: 0 (29.6/2.9)
        :       :           BITS > 64: 1 (3.2)
        :       PREDMV_MOD_FRAC = 0:
        :       :...DISTORTION > 75560:
        :           :...RATIO_BEST_2Nx2N <= 0.999467: 1 (81.9/17.7)
        :           :   RATIO_BEST_2Nx2N > 0.999467: 0 (4.7)
        :           DISTORTION <= 75560:
        :           :...MVP_IDX = 0: 1 (8.6/2.1)
        :               MVP_IDX = 1: 1 (5.5)
        :               MVP_IDX = -1:
        :               :...dQP = 2: 0 (0)
        :                   dQP = 3: 0 (6)
        :                   dQP = 4: 0 (3.1)
        :                   dQP = 1:
        :                   :...REF_IDX = 0: 1 (9.7/1)
        :                       REF_IDX = 1: 0 (6)
        :                       REF_IDX = -1:
        :                       :...RATIO_BEST_2Nx2N <= 0.894414: 0 (25.8/5.3)
        :                           RATIO_BEST_2Nx2N > 0.894414: 1 (5.6)
        BITS <= 22:
        :...COST_2Nx2N > 161145:
            :...PU_SIZE = 5: 1 (0)
            :   PU_SIZE = 1: 0 (7.3/1.9)
            :   PU_SIZE = 2: 1 (7.2/0.5)
            :   PU_SIZE = 4: 1 (0.5)
            :   PU_SIZE = 6: 1 (16.1/1.6)
            :   PU_SIZE = 7: 0 (9.5/4.1)
            :   PU_SIZE = 0:
            :   :...SSE <= 105988: 1 (19.4/3.4)
            :       SSE > 105988:
            :       :...dQP in {1,2}: 0 (0)
            :           dQP = 3: 1 (12.8/2.6)
            :           dQP = 4: 0 (62/10.5)
            COST_2Nx2N <= 161145:
            :...RATIO_BEST_2Nx2N <= 0.612089: 0 (58.2)
                RATIO_BEST_2Nx2N > 0.612089:
                :...BITS <= 5:
                    :...dQP = 2: 0 (0)
                    :   dQP = 4: 0 (100.6/3.7)
                    :   dQP = 1:
                    :   :...SAD <= 1683: 1 (8.7/2.2)
                    :   :   SAD > 1683: 0 (22.2)
                    :   dQP = 3:
                    :   :...COLOC_SPLIT = 0: 0 (27.6)
                    :       COLOC_SPLIT = 2: 1 (26.8/9.9)
                    :       COLOC_SPLIT = 1:
                    :       :...FME = 0: 0 (23.8/8.9)
                    :           FME = 1: 1 (9.6/2.7)
                    :           FME = 2: 0 (7.4)
                    BITS > 5:
                    :...dQP = 2: 0 (0)
                        dQP = 3:
                        :...RATIO_BEST-MSM > 1.00643: 0 (16.6)
                        :   RATIO_BEST-MSM <= 1.00643:
                        :   :...SSE <= 90668: 0 (58.2/9.6)
                        :       SSE > 90668: 1 (19.5/5.1)
                        dQP = 4:
                        :...DISTORTION > 65692: 0 (29.7/6.9)
                        :   DISTORTION <= 65692:
                        :   :...SAD > 6327: 0 (2.6)
                        :       SAD <= 6327:
                        :       :...DISTORTION <= 37697: 0 (2.6)
                        :           DISTORTION > 37697: 1 (44.4/7.3)
                        dQP = 1:
                        :...AVG_NEIGH_DEPTH <= 1.294:
                            :...SAD <= 2270: 1 (10.9/3.6)
                            :   SAD > 2270: 0 (50.6)
                            AVG_NEIGH_DEPTH > 1.294:
                            :...MVP_IDX = 0: 1 (6.5/1.6)
                                MVP_IDX = 1: 0 (6)
                                MVP_IDX = -1:
                                :...BITS > 17: 0 (9.8)
                                    BITS <= 17:
                                    :...COST_2Nx2N <= 14823.8: 0 (5.6)
                                        COST_2Nx2N > 14823.8:
                                        :...RATIO_BEST-MSM <= 0.648888: 0 (5.4)
                                            RATIO_BEST-MSM > 0.648888:
                                            :...MV_MOD_INT <= 8.48528: 1 (30.1/2.4)
                                                MV_MOD_INT > 8.48528: 0 (11.8/4.8)

-----  Trial 4:  -----

Decision tree:

TU_DEPTH = 2:
:...BEST_COST <= 131786: 0 (27.3/12.2)
:   BEST_COST > 131786: 1 (30.3)
TU_DEPTH = 1:
:...BITS > 132: 1 (43.9)
:   BITS <= 132:
:   :...SSE > 490004: 1 (18.8)
:       SSE <= 490004:
:       :...NON-Z-COEFF > 23: 0 (4.8)
:           NON-Z-COEFF <= 23:
:           :...RATIO_BEST-MSM > 0.932767: 1 (22.2)
:               RATIO_BEST-MSM <= 0.932767:
:               :...NON-Z-COEFF <= 3: 0 (26.7/7.7)
:                   NON-Z-COEFF > 3: 1 (9.9)
TU_DEPTH = 0:
:...COST_2Nx2N > 215071:
    :...BEST_COST > 574076: 1 (18.7)
    :   BEST_COST <= 574076:
    :   :...SAD > 11302: 0 (27.6/2.6)
    :       SAD <= 11302:
    :       :...INTER_DIR = 0: 1 (1.7)
    :           INTER_DIR = 2: 0 (26.5/10.4)
    :           INTER_DIR = 3:
    :           :...DISTORTION <= 472315: 1 (101.8/23.8)
    :           :   DISTORTION > 472315: 0 (6.4)
    :           INTER_DIR = 1:
    :           :...NON-Z-COEFF > 4: 0 (8.5)
    :               NON-Z-COEFF <= 4:
    :               :...SAD <= 7052: 1 (22.6/0.8)
    :                   SAD > 7052: 0 (21.3/5.7)
    COST_2Nx2N <= 215071:
    :...RATIO_BEST_2Nx2N <= 0.72622:
        :...BITS <= 5: 0 (101.1)
        :   BITS > 5:
        :   :...COLOC_SPLIT = 0: 0 (36/0.4)
        :       COLOC_SPLIT = 2: 0 (10/1.9)
        :       COLOC_SPLIT = 1:
        :       :...RATIO_2Nx2N-MSM <= 1.35908: 0 (21.3/1.3)
        :           RATIO_2Nx2N-MSM > 1.35908: 1 (25.4/8.5)
        RATIO_BEST_2Nx2N > 0.72622:
        :...AVG_NEIGH_DEPTH <= 1.57368:
            :...MVD_MOD_FRAC = 1.06066: 0 (0)
            :   MVD_MOD_FRAC = 0.25: 0 (14.4/1.9)
            :   MVD_MOD_FRAC = 0.353553: 0 (0.4)
            :   MVD_MOD_FRAC = 0.5: 0 (12.5/5.4)
            :   MVD_MOD_FRAC = 0.559017: 0 (8)
            :   MVD_MOD_FRAC = 0.707107: 0 (3.5)
            :   MVD_MOD_FRAC = 0.75: 0 (16.9)
            :   MVD_MOD_FRAC = 0.790569: 0 (5.8)
            :   MVD_MOD_FRAC = 0.901388: 0 (3.9)
            :   MVD_MOD_FRAC = 0:
            :   :...RATIO_2Nx2N-MSM > 0.946116: 0 (288.4/66.1)
            :       RATIO_2Nx2N-MSM <= 0.946116:
            :       :...COST_2Nx2N > 162933: 0 (7)
            :           COST_2Nx2N <= 162933:
            :           :...RATIO_BEST-MSM <= 0.550871: 0 (6.3)
            :               RATIO_BEST-MSM > 0.550871:
            :               :...BITS <= 10: 0 (3.8)
            :                   BITS > 10:
            :                   :...REF_IDX = -1: 1 (22.2/2)
            :                       REF_IDX = 0: 1 (17.6/4.1)
            :                       REF_IDX = 1: 0 (2.6)
            AVG_NEIGH_DEPTH > 1.57368:
            :...BITS <= 2: 0 (25.6/1.7)
                BITS > 2:
                :...MVD_MOD_INT > 7.2111: 0 (25.4/4.4)
                    MVD_MOD_INT <= 7.2111:
                    :...MVD_MOD_INT > 2: 1 (28.4/1.3)
                        MVD_MOD_INT <= 2:
                        :...MVD_MOD_FRAC in {0.353553,0.707107,
                            :                0.901388}: 1 (0)
                            MVD_MOD_FRAC = 0.25: 1 (3.4/1.7)
                            MVD_MOD_FRAC = 0.5: 1 (9.8/4.8)
                            MVD_MOD_FRAC = 0.559017: 1 (1.7)
                            MVD_MOD_FRAC = 0.75: 0 (9.8/0.4)
                            MVD_MOD_FRAC = 0.790569: 1 (6.5)
                            MVD_MOD_FRAC = 1.06066: 0 (0.4)
                            MVD_MOD_FRAC = 0:
                            :...PU_SIZE = 1: 1 (18.6/4.7)
                                PU_SIZE = 2: 1 (11.1/0.4)
                                PU_SIZE = 4: 1 (8.2)
                                PU_SIZE = 5: 0 (7.9/0.4)
                                PU_SIZE = 6: 1 (3/1.3)
                                PU_SIZE = 7: 1 (7.8/3.5)
                                PU_SIZE = 0:
                                :...DISTORTION <= 33063: 0 (35/2.7)
                                    DISTORTION > 33063:
                                    :...COST_MSM > 159929: 0 (6.9)
                                        COST_MSM <= 159929:
                                        :...MV_MOD_INT > 9: 0 (11/1.3)
                                            MV_MOD_INT <= 9:
                                            :...FME = 1: 1 (4/0.4)
                                                FME = 2: 0 (20.9/9)
                                                FME = 0:
                                                :...COST_MSM > 98356.7: 1 (16.8/0.4)
                                                    COST_MSM <= 98356.7: [S1]

SubTree [S1]

DISTORTION > 64050: 0 (19/3.8)
DISTORTION <= 64050:
:...AVG_NEIGH_DEPTH <= 1.70574: 0 (3.4)
    AVG_NEIGH_DEPTH > 1.70574:
    :...RATIO_BEST-MSM <= 1.02637: 1 (31.2/1.5)
        RATIO_BEST-MSM > 1.02637: 0 (9.9/4.3)

-----  Trial 5:  -----

Decision tree:

TU_DEPTH = 1: 1 (118.1/18.9)
TU_DEPTH = 2:
:...MVD_MOD_INT > 39: 0 (10.7/3.8)
:   MVD_MOD_INT <= 39:
:   :...DISTORTION <= 33063: 0 (6.9/1.7)
:       DISTORTION > 33063: 1 (64.5)
TU_DEPTH = 0:
:...BEST_COST <= 9937.85: 0 (48.9)
    BEST_COST > 9937.85:
    :...RATIO_2Nx2N-MSM > 1.39197:
        :...PU_SIZE in {2,5}: 0 (0)
        :   PU_SIZE = 1: 0 (1)
        :   PU_SIZE = 4: 0 (1.7)
        :   PU_SIZE = 6: 1 (2.9)
        :   PU_SIZE = 7: 0 (3.1)
        :   PU_SIZE = 0:
        :   :...REF_IDX = -1: 0 (15.9)
        :       REF_IDX = 1: 1 (3.8/0.9)
        :       REF_IDX = 0:
        :       :...BITS <= 3: 0 (46.7)
        :           BITS > 3:
        :           :...AVG_NEIGH_DEPTH <= 0.714462: 1 (10.2/3.6)
        :               AVG_NEIGH_DEPTH > 0.714462: 0 (23.2)
        RATIO_2Nx2N-MSM <= 1.39197:
        :...SSE > 535157: 1 (26.2/2.3)
            SSE <= 535157:
            :...AVG_NEIGH_DEPTH <= 0.554656:
                :...PRED_MODE = 0: 0 (19.3)
                :   PRED_MODE = 1: 1 (19/7.8)
                :   PRED_MODE = 2: 0 (22.3)
                :   PRED_MODE = 3: 0 (2.4)
                AVG_NEIGH_DEPTH > 0.554656:
                :...BITS <= 31:
                    :...MVD_MOD_FRAC = 0.25: 0 (22.3/3.6)
                    :   MVD_MOD_FRAC = 0.353553: 1 (2.9)
                    :   MVD_MOD_FRAC = 0.5: 0 (22/4.8)
                    :   MVD_MOD_FRAC = 0.559017: 0 (10/3.7)
                    :   MVD_MOD_FRAC = 0.707107: 1 (1.5)
                    :   MVD_MOD_FRAC = 0.790569: 0 (15.3/6.6)
                    :   MVD_MOD_FRAC = 0.901388: 0 (3.1)
                    :   MVD_MOD_FRAC = 1.06066: 0 (6)
                    :   MVD_MOD_FRAC = 0.75:
                    :   :...MVD_MOD_INT <= 2: 0 (25.2)
                    :   :   MVD_MOD_INT > 2: 1 (9.6/2.3)
                    :   MVD_MOD_FRAC = 0:
                    :   :...PU_SIZE = 4: 1 (14.6/6.5)
                    :       PU_SIZE = 5: 0 (9.6/1)
                    :       PU_SIZE = 6: 0 (23.2/9.3)
                    :       PU_SIZE = 1:
                    :       :...SSE <= 66224: 1 (19.4)
                    :       :   SSE > 66224: 0 (28.1/11.1)
                    :       PU_SIZE = 2:
                    :       :...SAD <= 4004: 0 (7.5)
                    :       :   SAD > 4004:
                    :       :   :...MVP_IDX = 0: 1 (0)
                    :       :       MVP_IDX = -1: 1 (28.4/8.4)
                    :       :       MVP_IDX = 1: 0 (5.4/0.3)
                    :       PU_SIZE = 7:
                    :       :...AVG_NEIGH_DEPTH > 1.7755: 0 (6.9)
                    :       :   AVG_NEIGH_DEPTH <= 1.7755:
                    :       :   :...BITS <= 11: 0 (3.8)
                    :       :       BITS > 11: 1 (37.4/8.7)
                    :       PU_SIZE = 0:
                    :       :...RATIO_BEST-MSM <= 1.00516:
                    :           :...SAD <= 2055: 1 (12/0.9)
                    :           :   SAD > 2055:
                    :           :   :...NON-Z-COEFF <= 25: 0 (201.4/53.3)
                    :           :       NON-Z-COEFF > 25: 1 (15.2/4.6)
                    :           RATIO_BEST-MSM > 1.00516:
                    :           :...RATIO_2Nx2N-MSM <= 1.15834: 1 (84.8/17.7)
                    :               RATIO_2Nx2N-MSM > 1.15834:
                    :               :...AVG_NEIGH_DEPTH <= 2.08605: 0 (62.1/15.2)
                    :                   AVG_NEIGH_DEPTH > 2.08605: 1 (6.9/1.3)
                    BITS > 31:
                    :...PREDMV_MOD_FRAC = 0.25: 0 (8.1/0.6)
                        PREDMV_MOD_FRAC = 0.353553: 1 (12.1/3.7)
                        PREDMV_MOD_FRAC = 0.5: 1 (35.7/8.5)
                        PREDMV_MOD_FRAC = 0.559017: 0 (20.9/7.9)
                        PREDMV_MOD_FRAC = 0.707107: 1 (9.9/0.9)
                        PREDMV_MOD_FRAC = 0.75: 1 (6.3)
                        PREDMV_MOD_FRAC = 0.790569: 0 (6.1/1.9)
                        PREDMV_MOD_FRAC = 0.901388: 1 (2.8)
                        PREDMV_MOD_FRAC = 1.06066: 1 (5.9/2.6)
                        PREDMV_MOD_FRAC = 0:
                        :...MV_MOD_FRAC in {0.559017,0.790569,
                            :               1.06066}: 1 (0)
                            MV_MOD_FRAC = 0.25: 0 (4.4)
                            MV_MOD_FRAC = 0.353553: 0 (2.8)
                            MV_MOD_FRAC = 0.5: 1 (3.5)
                            MV_MOD_FRAC = 0.707107: 0 (0.3)
                            MV_MOD_FRAC = 0.75: 0 (6.3/2.6)
                            MV_MOD_FRAC = 0.901388: 1 (1.7)
                            MV_MOD_FRAC = 0:
                            :...DISTORTION > 260133: 1 (14.2)
                                DISTORTION <= 260133:
                                :...AVG_NEIGH_DEPTH <= 1.27278: 0 (28.8/6.5)
                                    AVG_NEIGH_DEPTH > 1.27278:
                                    :...SAD <= 10896: 1 (43.2/7.6)
                                        SAD > 10896: 0 (7.1/1)

-----  Trial 6:  -----

Decision tree:

RATIO_2Nx2N-MSM > 1.39197: 0 (120.6/10)
RATIO_2Nx2N-MSM <= 1.39197:
:...DISTORTION <= 8127: 0 (34.8)
    DISTORTION > 8127:
    :...SSE > 594258: 1 (33.9)
        SSE <= 594258:
        :...BITS > 89:
            :...FME = 1: 1 (12.6/5.5)
            :   FME = 2: 1 (59.1/4.1)
            :   FME = 0:
            :   :...DISTORTION <= 33063: 0 (4.2)
            :       DISTORTION > 33063:
            :       :...RATIO_2Nx2N-MSM <= 1.11647: 1 (44.3/2.6)
            :           RATIO_2Nx2N-MSM > 1.11647: 0 (2.3/0.5)
            BITS <= 89:
            :...TU_DEPTH = 2: 1 (12.3)
                TU_DEPTH = 1:
                :...MVD_MOD_INT > 8.24621: 1 (5.3)
                :   MVD_MOD_INT <= 8.24621:
                :   :...RATIO_BEST-MSM <= 0.932767: 0 (27.9/4.3)
                :       RATIO_BEST-MSM > 0.932767: 1 (14.5/2.2)
                TU_DEPTH = 0:
                :...AVG_NEIGH_DEPTH <= 0.554656: 0 (63.6/9)
                    AVG_NEIGH_DEPTH > 0.554656:
                    :...BEST_COST > 301517:
                        :...REF_IDX = -1: 1 (16.9)
                        :   REF_IDX = 1: 0 (4.8/0.2)
                        :   REF_IDX = 0:
                        :   :...SAD <= 8509: 1 (23.5)
                        :       SAD > 8509:
                        :       :...AVG_NEIGH_DEPTH > 1.75321: 1 (15.2)
                        :           AVG_NEIGH_DEPTH <= 1.75321:
                        :           :...AVG_NEIGH_DEPTH <= 1.05956: 1 (10.3)
                        :               AVG_NEIGH_DEPTH > 1.05956:
                        :               :...SAD <= 11727: 0 (22.2/0.2)
                        :                   SAD > 11727: 1 (12/3.7)
                        BEST_COST <= 301517:
                        :...RATIO_2Nx2N-MSM > 1.33947:
                            :...MV_MOD_INT <= 3.16228: 1 (29.2/3.8)
                            :   MV_MOD_INT > 3.16228: 0 (2.3)
                            RATIO_2Nx2N-MSM <= 1.33947:
                            :...MVD_MOD_FRAC = 0.353553: 1 (5.2/1.8)
                                MVD_MOD_FRAC = 0.559017: 1 (12.6/5.1)
                                MVD_MOD_FRAC = 0.707107: 1 (6.4/2.5)
                                MVD_MOD_FRAC = 0.790569: 1 (23.6/11.5)
                                MVD_MOD_FRAC = 0.901388: 0 (6.3)
                                MVD_MOD_FRAC = 1.06066: 0 (4.8)
                                MVD_MOD_FRAC = 0.25:
                                :...NON-Z-COEFF <= 8: 0 (29.6/7.1)
                                :   NON-Z-COEFF > 8: 1 (2)
                                MVD_MOD_FRAC = 0.5:
                                :...BITS <= 24: 0 (13.9)
                                :   BITS > 24: 1 (21.1/4.6)
                                MVD_MOD_FRAC = 0.75:
                                :...BITS <= 42: 0 (29.4/5.9)
                                :   BITS > 42: 1 (4.9)
                                MVD_MOD_FRAC = 0:
                                :...DISTORTION <= 87076:
                                    :...PU_SIZE = 2: 0 (22/3.9)
                                    :   PU_SIZE = 4: 0 (15.4/7.6)
                                    :   PU_SIZE = 5: 0 (7.3/1.4)
                                    :   PU_SIZE = 6: 0 (10.4/2.7)
                                    :   PU_SIZE = 7: 0 (21.3/5.4)
                                    :   PU_SIZE = 1:
                                    :   :...RATIO_BEST_2Nx2N <= 0.837004: 1 (18.9)
                                    :   :   RATIO_BEST_2Nx2N > 0.837004: 0 (20.8/7.7)
                                    :   PU_SIZE = 0:
                                    :   :...RATIO_BEST-MSM > 1.02277: 0 (32.8/6.3)
                                    :       RATIO_BEST-MSM <= 1.02277:
                                    :       :...CTX_SPLIT = 6: 0 (0)
                                    :           CTX_SPLIT = 2: 1 (32.3/15.1)
                                    :           CTX_SPLIT = 3: 0 (33.8/4.1)
                                    :           CTX_SPLIT = 4: 1 (23/9.5)
                                    :           CTX_SPLIT = 5: 0 (16.2/3.5)
                                    :           CTX_SPLIT = 0:
                                    :           :...SAD <= 1649: 1 (6.3)
                                    :           :   SAD > 1649: [S1]
                                    :           CTX_SPLIT = 1:
                                    :           :...NON-Z-COEFF > 31: 1 (4.5)
                                    :               NON-Z-COEFF <= 31:
                                    :               :...SAD <= 3731: 1 (27.2/11.8)
                                    :                   SAD > 3731: 0 (16.6)
                                    DISTORTION > 87076:
                                    :...RATIO_BEST_2Nx2N > 0.999467: 0 (14.9)
                                        RATIO_BEST_2Nx2N <= 0.999467:
                                        :...COST_2Nx2N > 313106: 0 (12.7/1.1)
                                            COST_2Nx2N <= 313106:
                                            :...CTX_SPLIT = 0: 0 (9.4/4)
                                                CTX_SPLIT = 5: 1 (8.6/3.1)
                                                CTX_SPLIT = 6: 1 (9.2/2.6)
                                                CTX_SPLIT = 3: [S2]
                                                CTX_SPLIT = 1:
                                                :...MVP_IDX = 0: 0 (0)
                                                :   MVP_IDX = 1: 1 (2.6)
                                                :   MVP_IDX = -1:
                                                :   :...COST_MSM <= 155694: 1 (17.2/7.7)
                                                :       COST_MSM > 155694: 0 (17.4)
                                                CTX_SPLIT = 4:
                                                :...SSE <= 88483: 0 (4.8)
                                                :   SSE > 88483: [S3]
                                                CTX_SPLIT = 2:
                                                :...MV_MOD_INT > 3.16228: 0 (8.7/1.2)
                                                    MV_MOD_INT <= 3.16228: [S4]

SubTree [S1]

RATIO_2Nx2N-MSM <= 0.906262: 1 (6.1/2)
RATIO_2Nx2N-MSM > 0.906262: 0 (44.2/2.6)

SubTree [S2]

RATIO_2Nx2N-MSM <= 0.916159: 0 (6/2)
RATIO_2Nx2N-MSM > 0.916159: 1 (51.9/4.5)

SubTree [S3]

RATIO_BEST-MSM <= 1.01184: 1 (30.1/2.5)
RATIO_BEST-MSM > 1.01184: 0 (2.3)

SubTree [S4]

NON-Z-COEFF > 2: 1 (11.4/0.8)
NON-Z-COEFF <= 2:
:...SAD <= 4979: 1 (16.8/1.1)
    SAD > 4979: 0 (37/10.2)

-----  Trial 7:  -----

Decision tree:

BITS > 46:
:...BITS > 138: 1 (65.7)
:   BITS <= 138:
:   :...DISTORTION > 378941: 1 (18.3)
:       DISTORTION <= 378941:
:       :...AVG_NEIGH_DEPTH > 1.89881: 1 (62.5/9)
:           AVG_NEIGH_DEPTH <= 1.89881:
:           :...AVG_NEIGH_DEPTH > 1.75086: 0 (24.5/2)
:               AVG_NEIGH_DEPTH <= 1.75086:
:               :...RATIO_BEST_2Nx2N <= 0.780725: 1 (16.6)
:                   RATIO_BEST_2Nx2N > 0.780725:
:                   :...FME = 1: 0 (4.6/0.9)
:                       FME = 2: 0 (29.5/9.5)
:                       FME = 0:
:                       :...MVD_MOD_INT <= 16.5529: 1 (31.9/5.3)
:                           MVD_MOD_INT > 16.5529: 0 (3)
BITS <= 46:
:...BEST_COST > 298194:
    :...COLOC_SPLIT = 0: 1 (0)
    :   COLOC_SPLIT = 1: 0 (3.2)
    :   COLOC_SPLIT = 2:
    :   :...AVG_NEIGH_DEPTH > 1.57368: 1 (25)
    :       AVG_NEIGH_DEPTH <= 1.57368:
    :       :...BITS > 38: 1 (16.9)
    :           BITS <= 38:
    :           :...MVP_IDX = -1: 1 (22.7/4.4)
    :               MVP_IDX = 0: 0 (10.2/2.1)
    :               MVP_IDX = 1: 0 (12.3/1.2)
    BEST_COST <= 298194:
    :...SSE <= 7058: 0 (35.6)
        SSE > 7058:
        :...PU_SIZE = 4: 1 (25.8/12.7)
            PU_SIZE = 5: 0 (24.5/10)
            PU_SIZE = 1:
            :...SAD <= 3429: 1 (19.4)
            :   SAD > 3429: 0 (41/13.9)
            PU_SIZE = 2:
            :...RATIO_BEST_2Nx2N > 0.84382: 0 (32.2/7.4)
            :   RATIO_BEST_2Nx2N <= 0.84382:
            :   :...RATIO_BEST_2Nx2N <= 0.751168: 0 (16.9/3.8)
            :       RATIO_BEST_2Nx2N > 0.751168: 1 (20.8)
            PU_SIZE = 6:
            :...INTER_DIR = 0: 1 (0)
            :   INTER_DIR = 2: 0 (1.2)
            :   INTER_DIR = 3: 0 (7.5)
            :   INTER_DIR = 1:
            :   :...AVG_NEIGH_DEPTH <= 1.8535: 1 (28.6/4.7)
            :       AVG_NEIGH_DEPTH > 1.8535: 0 (3.5)
            PU_SIZE = 7:
            :...MVD_MOD_INT > 5.09902: 0 (6.7)
            :   MVD_MOD_INT <= 5.09902:
            :   :...AVG_NEIGH_DEPTH > 1.8079: 0 (7.9)
            :       AVG_NEIGH_DEPTH <= 1.8079:
            :       :...PRED_MODE in {0,3}: 1 (0)
            :           PRED_MODE = 2: 0 (2.3/0.2)
            :           PRED_MODE = 1:
            :           :...NON-Z-COEFF <= 23: 1 (44.3/12.4)
            :               NON-Z-COEFF > 23: 0 (2.1)
            PU_SIZE = 0:
            :...MVD_MOD_FRAC = 0.25: 0 (10.9)
                MVD_MOD_FRAC = 0.353553: 1 (1)
                MVD_MOD_FRAC = 0.5: 0 (16.1/6.7)
                MVD_MOD_FRAC = 0.559017: 0 (13.3/2.8)
                MVD_MOD_FRAC = 0.707107: 0 (1.7)
                MVD_MOD_FRAC = 0.75: 0 (15.5/7.7)
                MVD_MOD_FRAC = 0.790569: 0 (15.1/2.1)
                MVD_MOD_FRAC = 0.901388: 0 (2)
                MVD_MOD_FRAC = 1.06066: 0 (1.4)
                MVD_MOD_FRAC = 0:
                :...MV_MOD_FRAC = 0.353553: 0 (6.8)
                    MV_MOD_FRAC = 0.5: 0 (29.7/9.4)
                    MV_MOD_FRAC = 0.559017: 0 (17/5.7)
                    MV_MOD_FRAC = 0.707107: 1 (16.3/6.9)
                    MV_MOD_FRAC = 0.790569: 0 (18.2)
                    MV_MOD_FRAC = 0.901388: 0 (7.3)
                    MV_MOD_FRAC = 1.06066: 1 (11.6/3.3)
                    MV_MOD_FRAC = 0.75:
                    :...SAD <= 5249: 0 (27.5)
                    :   SAD > 5249: 1 (11.6/2.4)
                    MV_MOD_FRAC = 0.25:
                    :...MVP_IDX = 0: 0 (0)
                    :   MVP_IDX = 1: 1 (2.2)
                    :   MVP_IDX = -1:
                    :   :...COST_2Nx2N <= 180404: 0 (31.4/4.9)
                    :       COST_2Nx2N > 180404: 1 (5.9)
                    MV_MOD_FRAC = 0:
                    :...TU_DEPTH = 1: 0 (14.2/2.7)
                        TU_DEPTH = 2: 1 (2.3)
                        TU_DEPTH = 0:
                        :...MVP_IDX = 0: 0 (13.2/2.1)
                            MVP_IDX = 1: 0 (7.2)
                            MVP_IDX = -1:
                            :...COLOC_SPLIT = 0:
                                :...RATIO_BEST_2Nx2N > 0.989175: 1 (28.3/11.1)
                                :   RATIO_BEST_2Nx2N <= 0.989175:
                                :   :...SAD <= 12836: 0 (115.8/12.2)
                                :       SAD > 12836: 1 (6.2/2)
                                COLOC_SPLIT = 2:
                                :...RATIO_BEST_2Nx2N <= 0.81836: 0 (13.9)
                                :   RATIO_BEST_2Nx2N > 0.81836:
                                :   :...RATIO_BEST_2Nx2N > 0.931684: 0 (19.4/2.1)
                                :       RATIO_BEST_2Nx2N <= 0.931684:
                                :       :...BITS <= 6: 1 (35.9/3.9)
                                :           BITS > 6: 0 (5.8/0.9)
                                COLOC_SPLIT = 1:
                                :...BITS > 16: 1 (29.6/9.9)
                                    BITS <= 16:
                                    :...PRED_MODE = 1: 0 (3.5)
                                        PRED_MODE = 2: 0 (11.4)
                                        PRED_MODE = 3: 0 (6.6/3.3)
                                        PRED_MODE = 0:
                                        :...SAD > 8168: 1 (7)
                                            SAD <= 8168:
                                            :...BEST_COST > 68441.4: 0 (47.4)
                                                BEST_COST <= 68441.4:
                                                :...NON-Z-COEFF > 32: 1 (3.6)
                                                    NON-Z-COEFF <= 32:
                                                    :...BITS <= 2: 0 (16.5)
                                                        BITS > 2: [S1]

SubTree [S1]

RATIO_BEST_2Nx2N <= 0.804407: 1 (18.7/5.5)
RATIO_BEST_2Nx2N > 0.804407: 0 (14.8/1)

-----  Trial 8:  -----

Decision tree:

TU_DEPTH = 2:
:...COST_2Nx2N <= 58035.6: 0 (3.5/0.9)
:   COST_2Nx2N > 58035.6: 1 (46.8)
TU_DEPTH = 1:
:...NON-Z-COEFF > 26: 0 (9.5/1.6)
:   NON-Z-COEFF <= 26:
:   :...NON-Z-COEFF > 3: 1 (26.3)
:       NON-Z-COEFF <= 3:
:       :...MVP_IDX = 0: 1 (23/1.6)
:           MVP_IDX = 1: 0 (18.4/7.4)
:           MVP_IDX = -1:
:           :...RATIO_BEST_2Nx2N <= 0.908745: 0 (20.7/8.8)
:               RATIO_BEST_2Nx2N > 0.908745: 1 (15.1)
TU_DEPTH = 0:
:...RATIO_2Nx2N-MSM > 1.39197:
    :...COST_2Nx2N <= 189929: 0 (108.1/6.9)
    :   COST_2Nx2N > 189929: 1 (9/3.3)
    RATIO_2Nx2N-MSM <= 1.39197:
    :...COST_MSM > 382657:
        :...AVG_NEIGH_DEPTH > 1.8764: 1 (19.1)
        :   AVG_NEIGH_DEPTH <= 1.8764:
        :   :...BITS > 61: 0 (5.7)
        :       BITS <= 61:
        :       :...PRED_MODE = 3: 1 (0)
        :           PRED_MODE = 0: 0 (7.3/1.9)
        :           PRED_MODE = 2: 1 (2.4)
        :           PRED_MODE = 1:
        :           :...RATIO_BEST-MSM <= 0.303193: 0 (4.1)
        :               RATIO_BEST-MSM > 0.303193:
        :               :...FME = 0: 1 (21.1/2.7)
        :                   FME = 1: 1 (4.4/1.4)
        :                   FME = 2:
        :                   :...SAD <= 8332: 1 (14.9)
        :                       SAD > 8332:
        :                       :...BITS <= 38: 0 (20.4/3.8)
        :                           BITS > 38: 1 (15.3/2.6)
        COST_MSM <= 382657:
        :...PU_SIZE = 4:
            :...AVG_NEIGH_DEPTH <= 1.5614: 0 (29.6/3.9)
            :   AVG_NEIGH_DEPTH > 1.5614: 1 (10.3)
            PU_SIZE = 5:
            :...RATIO_BEST-MSM <= 0.808373: 1 (28.2/4.5)
            :   RATIO_BEST-MSM > 0.808373: 0 (7)
            PU_SIZE = 6:
            :...RATIO_BEST_2Nx2N <= 0.957513: 0 (27/7.9)
            :   RATIO_BEST_2Nx2N > 0.957513: 1 (12.6/0.7)
            PU_SIZE = 7:
            :...RATIO_2Nx2N-MSM > 1.10012: 1 (7.1)
            :   RATIO_2Nx2N-MSM <= 1.10012:
            :   :...SAD <= 7340: 0 (51.8/11.9)
            :       SAD > 7340: 1 (8.2)
            PU_SIZE = 1:
            :...RATIO_BEST_2Nx2N > 0.971668: 0 (5.7)
            :   RATIO_BEST_2Nx2N <= 0.971668:
            :   :...COST_2Nx2N > 260416: 0 (3.6)
            :       COST_2Nx2N <= 260416:
            :       :...AVG_NEIGH_DEPTH <= 2.11852: 1 (52.9/9.7)
            :           AVG_NEIGH_DEPTH > 2.11852: 0 (3.3)
            PU_SIZE = 2:
            :...MVD_MOD_INT > 15: 0 (4.8)
            :   MVD_MOD_INT <= 15:
            :   :...RATIO_BEST_2Nx2N > 0.967342: 0 (6.8/0.2)
            :       RATIO_BEST_2Nx2N <= 0.967342:
            :       :...BEST_COST <= 314439: 1 (62.8/20.7)
            :           BEST_COST > 314439: 0 (4.2)
            PU_SIZE = 0:
            :...MVD_MOD_FRAC = 0.707107: 0 (0)
                MVD_MOD_FRAC = 0.25: 0 (7)
                MVD_MOD_FRAC = 0.353553: 1 (0.8)
                MVD_MOD_FRAC = 0.5: 1 (17.5/6.3)
                MVD_MOD_FRAC = 0.559017: 0 (12.7/4.3)
                MVD_MOD_FRAC = 0.75: 1 (21.5/8.8)
                MVD_MOD_FRAC = 0.790569: 0 (14.9/3.6)
                MVD_MOD_FRAC = 0.901388: 0 (1.7/0.2)
                MVD_MOD_FRAC = 1.06066: 0 (2/0.9)
                MVD_MOD_FRAC = 0:
                :...MV_MOD_FRAC = 0.25: 0 (33.4/14.3)
                    MV_MOD_FRAC = 0.353553: 0 (2.3)
                    MV_MOD_FRAC = 0.5: 0 (28.2/13.9)
                    MV_MOD_FRAC = 0.559017: 1 (15.3/6.6)
                    MV_MOD_FRAC = 0.707107: 0 (22.9/5.8)
                    MV_MOD_FRAC = 0.790569: 0 (15.9)
                    MV_MOD_FRAC = 0.901388: 0 (4.7)
                    MV_MOD_FRAC = 1.06066: 1 (10.7/4.2)
                    MV_MOD_FRAC = 0.75:
                    :...RATIO_BEST_2Nx2N <= 0.768305: 1 (8.1/1.4)
                    :   RATIO_BEST_2Nx2N > 0.768305: 0 (25)
                    MV_MOD_FRAC = 0:
                    :...RATIO_BEST_2Nx2N <= 0.759854: 0 (43.8/2.9)
                        RATIO_BEST_2Nx2N > 0.759854:
                        :...BITS > 30:
                            :...RATIO_BEST-MSM <= 1.00068: 0 (29.1/10.1)
                            :   RATIO_BEST-MSM > 1.00068: 1 (15.8)
                            BITS <= 30:
                            :...NON-Z-COEFF > 5:
                                :...AVG_NEIGH_DEPTH <= 2.14205: 0 (51.7/2.9)
                                :   AVG_NEIGH_DEPTH > 2.14205: 1 (6.1/1.9)
                                NON-Z-COEFF <= 5:
                                :...CTX_SPLIT = 4: 0 (17.6/3.8)
                                    CTX_SPLIT = 5: 0 (18.3/5.9)
                                    CTX_SPLIT = 6: 1 (1.7)
                                    CTX_SPLIT = 1:
                                    :...COLOC_SPLIT = 2: 0 (0)
                                    :   COLOC_SPLIT = 0: 1 (10.4/3.9)
                                    :   COLOC_SPLIT = 1: 0 (40.4/8.6)
                                    CTX_SPLIT = 3:
                                    :...MV_MOD_INT <= 2: 1 (29/11.2)
                                    :   MV_MOD_INT > 2: 0 (5.8)
                                    CTX_SPLIT = 0:
                                    :...RATIO_2Nx2N-MSM > 1.24862: 1 (9.4/1.4)
                                    :   RATIO_2Nx2N-MSM <= 1.24862:
                                    :   :...SSE <= 114969: 0 (41.4)
                                    :       SSE > 114969: 1 (9.4/3.5)
                                    CTX_SPLIT = 2:
                                    :...MVD_MOD_INT > 19: 1 (3.6)
                                        MVD_MOD_INT <= 19:
                                        :...COST_MSM <= 66826: 0 (14)
                                            COST_MSM > 66826:
                                            :...RATIO_BEST_2Nx2N > 0.963987: 0 (6.8)
                                                RATIO_BEST_2Nx2N <= 0.963987:
                                                :...SSE <= 55176: 1 (14.5)
                                                    SSE > 55176: 0 (16.7/7.8)

-----  Trial 9:  -----

Decision tree:

BITS > 65:
:...BITS > 138: 1 (68.9)
:   BITS <= 138:
:   :...SAD <= 5231: 1 (27.6)
:       SAD > 5231:
:       :...CTX_SPLIT in {0,6}: 1 (0)
:           CTX_SPLIT = 1: 0 (8.9/0.2)
:           CTX_SPLIT = 2: 0 (22.2/11)
:           CTX_SPLIT = 3: 1 (20.1/2.3)
:           CTX_SPLIT = 4: 1 (16.6/3.6)
:           CTX_SPLIT = 5: 1 (20.7/1.1)
BITS <= 65:
:...RATIO_2Nx2N-MSM > 1.39197: 0 (96.4/8.8)
    RATIO_2Nx2N-MSM <= 1.39197:
    :...SSE > 171310:
        :...TU_DEPTH = 1: 1 (7.9)
        :   TU_DEPTH = 2: 1 (1.5)
        :   TU_DEPTH = 0:
        :   :...COLOC_SPLIT = 0: 0 (24.1/10)
        :       COLOC_SPLIT = 1: 0 (15.4/3.4)
        :       COLOC_SPLIT = 2:
        :       :...MVD_MOD_FRAC = 1.06066: 1 (0)
        :           MVD_MOD_FRAC = 0.25: 1 (17.9/8.5)
        :           MVD_MOD_FRAC = 0.353553: 1 (6)
        :           MVD_MOD_FRAC = 0.5: 1 (7/1.9)
        :           MVD_MOD_FRAC = 0.559017: 1 (8.2)
        :           MVD_MOD_FRAC = 0.707107: 1 (0.1)
        :           MVD_MOD_FRAC = 0.75: 0 (8.2/2.2)
        :           MVD_MOD_FRAC = 0.790569: 1 (2.3)
        :           MVD_MOD_FRAC = 0.901388: 1 (4.5/2)
        :           MVD_MOD_FRAC = 0:
        :           :...MVD_MOD_INT > 0: 0 (5.1/1)
        :               MVD_MOD_INT <= 0:
        :               :...AVG_NEIGH_DEPTH <= 0.912281: 0 (6.3/0.7)
        :                   AVG_NEIGH_DEPTH > 0.912281: 1 (71.7/15.7)
        SSE <= 171310:
        :...DISTORTION <= 8127: 0 (30.1)
            DISTORTION > 8127:
            :...CTX_SPLIT = 6: 1 (25.3/5.4)
                CTX_SPLIT = 5:
                :...DISTORTION <= 12205: 1 (11.6)
                :   DISTORTION > 12205:
                :   :...RATIO_2Nx2N-MSM > 1.30573: 1 (6.1)
                :       RATIO_2Nx2N-MSM <= 1.30573:
                :       :...NON-Z-COEFF <= 2: 0 (27/0.9)
                :           NON-Z-COEFF > 2: 1 (15.2/5.4)
                CTX_SPLIT = 0:
                :...TU_DEPTH = 2: 0 (0)
                :   TU_DEPTH = 1: 1 (5.2)
                :   TU_DEPTH = 0:
                :   :...MVD_MOD_FRAC in {0.353553,0.559017,0.707107,0.790569,
                :       :                1.06066}: 0 (0)
                :       MVD_MOD_FRAC = 0.25: 1 (5/1.1)
                :       MVD_MOD_FRAC = 0.5: 1 (3)
                :       MVD_MOD_FRAC = 0.75: 0 (5.3)
                :       MVD_MOD_FRAC = 0.901388: 0 (0.4)
                :       MVD_MOD_FRAC = 0:
                :       :...MV_MOD_FRAC in {0.353553,1.06066}: 0 (0)
                :           MV_MOD_FRAC = 0.25: 1 (6.2/0.4)
                :           MV_MOD_FRAC = 0.5: 0 (0.2)
                :           MV_MOD_FRAC = 0.559017: 0 (8.8)
                :           MV_MOD_FRAC = 0.707107: 1 (14/6.9)
                :           MV_MOD_FRAC = 0.75: 0 (3)
                :           MV_MOD_FRAC = 0.790569: 0 (1)
                :           MV_MOD_FRAC = 0.901388: 0 (0.2)
                :           MV_MOD_FRAC = 0:
                :           :...SAD <= 1649: 1 (7.8/1.3)
                :               SAD > 1649: 0 (67.7/4.7)
                CTX_SPLIT = 3:
                :...MVD_MOD_FRAC in {0.353553,0.901388,1.06066}: 0 (0)
                :   MVD_MOD_FRAC = 0.25: 0 (4.7)
                :   MVD_MOD_FRAC = 0.5: 0 (5.5)
                :   MVD_MOD_FRAC = 0.559017: 0 (1.5)
                :   MVD_MOD_FRAC = 0.707107: 0 (2.5)
                :   MVD_MOD_FRAC = 0.75: 1 (4.1/0.8)
                :   MVD_MOD_FRAC = 0.790569: 0 (4.7)
                :   MVD_MOD_FRAC = 0:
                :   :...DISTORTION <= 83004:
                :       :...RATIO_BEST-MSM <= 1.02966: 0 (60.1/5.6)
                :       :   RATIO_BEST-MSM > 1.02966: 1 (4.4/1.1)
                :       DISTORTION > 83004:
                :       :...TU_DEPTH = 2: 1 (0)
                :           TU_DEPTH = 1: 0 (2.4)
                :           TU_DEPTH = 0:
                :           :...RATIO_2Nx2N-MSM <= 0.658391: 0 (2.9)
                :               RATIO_2Nx2N-MSM > 0.658391:
                :               :...RATIO_BEST-MSM <= 1.01042: 1 (28.6/3.3)
                :                   RATIO_BEST-MSM > 1.01042: 0 (7.4/2)
                CTX_SPLIT = 4:
                :...MV_MOD_INT > 8.544: 0 (22.9)
                :   MV_MOD_INT <= 8.544:
                :   :...SAD <= 3845: 0 (19.2/4)
                :       SAD > 3845:
                :       :...RATIO_BEST-MSM > 1.03149: 0 (5.5)
                :           RATIO_BEST-MSM <= 1.03149:
                :           :...FME = 1: 1 (13.4)
                :               FME = 2: 1 (18.2/3.3)
                :               FME = 0:
                :               :...AVG_NEIGH_DEPTH > 2.22545: 1 (10.3)
                :                   AVG_NEIGH_DEPTH <= 2.22545:
                :                   :...MV_MOD_INT <= 2.23607: 0 (29.3/9.9)
                :                       MV_MOD_INT > 2.23607: 1 (11/2.4)
                CTX_SPLIT = 2:
                :...MVD_MOD_INT > 9.21954: 1 (11.7)
                :   MVD_MOD_INT <= 9.21954:
                :   :...SSE > 112397: 0 (26.6/0.4)
                :       SSE <= 112397:
                :       :...MVD_MOD_FRAC in {0.25,0.353553,0.559017,0.707107,
                :           :                0.790569,0.901388,
                :           :                1.06066}: 0 (0)
                :           MVD_MOD_FRAC = 0.5: 0 (4.5)
                :           MVD_MOD_FRAC = 0.75: 1 (4.3/1.9)
                :           MVD_MOD_FRAC = 0:
                :           :...PU_SIZE = 1: 1 (11.7/3.2)
                :               PU_SIZE = 2: 0 (13.9/3.5)
                :               PU_SIZE = 4: 1 (5.2)
                :               PU_SIZE = 5: 1 (4.4)
                :               PU_SIZE = 6: 1 (3.9/1.2)
                :               PU_SIZE = 7: 0 (7.7/3)
                :               PU_SIZE = 0:
                :               :...COST_2Nx2N > 160242: 1 (11.1/1.5)
                :                   COST_2Nx2N <= 160242:
                :                   :...SAD <= 2152: 1 (5.6)
                :                       SAD > 2152:
                :                       :...MV_MOD_INT > 0: 0 (25.8/0.4)
                :                           MV_MOD_INT <= 0:
                :                           :...DISTORTION <= 35398: 0 (10.1)
                :                               DISTORTION > 35398: 1 (25.6/11.6)
                CTX_SPLIT = 1:
                :...MVP_IDX = 0: 0 (25.7/4.3)
                    MVP_IDX = 1: 0 (29.7/13)
                    MVP_IDX = -1:
                    :...MV_MOD_INT > 8.06226: 0 (19.2)
                        MV_MOD_INT <= 8.06226:
                        :...RATIO_BEST-MSM <= 0.616592: 1 (6.7/0.1)
                            RATIO_BEST-MSM > 0.616592:
                            :...PU_SIZE = 1: 1 (6.8/2.8)
                                PU_SIZE = 2: 0 (13.4/5.7)
                                PU_SIZE = 4: 0 (2.9)
                                PU_SIZE = 5: 0 (3.5)
                                PU_SIZE = 6: 0 (2.7)
                                PU_SIZE = 7: 1 (11.4/4)
                                PU_SIZE = 0:
                                :...NON-Z-COEFF > 36: 1 (4.6/0.6)
                                    NON-Z-COEFF <= 36:
                                    :...FME = 1: 0 (1.9)
                                        FME = 2: 0 (15.7)
                                        FME = 0:
                                        :...DISTORTION <= 23756: 0 (14.8)
                                            DISTORTION > 23756:
                                            :...RATIO_BEST-MSM <= 0.845821: 0 (3.2)
                                                RATIO_BEST-MSM > 0.845821:
                                                :...BITS <= 17: 0 (36.5/8.8)
                                                    BITS > 17: 1 (8.7)


Evaluation on training data (1352 cases):

Trial	       Decision Tree       
-----	  -----------------------  
	  Size      Errors   Cost  

   0	    46  100( 7.4%)   0.07
   1	    44  190(14.1%)   0.14
   2	    62  154(11.4%)   0.11
   3	    66  134( 9.9%)   0.10
   4	    62  175(12.9%)   0.13
   5	    65  179(13.2%)   0.13
   6	    69  161(11.9%)   0.12
   7	    74  156(11.5%)   0.12
   8	    75  193(14.3%)   0.14
   9	    95  129( 9.5%)   0.10
boost	          6( 0.4%)   0.00   <<


	   (a)   (b)    <-classified as
	  ----  ----
	   888     1    (a): class 0
	     5   458    (b): class 1


	Attribute usage:

	    100%  BITS
	    100%  DISTORTION
	    100%  BEST_COST
	    100%  SSE
	    100%  RATIO_2Nx2N-MSM
	    100%  TU_DEPTH
	     89%  COST_2Nx2N
	     83%  RATIO_BEST_2Nx2N
	     75%  PU_SIZE
	     75%  MVD_MOD_FRAC
	     73%  SAD
	     69%  AVG_NEIGH_DEPTH
	     68%  COST_MSM
	     65%  COLOC_SPLIT
	     62%  CTX_SPLIT
	     57%  MV_MOD_FRAC
	     55%  MVP_IDX
	     54%  RATIO_BEST-MSM
	     54%  NON-Z-COEFF
	     48%  dQP
	     41%  MVD_MOD_INT
	     41%  FME
	     31%  MV_MOD_INT
	     28%  PRED_MODE
	     28%  REF_IDX
	     19%  PREDMV_MOD_FRAC
	     11%  INTER_DIR
	      9%  PREDMV_MOD_INT


Time: 0.2 secs
