
C5.0 [Release 2.07 GPL Edition]  	Thu Feb 16 09:46:21 2017
-------------------------------

    Options:
	Boosted classifiers
	Application `./ONLINE/BOOST/ChinaSpeed_d0_qp32'

Read 960 cases (28 attributes) from ./ONLINE/BOOST/ChinaSpeed_d0_qp32.data

-----  Trial 0:  -----

Decision tree:

BITS <= 10:
:...AVG_NEIGH_DEPTH <= 0.495994: 0 (187/3)
:   AVG_NEIGH_DEPTH > 0.495994:
:   :...COST_2Nx2N > 222654: 1 (8/1)
:       COST_2Nx2N <= 222654:
:       :...BITS <= 3: 0 (81/10)
:           BITS > 3:
:           :...NON-Z-COEFF > 17: 1 (4)
:               NON-Z-COEFF <= 17:
:               :...CTX_SPLIT = 0: 0 (0)
:                   CTX_SPLIT in {1,2,3}: 0 (24/2)
:                   CTX_SPLIT = 4:
:                   :...RATIO_BEST-MSM <= 1.01377: 1 (8/2)
:                   :   RATIO_BEST-MSM > 1.01377: 0 (3)
:                   CTX_SPLIT = 5:
:                   :...SSE <= 73746: 0 (4)
:                   :   SSE > 73746: 1 (2)
:                   CTX_SPLIT = 6:
:                   :...MV_MOD_INT <= 1.41421: 1 (6/1)
:                       MV_MOD_INT > 1.41421: 0 (2)
BITS > 10:
:...AVG_NEIGH_DEPTH <= 0.935897:
    :...RATIO_BEST_2Nx2N <= 0.773023:
    :   :...REF_IDX = -1: 0 (35/1)
    :   :   REF_IDX = 1: 1 (1)
    :   :   REF_IDX = 0:
    :   :   :...AVG_NEIGH_DEPTH <= 0.709677: 0 (5)
    :   :       AVG_NEIGH_DEPTH > 0.709677: 1 (5)
    :   RATIO_BEST_2Nx2N > 0.773023:
    :   :...PU_SIZE in {6,7}: 1 (7/2)
    :       PU_SIZE = 1:
    :       :...AVG_NEIGH_DEPTH <= 0.40625: 0 (7/2)
    :       :   AVG_NEIGH_DEPTH > 0.40625: 1 (20/3)
    :       PU_SIZE = 2:
    :       :...COLOC_SPLIT in {0,2}: 1 (11/2)
    :       :   COLOC_SPLIT = 1: 0 (9/3)
    :       PU_SIZE = 4:
    :       :...RATIO_BEST_2Nx2N <= 0.979248: 0 (5)
    :       :   RATIO_BEST_2Nx2N > 0.979248: 1 (2)
    :       PU_SIZE = 5:
    :       :...RATIO_BEST-MSM <= 0.92523: 1 (2)
    :       :   RATIO_BEST-MSM > 0.92523: 0 (3)
    :       PU_SIZE = 0:
    :       :...INTER_DIR = 1: 0 (11/1)
    :           INTER_DIR = 2: 1 (8/1)
    :           INTER_DIR = 3:
    :           :...RATIO_BEST-MSM <= 1.00386: 0 (33/11)
    :           :   RATIO_BEST-MSM > 1.00386: 1 (5)
    :           INTER_DIR = 0:
    :           :...CTX_SPLIT = 6: 1 (0)
    :               CTX_SPLIT in {0,3}: 0 (2)
    :               CTX_SPLIT = 5: 1 (2)
    :               CTX_SPLIT = 1:
    :               :...SSE <= 172822: 0 (3)
    :               :   SSE > 172822: 1 (2)
    :               CTX_SPLIT = 4:
    :               :...BITS <= 113: 0 (2)
    :               :   BITS > 113: 1 (2)
    :               CTX_SPLIT = 2:
    :               :...COLOC_SPLIT = 2: 1 (0)
    :                   COLOC_SPLIT = 0: 1 (3)
    :                   COLOC_SPLIT = 1:
    :                   :...BITS <= 70: 1 (2)
    :                       BITS > 70: 0 (2)
    AVG_NEIGH_DEPTH > 0.935897:
    :...COST_2Nx2N > 205434: 1 (264/5)
        COST_2Nx2N <= 205434:
        :...BITS > 210: 1 (34)
            BITS <= 210:
            :...PU_SIZE in {1,2,4,5}: 1 (61/6)
                PU_SIZE = 6: 0 (3)
                PU_SIZE = 7:
                :...COST_2Nx2N <= 97933.5: 1 (3)
                :   COST_2Nx2N > 97933.5: 0 (4)
                PU_SIZE = 0:
                :...PRED_MODE = 0: 1 (1)
                    PRED_MODE = 1: 0 (9/3)
                    PRED_MODE = 2:
                    :...NON-Z-COEFF > 13: 0 (3)
                    :   NON-Z-COEFF <= 13:
                    :   :...BITS <= 36: 0 (5/1)
                    :       BITS > 36:
                    :       :...RATIO_BEST_2Nx2N <= 0.739618: 0 (3)
                    :           RATIO_BEST_2Nx2N > 0.739618: 1 (30/4)
                    PRED_MODE = 3:
                    :...dQP = 2: 0 (0)
                        dQP = 3: 1 (3)
                        dQP = 4: 0 (1)
                        dQP = 1:
                        :...NON-Z-COEFF <= 1: 1 (5)
                            NON-Z-COEFF > 1:
                            :...BEST_COST <= 39945.2: 0 (10)
                                BEST_COST > 39945.2: 1 (3)

-----  Trial 1:  -----

Decision tree:

AVG_NEIGH_DEPTH <= 0.315789:
:...SAD <= 38423: 0 (132.5/7.3)
:   SAD > 38423: 1 (7.3/3.1)
AVG_NEIGH_DEPTH > 0.315789:
:...BITS > 210: 1 (136)
    BITS <= 210:
    :...DISTORTION > 278863: 1 (53.8/0.8)
        DISTORTION <= 278863:
        :...MVD_MOD_FRAC = 0.25: 1 (16.5/5.8)
            MVD_MOD_FRAC = 0.353553: 1 (2.3)
            MVD_MOD_FRAC = 0.5: 1 (17.4/0.8)
            MVD_MOD_FRAC = 0.707107: 0 (1.5/0.8)
            MVD_MOD_FRAC = 0.75: 1 (15.4/5.8)
            MVD_MOD_FRAC = 0.790569: 1 (3.1/0.8)
            MVD_MOD_FRAC = 0.901388: 0 (5.8/0.8)
            MVD_MOD_FRAC = 1.06066: 1 (1.5)
            MVD_MOD_FRAC = 0.559017:
            :...RATIO_BEST_2Nx2N <= 0.909461: 0 (14.3/1.5)
            :   RATIO_BEST_2Nx2N > 0.909461: 1 (12.3/0.8)
            MVD_MOD_FRAC = 0:
            :...dQP = 2: 0 (0)
                dQP = 1:
                :...SAD <= 4535: 1 (23.1/4.2)
                :   SAD > 4535:
                :   :...BEST_COST <= 13902.3: 0 (8.9/0.8)
                :       BEST_COST > 13902.3:
                :       :...COLOC_SPLIT = 2: 1 (0)
                :           COLOC_SPLIT = 0: 0 (8.4/3.1)
                :           COLOC_SPLIT = 1: 1 (66.2/22.3)
                dQP = 4:
                :...TU_DEPTH = 2: 1 (5)
                :   TU_DEPTH = 0:
                :   :...BEST_COST > 221186: 1 (13.8/0.8)
                :   :   BEST_COST <= 221186:
                :   :   :...PU_SIZE = 4: 0 (1.5/0.8)
                :   :       PU_SIZE = 5: 0 (6.1/3.1)
                :   :       PU_SIZE = 6: 0 (3.1/0.8)
                :   :       PU_SIZE = 7: 0 (3.8/1.5)
                :   :       PU_SIZE = 0:
                :   :       :...MV_MOD_FRAC in {0.353553,
                :   :       :   :               1.06066}: 0 (0)
                :   :       :   MV_MOD_FRAC = 0: 0 (93.1/23.1)
                :   :       :   MV_MOD_FRAC = 0.5: 0 (7.7/0.8)
                :   :       :   MV_MOD_FRAC = 0.559017: 0 (6.1/0.8)
                :   :       :   MV_MOD_FRAC = 0.707107: 0 (0.8)
                :   :       :   MV_MOD_FRAC = 0.75: 1 (8.1/3.8)
                :   :       :   MV_MOD_FRAC = 0.790569: 0 (5.4)
                :   :       :   MV_MOD_FRAC = 0.901388: 1 (4.2)
                :   :       :   MV_MOD_FRAC = 0.25:
                :   :       :   :...RATIO_BEST-MSM <= 1.00656: 0 (9.6)
                :   :       :       RATIO_BEST-MSM > 1.00656: 1 (11.6/1.5)
                :   :       PU_SIZE = 1:
                :   :       :...MV_MOD_INT > 9.21954: 0 (6.6)
                :   :       :   MV_MOD_INT <= 9.21954:
                :   :       :   :...BITS <= 43: 1 (17.3/0.8)
                :   :       :       BITS > 43: 0 (5/0.8)
                :   :       PU_SIZE = 2:
                :   :       :...NON-Z-COEFF > 5: 1 (5.4)
                :   :           NON-Z-COEFF <= 5:
                :   :           :...RATIO_BEST_2Nx2N <= 0.951116: 1 (15.4/6.6)
                :   :               RATIO_BEST_2Nx2N > 0.951116: 0 (14.3)
                :   TU_DEPTH = 1:
                :   :...AVG_NEIGH_DEPTH <= 0.366667: 1 (14.6/3.8)
                :       AVG_NEIGH_DEPTH > 0.366667:
                :       :...BITS > 117: 1 (3.8)
                :           BITS <= 117:
                :           :...REF_IDX = -1: 0 (13.5/3.1)
                :               REF_IDX = 1: 1 (0.8)
                :               REF_IDX = 0:
                :               :...COST_2Nx2N <= 127970: 1 (2.3)
                :                   COST_2Nx2N > 127970: 0 (29.7/2.3)
                dQP = 3:
                :...RATIO_2Nx2N-MSM > 1.22073: 0 (21.1/2.3)
                    RATIO_2Nx2N-MSM <= 1.22073:
                    :...RATIO_BEST-MSM > 1.007: 1 (18.1)
                        RATIO_BEST-MSM <= 1.007:
                        :...PU_SIZE = 1: 1 (8.4/1.5)
                            PU_SIZE = 2: 1 (14.2/0.8)
                            PU_SIZE = 4: 1 (2.3)
                            PU_SIZE = 5: 1 (0.8)
                            PU_SIZE = 6: 1 (0.8)
                            PU_SIZE = 7: 1 (2.3/0.8)
                            PU_SIZE = 0:
                            :...REF_IDX = 1: 1 (0)
                                REF_IDX = -1: 1 (18.8/3.8)
                                REF_IDX = 0:
                                :...TU_DEPTH = 2: 0 (0)
                                    TU_DEPTH = 0: 0 (12.3/1.5)
                                    TU_DEPTH = 1:
                                    :...BITS <= 133: 1 (17.7/3.8)
                                        BITS > 133: 0 (8.1)

-----  Trial 2:  -----

Decision tree:

BITS > 210: 1 (107.2)
BITS <= 210:
:...DISTORTION > 278863:
    :...AVG_NEIGH_DEPTH <= 0.75641: 0 (2.3)
    :   AVG_NEIGH_DEPTH > 0.75641: 1 (41.8)
    DISTORTION <= 278863:
    :...AVG_NEIGH_DEPTH <= 0.495994:
        :...COST_MSM <= 19587: 0 (47.1)
        :   COST_MSM > 19587:
        :   :...RATIO_2Nx2N-MSM <= 1.11258: 0 (104.6/14.9)
        :       RATIO_2Nx2N-MSM > 1.11258:
        :       :...SSE > 735234: 1 (6.7)
        :           SSE <= 735234:
        :           :...PU_SIZE in {4,5,6,7}: 0 (0)
        :               PU_SIZE = 1: 0 (1.2/0.6)
        :               PU_SIZE = 2: 1 (2.3)
        :               PU_SIZE = 0:
        :               :...NON-Z-COEFF > 2: 0 (9.7)
        :                   NON-Z-COEFF <= 2:
        :                   :...RATIO_BEST-MSM <= 0.959367: 0 (7.7)
        :                       RATIO_BEST-MSM > 0.959367:
        :                       :...AVG_NEIGH_DEPTH <= 0.25: 0 (19.1/5.8)
        :                           AVG_NEIGH_DEPTH > 0.25: 1 (21.3/5.9)
        AVG_NEIGH_DEPTH > 0.495994:
        :...MVD_MOD_FRAC = 0.25: 0 (18.8/8.5)
            MVD_MOD_FRAC = 0.353553: 1 (1.8)
            MVD_MOD_FRAC = 0.5: 1 (15.4/2.3)
            MVD_MOD_FRAC = 0.707107: 1 (2.9/0.6)
            MVD_MOD_FRAC = 0.75: 0 (17.9/7.6)
            MVD_MOD_FRAC = 0.790569: 1 (1.8)
            MVD_MOD_FRAC = 0.901388: 0 (6.2/2.3)
            MVD_MOD_FRAC = 1.06066: 1 (1.2)
            MVD_MOD_FRAC = 0.559017:
            :...RATIO_BEST-MSM <= 0.691943: 0 (11.3/1.2)
            :   RATIO_BEST-MSM > 0.691943: 1 (12.5)
            MVD_MOD_FRAC = 0:
            :...RATIO_BEST_2Nx2N <= 0.752105:
                :...AVG_NEIGH_DEPTH <= 0.681818: 0 (25.1)
                :   AVG_NEIGH_DEPTH > 0.681818:
                :   :...REF_IDX = -1: 0 (23.7/1.8)
                :       REF_IDX = 1: 0 (3.5/1.2)
                :       REF_IDX = 0:
                :       :...MV_MOD_INT > 24.3516: 0 (3.4)
                :           MV_MOD_INT <= 24.3516:
                :           :...RATIO_BEST-MSM <= 1.01233: 1 (23.4/2.4)
                :               RATIO_BEST-MSM > 1.01233: 0 (10/2.3)
                RATIO_BEST_2Nx2N > 0.752105:
                :...COLOC_SPLIT = 0:
                    :...DISTORTION <= 5255: 0 (5.8)
                    :   DISTORTION > 5255:
                    :   :...MV_MOD_INT <= 6.32456: 1 (38/6.1)
                    :       MV_MOD_INT > 6.32456: 0 (2.9)
                    COLOC_SPLIT = 1:
                    :...MV_MOD_FRAC = 0.790569: 0 (0)
                    :   MV_MOD_FRAC = 0.25: 1 (2.4/0.6)
                    :   MV_MOD_FRAC = 0.353553: 0 (0.6)
                    :   MV_MOD_FRAC = 0.5: 0 (2.4)
                    :   MV_MOD_FRAC = 0.559017: 0 (2.4/0.6)
                    :   MV_MOD_FRAC = 0.707107: 0 (0.6)
                    :   MV_MOD_FRAC = 0.75: 1 (12/5.6)
                    :   MV_MOD_FRAC = 0.901388: 1 (3.4)
                    :   MV_MOD_FRAC = 1.06066: 0 (0.6)
                    :   MV_MOD_FRAC = 0:
                    :   :...RATIO_2Nx2N-MSM > 1.13839: 0 (15.2/0.6)
                    :       RATIO_2Nx2N-MSM <= 1.13839:
                    :       :...CTX_SPLIT in {0,6}: 1 (0)
                    :           CTX_SPLIT = 4: 0 (21.6/6.1)
                    :           CTX_SPLIT = 5: 1 (18.8/1.2)
                    :           CTX_SPLIT = 2:
                    :           :...SAD <= 14515: 1 (17.6/0.6)
                    :           :   SAD > 14515: 0 (18.4/4.7)
                    :           CTX_SPLIT = 3:
                    :           :...COST_MSM <= 149278: 0 (14.6/3.6)
                    :           :   COST_MSM > 149278: 1 (9)
                    :           CTX_SPLIT = 1:
                    :           :...NON-Z-COEFF > 4: 1 (8.1/1.2)
                    :               NON-Z-COEFF <= 4:
                    :               :...RATIO_BEST_2Nx2N <= 0.920537: 1 (2.3)
                    :                   RATIO_BEST_2Nx2N > 0.920537: 0 (21/0.6)
                    COLOC_SPLIT = 2:
                    :...MV_MOD_INT > 1: 1 (50.1/15.6)
                        MV_MOD_INT <= 1:
                        :...TU_DEPTH = 2: 1 (5.8)
                            TU_DEPTH = 1:
                            :...SAD <= 18313: 1 (13.8)
                            :   SAD > 18313:
                            :   :...REF_IDX = -1: 1 (4.1)
                            :       REF_IDX = 1: 1 (1.2)
                            :       REF_IDX = 0:
                            :       :...BITS <= 25: 1 (2.9/0.6)
                            :           BITS > 25: 0 (24.5/1.8)
                            TU_DEPTH = 0:
                            :...PU_SIZE = 1: 1 (8.3)
                                PU_SIZE = 2: 0 (18.5/6.1)
                                PU_SIZE = 4: 1 (0.6)
                                PU_SIZE = 5: 1 (5.8/0.6)
                                PU_SIZE = 6: 1 (2.3)
                                PU_SIZE = 7: 1 (6.4/0.6)
                                PU_SIZE = 0:
                                :...RATIO_BEST-MSM <= 1.0011: 0 (10.9)
                                    RATIO_BEST-MSM > 1.0011:
                                    :...RATIO_BEST_2Nx2N <= 0.930999: 0 (6.7/0.6)
                                        RATIO_BEST_2Nx2N > 0.930999:
                                        :...dQP in {1,2}: 1 (0)
                                            dQP = 3: 1 (5.2)
                                            dQP = 4:
                                            :...AVG_NEIGH_DEPTH <= 1.07292: 0 (4.6)
                                                AVG_NEIGH_DEPTH > 1.07292: 1 (20.8/5.2)

-----  Trial 3:  -----

Decision tree:

BEST_COST > 231092:
:...AVG_NEIGH_DEPTH > 1.22756: 1 (105.9)
:   AVG_NEIGH_DEPTH <= 1.22756:
:   :...BITS <= 51: 0 (12.5/2.9)
:       BITS > 51: 1 (15.3)
BEST_COST <= 231092:
:...AVG_NEIGH_DEPTH <= 0.298246:
    :...PU_SIZE in {4,5,6,7}: 0 (0)
    :   PU_SIZE = 0: 0 (93/11.6)
    :   PU_SIZE = 1: 0 (2.4)
    :   PU_SIZE = 2: 1 (5.9/0.5)
    AVG_NEIGH_DEPTH > 0.298246:
    :...NON-Z-COEFF > 31: 1 (42.8/6.5)
        NON-Z-COEFF <= 31:
        :...BITS <= 13:
            :...CTX_SPLIT = 0: 0 (1)
            :   CTX_SPLIT = 5: 0 (21.9/2.3)
            :   CTX_SPLIT = 1:
            :   :...PU_SIZE in {1,5,7}: 0 (0)
            :   :   PU_SIZE = 2: 1 (2.6)
            :   :   PU_SIZE = 4: 1 (0.5)
            :   :   PU_SIZE = 6: 0 (1/0.5)
            :   :   PU_SIZE = 0:
            :   :   :...RATIO_2Nx2N-MSM <= 1.10357: 0 (15.5)
            :   :       RATIO_2Nx2N-MSM > 1.10357: 1 (15.2/6.2)
            :   CTX_SPLIT = 3:
            :   :...NON-Z-COEFF > 17: 1 (3.6)
            :   :   NON-Z-COEFF <= 17:
            :   :   :...PU_SIZE in {4,5,6}: 0 (0)
            :   :       PU_SIZE = 0: 0 (32.8/2.6)
            :   :       PU_SIZE = 1: 1 (3.4)
            :   :       PU_SIZE = 2: 0 (1.8)
            :   :       PU_SIZE = 7: 0 (2)
            :   CTX_SPLIT = 4:
            :   :...dQP = 2: 0 (0)
            :   :   dQP = 1: 0 (1.8)
            :   :   dQP = 3: 1 (9.6/1)
            :   :   dQP = 4:
            :   :   :...BITS <= 0: 1 (2.6)
            :   :       BITS > 0: 0 (26.6/7.7)
            :   CTX_SPLIT = 6:
            :   :...SSE <= 13287: 1 (8.2)
            :   :   SSE > 13287:
            :   :   :...RATIO_BEST_2Nx2N <= 0.97075: 1 (15.1/4.6)
            :   :       RATIO_BEST_2Nx2N > 0.97075: 0 (9.4/0.5)
            :   CTX_SPLIT = 2:
            :   :...AVG_NEIGH_DEPTH <= 0.4: 0 (19.4)
            :       AVG_NEIGH_DEPTH > 0.4:
            :       :...RATIO_BEST_2Nx2N <= 0.833915: 0 (11.4)
            :           RATIO_BEST_2Nx2N > 0.833915:
            :           :...COST_MSM > 95157.3: 0 (10.9)
            :               COST_MSM <= 95157.3:
            :               :...RATIO_BEST-MSM <= 1.00927: 1 (21.8/2.9)
            :                   RATIO_BEST-MSM > 1.00927: 0 (2.4)
            BITS > 13:
            :...PREDMV_MOD_FRAC = 0.25: 0 (15.5/4.8)
                PREDMV_MOD_FRAC = 0.353553: 1 (6.2/2)
                PREDMV_MOD_FRAC = 0.559017: 1 (14/4.6)
                PREDMV_MOD_FRAC = 0.707107: 1 (9.6/1.8)
                PREDMV_MOD_FRAC = 0.790569: 1 (10.2/5.1)
                PREDMV_MOD_FRAC = 0.901388: 0 (13.8/3.9)
                PREDMV_MOD_FRAC = 1.06066: 0 (1/0.5)
                PREDMV_MOD_FRAC = 0.5:
                :...SSE <= 103091: 0 (20.9/5.3)
                :   SSE > 103091: 1 (40.8/1)
                PREDMV_MOD_FRAC = 0.75:
                :...REF_IDX = -1: 0 (0)
                :   REF_IDX = 1: 1 (2.9)
                :   REF_IDX = 0:
                :   :...TU_DEPTH = 0: 0 (3.1/0.5)
                :       TU_DEPTH = 1: 0 (17.4/4.8)
                :       TU_DEPTH = 2: 1 (2.4)
                PREDMV_MOD_FRAC = 0:
                :...MV_MOD_FRAC in {0.25,0.353553,0.559017,0.75,0.790569,
                    :               0.901388,1.06066}: 1 (0)
                    MV_MOD_FRAC = 0.5: 1 (4.5)
                    MV_MOD_FRAC = 0.707107: 0 (2.4/0.5)
                    MV_MOD_FRAC = 0:
                    :...COST_2Nx2N > 205135: 1 (28.6/2.7)
                        COST_2Nx2N <= 205135:
                        :...RATIO_2Nx2N-MSM > 1.04767:
                            :...SAD > 13472:
                            :   :...SSE <= 934543: 0 (49.1/3.9)
                            :   :   SSE > 934543: 1 (4.6)
                            :   SAD <= 13472:
                            :   :...MV_MOD_INT > 1.41421: 0 (8.8/0.5)
                            :       MV_MOD_INT <= 1.41421:
                            :       :...BITS <= 19: 0 (5.5)
                            :           BITS > 19: 1 (24.1/1)
                            RATIO_2Nx2N-MSM <= 1.04767:
                            :...RATIO_BEST_2Nx2N <= 0.965428:
                                :...AVG_NEIGH_DEPTH <= 0.40625: 0 (4.1/0.5)
                                :   AVG_NEIGH_DEPTH > 0.40625:
                                :   :...BEST_COST <= 25397.9: 0 (10.7/4.2)
                                :       BEST_COST > 25397.9: 1 (56/2.3)
                                RATIO_BEST_2Nx2N > 0.965428:
                                :...RATIO_BEST_2Nx2N <= 0.968516: 0 (8.2)
                                    RATIO_BEST_2Nx2N > 0.968516:
                                    :...NON-Z-COEFF > 18: 0 (4.9)
                                        NON-Z-COEFF <= 18:
                                        :...INTER_DIR = 0: 1 (1.4)
                                            INTER_DIR = 1: 0 (7.3/1.4)
                                            INTER_DIR = 2: 1 (8.5)
                                            INTER_DIR = 3:
                                            :...RATIO_BEST-MSM <= 0.985291: 0 (14.5/2)
                                                RATIO_BEST-MSM > 0.985291:
                                                :...COLOC_SPLIT = 0: 1 (3.6)
                                                    COLOC_SPLIT = 2: 1 (5.1)
                                                    COLOC_SPLIT = 1:
                                                    :...BITS <= 40: 0 (3.6)
                                                        BITS > 40: [S1]

SubTree [S1]

TU_DEPTH = 0: 1 (0)
TU_DEPTH = 2: 1 (4.4)
TU_DEPTH = 1:
:...RATIO_BEST-MSM <= 1.00252: 1 (19.4/1.8)
    RATIO_BEST-MSM > 1.00252: 0 (4.7/1)

-----  Trial 4:  -----

Decision tree:

BEST_COST > 231092: 1 (115.7/7.6)
BEST_COST <= 231092:
:...BITS <= 10:
    :...RATIO_BEST-MSM <= 1.00521: 0 (155.5/25.1)
    :   RATIO_BEST-MSM > 1.00521:
    :   :...INTER_DIR = 0: 0 (0)
    :       INTER_DIR = 1: 1 (8/0.4)
    :       INTER_DIR = 2: 1 (1.1/0.4)
    :       INTER_DIR = 3:
    :       :...SAD <= 3803: 0 (14.8)
    :           SAD > 3803:
    :           :...RATIO_BEST_2Nx2N <= 0.629956:
    :               :...BEST_COST <= 20343.6: 0 (7.9/2.8)
    :               :   BEST_COST > 20343.6: 1 (20/1.8)
    :               RATIO_BEST_2Nx2N > 0.629956:
    :               :...MV_MOD_FRAC in {0.75,0.901388}: 0 (0)
    :                   MV_MOD_FRAC = 0.25: 1 (11.6/5.8)
    :                   MV_MOD_FRAC = 0.353553: 0 (0.4)
    :                   MV_MOD_FRAC = 0.5: 1 (6.9/1.1)
    :                   MV_MOD_FRAC = 0.559017: 0 (5.7)
    :                   MV_MOD_FRAC = 0.707107: 0 (0.4)
    :                   MV_MOD_FRAC = 0.790569: 0 (0.4)
    :                   MV_MOD_FRAC = 1.06066: 0 (2.2)
    :                   MV_MOD_FRAC = 0:
    :                   :...RATIO_BEST-MSM > 1.06715: 1 (3.5)
    :                       RATIO_BEST-MSM <= 1.06715:
    :                       :...SAD > 18221: 1 (3.6)
    :                           SAD <= 18221:
    :                           :...BITS <= 4: 0 (36.9/3.8)
    :                               BITS > 4: 1 (4.3/1.1)
    BITS > 10:
    :...BITS > 210: 1 (37.7)
        BITS <= 210:
        :...SAD > 29915:
            :...BITS > 45: 0 (26.7/0.4)
            :   BITS <= 45:
            :   :...RATIO_2Nx2N-MSM <= 1.0702: 0 (11.5/2.1)
            :       RATIO_2Nx2N-MSM > 1.0702: 1 (9.8)
            SAD <= 29915:
            :...RATIO_BEST_2Nx2N <= 0.752105:
                :...MVD_MOD_FRAC in {0.707107,0.790569,1.06066}: 0 (0)
                :   MVD_MOD_FRAC = 0.25: 1 (3.1)
                :   MVD_MOD_FRAC = 0.353553: 1 (0.4)
                :   MVD_MOD_FRAC = 0.5: 1 (0.4)
                :   MVD_MOD_FRAC = 0.559017: 0 (3.5/1.4)
                :   MVD_MOD_FRAC = 0.75: 1 (1.5)
                :   MVD_MOD_FRAC = 0.901388: 0 (2.1)
                :   MVD_MOD_FRAC = 0:
                :   :...REF_IDX = -1: 0 (33.4/6.6)
                :       REF_IDX = 1: 1 (6.7)
                :       REF_IDX = 0:
                :       :...SSE > 101470: 1 (5.1)
                :           SSE <= 101470:
                :           :...RATIO_BEST_2Nx2N <= 0.484036: 1 (2.2)
                :               RATIO_BEST_2Nx2N > 0.484036: 0 (19.1/1.1)
                RATIO_BEST_2Nx2N > 0.752105:
                :...PU_SIZE = 4: 1 (16/6.5)
                    PU_SIZE = 6: 1 (12.1/4.4)
                    PU_SIZE = 7: 0 (17.8/3.9)
                    PU_SIZE = 5:
                    :...RATIO_2Nx2N-MSM <= 1.12407: 1 (16.9/0.7)
                    :   RATIO_2Nx2N-MSM > 1.12407: 0 (5.1)
                    PU_SIZE = 1:
                    :...BITS > 64: 1 (25.7)
                    :   BITS <= 64:
                    :   :...BITS > 47: 0 (7.1)
                    :       BITS <= 47:
                    :       :...PREDMV_MOD_INT <= 9.48683: 1 (31/4.2)
                    :           PREDMV_MOD_INT > 9.48683: 0 (6.7/0.4)
                    PU_SIZE = 2:
                    :...NON-Z-COEFF > 3: 1 (26.1)
                    :   NON-Z-COEFF <= 3:
                    :   :...RATIO_2Nx2N-MSM > 1.06813: 0 (7.2)
                    :       RATIO_2Nx2N-MSM <= 1.06813:
                    :       :...BEST_COST <= 171683: 1 (32.2/3.8)
                    :           BEST_COST > 171683: 0 (5.2/0.4)
                    PU_SIZE = 0:
                    :...MVD_MOD_INT > 1.41421: 0 (19.2/5.6)
                        MVD_MOD_INT <= 1.41421:
                        :...RATIO_2Nx2N-MSM > 1.15794: 1 (15.3)
                            RATIO_2Nx2N-MSM <= 1.15794:
                            :...MVD_MOD_FRAC in {0.353553,0.790569,0.901388,
                                :                1.06066}: 1 (0)
                                MVD_MOD_FRAC = 0.25: 1 (9.6/2.8)
                                MVD_MOD_FRAC = 0.5: 1 (7/2.8)
                                MVD_MOD_FRAC = 0.559017: 1 (2.1)
                                MVD_MOD_FRAC = 0.707107: 1 (1.4)
                                MVD_MOD_FRAC = 0.75: 1 (6.7)
                                MVD_MOD_FRAC = 0:
                                :...SAD <= 4535: 1 (12.4)
                                    SAD > 4535:
                                    :...BEST_COST > 195882: 0 (6.1)
                                        BEST_COST <= 195882:
                                        :...RATIO_2Nx2N-MSM <= 1.00597:
                                            :...dQP = 2: 0 (0)
                                            :   dQP = 1: 0 (20/4.4)
                                            :   dQP = 3: 1 (5.3)
                                            :   dQP = 4: 0 (8.4)
                                            RATIO_2Nx2N-MSM > 1.00597:
                                            :...RATIO_2Nx2N-MSM <= 1.04637: 1 (49.3/5.1)
                                                RATIO_2Nx2N-MSM > 1.04637: 0 (26.3/6.3)

-----  Trial 5:  -----

Decision tree:

BEST_COST > 357173: 1 (42.5)
BEST_COST <= 357173:
:...BITS > 64:
    :...SAD <= 24403:
    :   :...DISTORTION <= 9316: 0 (10/2.9)
    :   :   DISTORTION > 9316: 1 (183.1/22.3)
    :   SAD > 24403:
    :   :...AVG_NEIGH_DEPTH > 1.84129: 1 (9.1)
    :       AVG_NEIGH_DEPTH <= 1.84129:
    :       :...NON-Z-COEFF > 18: 1 (5.2)
    :           NON-Z-COEFF <= 18:
    :           :...MV_MOD_INT > 47.5079: 1 (2)
    :               MV_MOD_INT <= 47.5079:
    :               :...DISTORTION <= 181057: 0 (29.7/2.5)
    :                   DISTORTION > 181057: 1 (2.4)
    BITS <= 64:
    :...BITS <= 2:
        :...NON-Z-COEFF > 2: 0 (29.3)
        :   NON-Z-COEFF <= 2:
        :   :...DISTORTION > 94574: 0 (22.4)
        :       DISTORTION <= 94574:
        :       :...COST_2Nx2N <= 32970.6: 0 (19.1)
        :           COST_2Nx2N > 32970.6:
        :           :...RATIO_2Nx2N-MSM > 1.85319: 1 (7)
        :               RATIO_2Nx2N-MSM <= 1.85319:
        :               :...SAD <= 7067: 0 (14.4)
        :                   SAD > 7067:
        :                   :...AVG_NEIGH_DEPTH <= 0.25641: 0 (8.3)
        :                       AVG_NEIGH_DEPTH > 0.25641: 1 (34.2/6.7)
        BITS > 2:
        :...MVD_MOD_FRAC = 0.353553: 1 (1.8)
            MVD_MOD_FRAC = 0.5: 1 (17.3/5)
            MVD_MOD_FRAC = 0.559017: 0 (12.8/4.3)
            MVD_MOD_FRAC = 0.707107: 0 (6.4/1.7)
            MVD_MOD_FRAC = 0.75: 1 (11.7/5)
            MVD_MOD_FRAC = 0.790569: 0 (4.5/1.8)
            MVD_MOD_FRAC = 0.901388: 1 (2)
            MVD_MOD_FRAC = 1.06066: 1 (1.2/0.3)
            MVD_MOD_FRAC = 0.25:
            :...SSE <= 106367: 0 (9.9)
            :   SSE > 106367: 1 (14.3)
            MVD_MOD_FRAC = 0:
            :...MV_MOD_FRAC = 0.353553: 0 (6.1/1.1)
                MV_MOD_FRAC = 0.559017: 0 (19/8.5)
                MV_MOD_FRAC = 0.707107: 1 (4.6/1.5)
                MV_MOD_FRAC = 0.790569: 0 (9.3/1.5)
                MV_MOD_FRAC = 0.901388: 1 (10/2.9)
                MV_MOD_FRAC = 1.06066: 0 (2)
                MV_MOD_FRAC = 0.5:
                :...AVG_NEIGH_DEPTH <= 1.69859: 0 (18.3/3.9)
                :   AVG_NEIGH_DEPTH > 1.69859: 1 (4)
                MV_MOD_FRAC = 0.75:
                :...COST_2Nx2N <= 24998: 1 (16.2/2.9)
                :   COST_2Nx2N > 24998: 0 (11.2)
                MV_MOD_FRAC = 0.25:
                :...BITS > 32: 1 (5.3)
                :   BITS <= 32:
                :   :...AVG_NEIGH_DEPTH <= 1.52775: 0 (23.8/4.6)
                :       AVG_NEIGH_DEPTH > 1.52775: 1 (3.4)
                MV_MOD_FRAC = 0:
                :...PU_SIZE = 4: 0 (15.3/4.9)
                    PU_SIZE = 5: 0 (7.2/1.7)
                    PU_SIZE = 6: 0 (8.5)
                    PU_SIZE = 7: 1 (12.4/2.8)
                    PU_SIZE = 1:
                    :...NON-Z-COEFF > 5: 1 (3.7)
                    :   NON-Z-COEFF <= 5:
                    :   :...TU_DEPTH = 2: 0 (0)
                    :       TU_DEPTH = 1: 0 (11.5/0.3)
                    :       TU_DEPTH = 0:
                    :       :...NON-Z-COEFF <= 1: 1 (9.4/0.6)
                    :           NON-Z-COEFF > 1: 0 (12.8/1.2)
                    PU_SIZE = 2:
                    :...REF_IDX = -1: 0 (20/5)
                    :   REF_IDX = 1: 1 (1.1)
                    :   REF_IDX = 0:
                    :   :...TU_DEPTH = 1: 0 (5.1/1.2)
                    :       TU_DEPTH = 2: 1 (2.9)
                    :       TU_DEPTH = 0:
                    :       :...BITS <= 13: 0 (2.9)
                    :           BITS > 13: 1 (27/1.6)
                    PU_SIZE = 0:
                    :...RATIO_BEST-MSM <= 0.905031: 0 (9.8)
                        RATIO_BEST-MSM > 0.905031:
                        :...INTER_DIR = 0: 1 (22.2/6)
                            INTER_DIR = 1: 1 (9.1/2.8)
                            INTER_DIR = 2: 1 (9.9/1.9)
                            INTER_DIR = 3:
                            :...COST_2Nx2N > 213301: 1 (7.3)
                                COST_2Nx2N <= 213301:
                                :...RATIO_BEST-MSM > 1.06715: 1 (8.4/0.6)
                                    RATIO_BEST-MSM <= 1.06715:
                                    :...dQP = 2: 0 (0)
                                        dQP = 1:
                                        :...SAD <= 5963: 1 (9.2)
                                        :   SAD > 5963: 0 (19.3/2.8)
                                        dQP = 3:
                                        :...BITS <= 3: 0 (4.4)
                                        :   BITS > 3:
                                        :   :...SSE <= 331044: 1 (19.6/3.4)
                                        :       SSE > 331044: 0 (2.2)
                                        dQP = 4:
                                        :...BEST_COST <= 81685.8: 0 (25.2/1.1)
                                            BEST_COST > 81685.8:
                                            :...NON-Z-COEFF > 5: 0 (5.7/0.3)
                                                NON-Z-COEFF <= 5:
                                                :...COST_2Nx2N > 190293: 0 (2.9)
                                                    COST_2Nx2N <= 190293:
                                                    :...SAD <= 10649: 0 (2.6)
                                                        SAD > 10649: 1 (28.8/5.1)

-----  Trial 6:  -----

Decision tree:

BITS > 210: 1 (54.1)
BITS <= 210:
:...COST_MSM > 215902:
    :...CTX_SPLIT = 0: 1 (0)
    :   CTX_SPLIT = 1: 1 (0.2)
    :   CTX_SPLIT = 3: 1 (14.1/2.2)
    :   CTX_SPLIT = 4: 1 (17.2/2.5)
    :   CTX_SPLIT = 5: 1 (20.2)
    :   CTX_SPLIT = 6:
    :   :...DISTORTION <= 138071: 0 (4/1.6)
    :   :   DISTORTION > 138071: 1 (44.6)
    :   CTX_SPLIT = 2:
    :   :...dQP in {1,2}: 0 (0)
    :       dQP = 3: 1 (6.1)
    :       dQP = 4:
    :       :...RATIO_BEST_2Nx2N <= 0.856689: 1 (2.3)
    :           RATIO_BEST_2Nx2N > 0.856689:
    :           :...RATIO_2Nx2N-MSM <= 1.03737: 0 (18.1/0.9)
    :               RATIO_2Nx2N-MSM > 1.03737: 1 (6.4/2.3)
    COST_MSM <= 215902:
    :...AVG_NEIGH_DEPTH <= 0.495994:
        :...RATIO_2Nx2N-MSM <= 1.11258: 0 (106.5/20.1)
        :   RATIO_2Nx2N-MSM > 1.11258:
        :   :...DISTORTION <= 61995: 0 (79.6/14.4)
        :       DISTORTION > 61995: 1 (13.5/1.9)
        AVG_NEIGH_DEPTH > 0.495994:
        :...PU_SIZE = 2: 1 (49.7/8.1)
            PU_SIZE = 6: 0 (8.4/1.4)
            PU_SIZE = 4:
            :...DISTORTION <= 128261: 0 (20.7/3.2)
            :   DISTORTION > 128261: 1 (4.3)
            PU_SIZE = 5:
            :...INTER_DIR in {0,2}: 1 (0)
            :   INTER_DIR = 1: 0 (4.3)
            :   INTER_DIR = 3: 1 (20.6/4.3)
            PU_SIZE = 7:
            :...NON-Z-COEFF <= 1: 0 (16/2.3)
            :   NON-Z-COEFF > 1: 1 (10.8/0.9)
            PU_SIZE = 1:
            :...BITS > 60: 1 (18.4)
            :   BITS <= 60:
            :   :...MVD_MOD_FRAC in {0.353553,0.559017,0.707107,0.75,0.790569,
            :       :                0.901388,1.06066}: 1 (0)
            :       MVD_MOD_FRAC = 0.25: 0 (2.2)
            :       MVD_MOD_FRAC = 0.5: 1 (3.4)
            :       MVD_MOD_FRAC = 0:
            :       :...BITS <= 21: 1 (10.4/0.9)
            :           BITS > 21: 0 (15.2/3.2)
            PU_SIZE = 0:
            :...MVD_MOD_FRAC in {0.353553,0.559017,0.790569,
                :                1.06066}: 0 (0)
                MVD_MOD_FRAC = 0.25: 0 (7.9/2.3)
                MVD_MOD_FRAC = 0.5: 0 (9.1/2.5)
                MVD_MOD_FRAC = 0.707107: 1 (2.6)
                MVD_MOD_FRAC = 0.75: 0 (14.8/5.2)
                MVD_MOD_FRAC = 0.901388: 0 (1.4)
                MVD_MOD_FRAC = 0:
                :...dQP = 2: 0 (0)
                    dQP = 1:
                    :...NON-Z-COEFF > 7: 0 (19.8/4.1)
                    :   NON-Z-COEFF <= 7:
                    :   :...COST_2Nx2N <= 70928.5: 1 (70.6/18.4)
                    :       COST_2Nx2N > 70928.5: 0 (8.4)
                    dQP = 3:
                    :...PREDMV_MOD_INT > 1.41421: 0 (19/3.1)
                    :   PREDMV_MOD_INT <= 1.41421:
                    :   :...BITS > 161: 0 (9.2/0.2)
                    :       BITS <= 161:
                    :       :...NON-Z-COEFF > 5: 1 (22.1/0.9)
                    :           NON-Z-COEFF <= 5:
                    :           :...RATIO_2Nx2N-MSM <= 1.0284: 1 (16.7/2.2)
                    :               RATIO_2Nx2N-MSM > 1.0284: 0 (19.2/5.6)
                    dQP = 4:
                    :...TU_DEPTH = 1: 0 (27.2/7.1)
                        TU_DEPTH = 2: 1 (3.3)
                        TU_DEPTH = 0:
                        :...MVP_IDX = 1: 0 (0)
                            MVP_IDX = 0: 0 (4.6)
                            MVP_IDX = -1:
                            :...RATIO_BEST-MSM > 1.11348: 1 (3.9)
                                RATIO_BEST-MSM <= 1.11348:
                                :...COST_MSM <= 82733.5:
                                    :...COST_2Nx2N <= 22948.9: 1 (2.4/0.2)
                                    :   COST_2Nx2N > 22948.9:
                                    :   :...NON-Z-COEFF <= 17: 0 (65.7/13.7)
                                    :       NON-Z-COEFF > 17: 1 (4/1.4)
                                    COST_MSM > 82733.5:
                                    :...MV_MOD_INT > 3.16228: 0 (11.3/3.3)
                                        MV_MOD_INT <= 3.16228:
                                        :...MV_MOD_INT > 1.41421: 1 (11/0.9)
                                            MV_MOD_INT <= 1.41421:
                                            :...BITS <= 2: 0 (8.9)
                                                BITS > 2: [S1]

SubTree [S1]

RATIO_2Nx2N-MSM <= 1.10574: 1 (21.5/5.3)
RATIO_2Nx2N-MSM > 1.10574: 0 (4.2/0.9)

-----  Trial 7:  -----

Decision tree:

BEST_COST > 226309:
:...AVG_NEIGH_DEPTH > 1.22756: 1 (58.3)
:   AVG_NEIGH_DEPTH <= 1.22756:
:   :...BITS <= 51: 0 (18.9/8.1)
:       BITS > 51: 1 (12.2)
BEST_COST <= 226309:
:...AVG_NEIGH_DEPTH <= 0.298246:
    :...PU_SIZE in {4,5,6,7}: 0 (0)
    :   PU_SIZE = 1: 0 (6.3)
    :   PU_SIZE = 2: 1 (6.9/1.1)
    :   PU_SIZE = 0:
    :   :...RATIO_BEST-MSM <= 1.02942: 0 (59.3/3.9)
    :       RATIO_BEST-MSM > 1.02942: 1 (10.9/3.8)
    AVG_NEIGH_DEPTH > 0.298246:
    :...BITS <= 13:
        :...MV_MOD_FRAC = 0.353553: 0 (1.1)
        :   MV_MOD_FRAC = 0.5: 0 (15.2/3.4)
        :   MV_MOD_FRAC = 0.559017: 0 (15.9/5.9)
        :   MV_MOD_FRAC = 0.707107: 0 (5.4/1.7)
        :   MV_MOD_FRAC = 0.75: 1 (18/5.7)
        :   MV_MOD_FRAC = 0.790569: 0 (8.2)
        :   MV_MOD_FRAC = 0.901388: 1 (4.9)
        :   MV_MOD_FRAC = 1.06066: 0 (1.1)
        :   MV_MOD_FRAC = 0.25:
        :   :...SSE > 170696: 0 (7.2)
        :   :   SSE <= 170696:
        :   :   :...COST_2Nx2N <= 99043.9: 0 (8.5)
        :   :       COST_2Nx2N > 99043.9: 1 (17.2/2.3)
        :   MV_MOD_FRAC = 0:
        :   :...PU_SIZE in {4,7}: 0 (0)
        :       PU_SIZE = 1: 1 (4.4)
        :       PU_SIZE = 2: 0 (7.6)
        :       PU_SIZE = 5: 0 (2.5)
        :       PU_SIZE = 6: 0 (2.7)
        :       PU_SIZE = 0:
        :       :...PRED_MODE = 2: 0 (0)
        :           PRED_MODE = 1: 0 (10.1)
        :           PRED_MODE = 3: 0 (0.2)
        :           PRED_MODE = 0:
        :           :...dQP = 2: 0 (0)
        :               dQP = 1: 0 (5.7/2.6)
        :               dQP = 3:
        :               :...RATIO_BEST-MSM > 1.00352: 1 (16.2/1.8)
        :               :   RATIO_BEST-MSM <= 1.00352:
        :               :   :...NON-Z-COEFF <= 18: 0 (19.3/2.6)
        :               :       NON-Z-COEFF > 18: 1 (2.2)
        :               dQP = 4:
        :               :...COLOC_SPLIT = 0: 0 (5)
        :                   COLOC_SPLIT = 1:
        :                   :...COST_2Nx2N <= 90318.9: 0 (12.8)
        :                   :   COST_2Nx2N > 90318.9: 1 (16.6/5.5)
        :                   COLOC_SPLIT = 2:
        :                   :...SAD <= 5339: 1 (8.5/1.6)
        :                       SAD > 5339:
        :                       :...RATIO_BEST-MSM <= 1.02363: 0 (44.3/6)
        :                           RATIO_BEST-MSM > 1.02363: 1 (2.4/0.2)
        BITS > 13:
        :...DISTORTION <= 13892:
            :...PU_SIZE in {2,4,6}: 0 (0)
            :   PU_SIZE = 1: 1 (1.6)
            :   PU_SIZE = 5: 1 (2.8)
            :   PU_SIZE = 7: 0 (3.4)
            :   PU_SIZE = 0:
            :   :...SAD <= 4535: 1 (8.7)
            :       SAD > 4535:
            :       :...RATIO_2Nx2N-MSM <= 1.26604: 0 (47.4/7.4)
            :           RATIO_2Nx2N-MSM > 1.26604: 1 (3.8/0.4)
            DISTORTION > 13892:
            :...BITS > 202: 1 (24.1)
                BITS <= 202:
                :...RATIO_BEST_2Nx2N > 1.00199: 1 (32.5/2.2)
                    RATIO_BEST_2Nx2N <= 1.00199:
                    :...RATIO_BEST-MSM > 1.00656: 1 (20.8)
                        RATIO_BEST-MSM <= 1.00656:
                        :...MV_MOD_FRAC = 0.25: 1 (13.9/0.9)
                            MV_MOD_FRAC = 0.353553: 0 (2/0.2)
                            MV_MOD_FRAC = 0.5: 0 (12.9/5.3)
                            MV_MOD_FRAC = 0.559017: 1 (16.2/4)
                            MV_MOD_FRAC = 0.707107: 1 (1.8)
                            MV_MOD_FRAC = 0.790569: 0 (18.1/4.3)
                            MV_MOD_FRAC = 0.901388: 1 (10.7/4.6)
                            MV_MOD_FRAC = 1.06066: 0 (1.8)
                            MV_MOD_FRAC = 0.75:
                            :...AVG_NEIGH_DEPTH <= 1.21758: 0 (12.9/2)
                            :   AVG_NEIGH_DEPTH > 1.21758: 1 (11.9/0.7)
                            MV_MOD_FRAC = 0:
                            :...NON-Z-COEFF > 141: 1 (16.8)
                                NON-Z-COEFF <= 141:
                                :...RATIO_2Nx2N-MSM <= 0.853964: 1 (31.8/3.3)
                                    RATIO_2Nx2N-MSM > 0.853964:
                                    :...PREDMV_MOD_FRAC in {0.353553,0.707107,
                                        :                   0.75,0.790569,
                                        :                   0.901388,
                                        :                   1.06066}: 1 (0)
                                        PREDMV_MOD_FRAC = 0.25: 0 (1.7)
                                        PREDMV_MOD_FRAC = 0.5: 0 (5.2)
                                        PREDMV_MOD_FRAC = 0.559017: 1 (0.2)
                                        PREDMV_MOD_FRAC = 0:
                                        :...NON-Z-COEFF > 20: 0 (19.5/3.1)
                                            NON-Z-COEFF <= 20:
                                            :...NON-Z-COEFF > 5:
                                                :...DISTORTION <= 19195: 0 (2.4)
                                                :   DISTORTION > 19195:
                                                :   :...SAD <= 24977: 1 (25.9)
                                                :       SAD > 24977: 0 (2.7/0.2)
                                                NON-Z-COEFF <= 5: [S1]

SubTree [S1]

RATIO_BEST-MSM > 1.00332: 0 (11.2)
RATIO_BEST-MSM <= 1.00332:
:...MVP_IDX = 0: 0 (8.1/1.9)
    MVP_IDX = 1: 1 (1.8)
    MVP_IDX = -1:
    :...PU_SIZE = 6: 1 (0)
        PU_SIZE = 1: 1 (17/6.1)
        PU_SIZE = 4: 1 (8.5/2.9)
        PU_SIZE = 5: 0 (10)
        PU_SIZE = 7: 1 (12.7/3.4)
        PU_SIZE = 2:
        :...DISTORTION > 148264: 1 (5)
        :   DISTORTION <= 148264:
        :   :...RATIO_BEST-MSM <= 0.968171: 0 (19.2/2.7)
        :       RATIO_BEST-MSM > 0.968171: 1 (3.1)
        PU_SIZE = 0:
        :...AVG_NEIGH_DEPTH > 0.988722: 1 (20.2/1.4)
            AVG_NEIGH_DEPTH <= 0.988722:
            :...RATIO_BEST-MSM <= 0.945624: 0 (15/0.9)
                RATIO_BEST-MSM > 0.945624:
                :...RATIO_BEST-MSM <= 0.99707: 1 (16.8)
                    RATIO_BEST-MSM > 0.99707:
                    :...TU_DEPTH = 0: 0 (0)
                        TU_DEPTH = 1: 0 (19.4/5.3)
                        TU_DEPTH = 2: 1 (2.6)

-----  Trial 8:  -----

Decision tree:

BEST_COST > 226309: 1 (81.5/8.5)
BEST_COST <= 226309:
:...BITS <= 3:
    :...BEST_COST <= 19285.7: 0 (50.2)
    :   BEST_COST > 19285.7:
    :   :...SSE > 86824: 0 (32.5)
    :       SSE <= 86824:
    :       :...SSE <= 10128: 1 (6.9)
    :           SSE > 10128:
    :           :...MV_MOD_FRAC in {0.353553,1.06066}: 0 (0)
    :               MV_MOD_FRAC = 0.25: 1 (4.7/0.5)
    :               MV_MOD_FRAC = 0.5: 0 (0.3)
    :               MV_MOD_FRAC = 0.559017: 0 (3)
    :               MV_MOD_FRAC = 0.707107: 0 (1.1)
    :               MV_MOD_FRAC = 0.75: 0 (12.9/3.9)
    :               MV_MOD_FRAC = 0.790569: 0 (0.1)
    :               MV_MOD_FRAC = 0.901388: 1 (3.9)
    :               MV_MOD_FRAC = 0:
    :               :...dQP = 2: 0 (0)
    :                   dQP = 1: 0 (1)
    :                   dQP = 3: 1 (15.7/6.1)
    :                   dQP = 4:
    :                   :...MV_MOD_INT <= 2.23607: 0 (53.4/5.6)
    :                       MV_MOD_INT > 2.23607: 1 (8.5/3.4)
    BITS > 3:
    :...BITS > 94:
        :...PU_SIZE = 1: 1 (22.8)
        :   PU_SIZE = 2: 1 (12.2)
        :   PU_SIZE = 4: 1 (4.7/1.4)
        :   PU_SIZE = 5: 0 (3.3/0.6)
        :   PU_SIZE = 6: 1 (0.1)
        :   PU_SIZE = 7: 1 (3.1)
        :   PU_SIZE = 0:
        :   :...RATIO_2Nx2N-MSM <= 0.968171: 1 (20.5)
        :       RATIO_2Nx2N-MSM > 0.968171:
        :       :...MV_MOD_INT > 0: 0 (3.3/0.1)
        :           MV_MOD_INT <= 0:
        :           :...SSE > 506119: 0 (7.8/0.9)
        :               SSE <= 506119:
        :               :...NON-Z-COEFF <= 5:
        :                   :...RATIO_BEST_2Nx2N <= 0.533651: 0 (2.3)
        :                   :   RATIO_BEST_2Nx2N > 0.533651: 1 (24.8/0.9)
        :                   NON-Z-COEFF > 5:
        :                   :...RATIO_BEST_2Nx2N <= 0.834875: 0 (6.5)
        :                       RATIO_BEST_2Nx2N > 0.834875: 1 (18.6/6.7)
        BITS <= 94:
        :...PREDMV_MOD_INT > 10.0499:
            :...SAD <= 8840: 1 (4.2)
            :   SAD > 8840: 0 (32.3/3.2)
            PREDMV_MOD_INT <= 10.0499:
            :...MV_MOD_INT > 5:
                :...SAD > 27017: 0 (3.7)
                :   SAD <= 27017:
                :   :...COST_2Nx2N > 215712: 0 (4.3/0.1)
                :       COST_2Nx2N <= 215712:
                :       :...DISTORTION <= 9110: 0 (2.7)
                :           DISTORTION > 9110: 1 (48.5/3.8)
                MV_MOD_INT <= 5:
                :...NON-Z-COEFF > 38:
                    :...RATIO_BEST-MSM <= 0.969409: 0 (2.8)
                    :   RATIO_BEST-MSM > 0.969409: 1 (25.1/2.3)
                    NON-Z-COEFF <= 38:
                    :...COST_2Nx2N > 202414:
                        :...AVG_NEIGH_DEPTH <= 0.822917: 0 (12.9/6)
                        :   AVG_NEIGH_DEPTH > 0.822917: 1 (24.1)
                        COST_2Nx2N <= 202414:
                        :...BEST_COST > 175851: 0 (27.3/1.8)
                            BEST_COST <= 175851:
                            :...RATIO_2Nx2N-MSM <= 0.805027: 1 (20.4/2.1)
                                RATIO_2Nx2N-MSM > 0.805027:
                                :...RATIO_2Nx2N-MSM <= 0.893027: 0 (23.3/0.6)
                                    RATIO_2Nx2N-MSM > 0.893027:
                                    :...MVD_MOD_FRAC in {0.353553,0.559017,
                                        :                0.707107,0.790569,
                                        :                0.901388,
                                        :                1.06066}: 0 (0)
                                        MVD_MOD_FRAC = 0.25: 1 (7.4/3.1)
                                        MVD_MOD_FRAC = 0.5: 1 (2.3)
                                        MVD_MOD_FRAC = 0.75: 1 (3)
                                        MVD_MOD_FRAC = 0:
                                        :...MVP_IDX = 0: 0 (14.2/2.6)
                                            MVP_IDX = 1: 0 (1.1)
                                            MVP_IDX = -1:
                                            :...RATIO_BEST-MSM <= 0.842236: [S1]
                                                RATIO_BEST-MSM > 0.842236: [S2]

SubTree [S1]

RATIO_2Nx2N-MSM <= 0.950643: 1 (4.7/0.1)
RATIO_2Nx2N-MSM > 0.950643: 0 (28.2)

SubTree [S2]

MV_MOD_FRAC = 0.901388: 1 (0)
MV_MOD_FRAC = 0.25: 0 (9.7/3.6)
MV_MOD_FRAC = 0.353553: 1 (3.5/0.1)
MV_MOD_FRAC = 0.5: 0 (12.8/5)
MV_MOD_FRAC = 0.559017: 0 (7.1/3.5)
MV_MOD_FRAC = 0.707107: 1 (4.8)
MV_MOD_FRAC = 0.790569: 0 (1.4)
MV_MOD_FRAC = 1.06066: 0 (0.9)
MV_MOD_FRAC = 0.75:
:...NON-Z-COEFF <= 1: 1 (9.2/0.1)
:   NON-Z-COEFF > 1: 0 (12/2.6)
MV_MOD_FRAC = 0:
:...CTX_SPLIT = 0: 0 (10.1/3.7)
    CTX_SPLIT = 6: 1 (16.5/3.7)
    CTX_SPLIT = 2:
    :...BITS <= 5: 0 (7.8)
    :   BITS > 5: 1 (36.3/14)
    CTX_SPLIT = 3:
    :...DISTORTION <= 102981: 0 (20.2/6.1)
    :   DISTORTION > 102981: 1 (8.5/0.1)
    CTX_SPLIT = 4:
    :...RATIO_BEST-MSM <= 0.994604: 0 (16.8/2.4)
    :   RATIO_BEST-MSM > 0.994604: 1 (14.2/3.1)
    CTX_SPLIT = 5:
    :...AVG_NEIGH_DEPTH <= 0.876344: 0 (5.1)
    :   AVG_NEIGH_DEPTH > 0.876344: 1 (19.8/3.4)
    CTX_SPLIT = 1:
    :...SAD <= 17952: 0 (22.8/3.9)
        SAD > 17952:
        :...COST_2Nx2N <= 152541: 1 (15.9)
            COST_2Nx2N > 152541: 0 (6.1)

-----  Trial 9:  -----

Decision tree:

BITS <= 10:
:...AVG_NEIGH_DEPTH <= 0.495994: 0 (113/12.1)
:   AVG_NEIGH_DEPTH > 0.495994:
:   :...DISTORTION <= 30639:
:       :...AVG_NEIGH_DEPTH <= 1.36685: 0 (37.2/1.6)
:       :   AVG_NEIGH_DEPTH > 1.36685: 1 (3)
:       DISTORTION > 30639:
:       :...RATIO_2Nx2N-MSM > 1.31758:
:           :...COLOC_SPLIT = 0: 1 (0)
:           :   COLOC_SPLIT = 1: 1 (19.8/1.3)
:           :   COLOC_SPLIT = 2: 0 (2.4/0.4)
:           RATIO_2Nx2N-MSM <= 1.31758:
:           :...PRED_MODE in {2,3}: 0 (0)
:               PRED_MODE = 1: 0 (6.2)
:               PRED_MODE = 0:
:               :...INTER_DIR = 0: 0 (0)
:                   INTER_DIR = 1: 1 (12.2/2.6)
:                   INTER_DIR = 2: 1 (3.9/0.3)
:                   INTER_DIR = 3:
:                   :...SAD <= 5507: 1 (6.8)
:                       SAD > 5507:
:                       :...COST_2Nx2N <= 224961: 0 (99.4/25.3)
:                           COST_2Nx2N > 224961: 1 (9.2/2.4)
BITS > 10:
:...BITS > 210: 1 (30.5)
    BITS <= 210:
    :...PU_SIZE = 6: 1 (17.2/7.4)
        PU_SIZE = 4:
        :...SSE > 760923: 0 (5.1)
        :   SSE <= 760923:
        :   :...DISTORTION <= 110145: 0 (14/4.9)
        :       DISTORTION > 110145: 1 (9.9)
        PU_SIZE = 5:
        :...AVG_NEIGH_DEPTH <= 0.575: 0 (6.7)
        :   AVG_NEIGH_DEPTH > 0.575:
        :   :...INTER_DIR in {0,2}: 1 (0)
        :       INTER_DIR = 1: 0 (2.1)
        :       INTER_DIR = 3: 1 (21.1/2.2)
        PU_SIZE = 7:
        :...INTER_DIR in {0,2}: 1 (0)
        :   INTER_DIR = 1: 0 (3.9)
        :   INTER_DIR = 3:
        :   :...FME = 0: 1 (17.1/2.1)
        :       FME = 1: 0 (3.2/0.3)
        :       FME = 2: 0 (2.8/0.1)
        PU_SIZE = 1:
        :...BITS > 57: 1 (28.2)
        :   BITS <= 57:
        :   :...TU_DEPTH = 2: 1 (0)
        :       TU_DEPTH = 1:
        :       :...INTER_DIR in {0,2}: 0 (0)
        :       :   INTER_DIR = 1: 1 (3)
        :       :   INTER_DIR = 3: 0 (18.3/2.3)
        :       TU_DEPTH = 0:
        :       :...NON-Z-COEFF <= 1: 1 (29.3/0.8)
        :           NON-Z-COEFF > 1:
        :           :...COLOC_SPLIT = 0: 0 (1.4)
        :               COLOC_SPLIT = 1: 0 (5.3)
        :               COLOC_SPLIT = 2:
        :               :...MV_MOD_INT <= 9.21954: 1 (17.9/2)
        :                   MV_MOD_INT > 9.21954: 0 (4.1/0.1)
        PU_SIZE = 2:
        :...NON-Z-COEFF > 5: 1 (24.4)
        :   NON-Z-COEFF <= 5:
        :   :...SAD <= 10988: 1 (18.3)
        :       SAD > 10988:
        :       :...MVD_MOD_FRAC = 1.06066: 0 (0)
        :           MVD_MOD_FRAC = 0.25: 1 (1.6)
        :           MVD_MOD_FRAC = 0.353553: 1 (0.1)
        :           MVD_MOD_FRAC = 0.5: 1 (0.3)
        :           MVD_MOD_FRAC = 0.559017: 0 (6.3)
        :           MVD_MOD_FRAC = 0.707107: 1 (0.2)
        :           MVD_MOD_FRAC = 0.75: 1 (0.5)
        :           MVD_MOD_FRAC = 0.790569: 1 (0.1)
        :           MVD_MOD_FRAC = 0.901388: 1 (5/1.8)
        :           MVD_MOD_FRAC = 0:
        :           :...RATIO_2Nx2N-MSM > 1.22073: 1 (5.2)
        :               RATIO_2Nx2N-MSM <= 1.22073:
        :               :...SSE <= 89372: 0 (13.6)
        :                   SSE > 89372: 1 (29.4/10.1)
        PU_SIZE = 0:
        :...RATIO_BEST_2Nx2N <= 0.750614:
            :...COST_MSM <= 10009.1: 1 (3.7)
            :   COST_MSM > 10009.1: 0 (46.6/4.5)
            RATIO_BEST_2Nx2N > 0.750614:
            :...RATIO_2Nx2N-MSM > 1.11319: 1 (24.1/1)
                RATIO_2Nx2N-MSM <= 1.11319:
                :...MV_MOD_FRAC = 0.25: 0 (7.5/2.5)
                    MV_MOD_FRAC = 0.353553: 1 (3.7)
                    MV_MOD_FRAC = 0.5: 1 (2.6/0.7)
                    MV_MOD_FRAC = 0.559017: 1 (9.9/1.8)
                    MV_MOD_FRAC = 0.707107: 0 (2.8/1)
                    MV_MOD_FRAC = 0.790569: 0 (7.1/2.4)
                    MV_MOD_FRAC = 0.901388: 0 (5.7)
                    MV_MOD_FRAC = 1.06066: 1 (0.7)
                    MV_MOD_FRAC = 0.75:
                    :...SSE <= 103091: 0 (15.6/2.7)
                    :   SSE > 103091: 1 (7.8)
                    MV_MOD_FRAC = 0:
                    :...AVG_NEIGH_DEPTH <= 0.282051: 0 (10.3)
                        AVG_NEIGH_DEPTH > 0.282051:
                        :...INTER_DIR = 1: 0 (13.7/4.3)
                            INTER_DIR = 2: 1 (14.2/3.6)
                            INTER_DIR = 0:
                            :...BEST_COST <= 13902.3: 0 (5.8)
                            :   BEST_COST > 13902.3:
                            :   :...BITS <= 79: 0 (15.1/4.3)
                            :       BITS > 79: 1 (26/2.2)
                            INTER_DIR = 3:
                            :...NON-Z-COEFF > 50: 0 (10.6)
                                NON-Z-COEFF <= 50:
                                :...SSE > 760923: 1 (4.7)
                                    SSE <= 760923:
                                    :...COST_MSM > 189088: 0 (11/2.2)
                                        COST_MSM <= 189088:
                                        :...BITS > 64: 1 (17.1/1.4)
                                            BITS <= 64:
                                            :...DISTORTION <= 86234: 0 (28.5/4.7)
                                                DISTORTION > 86234: 1 (5.6/0.4)


Evaluation on training data (960 cases):

Trial	       Decision Tree       
-----	  -----------------------  
	  Size      Errors   Cost  

   0	    54   64( 6.7%)   0.07
   1	    57  116(12.1%)   0.12
   2	    67  133(13.9%)   0.14
   3	    67  106(11.0%)   0.11
   4	    60   85( 8.9%)   0.09
   5	    68  116(12.1%)   0.12
   6	    52  104(10.8%)   0.11
   7	    77  114(11.9%)   0.12
   8	    70   96(10.0%)   0.10
   9	    69   86( 9.0%)   0.09
boost	          4( 0.4%)   0.00   <<


	   (a)   (b)    <-classified as
	  ----  ----
	   446          (a): class 0
	     4   510    (b): class 1


	Attribute usage:

	    100%  BITS
	    100%  BEST_COST
	    100%  AVG_NEIGH_DEPTH
	     90%  DISTORTION
	     89%  COST_2Nx2N
	     87%  PU_SIZE
	     83%  COST_MSM
	     81%  NON-Z-COEFF
	     81%  SAD
	     74%  RATIO_2Nx2N-MSM
	     70%  MV_MOD_FRAC
	     69%  RATIO_BEST-MSM
	     66%  MVD_MOD_FRAC
	     62%  RATIO_BEST_2Nx2N
	     60%  MV_MOD_INT
	     58%  dQP
	     54%  CTX_SPLIT
	     45%  SSE
	     43%  COLOC_SPLIT
	     42%  TU_DEPTH
	     40%  PREDMV_MOD_INT
	     39%  INTER_DIR
	     34%  PREDMV_MOD_FRAC
	     34%  MVP_IDX
	     25%  PRED_MODE
	     23%  REF_IDX
	     13%  MVD_MOD_INT
	      2%  FME


Time: 0.1 secs
