
C5.0 [Release 2.07 GPL Edition]  	Thu Feb 16 11:14:43 2017
-------------------------------

    Options:
	Application `./ONLINE/NO-BOOST/BasketballDrill_d0_qp27'

Read 455 cases (28 attributes) from ./ONLINE/NO-BOOST/BasketballDrill_d0_qp27.data

Decision tree:

BITS > 81:
:...COST_2Nx2N > 45844.1: 1 (186/1)
:   COST_2Nx2N <= 45844.1:
:   :...INTER_DIR in {0,2}: 1 (0)
:       INTER_DIR = 1: 0 (4)
:       INTER_DIR = 3: 1 (17/5)
BITS <= 81:
:...COST_2Nx2N > 76879.3:
    :...RATIO_BEST_2Nx2N <= 1.00157: 1 (22)
    :   RATIO_BEST_2Nx2N > 1.00157: 0 (2)
    COST_2Nx2N <= 76879.3:
    :...PU_SIZE = 7: 0 (0)
        PU_SIZE in {0,4,5}: 0 (200/8)
        PU_SIZE = 6: 1 (3/1)
        PU_SIZE = 1:
        :...AVG_NEIGH_DEPTH <= 1.19799: 0 (4)
        :   AVG_NEIGH_DEPTH > 1.19799: 1 (6/1)
        PU_SIZE = 2:
        :...PRED_MODE in {0,3}: 1 (0)
            PRED_MODE = 2: 1 (4)
            PRED_MODE = 1:
            :...CTX_SPLIT in {5,6}: 0 (0)
                CTX_SPLIT in {0,1,2}: 0 (4)
                CTX_SPLIT in {3,4}: 1 (3)


Evaluation on training data (455 cases):

	       Decision Tree       
	  -----------------------  
	  Size      Errors   Cost  

	    12   16( 3.5%)   0.04   <<


	   (a)   (b)    <-classified as
	  ----  ----
	   206     8    (a): class 0
	     8   233    (b): class 1


	Attribute usage:

	    100%  BITS
	    100%  COST_2Nx2N
	     49%  PU_SIZE
	      5%  RATIO_BEST_2Nx2N
	      5%  INTER_DIR
	      2%  PRED_MODE
	      2%  AVG_NEIGH_DEPTH
	      2%  CTX_SPLIT


Time: 0.0 secs
