
C5.0 [Release 2.07 GPL Edition]  	Thu Feb 16 11:14:33 2017
-------------------------------

    Options:
	Application `./ONLINE/NO-BOOST/BasketballDrill_d1_qp32'

Read 820 cases (28 attributes) from ./ONLINE/NO-BOOST/BasketballDrill_d1_qp32.data

Decision tree:

BITS > 56: 1 (203/26)
BITS <= 56:
:...COST_MSM <= 34547.6:
    :...TU_DEPTH = 2: 0 (0)
    :   TU_DEPTH = 1:
    :   :...NON-Z-COEFF <= 4: 0 (4)
    :   :   NON-Z-COEFF > 4: 1 (6/1)
    :   TU_DEPTH = 0:
    :   :...RATIO_BEST_2Nx2N <= 0.951599: 0 (215/2)
    :       RATIO_BEST_2Nx2N > 0.951599:
    :       :...RATIO_BEST-MSM <= 1.0079: 0 (83/5)
    :           RATIO_BEST-MSM > 1.0079: 1 (6/1)
    COST_MSM > 34547.6:
    :...TU_DEPTH = 2: 1 (3)
        TU_DEPTH = 1:
        :...PU_SIZE in {5,6}: 1 (0)
        :   PU_SIZE in {0,4,7}: 0 (9/2)
        :   PU_SIZE in {1,2}: 1 (11)
        TU_DEPTH = 0:
        :...COLOC_SPLIT = 0:
            :...SSE <= 25563: 1 (3/1)
            :   SSE > 25563: 0 (35)
            COLOC_SPLIT = 1:
            :...dQP = 2: 0 (0)
            :   dQP = 3: 0 (23/4)
            :   dQP = 1:
            :   :...MVD_MOD_INT > 0: 0 (4)
            :   :   MVD_MOD_INT <= 0:
            :   :   :...SAD <= 4145: 0 (2)
            :   :       SAD > 4145: 1 (17/2)
            :   dQP = 4:
            :   :...MVP_IDX = 0:
            :       :...RATIO_2Nx2N-MSM <= 0.991059: 0 (11)
            :       :   RATIO_2Nx2N-MSM > 0.991059: 1 (3)
            :       MVP_IDX = 1:
            :       :...BITS <= 27: 0 (7/1)
            :       :   BITS > 27: 1 (3)
            :       MVP_IDX = -1:
            :       :...INTER_DIR = 0: 0 (0)
            :           INTER_DIR = 1: 1 (6)
            :           INTER_DIR = 2:
            :           :...COST_MSM <= 45820.9: 0 (2)
            :           :   COST_MSM > 45820.9: 1 (10/4)
            :           INTER_DIR = 3:
            :           :...BITS <= 2: 1 (8/2)
            :               BITS > 2: 0 (38/13)
            COLOC_SPLIT = 2:
            :...MVD_MOD_FRAC in {0.353553,0.559017,1.06066}: 0 (0)
                MVD_MOD_FRAC in {0.25,0.5,0.75,0.901388}: 0 (19/4)
                MVD_MOD_FRAC in {0.707107,0.790569}: 1 (4/1)
                MVD_MOD_FRAC = 0:
                :...MV_MOD_FRAC = 0.707107: 0 (0)
                    MV_MOD_FRAC in {0.353553,0.5,0.901388}: 1 (17/3)
                    MV_MOD_FRAC = 0.75: 0 (4/1)
                    MV_MOD_FRAC = 0.25:
                    :...AVG_NEIGH_DEPTH <= 1.27237: 0 (4)
                    :   AVG_NEIGH_DEPTH > 1.27237: 1 (5/1)
                    MV_MOD_FRAC = 0.559017:
                    :...MV_MOD_INT <= 8.24621: 1 (3)
                    :   MV_MOD_INT > 8.24621: 0 (5/1)
                    MV_MOD_FRAC = 0.790569:
                    :...COST_2Nx2N <= 144597: 0 (10)
                    :   COST_2Nx2N > 144597: 1 (2)
                    MV_MOD_FRAC = 1.06066:
                    :...COST_MSM <= 62003: 0 (2)
                    :   COST_MSM > 62003: 1 (2)
                    MV_MOD_FRAC = 0:
                    :...RATIO_BEST-MSM <= 0.741064:
                        :...BITS <= 35: 0 (12)
                        :   BITS > 35: 1 (3/1)
                        RATIO_BEST-MSM > 0.741064:
                        :...dQP in {1,2}: 1 (0)
                            dQP = 3: 1 (3)
                            dQP = 4:
                            :...BEST_COST <= 51383.9: 0 (3)
                                BEST_COST > 51383.9:
                                :...INTER_DIR in {0,1}: 1 (0)
                                    INTER_DIR = 3: 1 (6)
                                    INTER_DIR = 2:
                                    :...BITS <= 24: 0 (2)
                                        BITS > 24: 1 (2)


Evaluation on training data (820 cases):

	       Decision Tree       
	  -----------------------  
	  Size      Errors   Cost  

	    43   76( 9.3%)   0.09   <<


	   (a)   (b)    <-classified as
	  ----  ----
	   461    43    (a): class 0
	    33   283    (b): class 1


	Attribute usage:

	    100%  BITS
	     75%  COST_MSM
	     75%  TU_DEPTH
	     37%  RATIO_BEST_2Nx2N
	     34%  COLOC_SPLIT
	     18%  dQP
	     15%  RATIO_BEST-MSM
	     13%  MVD_MOD_FRAC
	     11%  MVP_IDX
	     10%  MV_MOD_FRAC
	      9%  INTER_DIR
	      5%  SSE
	      3%  MVD_MOD_INT
	      2%  PU_SIZE
	      2%  SAD
	      2%  RATIO_2Nx2N-MSM
	      2%  BEST_COST
	      1%  COST_2Nx2N
	      1%  NON-Z-COEFF
	      1%  AVG_NEIGH_DEPTH


Time: 0.0 secs
