
C5.0 [Release 2.07 GPL Edition]  	Thu Feb 16 11:14:28 2017
-------------------------------

    Options:
	Application `./ONLINE/NO-BOOST/BasketballDrill_d2_qp37'

Read 696 cases (28 attributes) from ./ONLINE/NO-BOOST/BasketballDrill_d2_qp37.data

Decision tree:

BITS <= 45:
:...PU_SIZE in {0,4,6}: 0 (477/38)
:   PU_SIZE = 1:
:   :...BITS <= 16: 1 (8/1)
:   :   BITS > 16: 0 (12/1)
:   PU_SIZE = 2:
:   :...RATIO_BEST-MSM <= 0.825652: 0 (15/5)
:   :   RATIO_BEST-MSM > 0.825652: 1 (12/4)
:   PU_SIZE = 5:
:   :...FME = 1: 0 (0)
:   :   FME = 0: 0 (3)
:   :   FME = 2: 1 (3)
:   PU_SIZE = 7:
:   :...FME = 1: 1 (0)
:       FME = 0: 1 (2)
:       FME = 2: 0 (5/2)
BITS > 45:
:...COST_MSM > 55469:
    :...BITS <= 56: 0 (2)
    :   BITS > 56: 1 (47/1)
    COST_MSM <= 55469:
    :...RATIO_2Nx2N-MSM <= 0.865671: 0 (13/1)
        RATIO_2Nx2N-MSM > 0.865671:
        :...MVD_MOD_FRAC in {0.353553,0.5,0.901388,1.06066}: 1 (0)
            MVD_MOD_FRAC = 0.25: 0 (2/1)
            MVD_MOD_FRAC in {0.559017,0.707107,0.75,0.790569}: 1 (8)
            MVD_MOD_FRAC = 0:
            :...AVG_NEIGH_DEPTH <= 1.26071:
                :...MV_MOD_FRAC in {0.5,0.559017,0.707107,0.75,0.790569,
                :   :               0.901388,1.06066}: 1 (0)
                :   MV_MOD_FRAC = 0.353553: 0 (1)
                :   MV_MOD_FRAC = 0:
                :   :...COST_2Nx2N <= 25813.9: 0 (2)
                :   :   COST_2Nx2N > 25813.9: 1 (25/2)
                :   MV_MOD_FRAC = 0.25:
                :   :...DISTORTION <= 18682: 0 (2)
                :       DISTORTION > 18682: 1 (2)
                AVG_NEIGH_DEPTH > 1.26071:
                :...CTX_SPLIT = 6: 0 (0)
                    CTX_SPLIT = 4: 1 (4)
                    CTX_SPLIT = 5: 0 (2)
                    CTX_SPLIT = 1:
                    :...SAD <= 6344: 0 (8/2)
                    :   SAD > 6344: 1 (5)
                    CTX_SPLIT = 2:
                    :...RATIO_BEST_2Nx2N <= 0.761773: 0 (10)
                    :   RATIO_BEST_2Nx2N > 0.761773: 1 (8/1)
                    CTX_SPLIT = 3:
                    :...RATIO_BEST-MSM <= 0.753626: 0 (3)
                    :   RATIO_BEST-MSM > 0.753626: 1 (2)
                    CTX_SPLIT = 0:
                    :...NON-Z-COEFF > 3: 1 (3)
                        NON-Z-COEFF <= 3:
                        :...DISTORTION <= 18214: 0 (4)
                            DISTORTION > 18214:
                            :...DISTORTION <= 21336: 1 (3)
                                DISTORTION > 21336: 0 (3/1)


Evaluation on training data (696 cases):

	       Decision Tree       
	  -----------------------  
	  Size      Errors   Cost  

	    31   60( 8.6%)   0.09   <<


	   (a)   (b)    <-classified as
	  ----  ----
	   513     9    (a): class 0
	    51   123    (b): class 1


	Attribute usage:

	    100%  BITS
	     77%  PU_SIZE
	     23%  COST_MSM
	     16%  RATIO_2Nx2N-MSM
	     14%  MVD_MOD_FRAC
	     13%  AVG_NEIGH_DEPTH
	      8%  CTX_SPLIT
	      5%  RATIO_BEST-MSM
	      5%  MV_MOD_FRAC
	      4%  COST_2Nx2N
	      3%  RATIO_BEST_2Nx2N
	      2%  DISTORTION
	      2%  SAD
	      2%  NON-Z-COEFF
	      2%  FME


Time: 0.0 secs
