
C5.0 [Release 2.07 GPL Edition]  	Thu Feb 16 11:14:56 2017
-------------------------------

    Options:
	Application `./ONLINE/NO-BOOST/BasketballDrill_d2_qp22'

Read 2360 cases (28 attributes) from ./ONLINE/NO-BOOST/BasketballDrill_d2_qp22.data

Decision tree:

BITS <= 54:
:...COST_MSM <= 1786.29: 0 (449/9)
:   COST_MSM > 1786.29:
:   :...DISTORTION > 5629: 1 (48/15)
:       DISTORTION <= 5629:
:       :...TU_DEPTH in {0,2}: 0 (808/140)
:           TU_DEPTH = 1:
:           :...PU_SIZE = 2: 0 (13/6)
:               PU_SIZE in {4,5,6,7}: 1 (10/1)
:               PU_SIZE = 1:
:               :...INTER_DIR in {0,2}: 1 (0)
:               :   INTER_DIR = 1: 0 (2)
:               :   INTER_DIR = 3: 1 (10/1)
:               PU_SIZE = 0:
:               :...COLOC_SPLIT in {0,2}: 0 (23/5)
:                   COLOC_SPLIT = 1:
:                   :...MV_MOD_INT <= 0: 1 (9/2)
:                       MV_MOD_INT > 0: 0 (5)
BITS > 54:
:...BITS > 145:
    :...RATIO_2Nx2N-MSM > 0.729059: 1 (470/58)
    :   RATIO_2Nx2N-MSM <= 0.729059:
    :   :...SAD <= 982: 0 (20/7)
    :       SAD > 982: 1 (7)
    BITS <= 145:
    :...TU_DEPTH = 1: 1 (239/70)
        TU_DEPTH = 2:
        :...NON-Z-COEFF <= 19: 1 (65/25)
        :   NON-Z-COEFF > 19: 0 (5)
        TU_DEPTH = 0:
        :...SSE <= 1981:
            :...SSE <= 1159: 1 (3)
            :   SSE > 1159: 0 (43/5)
            SSE > 1981:
            :...MVD_MOD_FRAC = 1.06066: 1 (0)
                MVD_MOD_FRAC in {0.25,0.5,0.559017,0.707107,
                :                0.901388}: 1 (25/7)
                MVD_MOD_FRAC in {0.353553,0.75}: 0 (7)
                MVD_MOD_FRAC = 0.790569:
                :...INTER_DIR in {0,2}: 1 (0)
                :   INTER_DIR = 1: 0 (2)
                :   INTER_DIR = 3: 1 (7/1)
                MVD_MOD_FRAC = 0:
                :...MV_MOD_FRAC = 0.5: 1 (0)
                    MV_MOD_FRAC in {0.353553,0.707107,0.790569,0.901388,
                    :               1.06066}: 0 (14/3)
                    MV_MOD_FRAC in {0.559017,0.75}: 1 (4/1)
                    MV_MOD_FRAC = 0.25:
                    :...SSE <= 4278: 0 (4)
                    :   SSE > 4278: 1 (6/1)
                    MV_MOD_FRAC = 0:
                    :...PU_SIZE in {5,7}: 1 (0)
                        PU_SIZE in {1,4,6}: 1 (6)
                        PU_SIZE = 2: 0 (3/1)
                        PU_SIZE = 0:
                        :...CTX_SPLIT in {0,1,5,6}: 1 (20/5)
                            CTX_SPLIT = 2: 0 (9/2)
                            CTX_SPLIT = 3:
                            :...COLOC_SPLIT = 2: 0 (0)
                            :   COLOC_SPLIT = 0: 0 (5)
                            :   COLOC_SPLIT = 1: 1 (7/3)
                            CTX_SPLIT = 4:
                            :...COLOC_SPLIT = 0: 0 (6/1)
                                COLOC_SPLIT in {1,2}: 1 (6)


Evaluation on training data (2360 cases):

	       Decision Tree       
	  -----------------------  
	  Size      Errors   Cost  

	    34  369(15.6%)   0.16   <<


	   (a)   (b)    <-classified as
	  ----  ----
	  1239   190    (a): class 0
	   179   752    (b): class 1


	Attribute usage:

	    100%  BITS
	     58%  COST_MSM
	     58%  TU_DEPTH
	     39%  DISTORTION
	     21%  RATIO_2Nx2N-MSM
	      8%  SSE
	      6%  PU_SIZE
	      6%  MVD_MOD_FRAC
	      4%  MV_MOD_FRAC
	      3%  NON-Z-COEFF
	      3%  COLOC_SPLIT
	      2%  CTX_SPLIT
	      1%  SAD


Time: 0.0 secs
