
C5.0 [Release 2.07 GPL Edition]  	Thu Feb 16 11:14:43 2017
-------------------------------

    Options:
	Application `./ONLINE/NO-BOOST/BasketballDrill_d2_qp27'

Read 1840 cases (28 attributes) from ./ONLINE/NO-BOOST/BasketballDrill_d2_qp27.data

Decision tree:

BITS > 56:
:...BITS > 96: 1 (317/47)
:   BITS <= 96:
:   :...RATIO_BEST-MSM <= 0.662881: 0 (32/4)
:       RATIO_BEST-MSM > 0.662881:
:       :...MVD_MOD_FRAC in {0,0.5,0.707107,0.75}: 1 (109/33)
:           MVD_MOD_FRAC in {0.790569,1.06066}: 0 (2)
:           MVD_MOD_FRAC = 0.25:
:           :...BEST_COST <= 8646.44: 0 (4)
:           :   BEST_COST > 8646.44: 1 (2)
:           MVD_MOD_FRAC = 0.353553:
:           :...BITS <= 73: 0 (2)
:           :   BITS > 73: 1 (4)
:           MVD_MOD_FRAC = 0.559017:
:           :...BITS <= 79: 1 (3)
:           :   BITS > 79: 0 (2)
:           MVD_MOD_FRAC = 0.901388:
:           :...INTER_DIR in {0,2}: 0 (0)
:               INTER_DIR = 1: 1 (2)
:               INTER_DIR = 3: 0 (5/1)
BITS <= 56:
:...COST_MSM <= 7454.23:
    :...TU_DEPTH = 2: 0 (3)
    :   TU_DEPTH = 1:
    :   :...PREDMV_MOD_FRAC in {0.75,0.790569,1.06066}: 1 (0)
    :   :   PREDMV_MOD_FRAC in {0,0.5,0.559017,0.707107,0.901388}: 1 (23/8)
    :   :   PREDMV_MOD_FRAC in {0.25,0.353553}: 0 (6)
    :   TU_DEPTH = 0:
    :   :...PU_SIZE in {0,4,6}: 0 (719/23)
    :       PU_SIZE = 1:
    :       :...RATIO_BEST_2Nx2N <= 0.929975: 1 (9/1)
    :       :   RATIO_BEST_2Nx2N > 0.929975: 0 (15/1)
    :       PU_SIZE = 2:
    :       :...MV_MOD_INT <= 10.8167: 0 (17/3)
    :       :   MV_MOD_INT > 10.8167: 1 (2)
    :       PU_SIZE = 7:
    :       :...RATIO_BEST-MSM <= 0.98856: 0 (9)
    :       :   RATIO_BEST-MSM > 0.98856: 1 (2)
    :       PU_SIZE = 5:
    :       :...REF_IDX = -1: 0 (0)
    :           REF_IDX = 0: 0 (4)
    :           REF_IDX = 1:
    :           :...SAD <= 740: 0 (2)
    :               SAD > 740: 1 (2)
    COST_MSM > 7454.23:
    :...DISTORTION > 20453:
        :...SSE <= 19901: 0 (4/1)
        :   SSE > 19901: 1 (23/2)
        DISTORTION <= 20453:
        :...PU_SIZE = 5: 1 (20/7)
            PU_SIZE = 4:
            :...COLOC_SPLIT in {0,1}: 0 (23/6)
            :   COLOC_SPLIT = 2: 1 (8/1)
            PU_SIZE = 6:
            :...dQP = 2: 0 (0)
            :   dQP in {1,4}: 0 (33/7)
            :   dQP = 3: 1 (4/1)
            PU_SIZE = 7:
            :...TU_DEPTH = 2: 0 (0)
            :   TU_DEPTH = 0: 0 (27/8)
            :   TU_DEPTH = 1: 1 (2)
            PU_SIZE = 0:
            :...TU_DEPTH in {0,2}: 0 (223/39)
            :   TU_DEPTH = 1:
            :   :...AVG_NEIGH_DEPTH <= 1.51351: 1 (4)
            :       AVG_NEIGH_DEPTH > 1.51351: 0 (13/3)
            PU_SIZE = 2:
            :...MVD_MOD_FRAC in {0.25,0.5,0.559017,0.707107,0.901388,
            :   :                1.06066}: 0 (0)
            :   MVD_MOD_FRAC = 0.353553: 1 (1)
            :   MVD_MOD_FRAC in {0.75,0.790569}: 0 (7/1)
            :   MVD_MOD_FRAC = 0:
            :   :...MV_MOD_FRAC = 1.06066: 0 (0)
            :       MV_MOD_FRAC in {0,0.353553,0.5,0.790569}: 0 (40/10)
            :       MV_MOD_FRAC in {0.707107,0.901388}: 1 (6/1)
            :       MV_MOD_FRAC = 0.25:
            :       :...MV_MOD_INT <= 0: 0 (3)
            :       :   MV_MOD_INT > 0: 1 (10/2)
            :       MV_MOD_FRAC = 0.559017:
            :       :...INTER_DIR in {0,2}: 1 (0)
            :       :   INTER_DIR = 1: 0 (2)
            :       :   INTER_DIR = 3: 1 (6/1)
            :       MV_MOD_FRAC = 0.75:
            :       :...MV_MOD_INT <= 6.40312: 1 (2)
            :           MV_MOD_INT > 6.40312: 0 (3)
            PU_SIZE = 1:
            :...MVD_MOD_FRAC in {0.707107,0.75,0.901388,1.06066}: 1 (0)
                MVD_MOD_FRAC in {0.25,0.5,0.559017}: 1 (9/1)
                MVD_MOD_FRAC in {0.353553,0.790569}: 0 (6/1)
                MVD_MOD_FRAC = 0:
                :...MVP_IDX = 0: 0 (3)
                    MVP_IDX = 1: 1 (3)
                    MVP_IDX = -1:
                    :...MV_MOD_FRAC in {0,0.5,0.75,0.901388}: 1 (27/8)
                        MV_MOD_FRAC in {0.353553,0.707107,
                        :               1.06066}: 0 (7)
                        MV_MOD_FRAC = 0.25:
                        :...COLOC_SPLIT = 0: 0 (2)
                        :   COLOC_SPLIT in {1,2}: 1 (6/1)
                        MV_MOD_FRAC = 0.559017:
                        :...RATIO_BEST_2Nx2N <= 0.824848: 1 (2)
                        :   RATIO_BEST_2Nx2N > 0.824848: 0 (5)
                        MV_MOD_FRAC = 0.790569:
                        :...DISTORTION <= 13639: 1 (6)
                            DISTORTION > 13639: 0 (3)


Evaluation on training data (1840 cases):

	       Decision Tree       
	  -----------------------  
	  Size      Errors   Cost  

	    59  222(12.1%)   0.12   <<


	   (a)   (b)    <-classified as
	  ----  ----
	  1118   114    (a): class 0
	   108   500    (b): class 1


	Attribute usage:

	    100%  BITS
	     74%  COST_MSM
	     70%  PU_SIZE
	     59%  TU_DEPTH
	     30%  DISTORTION
	     16%  MVD_MOD_FRAC
	     10%  RATIO_BEST-MSM
	      7%  MV_MOD_FRAC
	      3%  MVP_IDX
	      2%  COLOC_SPLIT
	      2%  dQP
	      2%  MV_MOD_INT
	      2%  RATIO_BEST_2Nx2N
	      2%  PREDMV_MOD_FRAC
	      1%  SSE


Time: 0.0 secs
