
C5.0 [Release 2.07 GPL Edition]  	Thu Feb 16 09:33:00 2017
-------------------------------

    Options:
	Application `./ONLINE/NO-BOOST/ChinaSpeed_d2_qp32'

Read 3204 cases (28 attributes) from ./ONLINE/NO-BOOST/ChinaSpeed_d2_qp32.data

Decision tree:

BITS <= 36:
:...PU_SIZE in {6,7}: 0 (114/22)
:   PU_SIZE = 5:
:   :...dQP = 2: 0 (0)
:   :   dQP = 1: 0 (13)
:   :   dQP = 3:
:   :   :...RATIO_2Nx2N-MSM <= 1.22815: 0 (3)
:   :   :   RATIO_2Nx2N-MSM > 1.22815: 1 (2)
:   :   dQP = 4:
:   :   :...RATIO_BEST-MSM <= 0.891385: 0 (10/1)
:   :       RATIO_BEST-MSM > 0.891385: 1 (4)
:   PU_SIZE = 2:
:   :...CTX_SPLIT in {0,1,4}: 0 (51/17)
:   :   CTX_SPLIT in {2,5,6}: 1 (41/13)
:   :   CTX_SPLIT = 3:
:   :   :...FME in {1,2}: 0 (6)
:   :       FME = 0:
:   :       :...dQP = 2: 1 (0)
:   :           dQP in {1,4}: 1 (6)
:   :           dQP = 3: 0 (5/1)
:   PU_SIZE = 4:
:   :...MV_MOD_FRAC in {0.559017,0.707107,1.06066}: 0 (0)
:   :   MV_MOD_FRAC in {0.25,0.5,0.75,0.790569}: 0 (10)
:   :   MV_MOD_FRAC = 0.901388: 1 (3)
:   :   MV_MOD_FRAC = 0.353553:
:   :   :...DISTORTION <= 35873: 0 (2)
:   :   :   DISTORTION > 35873: 1 (2)
:   :   MV_MOD_FRAC = 0:
:   :   :...dQP = 2: 1 (0)
:   :       dQP = 1: 0 (3/1)
:   :       dQP = 3: 1 (5)
:   :       dQP = 4:
:   :       :...CTX_SPLIT in {3,4,6}: 0 (0)
:   :           CTX_SPLIT in {0,5}: 1 (3)
:   :           CTX_SPLIT in {1,2}: 0 (7/1)
:   PU_SIZE = 0:
:   :...TU_DEPTH = 0: 0 (1657/93)
:   :   TU_DEPTH = 2:
:   :   :...dQP = 2: 0 (0)
:   :   :   dQP = 1: 0 (7)
:   :   :   dQP = 3:
:   :   :   :...AVG_NEIGH_DEPTH <= 2.26459: 1 (3)
:   :   :   :   AVG_NEIGH_DEPTH > 2.26459: 0 (2)
:   :   :   dQP = 4:
:   :   :   :...BITS <= 30: 0 (3)
:   :   :       BITS > 30: 1 (3)
:   :   TU_DEPTH = 1:
:   :   :...CTX_SPLIT = 6: 0 (0)
:   :       CTX_SPLIT in {0,5}: 0 (12)
:   :       CTX_SPLIT in {2,4}: 1 (7/1)
:   :       CTX_SPLIT = 3:
:   :       :...COLOC_SPLIT in {0,2}: 0 (3)
:   :       :   COLOC_SPLIT = 1: 1 (2)
:   :       CTX_SPLIT = 1:
:   :       :...dQP = 2: 0 (0)
:   :           dQP in {3,4}: 0 (8/1)
:   :           dQP = 1:
:   :           :...BITS <= 29: 0 (3)
:   :               BITS > 29: 1 (4)
:   PU_SIZE = 1:
:   :...PREDMV_MOD_FRAC in {0.353553,0.790569}: 0 (0)
:       PREDMV_MOD_FRAC = 0.5: 1 (12/5)
:       PREDMV_MOD_FRAC in {0.559017,0.707107,0.901388,1.06066}: 0 (10/1)
:       PREDMV_MOD_FRAC = 0.25:
:       :...COST_2Nx2N <= 23681.4: 0 (5)
:       :   COST_2Nx2N > 23681.4: 1 (4)
:       PREDMV_MOD_FRAC = 0.75:
:       :...RATIO_BEST_2Nx2N <= 0.836882: 1 (2)
:       :   RATIO_BEST_2Nx2N > 0.836882: 0 (4)
:       PREDMV_MOD_FRAC = 0:
:       :...SAD > 2293: 1 (9)
:           SAD <= 2293:
:           :...COST_2Nx2N <= 42191.9: 1 (48/19)
:               COST_2Nx2N > 42191.9:
:               :...BEST_COST <= 46612.6: 0 (14)
:                   BEST_COST > 46612.6: 1 (4/1)
BITS > 36:
:...BEST_COST > 9237.41: 1 (948/227)
    BEST_COST <= 9237.41:
    :...MV_MOD_INT > 56.3028: 1 (8)
        MV_MOD_INT <= 56.3028:
        :...PU_SIZE in {1,2}: 1 (11/2)
            PU_SIZE in {4,5,6}: 0 (25/7)
            PU_SIZE = 7:
            :...MV_MOD_INT <= 19.4165: 1 (3)
            :   MV_MOD_INT > 19.4165: 0 (2)
            PU_SIZE = 0:
            :...TU_DEPTH = 2: 0 (21/5)
                TU_DEPTH = 1:
                :...RATIO_2Nx2N-MSM <= 1.13988: 0 (29/10)
                :   RATIO_2Nx2N-MSM > 1.13988: 1 (10)
                TU_DEPTH = 0:
                :...NON-Z-COEFF <= 8: 0 (20)
                    NON-Z-COEFF > 8:
                    :...NON-Z-COEFF <= 12: 0 (9/2)
                        NON-Z-COEFF > 12: 1 (2)


Evaluation on training data (3204 cases):

	       Decision Tree       
	  -----------------------  
	  Size      Errors   Cost  

	    54  430(13.4%)   0.13   <<


	   (a)   (b)    <-classified as
	  ----  ----
	  1896   268    (a): class 0
	   162   878    (b): class 1


	Attribute usage:

	    100%  BITS
	     70%  PU_SIZE
	     56%  TU_DEPTH
	     35%  BEST_COST
	      5%  CTX_SPLIT
	      4%  MV_MOD_INT
	      3%  PREDMV_MOD_FRAC
	      3%  dQP
	      2%  SAD
	      2%  COST_2Nx2N
	      1%  RATIO_2Nx2N-MSM
	      1%  MV_MOD_FRAC


Time: 0.0 secs
