
C5.0 [Release 2.07 GPL Edition]  	Thu Feb 16 09:32:42 2017
-------------------------------

    Options:
	Application `./ONLINE/NO-BOOST/ChinaSpeed_d0_qp37'

Read 960 cases (28 attributes) from ./ONLINE/NO-BOOST/ChinaSpeed_d0_qp37.data

Decision tree:

BITS <= 12:
:...AVG_NEIGH_DEPTH <= 0.776667: 0 (440/13)
:   AVG_NEIGH_DEPTH > 0.776667:
:   :...COST_2Nx2N <= 298859: 0 (40/2)
:       COST_2Nx2N > 298859:
:       :...MV_MOD_FRAC = 1.06066: 0 (0)
:           MV_MOD_FRAC in {0.25,0.5,0.559017,0.790569}: 0 (9/1)
:           MV_MOD_FRAC in {0.353553,0.707107,0.75,0.901388}: 1 (12/1)
:           MV_MOD_FRAC = 0:
:           :...NON-Z-COEFF > 4: 1 (4)
:               NON-Z-COEFF <= 4:
:               :...BITS <= 0: 1 (4/1)
:                   BITS > 0:
:                   :...DISTORTION <= 640564: 0 (21/4)
:                       DISTORTION > 640564: 1 (3)
BITS > 12:
:...BITS > 66:
    :...RATIO_2Nx2N-MSM <= 1.04437: 1 (158/3)
    :   RATIO_2Nx2N-MSM > 1.04437:
    :   :...AVG_NEIGH_DEPTH > 1.294: 1 (14)
    :       AVG_NEIGH_DEPTH <= 1.294:
    :       :...PU_SIZE in {2,4,5,6,7}: 0 (0)
    :           PU_SIZE = 1: 1 (3)
    :           PU_SIZE = 0:
    :           :...REF_IDX = 1: 0 (0)
    :               REF_IDX = 0: 0 (3)
    :               REF_IDX = -1:
    :               :...SAD <= 17436: 0 (3)
    :                   SAD > 17436: 1 (5/1)
    BITS <= 66:
    :...AVG_NEIGH_DEPTH > 1.10769:
        :...COLOC_SPLIT = 0: 0 (3)
        :   COLOC_SPLIT = 2: 1 (57/6)
        :   COLOC_SPLIT = 1:
        :   :...SAD <= 17232: 1 (5)
        :       SAD > 17232: 0 (6/1)
        AVG_NEIGH_DEPTH <= 1.10769:
        :...PU_SIZE = 7: 0 (0)
            PU_SIZE in {1,5}: 1 (26/8)
            PU_SIZE = 6: 0 (3/1)
            PU_SIZE = 2:
            :...MV_MOD_FRAC in {0.901388,1.06066}: 0 (0)
            :   MV_MOD_FRAC in {0,0.75}: 1 (17/5)
            :   MV_MOD_FRAC in {0.25,0.353553,0.5,0.559017,0.707107,
            :                   0.790569}: 0 (11/2)
            PU_SIZE = 4:
            :...NON-Z-COEFF <= 1: 0 (2)
            :   NON-Z-COEFF > 1: 1 (4)
            PU_SIZE = 0:
            :...RATIO_BEST_2Nx2N <= 0.904078: 0 (45/3)
                RATIO_BEST_2Nx2N > 0.904078:
                :...TU_DEPTH = 2: 0 (0)
                    TU_DEPTH = 0: 0 (28/5)
                    TU_DEPTH = 1:
                    :...INTER_DIR = 0: 0 (3/1)
                        INTER_DIR in {1,2}: 1 (7/1)
                        INTER_DIR = 3:
                        :...RATIO_BEST-MSM > 1.00442: 1 (5)
                            RATIO_BEST-MSM <= 1.00442:
                            :...CTX_SPLIT in {5,6}: 0 (0)
                                CTX_SPLIT = 0: 1 (2)
                                CTX_SPLIT in {1,2}: 0 (9/1)
                                CTX_SPLIT = 3:
                                :...DISTORTION <= 222244: 1 (2)
                                :   DISTORTION > 222244: 0 (2)
                                CTX_SPLIT = 4:
                                :...SAD <= 28477: 0 (2)
                                    SAD > 28477: 1 (2)


Evaluation on training data (960 cases):

	       Decision Tree       
	  -----------------------  
	  Size      Errors   Cost  

	    35   60( 6.2%)   0.06   <<


	   (a)   (b)    <-classified as
	  ----  ----
	   596    26    (a): class 0
	    34   304    (b): class 1


	Attribute usage:

	    100%  BITS
	     84%  AVG_NEIGH_DEPTH
	     19%  RATIO_2Nx2N-MSM
	     19%  PU_SIZE
	     11%  RATIO_BEST_2Nx2N
	     10%  COST_2Nx2N
	      8%  MV_MOD_FRAC
	      7%  COLOC_SPLIT
	      6%  TU_DEPTH
	      4%  NON-Z-COEFF
	      4%  INTER_DIR
	      3%  DISTORTION
	      3%  RATIO_BEST-MSM
	      2%  SAD
	      2%  CTX_SPLIT
	      1%  REF_IDX


Time: 0.0 secs
