
C5.0 [Release 2.07 GPL Edition]  	Thu Feb 16 09:33:00 2017
-------------------------------

    Options:
	Application `./ONLINE/NO-BOOST/ChinaSpeed_d1_qp32'

Read 2056 cases (28 attributes) from ./ONLINE/NO-BOOST/ChinaSpeed_d1_qp32.data

Decision tree:

BITS > 86:
:...PRED_MODE in {0,1}: 1 (0)
:   PRED_MODE = 2: 1 (318/3)
:   PRED_MODE = 3:
:   :...BITS > 186: 1 (67)
:       BITS <= 186:
:       :...TU_DEPTH = 0: 0 (5)
:           TU_DEPTH in {1,2}: 1 (13/4)
BITS <= 86:
:...COST_2Nx2N <= 57908.2:
    :...PU_SIZE in {0,6}: 0 (1045/81)
    :   PU_SIZE = 2:
    :   :...dQP = 2: 1 (0)
    :   :   dQP in {1,3}: 1 (24/6)
    :   :   dQP = 4: 0 (9)
    :   PU_SIZE = 5:
    :   :...CTX_SPLIT in {0,1,4,5}: 0 (17/2)
    :   :   CTX_SPLIT in {2,3,6}: 1 (14/4)
    :   PU_SIZE = 7:
    :   :...MVD_MOD_INT > 3.16228: 1 (4)
    :   :   MVD_MOD_INT <= 3.16228:
    :   :   :...DISTORTION <= 34098: 0 (8)
    :   :       DISTORTION > 34098: 1 (2)
    :   PU_SIZE = 1:
    :   :...MVP_IDX = 0: 1 (9/1)
    :   :   MVP_IDX = 1: 0 (5)
    :   :   MVP_IDX = -1:
    :   :   :...dQP = 2: 0 (0)
    :   :       dQP = 1: 1 (5/1)
    :   :       dQP = 3: 0 (12/1)
    :   :       dQP = 4:
    :   :       :...AVG_NEIGH_DEPTH <= 1.7168: 0 (7/1)
    :   :           AVG_NEIGH_DEPTH > 1.7168: 1 (5/1)
    :   PU_SIZE = 4:
    :   :...MVP_IDX = 0: 1 (6/1)
    :       MVP_IDX = 1: 0 (3)
    :       MVP_IDX = -1:
    :       :...AVG_NEIGH_DEPTH > 1.11436: 0 (23/8)
    :           AVG_NEIGH_DEPTH <= 1.11436:
    :           :...FME = 1: 1 (0)
    :               FME = 0: 1 (4)
    :               FME = 2: 0 (2)
    COST_2Nx2N > 57908.2:
    :...DISTORTION > 133520: 1 (59/5)
        DISTORTION <= 133520:
        :...AVG_NEIGH_DEPTH <= 1.11436:
            :...CTX_SPLIT = 5: 0 (0)
            :   CTX_SPLIT in {2,3,6}: 0 (24/4)
            :   CTX_SPLIT = 4: 1 (3)
            :   CTX_SPLIT = 0:
            :   :...TU_DEPTH = 2: 0 (0)
            :   :   TU_DEPTH = 0: 0 (19/1)
            :   :   TU_DEPTH = 1: 1 (2)
            :   CTX_SPLIT = 1:
            :   :...MV_MOD_INT <= 0: 0 (14)
            :       MV_MOD_INT > 0:
            :       :...NON-Z-COEFF <= 2: 0 (9/2)
            :           NON-Z-COEFF > 2: 1 (4)
            AVG_NEIGH_DEPTH > 1.11436:
            :...TU_DEPTH in {1,2}: 1 (26/2)
                TU_DEPTH = 0:
                :...dQP in {1,2}: 1 (0)
                    dQP = 3:
                    :...COLOC_SPLIT in {0,1}: 0 (9/3)
                    :   COLOC_SPLIT = 2: 1 (45/3)
                    dQP = 4:
                    :...PREDMV_MOD_FRAC in {0.353553,0.559017,0.790569,
                        :                   0.901388,1.06066}: 0 (33/5)
                        PREDMV_MOD_FRAC = 0.5: 1 (41/18)
                        PREDMV_MOD_FRAC = 0.707107:
                        :...PU_SIZE in {1,4,5,6,7}: 0 (0)
                        :   PU_SIZE = 0: 0 (5/1)
                        :   PU_SIZE = 2: 1 (3)
                        PREDMV_MOD_FRAC = 0.75:
                        :...PRED_MODE in {2,3}: 0 (0)
                        :   PRED_MODE = 0: 0 (4)
                        :   PRED_MODE = 1: 1 (4/1)
                        PREDMV_MOD_FRAC = 0:
                        :...CTX_SPLIT = 0: 1 (0)
                        :   CTX_SPLIT = 2: 0 (33/11)
                        :   CTX_SPLIT in {3,5,6}: 1 (63/20)
                        :   CTX_SPLIT = 1:
                        :   :...MV_MOD_INT <= 2.23607: 0 (5/1)
                        :   :   MV_MOD_INT > 2.23607: 1 (3)
                        :   CTX_SPLIT = 4:
                        :   :...RATIO_BEST-MSM <= 0.830429: 0 (4/1)
                        :       RATIO_BEST-MSM > 0.830429: 1 (8)
                        PREDMV_MOD_FRAC = 0.25:
                        :...COST_MSM <= 74247: 0 (6)
                            COST_MSM > 74247:
                            :...FME = 1: 1 (0)
                                FME = 0: 0 (2)
                                FME = 2: 1 (21/4)


Evaluation on training data (2056 cases):

	       Decision Tree       
	  -----------------------  
	  Size      Errors   Cost  

	    49  196( 9.5%)   0.10   <<


	   (a)   (b)    <-classified as
	  ----  ----
	  1181    74    (a): class 0
	   122   679    (b): class 1


	Attribute usage:

	    100%  BITS
	     80%  COST_2Nx2N
	     59%  PU_SIZE
	     22%  DISTORTION
	     21%  AVG_NEIGH_DEPTH
	     20%  PRED_MODE
	     17%  TU_DEPTH
	     17%  dQP
	     11%  PREDMV_MOD_FRAC
	     11%  CTX_SPLIT
	      4%  MVP_IDX
	      3%  COLOC_SPLIT
	      2%  MV_MOD_INT
	      1%  COST_MSM
	      1%  FME


Time: 0.0 secs
