
C5.0 [Release 2.07 GPL Edition]  	Thu Feb 16 09:32:42 2017
-------------------------------

    Options:
	Application `./ONLINE/NO-BOOST/ChinaSpeed_d2_qp37'

Read 1852 cases (28 attributes) from ./ONLINE/NO-BOOST/ChinaSpeed_d2_qp37.data

Decision tree:

BITS <= 30:
:...PU_SIZE in {0,6,7}: 0 (1074/74)
:   PU_SIZE = 4:
:   :...NON-Z-COEFF <= 3: 0 (13/4)
:   :   NON-Z-COEFF > 3: 1 (5)
:   PU_SIZE = 5:
:   :...REF_IDX in {-1,0}: 0 (17/2)
:   :   REF_IDX = 1:
:   :   :...COST_2Nx2N <= 113206: 1 (3)
:   :       COST_2Nx2N > 113206: 0 (2)
:   PU_SIZE = 2:
:   :...CTX_SPLIT = 0: 0 (8/4)
:   :   CTX_SPLIT in {4,5,6}: 1 (6)
:   :   CTX_SPLIT = 3:
:   :   :...MVP_IDX in {-1,1}: 0 (7/1)
:   :   :   MVP_IDX = 0: 1 (3)
:   :   CTX_SPLIT = 1:
:   :   :...MVD_MOD_INT > 1: 1 (3)
:   :   :   MVD_MOD_INT <= 1:
:   :   :   :...BITS <= 10: 1 (3/1)
:   :   :       BITS > 10: 0 (8)
:   :   CTX_SPLIT = 2:
:   :   :...MV_MOD_FRAC in {0.559017,0.707107,0.75,1.06066}: 0 (0)
:   :       MV_MOD_FRAC in {0.25,0.5,0.790569,0.901388}: 0 (5)
:   :       MV_MOD_FRAC = 0.353553: 1 (1)
:   :       MV_MOD_FRAC = 0:
:   :       :...RATIO_BEST_2Nx2N <= 0.897312: 1 (4)
:   :           RATIO_BEST_2Nx2N > 0.897312: 0 (2)
:   PU_SIZE = 1:
:   :...MVD_MOD_FRAC in {0.353553,0.559017,0.707107,0.790569,
:       :                1.06066}: 1 (0)
:       MVD_MOD_FRAC in {0.25,0.5,0.901388}: 0 (7/1)
:       MVD_MOD_FRAC = 0.75: 1 (1)
:       MVD_MOD_FRAC = 0:
:       :...MV_MOD_FRAC in {0.353553,0.5,0.707107,0.790569,
:           :               1.06066}: 1 (0)
:           MV_MOD_FRAC in {0.25,0.559017,0.901388}: 0 (4)
:           MV_MOD_FRAC = 0.75: 1 (7/2)
:           MV_MOD_FRAC = 0:
:           :...RATIO_BEST-MSM > 0.858373: 1 (9)
:               RATIO_BEST-MSM <= 0.858373:
:               :...dQP = 2: 0 (0)
:                   dQP = 1: 0 (3/1)
:                   dQP = 3: 1 (2)
:                   dQP = 4:
:                   :...BITS <= 15: 1 (3)
:                       BITS > 15: 0 (8/1)
BITS > 30:
:...BITS > 110:
    :...RATIO_BEST-MSM > 0.62161: 1 (207/19)
    :   RATIO_BEST-MSM <= 0.62161:
    :   :...DISTORTION <= 28062: 1 (12/3)
    :       DISTORTION > 28062: 0 (5)
    BITS <= 110:
    :...TU_DEPTH = 1: 1 (185/59)
        TU_DEPTH = 0:
        :...MV_MOD_FRAC in {0,0.25,1.06066}: 0 (89/29)
        :   MV_MOD_FRAC in {0.353553,0.559017,0.707107,0.75,0.790569,
        :   :               0.901388}: 1 (26/6)
        :   MV_MOD_FRAC = 0.5:
        :   :...REF_IDX = -1: 0 (0)
        :       REF_IDX = 0: 0 (3)
        :       REF_IDX = 1: 1 (2)
        TU_DEPTH = 2:
        :...MVD_MOD_FRAC in {0.353553,0.5,0.559017,0.707107,0.790569,
            :                1.06066}: 1 (13)
            MVD_MOD_FRAC in {0.75,0.901388}: 0 (5)
            MVD_MOD_FRAC = 0.25:
            :...PU_SIZE in {4,6,7}: 0 (0)
            :   PU_SIZE in {0,2}: 0 (6/1)
            :   PU_SIZE in {1,5}: 1 (4)
            MVD_MOD_FRAC = 0:
            :...MV_MOD_FRAC in {0.707107,0.790569}: 1 (0)
                MV_MOD_FRAC in {0.25,1.06066}: 1 (2)
                MV_MOD_FRAC in {0.353553,0.559017,0.901388}: 0 (3)
                MV_MOD_FRAC = 0.5:
                :...DISTORTION <= 16368: 0 (3)
                :   DISTORTION > 16368: 1 (4)
                MV_MOD_FRAC = 0:
                :...CTX_SPLIT in {0,6}: 0 (5/2)
                :   CTX_SPLIT in {2,4}: 1 (24/1)
                :   CTX_SPLIT = 1:
                :   :...SAD <= 1425: 1 (4)
                :   :   SAD > 1425: 0 (9/1)
                :   CTX_SPLIT = 3:
                :   :...PU_SIZE in {1,2,6}: 1 (0)
                :   :   PU_SIZE in {0,4}: 1 (15/4)
                :   :   PU_SIZE in {5,7}: 0 (3)
                :   CTX_SPLIT = 5:
                :   :...RATIO_2Nx2N-MSM <= 1.03835: 0 (2)
                :       RATIO_2Nx2N-MSM > 1.03835: 1 (4)
                MV_MOD_FRAC = 0.75:
                :...RATIO_2Nx2N-MSM <= 0.993123: 0 (3)
                    RATIO_2Nx2N-MSM > 0.993123:
                    :...DISTORTION <= 47165: 1 (4)
                        DISTORTION > 47165: 0 (2)


Evaluation on training data (1852 cases):

	       Decision Tree       
	  -----------------------  
	  Size      Errors   Cost  

	    53  216(11.7%)   0.12   <<


	   (a)   (b)    <-classified as
	  ----  ----
	  1175    95    (a): class 0
	   121   461    (b): class 1


	Attribute usage:

	    100%  BITS
	     67%  PU_SIZE
	     23%  TU_DEPTH
	     14%  MV_MOD_FRAC
	     13%  RATIO_BEST-MSM
	      9%  MVD_MOD_FRAC
	      6%  CTX_SPLIT
	      2%  DISTORTION
	      1%  REF_IDX


Time: 0.0 secs
