
C5.0 [Release 2.07 GPL Edition]  	Thu Feb 16 09:33:53 2017
-------------------------------

    Options:
	Application `./ONLINE/NO-BOOST/ChinaSpeed_d0_qp22'

Read 960 cases (28 attributes) from ./ONLINE/NO-BOOST/ChinaSpeed_d0_qp22.data

Decision tree:

AVG_NEIGH_DEPTH > 1.30645: 1 (622/36)
AVG_NEIGH_DEPTH <= 1.30645:
:...BITS <= 8: 0 (111/11)
    BITS > 8:
    :...SSE <= 44553:
        :...MV_MOD_FRAC in {0.353553,0.707107,0.75,0.790569,
        :   :               1.06066}: 1 (18/1)
        :   MV_MOD_FRAC in {0.5,0.559017,0.901388}: 0 (10/1)
        :   MV_MOD_FRAC = 0.25:
        :   :...DISTORTION <= 7337: 0 (2)
        :   :   DISTORTION > 7337: 1 (4)
        :   MV_MOD_FRAC = 0:
        :   :...INTER_DIR = 3: 1 (67/5)
        :       INTER_DIR = 1:
        :       :...DISTORTION <= 9491: 1 (6)
        :       :   DISTORTION > 9491: 0 (5)
        :       INTER_DIR = 0:
        :       :...COLOC_SPLIT = 2: 0 (0)
        :       :   COLOC_SPLIT = 1: 0 (4/1)
        :       :   COLOC_SPLIT = 0:
        :       :   :...CTX_SPLIT in {0,1,2,5,6}: 1 (0)
        :       :       CTX_SPLIT = 3: 0 (3/1)
        :       :       CTX_SPLIT = 4: 1 (2)
        :       INTER_DIR = 2:
        :       :...COLOC_SPLIT = 0: 1 (0)
        :           COLOC_SPLIT = 1: 1 (3)
        :           COLOC_SPLIT = 2:
        :           :...dQP in {1,2}: 0 (0)
        :               dQP = 3: 0 (3)
        :               dQP = 4: 1 (2)
        SSE > 44553:
        :...BITS > 754: 1 (5)
            BITS <= 754:
            :...PU_SIZE in {4,5}: 0 (0)
                PU_SIZE in {1,6}: 1 (3)
                PU_SIZE = 7: 0 (2/1)
                PU_SIZE = 2:
                :...SSE <= 59780: 0 (3)
                :   SSE > 59780: 1 (5)
                PU_SIZE = 0:
                :...COLOC_SPLIT = 2: 0 (15)
                    COLOC_SPLIT = 0:
                    :...RATIO_BEST-MSM <= 0.877635: 0 (13)
                    :   RATIO_BEST-MSM > 0.877635: 1 (5/1)
                    COLOC_SPLIT = 1:
                    :...NON-Z-COEFF > 117: 0 (4)
                        NON-Z-COEFF <= 117:
                        :...dQP = 2: 0 (0)
                            dQP = 1: 1 (6/2)
                            dQP = 3:
                            :...NON-Z-COEFF <= 5: 1 (2)
                            :   NON-Z-COEFF > 5: 0 (5)
                            dQP = 4:
                            :...NON-Z-COEFF > 13: 1 (4)
                                NON-Z-COEFF <= 13:
                                :...RATIO_2Nx2N-MSM > 1.37152: 1 (2)
                                    RATIO_2Nx2N-MSM <= 1.37152:
                                    :...TU_DEPTH = 0: 0 (0)
                                        TU_DEPTH = 1: 0 (20/5)
                                        TU_DEPTH = 2:
                                        :...AVG_NEIGH_DEPTH <= 0.75: 0 (2)
                                            AVG_NEIGH_DEPTH > 0.75: 1 (2)


Evaluation on training data (960 cases):

	       Decision Tree       
	  -----------------------  
	  Size      Errors   Cost  

	    32   65( 6.8%)   0.07   <<


	   (a)   (b)    <-classified as
	  ----  ----
	   182    45    (a): class 0
	    20   713    (b): class 1


	Attribute usage:

	    100%  AVG_NEIGH_DEPTH
	     35%  BITS
	     24%  SSE
	     13%  MV_MOD_FRAC
	     10%  COLOC_SPLIT
	     10%  INTER_DIR
	     10%  PU_SIZE
	      5%  dQP
	      5%  NON-Z-COEFF
	      3%  RATIO_2Nx2N-MSM
	      3%  TU_DEPTH
	      2%  RATIO_BEST-MSM
	      2%  DISTORTION


Time: 0.0 secs
