
C5.0 [Release 2.07 GPL Edition]  	Thu Feb 16 09:33:53 2017
-------------------------------

    Options:
	Application `./ONLINE/NO-BOOST/ChinaSpeed_d2_qp22'

Read 6172 cases (28 attributes) from ./ONLINE/NO-BOOST/ChinaSpeed_d2_qp22.data

Decision tree:

BITS > 64:
:...BITS > 197:
:   :...RATIO_BEST-MSM > 0.582893: 1 (924/57)
:   :   RATIO_BEST-MSM <= 0.582893:
:   :   :...RATIO_BEST_2Nx2N <= 0.470258: 0 (5)
:   :       RATIO_BEST_2Nx2N > 0.470258: 1 (41/8)
:   BITS <= 197:
:   :...TU_DEPTH = 0:
:       :...COST_MSM <= 6864.26: 0 (215/67)
:       :   COST_MSM > 6864.26: 1 (26/5)
:       TU_DEPTH = 2:
:       :...RATIO_2Nx2N-MSM > 0.776331: 1 (499/100)
:       :   RATIO_2Nx2N-MSM <= 0.776331:
:       :   :...CTX_SPLIT in {0,1,3}: 0 (16/4)
:       :       CTX_SPLIT = 6: 1 (9/1)
:       :       CTX_SPLIT = 2:
:       :       :...COLOC_SPLIT = 0: 1 (2)
:       :       :   COLOC_SPLIT = 2: 0 (5)
:       :       :   COLOC_SPLIT = 1:
:       :       :   :...PU_SIZE = 1: 0 (0)
:       :       :       PU_SIZE in {0,4,6}: 0 (4)
:       :       :       PU_SIZE in {2,5,7}: 1 (6/1)
:       :       CTX_SPLIT = 4:
:       :       :...MV_MOD_FRAC in {0.25,0.353553,0.5,0.559017,0.707107,
:       :       :   :               0.790569}: 1 (0)
:       :       :   MV_MOD_FRAC = 0.75: 1 (2)
:       :       :   MV_MOD_FRAC in {0.901388,1.06066}: 0 (3)
:       :       :   MV_MOD_FRAC = 0:
:       :       :   :...SAD <= 1000: 1 (8/1)
:       :       :       SAD > 1000: 0 (4/1)
:       :       CTX_SPLIT = 5:
:       :       :...DISTORTION > 2641: 1 (5/1)
:       :           DISTORTION <= 2641:
:       :           :...MVD_MOD_INT <= 6.40312: 0 (7)
:       :               MVD_MOD_INT > 6.40312: 1 (2)
:       TU_DEPTH = 1:
:       :...RATIO_BEST-MSM <= 0.50781:
:           :...SSE <= 7294: 0 (32/8)
:           :   SSE > 7294: 1 (7/1)
:           RATIO_BEST-MSM > 0.50781:
:           :...CTX_SPLIT in {2,3,4}: 1 (337/70)
:               CTX_SPLIT = 0:
:               :...MV_MOD_INT <= 15.8114: 0 (20/5)
:               :   MV_MOD_INT > 15.8114: 1 (5)
:               CTX_SPLIT = 1:
:               :...MVD_MOD_INT <= 3: 1 (69/17)
:               :   MVD_MOD_INT > 3: 0 (5)
:               CTX_SPLIT = 6:
:               :...RATIO_BEST-MSM > 0.682332: 1 (42/1)
:               :   RATIO_BEST-MSM <= 0.682332:
:               :   :...DISTORTION <= 3188: 1 (5)
:               :       DISTORTION > 3188: 0 (4)
:               CTX_SPLIT = 5:
:               :...COLOC_SPLIT = 0: 1 (0)
:                   COLOC_SPLIT = 2: 1 (36/3)
:                   COLOC_SPLIT = 1:
:                   :...REF_IDX = 0:
:                       :...DISTORTION <= 456: 0 (2)
:                       :   DISTORTION > 456: 1 (26/4)
:                       REF_IDX = 1:
:                       :...DISTORTION <= 718: 1 (2)
:                       :   DISTORTION > 718: 0 (2)
:                       REF_IDX = -1:
:                       :...RATIO_BEST_2Nx2N <= 0.742606: 1 (5)
:                           RATIO_BEST_2Nx2N > 0.742606:
:                           :...NON-Z-COEFF <= 11: 0 (6)
:                               NON-Z-COEFF > 11: 1 (2)
BITS <= 64:
:...TU_DEPTH = 2:
    :...MVP_IDX = 0:
    :   :...PU_SIZE in {4,7}: 1 (0)
    :   :   PU_SIZE in {0,1,5}: 0 (5/1)
    :   :   PU_SIZE in {2,6}: 1 (5)
    :   MVP_IDX = 1:
    :   :...RATIO_BEST-MSM <= 0.932864: 0 (7)
    :   :   RATIO_BEST-MSM > 0.932864: 1 (2)
    :   MVP_IDX = -1:
    :   :...PU_SIZE in {1,2,5}: 1 (17/2)
    :       PU_SIZE in {6,7}: 0 (11/5)
    :       PU_SIZE = 4:
    :       :...RATIO_BEST_2Nx2N <= 0.660987: 1 (3)
    :       :   RATIO_BEST_2Nx2N > 0.660987: 0 (5)
    :       PU_SIZE = 0:
    :       :...BITS <= 28: 0 (5)
    :           BITS > 28:
    :           :...MV_MOD_FRAC in {0.25,0.5,0.707107,0.790569,0.901388,
    :               :               1.06066}: 1 (0)
    :               MV_MOD_FRAC in {0.353553,0.559017}: 1 (5)
    :               MV_MOD_FRAC = 0.75:
    :               :...dQP in {2,3}: 1 (0)
    :               :   dQP = 1: 0 (2)
    :               :   dQP = 4: 1 (5)
    :               MV_MOD_FRAC = 0:
    :               :...CTX_SPLIT in {0,1}: 0 (4/1)
    :                   CTX_SPLIT = 5: 1 (11/1)
    :                   CTX_SPLIT = 2:
    :                   :...NON-Z-COEFF <= 19: 1 (7/1)
    :                   :   NON-Z-COEFF > 19: 0 (2)
    :                   CTX_SPLIT = 3:
    :                   :...COLOC_SPLIT in {0,1}: 0 (9/2)
    :                   :   COLOC_SPLIT = 2: 1 (3)
    :                   CTX_SPLIT = 4:
    :                   :...SAD <= 597: 0 (2)
    :                   :   SAD > 597: 1 (6)
    :                   CTX_SPLIT = 6:
    :                   :...NON-Z-COEFF <= 31: 1 (6)
    :                       NON-Z-COEFF > 31: 0 (2)
    TU_DEPTH = 0:
    :...PU_SIZE in {0,4,6}: 0 (2591/264)
    :   PU_SIZE = 5:
    :   :...MV_MOD_FRAC = 0.559017: 0 (0)
    :   :   MV_MOD_FRAC in {0.25,0.353553,0.707107,0.901388,
    :   :   :               1.06066}: 0 (23/5)
    :   :   MV_MOD_FRAC = 0.790569: 1 (4)
    :   :   MV_MOD_FRAC = 0.5:
    :   :   :...CTX_SPLIT = 1: 0 (0)
    :   :   :   CTX_SPLIT in {0,2,3}: 0 (6/1)
    :   :   :   CTX_SPLIT in {4,5,6}: 1 (4)
    :   :   MV_MOD_FRAC = 0.75:
    :   :   :...RATIO_BEST-MSM <= 0.898713: 0 (10)
    :   :   :   RATIO_BEST-MSM > 0.898713: 1 (2)
    :   :   MV_MOD_FRAC = 0:
    :   :   :...CTX_SPLIT in {0,3}: 0 (29/8)
    :   :       CTX_SPLIT = 1:
    :   :       :...SAD <= 449: 0 (8/1)
    :   :       :   SAD > 449: 1 (3)
    :   :       CTX_SPLIT = 2:
    :   :       :...COLOC_SPLIT in {0,2}: 0 (13/1)
    :   :       :   COLOC_SPLIT = 1: 1 (2)
    :   :       CTX_SPLIT = 5:
    :   :       :...BITS <= 21: 0 (2)
    :   :       :   BITS > 21: 1 (3)
    :   :       CTX_SPLIT = 6:
    :   :       :...SSE <= 4233: 1 (2)
    :   :       :   SSE > 4233: 0 (3)
    :   :       CTX_SPLIT = 4:
    :   :       :...RATIO_BEST-MSM > 0.740137: 1 (6)
    :   :           RATIO_BEST-MSM <= 0.740137:
    :   :           :...RATIO_BEST_2Nx2N <= 0.604643: 1 (2)
    :   :               RATIO_BEST_2Nx2N > 0.604643: 0 (4)
    :   PU_SIZE = 2:
    :   :...RATIO_BEST_2Nx2N > 0.995081: 1 (9)
    :   :   RATIO_BEST_2Nx2N <= 0.995081:
    :   :   :...MV_MOD_FRAC in {0.353553,0.559017,0.790569,
    :   :       :               0.901388}: 0 (14/1)
    :   :       MV_MOD_FRAC = 1.06066: 1 (3/1)
    :   :       MV_MOD_FRAC = 0.25:
    :   :       :...DISTORTION <= 1917: 0 (4/1)
    :   :       :   DISTORTION > 1917: 1 (9)
    :   :       MV_MOD_FRAC = 0.5:
    :   :       :...MVP_IDX = -1: 1 (4)
    :   :       :   MVP_IDX in {0,1}: 0 (6/1)
    :   :       MV_MOD_FRAC = 0.707107:
    :   :       :...BITS <= 32: 0 (3)
    :   :       :   BITS > 32: 1 (2)
    :   :       MV_MOD_FRAC = 0.75:
    :   :       :...CTX_SPLIT = 6: 0 (0)
    :   :       :   CTX_SPLIT in {0,1,5}: 0 (5)
    :   :       :   CTX_SPLIT in {2,3,4}: 1 (4)
    :   :       MV_MOD_FRAC = 0:
    :   :       :...BEST_COST <= 3000.48: 0 (63/14)
    :   :           BEST_COST > 3000.48:
    :   :           :...CTX_SPLIT in {0,1}: 0 (9/2)
    :   :               CTX_SPLIT in {2,4,5,6}: 1 (27/7)
    :   :               CTX_SPLIT = 3:
    :   :               :...SAD <= 596: 0 (3)
    :   :                   SAD > 596: 1 (3)
    :   PU_SIZE = 7:
    :   :...MV_MOD_FRAC in {0.353553,0.5,0.75,0.901388,1.06066}: 0 (12)
    :   :   MV_MOD_FRAC in {0.559017,0.707107}: 1 (4)
    :   :   MV_MOD_FRAC = 0.25:
    :   :   :...MVD_MOD_INT <= 0: 0 (3)
    :   :   :   MVD_MOD_INT > 0: 1 (6/1)
    :   :   MV_MOD_FRAC = 0.790569:
    :   :   :...BITS <= 28: 1 (2)
    :   :   :   BITS > 28: 0 (2)
    :   :   MV_MOD_FRAC = 0:
    :   :   :...MVP_IDX = 0:
    :   :       :...PREDMV_MOD_INT <= 2.23607: 0 (2)
    :   :       :   PREDMV_MOD_INT > 2.23607: 1 (7)
    :   :       MVP_IDX = 1:
    :   :       :...BITS <= 32: 0 (5)
    :   :       :   BITS > 32: 1 (4)
    :   :       MVP_IDX = -1:
    :   :       :...CTX_SPLIT in {0,1,3}: 0 (18/4)
    :   :           CTX_SPLIT in {5,6}: 1 (6/1)
    :   :           CTX_SPLIT = 2:
    :   :           :...RATIO_BEST_2Nx2N <= 0.921982: 1 (4)
    :   :           :   RATIO_BEST_2Nx2N > 0.921982: 0 (2)
    :   :           CTX_SPLIT = 4:
    :   :           :...REF_IDX = 0: 1 (2)
    :   :               REF_IDX = 1: 0 (1)
    :   :               REF_IDX = -1:
    :   :               :...BITS <= 26: 0 (3)
    :   :                   BITS > 26: 1 (2)
    :   PU_SIZE = 1:
    :   :...CTX_SPLIT = 2: 0 (45/15)
    :       CTX_SPLIT = 4: 1 (44/16)
    :       CTX_SPLIT = 0:
    :       :...DISTORTION <= 3642: 0 (46/3)
    :       :   DISTORTION > 3642: 1 (5/1)
    :       CTX_SPLIT = 1:
    :       :...PREDMV_MOD_FRAC in {0.901388,1.06066}: 0 (0)
    :       :   PREDMV_MOD_FRAC in {0.25,0.353553,0.5,0.707107,
    :       :   :                   0.790569}: 0 (10/1)
    :       :   PREDMV_MOD_FRAC in {0.559017,0.75}: 1 (9/2)
    :       :   PREDMV_MOD_FRAC = 0:
    :       :   :...MVP_IDX = -1: 0 (24/3)
    :       :       MVP_IDX in {0,1}: 1 (7/1)
    :       CTX_SPLIT = 5:
    :       :...MVD_MOD_FRAC in {0.559017,0.707107,0.75,0.790569}: 1 (0)
    :       :   MVD_MOD_FRAC in {0,0.353553,0.901388,1.06066}: 1 (26/9)
    :       :   MVD_MOD_FRAC = 0.25: 0 (2)
    :       :   MVD_MOD_FRAC = 0.5:
    :       :   :...DISTORTION <= 1153: 1 (2)
    :       :       DISTORTION > 1153: 0 (2)
    :       CTX_SPLIT = 6:
    :       :...REF_IDX in {-1,1}: 1 (5)
    :       :   REF_IDX = 0:
    :       :   :...RATIO_2Nx2N-MSM <= 0.854191: 1 (2)
    :       :       RATIO_2Nx2N-MSM > 0.854191: 0 (7)
    :       CTX_SPLIT = 3:
    :       :...RATIO_BEST-MSM <= 0.547239: 0 (8)
    :           RATIO_BEST-MSM > 0.547239:
    :           :...MV_MOD_INT <= 3: 1 (23/4)
    :               MV_MOD_INT > 3:
    :               :...PRED_MODE in {0,3}: 0 (0)
    :                   PRED_MODE = 2: 0 (6)
    :                   PRED_MODE = 1:
    :                   :...INTER_DIR in {0,2}: 1 (0)
    :                       INTER_DIR = 1: 1 (5)
    :                       INTER_DIR = 3:
    :                       :...dQP in {1,2}: 0 (0)
    :                           dQP = 3: 1 (4/1)
    :                           dQP = 4: 0 (3)
    TU_DEPTH = 1:
    :...PRED_MODE in {0,1}: 1 (0)
        PRED_MODE = 3: 0 (32)
        PRED_MODE = 2:
        :...MVD_MOD_FRAC in {0.353553,0.5,0.707107,0.75,0.901388,
            :                1.06066}: 1 (18/3)
            MVD_MOD_FRAC = 0.790569: 0 (3/1)
            MVD_MOD_FRAC = 0.25:
            :...AVG_NEIGH_DEPTH <= 2.55178: 0 (5)
            :   AVG_NEIGH_DEPTH > 2.55178: 1 (2)
            MVD_MOD_FRAC = 0.559017:
            :...RATIO_2Nx2N-MSM <= 0.823316: 1 (3)
            :   RATIO_2Nx2N-MSM > 0.823316: 0 (2)
            MVD_MOD_FRAC = 0:
            :...MV_MOD_INT > 10.4403:
                :...MVP_IDX in {-1,0}: 0 (20/5)
                :   MVP_IDX = 1: 1 (2)
                MV_MOD_INT <= 10.4403:
                :...dQP = 2: 1 (0)
                    dQP = 1:
                    :...AVG_NEIGH_DEPTH > 2.397: 1 (8)
                    :   AVG_NEIGH_DEPTH <= 2.397:
                    :   :...CTX_SPLIT in {5,6}: 0 (0)
                    :       CTX_SPLIT in {0,1,3}: 0 (35/12)
                    :       CTX_SPLIT = 4: 1 (2)
                    :       CTX_SPLIT = 2:
                    :       :...COLOC_SPLIT = 2: 1 (0)
                    :           COLOC_SPLIT = 0: 0 (2)
                    :           COLOC_SPLIT = 1: 1 (6/1)
                    dQP = 3:
                    :...MV_MOD_FRAC in {0.5,0.559017,0.790569,0.901388,
                    :   :               1.06066}: 1 (0)
                    :   MV_MOD_FRAC in {0.25,0.353553}: 0 (5/1)
                    :   MV_MOD_FRAC in {0.707107,0.75}: 1 (5)
                    :   MV_MOD_FRAC = 0:
                    :   :...CTX_SPLIT in {0,6}: 0 (9/3)
                    :       CTX_SPLIT in {1,5}: 1 (19/4)
                    :       CTX_SPLIT = 2:
                    :       :...MV_MOD_INT <= 3.60555: 0 (11/2)
                    :       :   MV_MOD_INT > 3.60555: 1 (2)
                    :       CTX_SPLIT = 3:
                    :       :...COST_2Nx2N <= 1672.87: 0 (4/1)
                    :       :   COST_2Nx2N > 1672.87: 1 (6)
                    :       CTX_SPLIT = 4:
                    :       :...MV_MOD_INT <= 0: 0 (3)
                    :           MV_MOD_INT > 0: 1 (2)
                    dQP = 4:
                    :...MVP_IDX = 0: 1 (7)
                        MVP_IDX = 1:
                        :...RATIO_BEST_2Nx2N <= 0.822668: 1 (2)
                        :   RATIO_BEST_2Nx2N > 0.822668: 0 (3)
                        MVP_IDX = -1:
                        :...AVG_NEIGH_DEPTH <= 1.67778:
                            :...MV_MOD_FRAC in {0.5,0.559017,0.790569,0.901388,
                            :   :               1.06066}: 0 (0)
                            :   MV_MOD_FRAC in {0.25,0.353553,0.707107,
                            :   :               0.75}: 0 (6/1)
                            :   MV_MOD_FRAC = 0:
                            :   :...REF_IDX = 1: 1 (0)
                            :       REF_IDX = -1:
                            :       :...RATIO_BEST-MSM <= 1.00559: 0 (9/1)
                            :       :   RATIO_BEST-MSM > 1.00559: 1 (4/1)
                            :       REF_IDX = 0:
                            :       :...MV_MOD_INT <= 5.83095: 1 (10/1)
                            :           MV_MOD_INT > 5.83095: 0 (2)
                            AVG_NEIGH_DEPTH > 1.67778:
                            :...RATIO_BEST-MSM > 0.621351: 1 (138/20)
                                RATIO_BEST-MSM <= 0.621351:
                                :...INTER_DIR = 0: 0 (0)
                                    INTER_DIR = 1: 1 (2)
                                    INTER_DIR = 2: 0 (9/2)
                                    INTER_DIR = 3:
                                    :...SAD <= 730: 0 (2)
                                        SAD > 730: 1 (3)


Evaluation on training data (6172 cases):

	       Decision Tree       
	  -----------------------  
	  Size      Errors   Cost  

	   170  796(12.9%)   0.13   <<


	   (a)   (b)    <-classified as
	  ----  ----
	  3095   348    (a): class 0
	   448  2281    (b): class 1


	Attribute usage:

	    100%  BITS
	     84%  TU_DEPTH
	     55%  PU_SIZE
	     30%  RATIO_BEST-MSM
	     20%  CTX_SPLIT
	      9%  RATIO_2Nx2N-MSM
	      9%  MV_MOD_FRAC
	      7%  MVP_IDX
	      7%  PRED_MODE
	      7%  MV_MOD_INT
	      7%  MVD_MOD_FRAC
	      5%  dQP
	      4%  RATIO_BEST_2Nx2N
	      4%  AVG_NEIGH_DEPTH
	      4%  COST_MSM
	      2%  COLOC_SPLIT
	      2%  DISTORTION
	      2%  BEST_COST
	      1%  REF_IDX
	      1%  MVD_MOD_INT


Time: 0.1 secs
