
C5.0 [Release 2.07 GPL Edition]  	Thu Feb 16 11:51:58 2017
-------------------------------

    Options:
	Application `./ONLINE/NO-BOOST/RaceHorsesC_d2_qp27'

Read 3780 cases (28 attributes) from ./ONLINE/NO-BOOST/RaceHorsesC_d2_qp27.data

Decision tree:

BITS > 45:
:...COST_2Nx2N <= 5651.15: 0 (191/43)
:   COST_2Nx2N > 5651.15:
:   :...RATIO_2Nx2N-MSM <= 0.706405:
:       :...COST_2Nx2N <= 40152.5: 0 (93/33)
:       :   COST_2Nx2N > 40152.5: 1 (7)
:       RATIO_2Nx2N-MSM > 0.706405:
:       :...BITS > 186: 1 (627/94)
:           BITS <= 186:
:           :...SSE <= 7909:
:               :...CTX_SPLIT = 1: 0 (57/18)
:               :   CTX_SPLIT in {4,5,6}: 1 (42/15)
:               :   CTX_SPLIT = 0:
:               :   :...SAD <= 745: 1 (3)
:               :   :   SAD > 745: 0 (33/3)
:               :   CTX_SPLIT = 3:
:               :   :...PREDMV_MOD_FRAC in {0,0.353553,0.559017,
:               :   :   :                   0.75}: 1 (19/4)
:               :   :   PREDMV_MOD_FRAC = 1.06066: 0 (2)
:               :   :   PREDMV_MOD_FRAC = 0.25:
:               :   :   :...DISTORTION <= 6487: 1 (2)
:               :   :   :   DISTORTION > 6487: 0 (2)
:               :   :   PREDMV_MOD_FRAC = 0.5:
:               :   :   :...RATIO_2Nx2N-MSM <= 0.855973: 1 (2)
:               :   :   :   RATIO_2Nx2N-MSM > 0.855973: 0 (6)
:               :   :   PREDMV_MOD_FRAC = 0.707107:
:               :   :   :...BITS <= 104: 1 (2)
:               :   :   :   BITS > 104: 0 (2)
:               :   :   PREDMV_MOD_FRAC = 0.790569:
:               :   :   :...MVD_MOD_INT <= 0: 0 (2)
:               :   :   :   MVD_MOD_INT > 0: 1 (4)
:               :   :   PREDMV_MOD_FRAC = 0.901388:
:               :   :   :...PU_SIZE in {4,5,6}: 1 (0)
:               :   :       PU_SIZE in {0,1}: 1 (6/1)
:               :   :       PU_SIZE in {2,7}: 0 (2)
:               :   CTX_SPLIT = 2:
:               :   :...dQP = 2: 1 (0)
:               :       dQP = 4: 1 (1)
:               :       dQP = 3:
:               :       :...RATIO_BEST_2Nx2N <= 0.839172: 0 (4)
:               :       :   RATIO_BEST_2Nx2N > 0.839172: 1 (16)
:               :       dQP = 1:
:               :       :...SAD > 865: 0 (11)
:               :           SAD <= 865:
:               :           :...TU_DEPTH in {1,2}: 1 (13/1)
:               :               TU_DEPTH = 0:
:               :               :...RATIO_BEST_2Nx2N <= 0.905421: 1 (2)
:               :                   RATIO_BEST_2Nx2N > 0.905421: 0 (3)
:               SSE > 7909:
:               :...MVD_MOD_FRAC in {0.5,0.559017,0.75,
:                   :                0.790569}: 1 (83/22)
:                   MVD_MOD_FRAC = 1.06066: 0 (6/1)
:                   MVD_MOD_FRAC = 0.25:
:                   :...FME in {0,2}: 1 (29/4)
:                   :   FME = 1: 0 (4/1)
:                   MVD_MOD_FRAC = 0.707107:
:                   :...PU_SIZE in {0,1,4}: 1 (0)
:                   :   PU_SIZE in {2,6}: 1 (6/1)
:                   :   PU_SIZE in {5,7}: 0 (2)
:                   MVD_MOD_FRAC = 0.353553:
:                   :...COLOC_SPLIT = 0: 0 (0)
:                   :   COLOC_SPLIT = 2: 0 (6)
:                   :   COLOC_SPLIT = 1:
:                   :   :...RATIO_BEST-MSM <= 0.805969: 0 (3)
:                   :       RATIO_BEST-MSM > 0.805969: 1 (3)
:                   MVD_MOD_FRAC = 0.901388:
:                   :...FME = 0: 1 (0)
:                   :   FME = 1: 0 (2)
:                   :   FME = 2:
:                   :   :...MV_MOD_INT <= 16.4012: 1 (9)
:                   :       MV_MOD_INT > 16.4012: 0 (2)
:                   MVD_MOD_FRAC = 0:
:                   :...RATIO_BEST-MSM > 0.774153: 1 (273/53)
:                       RATIO_BEST-MSM <= 0.774153:
:                       :...TU_DEPTH = 1: 1 (88/28)
:                           TU_DEPTH = 2:
:                           :...RATIO_2Nx2N-MSM <= 0.793214: 0 (5)
:                           :   RATIO_2Nx2N-MSM > 0.793214: 1 (34/8)
:                           TU_DEPTH = 0:
:                           :...PU_SIZE = 5: 0 (0)
:                               PU_SIZE in {1,2,6,7}: 0 (7/1)
:                               PU_SIZE = 4: 1 (2)
:                               PU_SIZE = 0:
:                               :...COST_2Nx2N <= 13315.5: 0 (21/6)
:                                   COST_2Nx2N > 13315.5: 1 (4)
BITS <= 45:
:...BEST_COST <= 12701: 0 (1499/79)
    BEST_COST > 12701:
    :...TU_DEPTH = 2:
        :...NON-Z-COEFF <= 15: 0 (5)
        :   NON-Z-COEFF > 15: 1 (3)
        TU_DEPTH = 1:
        :...PU_SIZE in {1,2,7}: 1 (15)
        :   PU_SIZE in {4,5,6}: 0 (6/1)
        :   PU_SIZE = 0:
        :   :...MVD_MOD_FRAC in {0.353553,0.5,0.707107,0.75,0.901388,
        :       :                1.06066}: 1 (0)
        :       MVD_MOD_FRAC in {0.25,0.559017,0.790569}: 0 (5/1)
        :       MVD_MOD_FRAC = 0:
        :       :...dQP in {1,2}: 1 (0)
        :           dQP = 3: 0 (2)
        :           dQP = 4: 1 (14/3)
        TU_DEPTH = 0:
        :...BITS <= 7: 0 (127/14)
            BITS > 7:
            :...RATIO_BEST_2Nx2N > 0.989235: 0 (84/8)
                RATIO_BEST_2Nx2N <= 0.989235:
                :...MVD_MOD_FRAC in {0.353553,0.75,0.901388,
                    :                1.06066}: 0 (25/7)
                    MVD_MOD_FRAC = 0.25:
                    :...BEST_COST <= 24541.8: 0 (14/1)
                    :   BEST_COST > 24541.8: 1 (3)
                    MVD_MOD_FRAC = 0.5:
                    :...DISTORTION <= 18365: 1 (4)
                    :   DISTORTION > 18365: 0 (5)
                    MVD_MOD_FRAC = 0.707107:
                    :...RATIO_BEST_2Nx2N <= 0.912173: 0 (4)
                    :   RATIO_BEST_2Nx2N > 0.912173: 1 (2)
                    MVD_MOD_FRAC = 0.790569:
                    :...RATIO_2Nx2N-MSM <= 0.798159: 1 (4)
                    :   RATIO_2Nx2N-MSM > 0.798159: 0 (5)
                    MVD_MOD_FRAC = 0.559017:
                    :...CTX_SPLIT = 6: 1 (0)
                    :   CTX_SPLIT in {0,5}: 1 (3)
                    :   CTX_SPLIT in {1,2,4}: 0 (3)
                    :   CTX_SPLIT = 3:
                    :   :...RATIO_2Nx2N-MSM <= 0.726416: 0 (2)
                    :       RATIO_2Nx2N-MSM > 0.726416: 1 (3)
                    MVD_MOD_FRAC = 0:
                    :...MV_MOD_FRAC in {0.5,0.75,0.790569}: 0 (29/8)
                        MV_MOD_FRAC = 0.707107: 1 (5)
                        MV_MOD_FRAC = 0.353553:
                        :...AVG_NEIGH_DEPTH <= 2.05193: 0 (9/2)
                        :   AVG_NEIGH_DEPTH > 2.05193: 1 (4)
                        MV_MOD_FRAC = 0.559017:
                        :...RATIO_BEST-MSM <= 0.88224: 0 (13/3)
                        :   RATIO_BEST-MSM > 0.88224: 1 (5)
                        MV_MOD_FRAC = 0.901388:
                        :...SAD <= 1312: 0 (3)
                        :   SAD > 1312: 1 (9/1)
                        MV_MOD_FRAC = 1.06066:
                        :...COST_2Nx2N <= 24353.6: 0 (4)
                        :   COST_2Nx2N > 24353.6: 1 (4)
                        MV_MOD_FRAC = 0.25:
                        :...PU_SIZE = 4: 0 (0)
                        :   PU_SIZE in {0,5,6}: 1 (11/4)
                        :   PU_SIZE = 7: 0 (5)
                        :   PU_SIZE = 1:
                        :   :...AVG_NEIGH_DEPTH <= 1.81653: 0 (2)
                        :   :   AVG_NEIGH_DEPTH > 1.81653: 1 (3)
                        :   PU_SIZE = 2:
                        :   :...RATIO_BEST_2Nx2N <= 0.91382: 1 (4)
                        :       RATIO_BEST_2Nx2N > 0.91382: 0 (4)
                        MV_MOD_FRAC = 0:
                        :...INTER_DIR in {0,3}: 0 (5/1)
                            INTER_DIR = 1: 1 (1)
                            INTER_DIR = 2:
                            :...RATIO_2Nx2N-MSM > 1.05852:
                                :...SSE <= 105269: 1 (14)
                                :   SSE > 105269: 0 (2)
                                RATIO_2Nx2N-MSM <= 1.05852:
                                :...DISTORTION > 23801: 1 (4)
                                    DISTORTION <= 23801:
                                    :...NON-Z-COEFF <= 2: 0 (32/3)
                                        NON-Z-COEFF > 2:
                                        :...CTX_SPLIT in {0,2,4}: 0 (13/4)
                                            CTX_SPLIT in {5,6}: 1 (2)
                                            CTX_SPLIT = 1:
                                            :...COLOC_SPLIT = 2: 1 (0)
                                            :   COLOC_SPLIT = 0: 0 (4/1)
                                            :   COLOC_SPLIT = 1: 1 (5)
                                            CTX_SPLIT = 3:
                                            :...BEST_COST <= 19045.1: 1 (2)
                                                BEST_COST > 19045.1: 0 (2)


Evaluation on training data (3780 cases):

	       Decision Tree       
	  -----------------------  
	  Size      Errors   Cost  

	    98  478(12.6%)   0.13   <<


	   (a)   (b)    <-classified as
	  ----  ----
	  2140   239    (a): class 0
	   239  1162    (b): class 1


	Attribute usage:

	    100%  BITS
	     54%  BEST_COST
	     46%  COST_2Nx2N
	     44%  RATIO_2Nx2N-MSM
	     23%  MVD_MOD_FRAC
	     22%  SSE
	     19%  TU_DEPTH
	     12%  RATIO_BEST-MSM
	     10%  RATIO_BEST_2Nx2N
	      7%  CTX_SPLIT
	      5%  MV_MOD_FRAC
	      3%  PU_SIZE
	      2%  INTER_DIR
	      2%  DISTORTION
	      2%  SAD
	      2%  NON-Z-COEFF
	      2%  dQP
	      1%  PREDMV_MOD_FRAC
	      1%  FME


Time: 0.0 secs
