
C5.0 [Release 2.07 GPL Edition]  	Thu Feb 16 11:51:31 2017
-------------------------------

    Options:
	Application `./ONLINE/NO-BOOST/RaceHorsesC_d0_qp37'

Read 455 cases (28 attributes) from ./ONLINE/NO-BOOST/RaceHorsesC_d0_qp37.data

Decision tree:

BITS > 37: 1 (249/15)
BITS <= 37:
:...AVG_NEIGH_DEPTH > 1.24324: 1 (63/21)
    AVG_NEIGH_DEPTH <= 1.24324:
    :...PU_SIZE in {0,5,6,7}: 0 (122/18)
        PU_SIZE in {1,4}: 1 (7/1)
        PU_SIZE = 2:
        :...MVD_MOD_FRAC in {0.25,0.353553,0.5,0.559017,0.707107,
            :                1.06066}: 1 (0)
            MVD_MOD_FRAC = 0.75: 0 (3)
            MVD_MOD_FRAC in {0.790569,0.901388}: 1 (3)
            MVD_MOD_FRAC = 0:
            :...MV_MOD_INT <= 6.7082: 1 (3)
                MV_MOD_INT > 6.7082:
                :...RATIO_2Nx2N-MSM <= 0.983597: 0 (3)
                    RATIO_2Nx2N-MSM > 0.983597: 1 (2)


Evaluation on training data (455 cases):

	       Decision Tree       
	  -----------------------  
	  Size      Errors   Cost  

	     9   55(12.1%)   0.12   <<


	   (a)   (b)    <-classified as
	  ----  ----
	   110    37    (a): class 0
	    18   290    (b): class 1


	Attribute usage:

	    100%  BITS
	     45%  AVG_NEIGH_DEPTH
	     31%  PU_SIZE
	      3%  MVD_MOD_FRAC
	      2%  MV_MOD_INT
	      1%  RATIO_2Nx2N-MSM


Time: 0.0 secs
