
C5.0 [Release 2.07 GPL Edition]  	Thu Feb 16 11:52:21 2017
-------------------------------

    Options:
	Application `./ONLINE/NO-BOOST/RaceHorsesC_d2_qp22'

Read 4728 cases (28 attributes) from ./ONLINE/NO-BOOST/RaceHorsesC_d2_qp22.data

Decision tree:

BITS <= 109:
:...COST_2Nx2N <= 7275.59: 0 (2040/223)
:   COST_2Nx2N > 7275.59:
:   :...BITS <= 40: 0 (288/68)
:       BITS > 40:
:       :...INTER_DIR in {0,1}: 1 (63/20)
:           INTER_DIR = 2:
:           :...PU_SIZE = 4: 0 (8/2)
:           :   PU_SIZE in {5,6}: 1 (19/7)
:           :   PU_SIZE = 0:
:           :   :...SAD <= 1028: 0 (6/1)
:           :   :   SAD > 1028: 1 (5)
:           :   PU_SIZE = 1:
:           :   :...DISTORTION <= 6565: 1 (8)
:           :   :   DISTORTION > 6565: 0 (4)
:           :   PU_SIZE = 2:
:           :   :...SAD <= 843: 0 (7/1)
:           :   :   SAD > 843: 1 (9/1)
:           :   PU_SIZE = 7:
:           :   :...COLOC_SPLIT = 0: 1 (0)
:           :       COLOC_SPLIT = 1: 0 (4/1)
:           :       COLOC_SPLIT = 2: 1 (3)
:           INTER_DIR = 3:
:           :...RATIO_2Nx2N-MSM <= 0.926535: 0 (70/15)
:               RATIO_2Nx2N-MSM > 0.926535:
:               :...CTX_SPLIT in {0,1,5}: 0 (46/15)
:                   CTX_SPLIT in {4,6}: 1 (16/3)
:                   CTX_SPLIT = 3:
:                   :...TU_DEPTH = 0: 0 (4)
:                   :   TU_DEPTH in {1,2}: 1 (17/2)
:                   CTX_SPLIT = 2:
:                   :...FME = 0: 0 (3)
:                       FME = 2: 1 (26/8)
:                       FME = 1:
:                       :...BITS <= 84: 0 (3)
:                           BITS > 84: 1 (3)
BITS > 109:
:...BITS > 340: 1 (739/101)
    BITS <= 340:
    :...SSE > 4348:
        :...BITS > 130: 1 (578/110)
        :   BITS <= 130:
        :   :...dQP = 2: 1 (0)
        :       dQP in {1,3}: 0 (29/11)
        :       dQP = 4:
        :       :...TU_DEPTH in {0,1}: 1 (46/11)
        :           TU_DEPTH = 2:
        :           :...INTER_DIR in {0,1}: 1 (10/3)
        :               INTER_DIR in {2,3}: 0 (23/5)
        SSE <= 4348:
        :...TU_DEPTH = 2:
            :...AVG_NEIGH_DEPTH <= 2.17661: 0 (40/10)
            :   AVG_NEIGH_DEPTH > 2.17661:
            :   :...PU_SIZE in {1,4}: 1 (35/6)
            :       PU_SIZE = 2:
            :       :...COLOC_SPLIT = 0: 0 (5/1)
            :       :   COLOC_SPLIT in {1,2}: 1 (20/6)
            :       PU_SIZE = 6:
            :       :...MV_MOD_INT <= 21.1896: 0 (22/9)
            :       :   MV_MOD_INT > 21.1896: 1 (14/1)
            :       PU_SIZE = 0:
            :       :...CTX_SPLIT in {0,1,5,6}: 0 (22/4)
            :       :   CTX_SPLIT in {2,4}: 1 (9/1)
            :       :   CTX_SPLIT = 3:
            :       :   :...NON-Z-COEFF <= 5: 1 (6/1)
            :       :       NON-Z-COEFF > 5: 0 (4/1)
            :       PU_SIZE = 5:
            :       :...INTER_DIR = 0: 1 (0)
            :       :   INTER_DIR in {1,2}: 1 (5)
            :       :   INTER_DIR = 3:
            :       :   :...RATIO_BEST_2Nx2N <= 0.981985: 0 (4)
            :       :       RATIO_BEST_2Nx2N > 0.981985: 1 (2)
            :       PU_SIZE = 7:
            :       :...REF_IDX in {-1,1}: 1 (8/1)
            :           REF_IDX = 0:
            :           :...DISTORTION > 3223: 0 (8)
            :               DISTORTION <= 3223:
            :               :...INTER_DIR in {0,2}: 1 (0)
            :                   INTER_DIR = 1: 0 (3)
            :                   INTER_DIR = 3: 1 (4)
            TU_DEPTH = 0:
            :...MVD_MOD_INT > 3.16228: 1 (19/7)
            :   MVD_MOD_INT <= 3.16228:
            :   :...PRED_MODE in {0,1}: 0 (0)
            :       PRED_MODE = 3:
            :       :...SAD <= 698: 0 (4)
            :       :   SAD > 698: 1 (5)
            :       PRED_MODE = 2:
            :       :...dQP = 2: 0 (0)
            :           dQP = 1: 0 (71/7)
            :           dQP = 4: 1 (1)
            :           dQP = 3:
            :           :...BITS > 313: 1 (4)
            :               BITS <= 313:
            :               :...INTER_DIR = 0: 0 (0)
            :                   INTER_DIR = 3: 0 (45/6)
            :                   INTER_DIR = 1:
            :                   :...CTX_SPLIT in {0,5}: 1 (0)
            :                   :   CTX_SPLIT in {1,2,6}: 0 (4)
            :                   :   CTX_SPLIT in {3,4}: 1 (5)
            :                   INTER_DIR = 2:
            :                   :...NON-Z-COEFF <= 8: 0 (14/1)
            :                       NON-Z-COEFF > 8: 1 (2)
            TU_DEPTH = 1:
            :...INTER_DIR in {1,2}: 1 (95/26)
                INTER_DIR = 0:
                :...BEST_COST <= 2028.6: 0 (4/1)
                :   BEST_COST > 2028.6: 1 (6)
                INTER_DIR = 3:
                :...RATIO_2Nx2N-MSM > 1.07607: 1 (11)
                    RATIO_2Nx2N-MSM <= 1.07607:
                    :...CTX_SPLIT in {0,1,5}: 0 (63/19)
                        CTX_SPLIT in {4,6}: 1 (18/3)
                        CTX_SPLIT = 2:
                        :...MV_MOD_FRAC in {0,0.707107}: 0 (3)
                        :   MV_MOD_FRAC in {0.25,0.75,0.901388,
                        :   :               1.06066}: 1 (15/1)
                        :   MV_MOD_FRAC = 0.353553:
                        :   :...DISTORTION <= 3563: 0 (2)
                        :   :   DISTORTION > 3563: 1 (2)
                        :   MV_MOD_FRAC = 0.5:
                        :   :...BITS <= 206: 1 (2)
                        :   :   BITS > 206: 0 (2)
                        :   MV_MOD_FRAC = 0.559017:
                        :   :...BEST_COST <= 7763.78: 0 (5)
                        :   :   BEST_COST > 7763.78: 1 (2)
                        :   MV_MOD_FRAC = 0.790569:
                        :   :...RATIO_BEST_2Nx2N <= 0.959785: 0 (4)
                        :       RATIO_BEST_2Nx2N > 0.959785: 1 (2)
                        CTX_SPLIT = 3:
                        :...BEST_COST > 7919.9: 1 (10)
                            BEST_COST <= 7919.9:
                            :...MV_MOD_FRAC in {0,0.353553,
                                :               1.06066}: 0 (0)
                                MV_MOD_FRAC in {0.25,0.559017,0.707107,
                                :               0.75}: 0 (10)
                                MV_MOD_FRAC in {0.5,0.901388}: 1 (5/1)
                                MV_MOD_FRAC = 0.790569:
                                :...RATIO_2Nx2N-MSM <= 0.971788: 1 (3)
                                    RATIO_2Nx2N-MSM > 0.971788: 0 (2)


Evaluation on training data (4728 cases):

	       Decision Tree       
	  -----------------------  
	  Size      Errors   Cost  

	    77  721(15.2%)   0.15   <<


	   (a)   (b)    <-classified as
	  ----  ----
	  2475   320    (a): class 0
	   401  1532    (b): class 1


	Attribute usage:

	    100%  BITS
	     56%  COST_2Nx2N
	     28%  SSE
	     16%  TU_DEPTH
	     15%  INTER_DIR
	      7%  RATIO_2Nx2N-MSM
	      7%  CTX_SPLIT
	      5%  dQP
	      5%  PU_SIZE
	      4%  AVG_NEIGH_DEPTH
	      4%  MVD_MOD_INT
	      3%  PRED_MODE
	      1%  MV_MOD_FRAC


Time: 0.1 secs
